[0.208s] Invoking command in '/home/subzero/ros2_ws/build/subzero_v1': PYTHONPATH=/home/subzero/ros2_ws/install/subzero_v1/lib/python3.8/site-packages:${PYTHONPATH} /usr/bin/python3 setup.py develop --prefix /home/subzero/ros2_ws/install/subzero_v1 --editable --build-directory /home/subzero/ros2_ws/build/subzero_v1/build --no-deps install_data --install-dir /home/subzero/ros2_ws/install/subzero_v1
[0.413s] running develop
[0.514s] running egg_info
[0.515s] writing subzero_v1.egg-info/PKG-INFO
[0.515s] writing dependency_links to subzero_v1.egg-info/dependency_links.txt
[0.515s] writing entry points to subzero_v1.egg-info/entry_points.txt
[0.515s] writing requirements to subzero_v1.egg-info/requires.txt
[0.516s] writing top-level names to subzero_v1.egg-info/top_level.txt
[0.567s] reading manifest file 'subzero_v1.egg-info/SOURCES.txt'
[0.568s] writing manifest file 'subzero_v1.egg-info/SOURCES.txt'
[0.625s] running build_ext
[0.626s] Creating /home/subzero/ros2_ws/install/subzero_v1/lib/python3.8/site-packages/subzero-v1.egg-link (link to .)
[0.627s] Installing nodeARK script to /home/subzero/ros2_ws/install/subzero_v1/lib/subzero_v1
[0.627s] Installing nodeArduino script to /home/subzero/ros2_ws/install/subzero_v1/lib/subzero_v1
[0.628s] Installing nodeR9sGPS script to /home/subzero/ros2_ws/install/subzero_v1/lib/subzero_v1
[0.628s] Installing nodeRadio script to /home/subzero/ros2_ws/install/subzero_v1/lib/subzero_v1
[0.628s] 
[0.628s] Installed /home/subzero/ros2_ws/build/subzero_v1
[0.628s] running install_data
[0.652s] Invoked command in '/home/subzero/ros2_ws/build/subzero_v1' returned '0': PYTHONPATH=/home/subzero/ros2_ws/install/subzero_v1/lib/python3.8/site-packages:${PYTHONPATH} /usr/bin/python3 setup.py develop --prefix /home/subzero/ros2_ws/install/subzero_v1 --editable --build-directory /home/subzero/ros2_ws/build/subzero_v1/build --no-deps install_data --install-dir /home/subzero/ros2_ws/install/subzero_v1
