[0.199s] Invoking command in '/home/subzero/ros2_ws/build/subzero_v1': PYTHONPATH=/home/subzero/ros2_ws/install/subzero_v1/lib/python3.8/site-packages:${PYTHONPATH} /usr/bin/python3 setup.py develop --prefix /home/subzero/ros2_ws/install/subzero_v1 --uninstall --editable --build-directory /home/subzero/ros2_ws/build/subzero_v1/build
[0.388s] running develop
[0.514s] Invoked command in '/home/subzero/ros2_ws/build/subzero_v1' returned '0': PYTHONPATH=/home/subzero/ros2_ws/install/subzero_v1/lib/python3.8/site-packages:${PYTHONPATH} /usr/bin/python3 setup.py develop --prefix /home/subzero/ros2_ws/install/subzero_v1 --uninstall --editable --build-directory /home/subzero/ros2_ws/build/subzero_v1/build
[0.515s] Invoking command in '/home/subzero/ros2_ws/src/subzero_v1': PYTHONPATH=/home/subzero/ros2_ws/install/subzero_v1/lib/python3.8/site-packages:${PYTHONPATH} /usr/bin/python3 setup.py egg_info --egg-base ../../build/subzero_v1 build --build-base /home/subzero/ros2_ws/build/subzero_v1/build install --prefix /home/subzero/ros2_ws/install/subzero_v1 --record /home/subzero/ros2_ws/build/subzero_v1/install.log --single-version-externally-managed
[0.703s] running egg_info
[0.704s] writing ../../build/subzero_v1/subzero_v1.egg-info/PKG-INFO
[0.704s] writing dependency_links to ../../build/subzero_v1/subzero_v1.egg-info/dependency_links.txt
[0.704s] writing entry points to ../../build/subzero_v1/subzero_v1.egg-info/entry_points.txt
[0.704s] writing requirements to ../../build/subzero_v1/subzero_v1.egg-info/requires.txt
[0.705s] writing top-level names to ../../build/subzero_v1/subzero_v1.egg-info/top_level.txt
[0.740s] reading manifest file '../../build/subzero_v1/subzero_v1.egg-info/SOURCES.txt'
[0.741s] writing manifest file '../../build/subzero_v1/subzero_v1.egg-info/SOURCES.txt'
[0.741s] running build
[0.741s] running build_py
[0.741s] running install
[0.742s] running install_lib
[0.744s] running install_data
[0.744s] copying package.xml -> /home/subzero/ros2_ws/install/subzero_v1/share/subzero_v1
[0.744s] running install_egg_info
[0.746s] removing '/home/subzero/ros2_ws/install/subzero_v1/lib/python3.8/site-packages/subzero_v1-0.0.0-py3.8.egg-info' (and everything under it)
[0.746s] Copying ../../build/subzero_v1/subzero_v1.egg-info to /home/subzero/ros2_ws/install/subzero_v1/lib/python3.8/site-packages/subzero_v1-0.0.0-py3.8.egg-info
[0.747s] running install_scripts
[0.762s] Installing nodeARK script to /home/subzero/ros2_ws/install/subzero_v1/lib/subzero_v1
[0.762s] Installing nodeArduino script to /home/subzero/ros2_ws/install/subzero_v1/lib/subzero_v1
[0.762s] Installing nodeR9sGPS script to /home/subzero/ros2_ws/install/subzero_v1/lib/subzero_v1
[0.762s] Installing nodeRadio script to /home/subzero/ros2_ws/install/subzero_v1/lib/subzero_v1
[0.763s] writing list of installed files to '/home/subzero/ros2_ws/build/subzero_v1/install.log'
[0.782s] Invoked command in '/home/subzero/ros2_ws/src/subzero_v1' returned '0': PYTHONPATH=/home/subzero/ros2_ws/install/subzero_v1/lib/python3.8/site-packages:${PYTHONPATH} /usr/bin/python3 setup.py egg_info --egg-base ../../build/subzero_v1 build --build-base /home/subzero/ros2_ws/build/subzero_v1/build install --prefix /home/subzero/ros2_ws/install/subzero_v1 --record /home/subzero/ros2_ws/build/subzero_v1/install.log --single-version-externally-managed
