[0.192s] Invoking command in '/home/subzero/ros2_ws/build/subzero_v1': PYTHONPATH=/home/subzero/ros2_ws/install/subzero_v1/lib/python3.8/site-packages:${PYTHONPATH} /usr/bin/python3 setup.py develop --prefix /home/subzero/ros2_ws/install/subzero_v1 --editable --build-directory /home/subzero/ros2_ws/build/subzero_v1/build --no-deps install_data --install-dir /home/subzero/ros2_ws/install/subzero_v1
[0.369s] running develop
[0.469s] running egg_info
[0.469s] writing subzero_v1.egg-info/PKG-INFO
[0.470s] writing dependency_links to subzero_v1.egg-info/dependency_links.txt
[0.470s] writing entry points to subzero_v1.egg-info/entry_points.txt
[0.470s] writing requirements to subzero_v1.egg-info/requires.txt
[0.470s] writing top-level names to subzero_v1.egg-info/top_level.txt
[0.496s] reading manifest file 'subzero_v1.egg-info/SOURCES.txt'
[0.497s] writing manifest file 'subzero_v1.egg-info/SOURCES.txt'
[0.523s] running build_ext
[0.523s] Creating /home/subzero/ros2_ws/install/subzero_v1/lib/python3.8/site-packages/subzero-v1.egg-link (link to .)
[0.524s] Installing ARK script to /home/subzero/ros2_ws/install/subzero_v1/lib/subzero_v1
[0.525s] Installing ApRES script to /home/subzero/ros2_ws/install/subzero_v1/lib/subzero_v1
[0.525s] Installing Arduino script to /home/subzero/ros2_ws/install/subzero_v1/lib/subzero_v1
[0.525s] Installing Dr script to /home/subzero/ros2_ws/install/subzero_v1/lib/subzero_v1
[0.525s] Installing Driving script to /home/subzero/ros2_ws/install/subzero_v1/lib/subzero_v1
[0.526s] Installing Garmin script to /home/subzero/ros2_ws/install/subzero_v1/lib/subzero_v1
[0.526s] Installing Radio script to /home/subzero/ros2_ws/install/subzero_v1/lib/subzero_v1
[0.526s] Installing Trimble script to /home/subzero/ros2_ws/install/subzero_v1/lib/subzero_v1
[0.526s] 
[0.526s] Installed /home/subzero/ros2_ws/build/subzero_v1
[0.526s] running install_data
[0.550s] Invoked command in '/home/subzero/ros2_ws/build/subzero_v1' returned '0': PYTHONPATH=/home/subzero/ros2_ws/install/subzero_v1/lib/python3.8/site-packages:${PYTHONPATH} /usr/bin/python3 setup.py develop --prefix /home/subzero/ros2_ws/install/subzero_v1 --editable --build-directory /home/subzero/ros2_ws/build/subzero_v1/build --no-deps install_data --install-dir /home/subzero/ros2_ws/install/subzero_v1
