[0.224s] Invoking command in '/home/subzero/ros2_ws/build/subzero_v1': PYTHONPATH=/home/subzero/ros2_ws/install/subzero_v1/lib/python3.8/site-packages:${PYTHONPATH} /usr/bin/python3 setup.py develop --prefix /home/subzero/ros2_ws/install/subzero_v1 --editable --build-directory /home/subzero/ros2_ws/build/subzero_v1/build --no-deps install_data --install-dir /home/subzero/ros2_ws/install/subzero_v1
[0.462s] running develop
[0.570s] running egg_info
[0.570s] writing subzero_v1.egg-info/PKG-INFO
[0.571s] writing dependency_links to subzero_v1.egg-info/dependency_links.txt
[0.571s] writing entry points to subzero_v1.egg-info/entry_points.txt
[0.571s] writing requirements to subzero_v1.egg-info/requires.txt
[0.571s] writing top-level names to subzero_v1.egg-info/top_level.txt
[0.687s] reading manifest file 'subzero_v1.egg-info/SOURCES.txt'
[0.688s] writing manifest file 'subzero_v1.egg-info/SOURCES.txt'
[0.739s] running build_ext
[0.740s] Creating /home/subzero/ros2_ws/install/subzero_v1/lib/python3.8/site-packages/subzero-v1.egg-link (link to .)
[0.741s] Installing ARK script to /home/subzero/ros2_ws/install/subzero_v1/lib/subzero_v1
[0.742s] Installing ApRES script to /home/subzero/ros2_ws/install/subzero_v1/lib/subzero_v1
[0.742s] Installing Arduino script to /home/subzero/ros2_ws/install/subzero_v1/lib/subzero_v1
[0.743s] Installing Dr script to /home/subzero/ros2_ws/install/subzero_v1/lib/subzero_v1
[0.743s] Installing Driving script to /home/subzero/ros2_ws/install/subzero_v1/lib/subzero_v1
[0.743s] Installing Garmin script to /home/subzero/ros2_ws/install/subzero_v1/lib/subzero_v1
[0.743s] Installing Radio script to /home/subzero/ros2_ws/install/subzero_v1/lib/subzero_v1
[0.743s] Installing Trimble script to /home/subzero/ros2_ws/install/subzero_v1/lib/subzero_v1
[0.744s] 
[0.744s] Installed /home/subzero/ros2_ws/build/subzero_v1
[0.744s] running install_data
[0.744s] copying package.xml -> /home/subzero/ros2_ws/install/subzero_v1/share/subzero_v1
[0.744s] copying launch/subzero_v1.launch.py -> /home/subzero/ros2_ws/install/subzero_v1/share/subzero_v1
[0.768s] Invoked command in '/home/subzero/ros2_ws/build/subzero_v1' returned '0': PYTHONPATH=/home/subzero/ros2_ws/install/subzero_v1/lib/python3.8/site-packages:${PYTHONPATH} /usr/bin/python3 setup.py develop --prefix /home/subzero/ros2_ws/install/subzero_v1 --editable --build-directory /home/subzero/ros2_ws/build/subzero_v1/build --no-deps install_data --install-dir /home/subzero/ros2_ws/install/subzero_v1
