[0.228s] DEBUG:colcon:Command line arguments: ['/usr/bin/colcon', 'build', '--packages-select', 'subzero_v1', '--symlink-install']
[0.229s] DEBUG:colcon:Parsed command line arguments: Namespace(ament_cmake_args=None, base_paths=['.'], build_base='build', catkin_cmake_args=None, catkin_skip_building_tests=False, cmake_args=None, cmake_clean_cache=False, cmake_clean_first=False, cmake_force_configure=False, cmake_target=None, cmake_target_skip_unavailable=False, continue_on_error=False, event_handlers=None, executor='parallel', ignore_user_meta=False, install_base='install', log_base=None, log_level=None, main=<bound method BuildVerb.main of <colcon_core.verb.build.BuildVerb object at 0x7fd58f986070>>, merge_install=False, metas=['./colcon.meta'], packages_above=None, packages_above_and_dependencies=None, packages_above_depth=None, packages_end=None, packages_ignore=None, packages_ignore_regex=None, packages_select=['subzero_v1'], packages_select_build_failed=False, packages_select_by_dep=None, packages_select_regex=None, packages_select_test_failures=False, packages_skip=None, packages_skip_build_finished=False, packages_skip_by_dep=None, packages_skip_regex=None, packages_skip_test_passed=False, packages_skip_up_to=None, packages_start=None, packages_up_to=None, packages_up_to_regex=None, parallel_workers=8, paths=None, symlink_install=True, test_result_base=None, verb_extension=<colcon_core.verb.build.BuildVerb object at 0x7fd58f986070>, verb_name='build', verb_parser=<colcon_defaults.argument_parser.defaults.DefaultArgumentsDecorator object at 0x7fd58f9865b0>)
[0.233s] Level 1:colcon.colcon_core.package_discovery:discover_packages(colcon_meta) check parameters
[0.233s] Level 1:colcon.colcon_core.package_discovery:discover_packages(recursive) check parameters
[0.233s] Level 1:colcon.colcon_core.package_discovery:discover_packages(ignore) check parameters
[0.233s] Level 1:colcon.colcon_core.package_discovery:discover_packages(path) check parameters
[0.233s] Level 1:colcon.colcon_core.package_discovery:discover_packages(colcon_meta) discover
[0.233s] Level 1:colcon.colcon_core.package_discovery:discover_packages(recursive) discover
[0.233s] INFO:colcon.colcon_core.package_discovery:Crawling recursively for packages in '/home/subzero/ros2_ws'
[0.233s] Level 1:colcon.colcon_core.package_identification:_identify(.) by extensions ['ignore', 'ignore_ament_install']
[0.233s] Level 1:colcon.colcon_core.package_identification:_identify(.) by extension 'ignore'
[0.233s] Level 1:colcon.colcon_core.package_identification:_identify(.) by extension 'ignore_ament_install'
[0.233s] Level 1:colcon.colcon_core.package_identification:_identify(.) by extensions ['colcon_pkg']
[0.233s] Level 1:colcon.colcon_core.package_identification:_identify(.) by extension 'colcon_pkg'
[0.233s] Level 1:colcon.colcon_core.package_identification:_identify(.) by extensions ['colcon_meta']
[0.233s] Level 1:colcon.colcon_core.package_identification:_identify(.) by extension 'colcon_meta'
[0.233s] Level 1:colcon.colcon_core.package_identification:_identify(.) by extensions ['ros']
[0.233s] Level 1:colcon.colcon_core.package_identification:_identify(.) by extension 'ros'
[0.242s] Level 1:colcon.colcon_core.package_identification:_identify(.) by extensions ['cmake', 'python']
[0.243s] Level 1:colcon.colcon_core.package_identification:_identify(.) by extension 'cmake'
[0.243s] Level 1:colcon.colcon_core.package_identification:_identify(.) by extension 'python'
[0.243s] Level 1:colcon.colcon_core.package_identification:_identify(.) by extensions ['python_setup_py']
[0.243s] Level 1:colcon.colcon_core.package_identification:_identify(.) by extension 'python_setup_py'
[0.243s] Level 1:colcon.colcon_core.package_identification:_identify(build) by extensions ['ignore', 'ignore_ament_install']
[0.243s] Level 1:colcon.colcon_core.package_identification:_identify(build) by extension 'ignore'
[0.243s] Level 1:colcon.colcon_core.package_identification:_identify(build) ignored
[0.243s] Level 1:colcon.colcon_core.package_identification:_identify(install) by extensions ['ignore', 'ignore_ament_install']
[0.243s] Level 1:colcon.colcon_core.package_identification:_identify(install) by extension 'ignore'
[0.243s] Level 1:colcon.colcon_core.package_identification:_identify(install) ignored
[0.243s] Level 1:colcon.colcon_core.package_identification:_identify(log) by extensions ['ignore', 'ignore_ament_install']
[0.243s] Level 1:colcon.colcon_core.package_identification:_identify(log) by extension 'ignore'
[0.243s] Level 1:colcon.colcon_core.package_identification:_identify(log) ignored
[0.243s] Level 1:colcon.colcon_core.package_identification:_identify(src) by extensions ['ignore', 'ignore_ament_install']
[0.243s] Level 1:colcon.colcon_core.package_identification:_identify(src) by extension 'ignore'
[0.243s] Level 1:colcon.colcon_core.package_identification:_identify(src) by extension 'ignore_ament_install'
[0.244s] Level 1:colcon.colcon_core.package_identification:_identify(src) by extensions ['colcon_pkg']
[0.244s] Level 1:colcon.colcon_core.package_identification:_identify(src) by extension 'colcon_pkg'
[0.244s] Level 1:colcon.colcon_core.package_identification:_identify(src) by extensions ['colcon_meta']
[0.244s] Level 1:colcon.colcon_core.package_identification:_identify(src) by extension 'colcon_meta'
[0.244s] Level 1:colcon.colcon_core.package_identification:_identify(src) by extensions ['ros']
[0.244s] Level 1:colcon.colcon_core.package_identification:_identify(src) by extension 'ros'
[0.244s] Level 1:colcon.colcon_core.package_identification:_identify(src) by extensions ['cmake', 'python']
[0.244s] Level 1:colcon.colcon_core.package_identification:_identify(src) by extension 'cmake'
[0.244s] Level 1:colcon.colcon_core.package_identification:_identify(src) by extension 'python'
[0.244s] Level 1:colcon.colcon_core.package_identification:_identify(src) by extensions ['python_setup_py']
[0.244s] Level 1:colcon.colcon_core.package_identification:_identify(src) by extension 'python_setup_py'
[0.244s] Level 1:colcon.colcon_core.package_identification:_identify(src/interfaces_subzero) by extensions ['ignore', 'ignore_ament_install']
[0.244s] Level 1:colcon.colcon_core.package_identification:_identify(src/interfaces_subzero) by extension 'ignore'
[0.244s] Level 1:colcon.colcon_core.package_identification:_identify(src/interfaces_subzero) by extension 'ignore_ament_install'
[0.244s] Level 1:colcon.colcon_core.package_identification:_identify(src/interfaces_subzero) by extensions ['colcon_pkg']
[0.244s] Level 1:colcon.colcon_core.package_identification:_identify(src/interfaces_subzero) by extension 'colcon_pkg'
[0.244s] Level 1:colcon.colcon_core.package_identification:_identify(src/interfaces_subzero) by extensions ['colcon_meta']
[0.244s] Level 1:colcon.colcon_core.package_identification:_identify(src/interfaces_subzero) by extension 'colcon_meta'
[0.244s] Level 1:colcon.colcon_core.package_identification:_identify(src/interfaces_subzero) by extensions ['ros']
[0.244s] Level 1:colcon.colcon_core.package_identification:_identify(src/interfaces_subzero) by extension 'ros'
[0.246s] DEBUG:colcon.colcon_core.package_identification:Package 'src/interfaces_subzero' with type 'ros.ament_cmake' and name 'interfaces_subzero'
[0.246s] Level 1:colcon.colcon_core.package_identification:_identify(src/subzero_v1) by extensions ['ignore', 'ignore_ament_install']
[0.246s] Level 1:colcon.colcon_core.package_identification:_identify(src/subzero_v1) by extension 'ignore'
[0.246s] Level 1:colcon.colcon_core.package_identification:_identify(src/subzero_v1) by extension 'ignore_ament_install'
[0.246s] Level 1:colcon.colcon_core.package_identification:_identify(src/subzero_v1) by extensions ['colcon_pkg']
[0.246s] Level 1:colcon.colcon_core.package_identification:_identify(src/subzero_v1) by extension 'colcon_pkg'
[0.246s] Level 1:colcon.colcon_core.package_identification:_identify(src/subzero_v1) by extensions ['colcon_meta']
[0.246s] Level 1:colcon.colcon_core.package_identification:_identify(src/subzero_v1) by extension 'colcon_meta'
[0.246s] Level 1:colcon.colcon_core.package_identification:_identify(src/subzero_v1) by extensions ['ros']
[0.247s] Level 1:colcon.colcon_core.package_identification:_identify(src/subzero_v1) by extension 'ros'
[0.248s] DEBUG:colcon.colcon_core.package_identification:Package 'src/subzero_v1' with type 'ros.ament_python' and name 'subzero_v1'
[0.248s] Level 1:colcon.colcon_core.package_discovery:discover_packages(recursive) using defaults
[0.248s] Level 1:colcon.colcon_core.package_discovery:discover_packages(ignore) discover
[0.248s] Level 1:colcon.colcon_core.package_discovery:discover_packages(ignore) using defaults
[0.248s] Level 1:colcon.colcon_core.package_discovery:discover_packages(path) discover
[0.248s] Level 1:colcon.colcon_core.package_discovery:discover_packages(path) using defaults
[0.261s] INFO:colcon.colcon_core.package_selection:Skipping not selected package 'interfaces_subzero' in 'src/interfaces_subzero'
[0.263s] Level 5:colcon.colcon_core.verb:set package 'subzero_v1' build argument 'cmake_args' from command line to 'None'
[0.263s] Level 5:colcon.colcon_core.verb:set package 'subzero_v1' build argument 'cmake_target' from command line to 'None'
[0.263s] Level 5:colcon.colcon_core.verb:set package 'subzero_v1' build argument 'cmake_target_skip_unavailable' from command line to 'False'
[0.263s] Level 5:colcon.colcon_core.verb:set package 'subzero_v1' build argument 'cmake_clean_cache' from command line to 'False'
[0.263s] Level 5:colcon.colcon_core.verb:set package 'subzero_v1' build argument 'cmake_clean_first' from command line to 'False'
[0.263s] Level 5:colcon.colcon_core.verb:set package 'subzero_v1' build argument 'cmake_force_configure' from command line to 'False'
[0.263s] Level 5:colcon.colcon_core.verb:set package 'subzero_v1' build argument 'ament_cmake_args' from command line to 'None'
[0.263s] Level 5:colcon.colcon_core.verb:set package 'subzero_v1' build argument 'catkin_cmake_args' from command line to 'None'
[0.263s] Level 5:colcon.colcon_core.verb:set package 'subzero_v1' build argument 'catkin_skip_building_tests' from command line to 'False'
[0.263s] DEBUG:colcon.colcon_core.verb:Building package 'subzero_v1' with the following arguments: {'ament_cmake_args': None, 'build_base': '/home/subzero/ros2_ws/build/subzero_v1', 'catkin_cmake_args': None, 'catkin_skip_building_tests': False, 'cmake_args': None, 'cmake_clean_cache': False, 'cmake_clean_first': False, 'cmake_force_configure': False, 'cmake_target': None, 'cmake_target_skip_unavailable': False, 'install_base': '/home/subzero/ros2_ws/install/subzero_v1', 'merge_install': False, 'path': '/home/subzero/ros2_ws/src/subzero_v1', 'symlink_install': True, 'test_result_base': None}
[0.263s] INFO:colcon.colcon_core.executor:Executing jobs using 'parallel' executor
[0.265s] DEBUG:colcon.colcon_parallel_executor.executor.parallel:run_until_complete
[0.265s] INFO:colcon.colcon_ros.task.ament_python.build:Building ROS package in '/home/subzero/ros2_ws/src/subzero_v1' with build type 'ament_python'
[0.266s] Level 1:colcon.colcon_core.shell:create_environment_hook('subzero_v1', 'ament_prefix_path')
[0.269s] INFO:colcon.colcon_core.plugin_system:Skipping extension 'colcon_core.shell.bat': Not used on non-Windows systems
[0.269s] INFO:colcon.colcon_core.shell:Creating environment hook '/home/subzero/ros2_ws/install/subzero_v1/share/subzero_v1/hook/ament_prefix_path.ps1'
[0.269s] INFO:colcon.colcon_core.shell:Creating environment descriptor '/home/subzero/ros2_ws/install/subzero_v1/share/subzero_v1/hook/ament_prefix_path.dsv'
[0.270s] INFO:colcon.colcon_core.shell:Creating environment hook '/home/subzero/ros2_ws/install/subzero_v1/share/subzero_v1/hook/ament_prefix_path.sh'
[0.270s] INFO:colcon.colcon_core.shell:Skip shell extension 'powershell' for command environment: Not usable outside of PowerShell
[0.270s] DEBUG:colcon.colcon_core.shell:Skip shell extension 'dsv' for command environment
[0.272s] DEBUG:colcon.colcon_core.shell:Ignoring prefix path '/opt/ros/foxy'
[0.443s] INFO:colcon.colcon_core.task.python.build:Building Python package in '/home/subzero/ros2_ws/src/subzero_v1'
[0.444s] INFO:colcon.colcon_core.shell:Skip shell extension 'powershell' for command environment: Not usable outside of PowerShell
[0.444s] DEBUG:colcon.colcon_core.shell:Skip shell extension 'dsv' for command environment
[0.445s] DEBUG:colcon.colcon_core.shell:Ignoring prefix path '/opt/ros/foxy'
[0.449s] DEBUG:colcon.colcon_core.event_handler.log_command:Invoking command in '/home/subzero/ros2_ws/build/subzero_v1': PYTHONPATH=/home/subzero/ros2_ws/install/subzero_v1/lib/python3.8/site-packages:${PYTHONPATH} /usr/bin/python3 setup.py develop --prefix /home/subzero/ros2_ws/install/subzero_v1 --editable --build-directory /home/subzero/ros2_ws/build/subzero_v1/build --no-deps install_data --install-dir /home/subzero/ros2_ws/install/subzero_v1
[0.800s] Level 1:colcon.colcon_core.shell:create_environment_hook('subzero_v1', 'pythonpath_develop')
[0.801s] INFO:colcon.colcon_core.shell:Creating environment hook '/home/subzero/ros2_ws/build/subzero_v1/share/subzero_v1/hook/pythonpath_develop.ps1'
[0.802s] INFO:colcon.colcon_core.shell:Creating environment descriptor '/home/subzero/ros2_ws/build/subzero_v1/share/subzero_v1/hook/pythonpath_develop.dsv'
[0.802s] DEBUG:colcon.colcon_core.event_handler.log_command:Invoked command in '/home/subzero/ros2_ws/build/subzero_v1' returned '0': PYTHONPATH=/home/subzero/ros2_ws/install/subzero_v1/lib/python3.8/site-packages:${PYTHONPATH} /usr/bin/python3 setup.py develop --prefix /home/subzero/ros2_ws/install/subzero_v1 --editable --build-directory /home/subzero/ros2_ws/build/subzero_v1/build --no-deps install_data --install-dir /home/subzero/ros2_ws/install/subzero_v1
[0.802s] INFO:colcon.colcon_core.shell:Creating environment hook '/home/subzero/ros2_ws/build/subzero_v1/share/subzero_v1/hook/pythonpath_develop.sh'
[0.806s] Level 1:colcon.colcon_core.environment:checking '/home/subzero/ros2_ws/install/subzero_v1' for CMake module files
[0.807s] Level 1:colcon.colcon_core.environment:checking '/home/subzero/ros2_ws/install/subzero_v1' for CMake config files
[0.808s] Level 1:colcon.colcon_core.environment:checking '/home/subzero/ros2_ws/install/subzero_v1/lib'
[0.808s] Level 1:colcon.colcon_core.environment:checking '/home/subzero/ros2_ws/install/subzero_v1/bin'
[0.808s] Level 1:colcon.colcon_core.environment:checking '/home/subzero/ros2_ws/install/subzero_v1/lib/pkgconfig/subzero_v1.pc'
[0.808s] Level 1:colcon.colcon_core.environment:checking '/home/subzero/ros2_ws/install/subzero_v1/lib/python3.8/site-packages'
[0.808s] Level 1:colcon.colcon_core.shell:create_environment_hook('subzero_v1', 'pythonpath')
[0.809s] INFO:colcon.colcon_core.shell:Creating environment hook '/home/subzero/ros2_ws/install/subzero_v1/share/subzero_v1/hook/pythonpath.ps1'
[0.809s] INFO:colcon.colcon_core.shell:Creating environment descriptor '/home/subzero/ros2_ws/install/subzero_v1/share/subzero_v1/hook/pythonpath.dsv'
[0.810s] INFO:colcon.colcon_core.shell:Creating environment hook '/home/subzero/ros2_ws/install/subzero_v1/share/subzero_v1/hook/pythonpath.sh'
[0.810s] Level 1:colcon.colcon_core.environment:create_environment_scripts_only(subzero_v1)
[0.811s] INFO:colcon.colcon_core.shell:Creating package script '/home/subzero/ros2_ws/install/subzero_v1/share/subzero_v1/package.ps1'
[0.812s] INFO:colcon.colcon_core.shell:Creating package descriptor '/home/subzero/ros2_ws/install/subzero_v1/share/subzero_v1/package.dsv'
[0.812s] INFO:colcon.colcon_core.shell:Creating package script '/home/subzero/ros2_ws/install/subzero_v1/share/subzero_v1/package.sh'
[0.813s] INFO:colcon.colcon_core.shell:Creating package script '/home/subzero/ros2_ws/install/subzero_v1/share/subzero_v1/package.bash'
[0.814s] INFO:colcon.colcon_core.shell:Creating package script '/home/subzero/ros2_ws/install/subzero_v1/share/subzero_v1/package.zsh'
[0.814s] Level 1:colcon.colcon_core.environment:create_file_with_runtime_dependencies(/home/subzero/ros2_ws/install/subzero_v1/share/colcon-core/packages/subzero_v1)
[0.815s] DEBUG:colcon.colcon_parallel_executor.executor.parallel:closing loop
[0.815s] DEBUG:colcon.colcon_parallel_executor.executor.parallel:loop closed
[0.815s] DEBUG:colcon.colcon_parallel_executor.executor.parallel:run_until_complete finished with '0'
[0.815s] DEBUG:colcon.colcon_core.event_reactor:joining thread
[0.821s] INFO:colcon.colcon_core.plugin_system:Skipping extension 'colcon_notification.desktop_notification.terminal_notifier': Not used on non-Darwin systems
[0.821s] INFO:colcon.colcon_core.plugin_system:Skipping extension 'colcon_notification.desktop_notification.win32': Not used on non-Windows systems
[0.821s] INFO:colcon.colcon_notification.desktop_notification:Sending desktop notification using 'notify2'
[0.822s] DEBUG:colcon.colcon_notification.desktop_notification.notify2:Failed to initialize notify2: org.freedesktop.DBus.Error.ServiceUnknown: The name org.freedesktop.Notifications was not provided by any .service files
[0.822s] DEBUG:colcon.colcon_core.event_reactor:joined thread
[0.823s] INFO:colcon.colcon_core.shell:Creating prefix script '/home/subzero/ros2_ws/install/local_setup.ps1'
[0.823s] INFO:colcon.colcon_core.shell:Creating prefix util module '/home/subzero/ros2_ws/install/_local_setup_util_ps1.py'
[0.825s] INFO:colcon.colcon_core.shell:Creating prefix chain script '/home/subzero/ros2_ws/install/setup.ps1'
[0.827s] INFO:colcon.colcon_core.shell:Creating prefix script '/home/subzero/ros2_ws/install/local_setup.sh'
[0.827s] INFO:colcon.colcon_core.shell:Creating prefix util module '/home/subzero/ros2_ws/install/_local_setup_util_sh.py'
[0.827s] INFO:colcon.colcon_core.shell:Creating prefix chain script '/home/subzero/ros2_ws/install/setup.sh'
[0.829s] INFO:colcon.colcon_core.shell:Creating prefix script '/home/subzero/ros2_ws/install/local_setup.bash'
[0.830s] INFO:colcon.colcon_core.shell:Creating prefix chain script '/home/subzero/ros2_ws/install/setup.bash'
[0.832s] INFO:colcon.colcon_core.shell:Creating prefix script '/home/subzero/ros2_ws/install/local_setup.zsh'
[0.832s] INFO:colcon.colcon_core.shell:Creating prefix chain script '/home/subzero/ros2_ws/install/setup.zsh'
[0.231s] DEBUG:colcon:Command line arguments: ['/usr/bin/colcon', 'build', '--packages-select', 'interfaces_subzero', '--symlink-install']
[0.231s] DEBUG:colcon:Parsed command line arguments: Namespace(ament_cmake_args=None, base_paths=['.'], build_base='build', catkin_cmake_args=None, catkin_skip_building_tests=False, cmake_args=None, cmake_clean_cache=False, cmake_clean_first=False, cmake_force_configure=False, cmake_target=None, cmake_target_skip_unavailable=False, continue_on_error=False, event_handlers=None, executor='parallel', ignore_user_meta=False, install_base='install', log_base=None, log_level=None, main=<bound method BuildVerb.main of <colcon_core.verb.build.BuildVerb object at 0x7fa42ccbe100>>, merge_install=False, metas=['./colcon.meta'], packages_above=None, packages_above_and_dependencies=None, packages_above_depth=None, packages_end=None, packages_ignore=None, packages_ignore_regex=None, packages_select=['interfaces_subzero'], packages_select_build_failed=False, packages_select_by_dep=None, packages_select_regex=None, packages_select_test_failures=False, packages_skip=None, packages_skip_build_finished=False, packages_skip_by_dep=None, packages_skip_regex=None, packages_skip_test_passed=False, packages_skip_up_to=None, packages_start=None, packages_up_to=None, packages_up_to_regex=None, parallel_workers=8, paths=None, symlink_install=True, test_result_base=None, verb_extension=<colcon_core.verb.build.BuildVerb object at 0x7fa42ccbe100>, verb_name='build', verb_parser=<colcon_defaults.argument_parser.defaults.DefaultArgumentsDecorator object at 0x7fa42ccbe640>)
[0.235s] Level 1:colcon.colcon_core.package_discovery:discover_packages(colcon_meta) check parameters
[0.235s] Level 1:colcon.colcon_core.package_discovery:discover_packages(recursive) check parameters
[0.236s] Level 1:colcon.colcon_core.package_discovery:discover_packages(ignore) check parameters
[0.236s] Level 1:colcon.colcon_core.package_discovery:discover_packages(path) check parameters
[0.236s] Level 1:colcon.colcon_core.package_discovery:discover_packages(colcon_meta) discover
[0.236s] Level 1:colcon.colcon_core.package_discovery:discover_packages(recursive) discover
[0.236s] INFO:colcon.colcon_core.package_discovery:Crawling recursively for packages in '/home/subzero/ros2_ws'
[0.236s] Level 1:colcon.colcon_core.package_identification:_identify(.) by extensions ['ignore', 'ignore_ament_install']
[0.236s] Level 1:colcon.colcon_core.package_identification:_identify(.) by extension 'ignore'
[0.236s] Level 1:colcon.colcon_core.package_identification:_identify(.) by extension 'ignore_ament_install'
[0.236s] Level 1:colcon.colcon_core.package_identification:_identify(.) by extensions ['colcon_pkg']
[0.236s] Level 1:colcon.colcon_core.package_identification:_identify(.) by extension 'colcon_pkg'
[0.236s] Level 1:colcon.colcon_core.package_identification:_identify(.) by extensions ['colcon_meta']
[0.236s] Level 1:colcon.colcon_core.package_identification:_identify(.) by extension 'colcon_meta'
[0.236s] Level 1:colcon.colcon_core.package_identification:_identify(.) by extensions ['ros']
[0.236s] Level 1:colcon.colcon_core.package_identification:_identify(.) by extension 'ros'
[0.245s] Level 1:colcon.colcon_core.package_identification:_identify(.) by extensions ['cmake', 'python']
[0.245s] Level 1:colcon.colcon_core.package_identification:_identify(.) by extension 'cmake'
[0.245s] Level 1:colcon.colcon_core.package_identification:_identify(.) by extension 'python'
[0.245s] Level 1:colcon.colcon_core.package_identification:_identify(.) by extensions ['python_setup_py']
[0.245s] Level 1:colcon.colcon_core.package_identification:_identify(.) by extension 'python_setup_py'
[0.245s] Level 1:colcon.colcon_core.package_identification:_identify(build) by extensions ['ignore', 'ignore_ament_install']
[0.245s] Level 1:colcon.colcon_core.package_identification:_identify(build) by extension 'ignore'
[0.246s] Level 1:colcon.colcon_core.package_identification:_identify(build) ignored
[0.246s] Level 1:colcon.colcon_core.package_identification:_identify(install) by extensions ['ignore', 'ignore_ament_install']
[0.246s] Level 1:colcon.colcon_core.package_identification:_identify(install) by extension 'ignore'
[0.246s] Level 1:colcon.colcon_core.package_identification:_identify(install) ignored
[0.246s] Level 1:colcon.colcon_core.package_identification:_identify(log) by extensions ['ignore', 'ignore_ament_install']
[0.246s] Level 1:colcon.colcon_core.package_identification:_identify(log) by extension 'ignore'
[0.246s] Level 1:colcon.colcon_core.package_identification:_identify(log) ignored
[0.246s] Level 1:colcon.colcon_core.package_identification:_identify(src) by extensions ['ignore', 'ignore_ament_install']
[0.246s] Level 1:colcon.colcon_core.package_identification:_identify(src) by extension 'ignore'
[0.246s] Level 1:colcon.colcon_core.package_identification:_identify(src) by extension 'ignore_ament_install'
[0.246s] Level 1:colcon.colcon_core.package_identification:_identify(src) by extensions ['colcon_pkg']
[0.246s] Level 1:colcon.colcon_core.package_identification:_identify(src) by extension 'colcon_pkg'
[0.246s] Level 1:colcon.colcon_core.package_identification:_identify(src) by extensions ['colcon_meta']
[0.246s] Level 1:colcon.colcon_core.package_identification:_identify(src) by extension 'colcon_meta'
[0.246s] Level 1:colcon.colcon_core.package_identification:_identify(src) by extensions ['ros']
[0.246s] Level 1:colcon.colcon_core.package_identification:_identify(src) by extension 'ros'
[0.246s] Level 1:colcon.colcon_core.package_identification:_identify(src) by extensions ['cmake', 'python']
[0.246s] Level 1:colcon.colcon_core.package_identification:_identify(src) by extension 'cmake'
[0.246s] Level 1:colcon.colcon_core.package_identification:_identify(src) by extension 'python'
[0.247s] Level 1:colcon.colcon_core.package_identification:_identify(src) by extensions ['python_setup_py']
[0.247s] Level 1:colcon.colcon_core.package_identification:_identify(src) by extension 'python_setup_py'
[0.247s] Level 1:colcon.colcon_core.package_identification:_identify(src/interfaces_subzero) by extensions ['ignore', 'ignore_ament_install']
[0.247s] Level 1:colcon.colcon_core.package_identification:_identify(src/interfaces_subzero) by extension 'ignore'
[0.247s] Level 1:colcon.colcon_core.package_identification:_identify(src/interfaces_subzero) by extension 'ignore_ament_install'
[0.247s] Level 1:colcon.colcon_core.package_identification:_identify(src/interfaces_subzero) by extensions ['colcon_pkg']
[0.247s] Level 1:colcon.colcon_core.package_identification:_identify(src/interfaces_subzero) by extension 'colcon_pkg'
[0.247s] Level 1:colcon.colcon_core.package_identification:_identify(src/interfaces_subzero) by extensions ['colcon_meta']
[0.247s] Level 1:colcon.colcon_core.package_identification:_identify(src/interfaces_subzero) by extension 'colcon_meta'
[0.247s] Level 1:colcon.colcon_core.package_identification:_identify(src/interfaces_subzero) by extensions ['ros']
[0.247s] Level 1:colcon.colcon_core.package_identification:_identify(src/interfaces_subzero) by extension 'ros'
[0.249s] DEBUG:colcon.colcon_core.package_identification:Package 'src/interfaces_subzero' with type 'ros.ament_cmake' and name 'interfaces_subzero'
[0.249s] Level 1:colcon.colcon_core.package_identification:_identify(src/subzero_v1) by extensions ['ignore', 'ignore_ament_install']
[0.249s] Level 1:colcon.colcon_core.package_identification:_identify(src/subzero_v1) by extension 'ignore'
[0.249s] Level 1:colcon.colcon_core.package_identification:_identify(src/subzero_v1) by extension 'ignore_ament_install'
[0.249s] Level 1:colcon.colcon_core.package_identification:_identify(src/subzero_v1) by extensions ['colcon_pkg']
[0.249s] Level 1:colcon.colcon_core.package_identification:_identify(src/subzero_v1) by extension 'colcon_pkg'
[0.249s] Level 1:colcon.colcon_core.package_identification:_identify(src/subzero_v1) by extensions ['colcon_meta']
[0.249s] Level 1:colcon.colcon_core.package_identification:_identify(src/subzero_v1) by extension 'colcon_meta'
[0.249s] Level 1:colcon.colcon_core.package_identification:_identify(src/subzero_v1) by extensions ['ros']
[0.249s] Level 1:colcon.colcon_core.package_identification:_identify(src/subzero_v1) by extension 'ros'
[0.250s] DEBUG:colcon.colcon_core.package_identification:Package 'src/subzero_v1' with type 'ros.ament_python' and name 'subzero_v1'
[0.250s] Level 1:colcon.colcon_core.package_discovery:discover_packages(recursive) using defaults
[0.250s] Level 1:colcon.colcon_core.package_discovery:discover_packages(ignore) discover
[0.250s] Level 1:colcon.colcon_core.package_discovery:discover_packages(ignore) using defaults
[0.250s] Level 1:colcon.colcon_core.package_discovery:discover_packages(path) discover
[0.250s] Level 1:colcon.colcon_core.package_discovery:discover_packages(path) using defaults
[0.264s] INFO:colcon.colcon_core.package_selection:Skipping not selected package 'subzero_v1' in 'src/subzero_v1'
[0.265s] Level 5:colcon.colcon_core.verb:set package 'interfaces_subzero' build argument 'cmake_args' from command line to 'None'
[0.266s] Level 5:colcon.colcon_core.verb:set package 'interfaces_subzero' build argument 'cmake_target' from command line to 'None'
[0.266s] Level 5:colcon.colcon_core.verb:set package 'interfaces_subzero' build argument 'cmake_target_skip_unavailable' from command line to 'False'
[0.266s] Level 5:colcon.colcon_core.verb:set package 'interfaces_subzero' build argument 'cmake_clean_cache' from command line to 'False'
[0.266s] Level 5:colcon.colcon_core.verb:set package 'interfaces_subzero' build argument 'cmake_clean_first' from command line to 'False'
[0.266s] Level 5:colcon.colcon_core.verb:set package 'interfaces_subzero' build argument 'cmake_force_configure' from command line to 'False'
[0.266s] Level 5:colcon.colcon_core.verb:set package 'interfaces_subzero' build argument 'ament_cmake_args' from command line to 'None'
[0.266s] Level 5:colcon.colcon_core.verb:set package 'interfaces_subzero' build argument 'catkin_cmake_args' from command line to 'None'
[0.266s] Level 5:colcon.colcon_core.verb:set package 'interfaces_subzero' build argument 'catkin_skip_building_tests' from command line to 'False'
[0.266s] DEBUG:colcon.colcon_core.verb:Building package 'interfaces_subzero' with the following arguments: {'ament_cmake_args': None, 'build_base': '/home/subzero/ros2_ws/build/interfaces_subzero', 'catkin_cmake_args': None, 'catkin_skip_building_tests': False, 'cmake_args': None, 'cmake_clean_cache': False, 'cmake_clean_first': False, 'cmake_force_configure': False, 'cmake_target': None, 'cmake_target_skip_unavailable': False, 'install_base': '/home/subzero/ros2_ws/install/interfaces_subzero', 'merge_install': False, 'path': '/home/subzero/ros2_ws/src/interfaces_subzero', 'symlink_install': True, 'test_result_base': None}
[0.266s] INFO:colcon.colcon_core.executor:Executing jobs using 'parallel' executor
[0.268s] DEBUG:colcon.colcon_parallel_executor.executor.parallel:run_until_complete
[0.268s] INFO:colcon.colcon_ros.task.ament_cmake.build:Building ROS package in '/home/subzero/ros2_ws/src/interfaces_subzero' with build type 'ament_cmake'
[0.268s] INFO:colcon.colcon_cmake.task.cmake.build:Building CMake package in '/home/subzero/ros2_ws/src/interfaces_subzero'
[0.271s] INFO:colcon.colcon_core.plugin_system:Skipping extension 'colcon_core.shell.bat': Not used on non-Windows systems
[0.271s] INFO:colcon.colcon_core.shell:Skip shell extension 'powershell' for command environment: Not usable outside of PowerShell
[0.271s] DEBUG:colcon.colcon_core.shell:Skip shell extension 'dsv' for command environment
[0.273s] DEBUG:colcon.colcon_core.shell:Ignoring prefix path '/opt/ros/foxy'
[0.281s] DEBUG:colcon.colcon_core.event_handler.log_command:Invoking command in '/home/subzero/ros2_ws/build/interfaces_subzero': CMAKE_PREFIX_PATH=${CMAKE_PREFIX_PATH}:/home/subzero/ros2_ws/install/subzero_v1:/opt/ros/foxy /usr/bin/cmake --build /home/subzero/ros2_ws/build/interfaces_subzero -- -j8 -l8
[1.061s] DEBUG:colcon.colcon_core.event_handler.log_command:Invoked command in '/home/subzero/ros2_ws/build/interfaces_subzero' returned '0': CMAKE_PREFIX_PATH=${CMAKE_PREFIX_PATH}:/home/subzero/ros2_ws/install/subzero_v1:/opt/ros/foxy /usr/bin/cmake --build /home/subzero/ros2_ws/build/interfaces_subzero -- -j8 -l8
[1.123s] DEBUG:colcon.colcon_core.event_handler.log_command:Invoking command in '/home/subzero/ros2_ws/build/interfaces_subzero': CMAKE_PREFIX_PATH=${CMAKE_PREFIX_PATH}:/home/subzero/ros2_ws/install/subzero_v1:/opt/ros/foxy /usr/bin/cmake --install /home/subzero/ros2_ws/build/interfaces_subzero
[1.210s] Level 1:colcon.colcon_core.environment:create_environment_scripts_only(interfaces_subzero)
[1.211s] DEBUG:colcon.colcon_core.event_handler.log_command:Invoked command in '/home/subzero/ros2_ws/build/interfaces_subzero' returned '0': CMAKE_PREFIX_PATH=${CMAKE_PREFIX_PATH}:/home/subzero/ros2_ws/install/subzero_v1:/opt/ros/foxy /usr/bin/cmake --install /home/subzero/ros2_ws/build/interfaces_subzero
[1.214s] Level 1:colcon.colcon_core.environment:checking '/home/subzero/ros2_ws/install/interfaces_subzero' for CMake module files
[1.214s] Level 1:colcon.colcon_core.environment:checking '/home/subzero/ros2_ws/install/interfaces_subzero' for CMake config files
[1.215s] Level 1:colcon.colcon_core.shell:create_environment_hook('interfaces_subzero', 'cmake_prefix_path')
[1.215s] INFO:colcon.colcon_core.shell:Creating environment hook '/home/subzero/ros2_ws/install/interfaces_subzero/share/interfaces_subzero/hook/cmake_prefix_path.ps1'
[1.216s] INFO:colcon.colcon_core.shell:Creating environment descriptor '/home/subzero/ros2_ws/install/interfaces_subzero/share/interfaces_subzero/hook/cmake_prefix_path.dsv'
[1.216s] INFO:colcon.colcon_core.shell:Creating environment hook '/home/subzero/ros2_ws/install/interfaces_subzero/share/interfaces_subzero/hook/cmake_prefix_path.sh'
[1.217s] Level 1:colcon.colcon_core.environment:checking '/home/subzero/ros2_ws/install/interfaces_subzero/lib'
[1.217s] Level 1:colcon.colcon_core.shell:create_environment_hook('interfaces_subzero', 'ld_library_path_lib')
[1.217s] INFO:colcon.colcon_core.shell:Creating environment hook '/home/subzero/ros2_ws/install/interfaces_subzero/share/interfaces_subzero/hook/ld_library_path_lib.ps1'
[1.217s] INFO:colcon.colcon_core.shell:Creating environment descriptor '/home/subzero/ros2_ws/install/interfaces_subzero/share/interfaces_subzero/hook/ld_library_path_lib.dsv'
[1.218s] INFO:colcon.colcon_core.shell:Creating environment hook '/home/subzero/ros2_ws/install/interfaces_subzero/share/interfaces_subzero/hook/ld_library_path_lib.sh'
[1.218s] Level 1:colcon.colcon_core.environment:checking '/home/subzero/ros2_ws/install/interfaces_subzero/bin'
[1.218s] Level 1:colcon.colcon_core.environment:checking '/home/subzero/ros2_ws/install/interfaces_subzero/lib/pkgconfig/interfaces_subzero.pc'
[1.218s] Level 1:colcon.colcon_core.environment:checking '/home/subzero/ros2_ws/install/interfaces_subzero/lib/python3.8/site-packages'
[1.218s] Level 1:colcon.colcon_core.shell:create_environment_hook('interfaces_subzero', 'pythonpath')
[1.218s] INFO:colcon.colcon_core.shell:Creating environment hook '/home/subzero/ros2_ws/install/interfaces_subzero/share/interfaces_subzero/hook/pythonpath.ps1'
[1.219s] INFO:colcon.colcon_core.shell:Creating environment descriptor '/home/subzero/ros2_ws/install/interfaces_subzero/share/interfaces_subzero/hook/pythonpath.dsv'
[1.219s] INFO:colcon.colcon_core.shell:Creating environment hook '/home/subzero/ros2_ws/install/interfaces_subzero/share/interfaces_subzero/hook/pythonpath.sh'
[1.220s] INFO:colcon.colcon_core.shell:Creating package script '/home/subzero/ros2_ws/install/interfaces_subzero/share/interfaces_subzero/package.ps1'
[1.220s] INFO:colcon.colcon_core.shell:Creating package descriptor '/home/subzero/ros2_ws/install/interfaces_subzero/share/interfaces_subzero/package.dsv'
[1.222s] INFO:colcon.colcon_core.shell:Creating package script '/home/subzero/ros2_ws/install/interfaces_subzero/share/interfaces_subzero/package.sh'
[1.222s] INFO:colcon.colcon_core.shell:Creating package script '/home/subzero/ros2_ws/install/interfaces_subzero/share/interfaces_subzero/package.bash'
[1.223s] INFO:colcon.colcon_core.shell:Creating package script '/home/subzero/ros2_ws/install/interfaces_subzero/share/interfaces_subzero/package.zsh'
[1.223s] Level 1:colcon.colcon_core.environment:create_file_with_runtime_dependencies(/home/subzero/ros2_ws/install/interfaces_subzero/share/colcon-core/packages/interfaces_subzero)
[1.276s] Level 1:colcon.colcon_core.environment:create_environment_scripts_only(interfaces_subzero)
[1.276s] Level 1:colcon.colcon_core.environment:checking '/home/subzero/ros2_ws/install/interfaces_subzero' for CMake module files
[1.277s] Level 1:colcon.colcon_core.environment:checking '/home/subzero/ros2_ws/install/interfaces_subzero' for CMake config files
[1.277s] Level 1:colcon.colcon_core.shell:create_environment_hook('interfaces_subzero', 'cmake_prefix_path')
[1.278s] INFO:colcon.colcon_core.shell:Creating environment hook '/home/subzero/ros2_ws/install/interfaces_subzero/share/interfaces_subzero/hook/cmake_prefix_path.ps1'
[1.278s] INFO:colcon.colcon_core.shell:Creating environment descriptor '/home/subzero/ros2_ws/install/interfaces_subzero/share/interfaces_subzero/hook/cmake_prefix_path.dsv'
[1.278s] INFO:colcon.colcon_core.shell:Creating environment hook '/home/subzero/ros2_ws/install/interfaces_subzero/share/interfaces_subzero/hook/cmake_prefix_path.sh'
[1.279s] Level 1:colcon.colcon_core.environment:checking '/home/subzero/ros2_ws/install/interfaces_subzero/lib'
[1.279s] Level 1:colcon.colcon_core.shell:create_environment_hook('interfaces_subzero', 'ld_library_path_lib')
[1.279s] INFO:colcon.colcon_core.shell:Creating environment hook '/home/subzero/ros2_ws/install/interfaces_subzero/share/interfaces_subzero/hook/ld_library_path_lib.ps1'
[1.280s] INFO:colcon.colcon_core.shell:Creating environment descriptor '/home/subzero/ros2_ws/install/interfaces_subzero/share/interfaces_subzero/hook/ld_library_path_lib.dsv'
[1.280s] INFO:colcon.colcon_core.shell:Creating environment hook '/home/subzero/ros2_ws/install/interfaces_subzero/share/interfaces_subzero/hook/ld_library_path_lib.sh'
[1.280s] Level 1:colcon.colcon_core.environment:checking '/home/subzero/ros2_ws/install/interfaces_subzero/bin'
[1.280s] Level 1:colcon.colcon_core.environment:checking '/home/subzero/ros2_ws/install/interfaces_subzero/lib/pkgconfig/interfaces_subzero.pc'
[1.280s] Level 1:colcon.colcon_core.environment:checking '/home/subzero/ros2_ws/install/interfaces_subzero/lib/python3.8/site-packages'
[1.280s] Level 1:colcon.colcon_core.shell:create_environment_hook('interfaces_subzero', 'pythonpath')
[1.281s] INFO:colcon.colcon_core.shell:Creating environment hook '/home/subzero/ros2_ws/install/interfaces_subzero/share/interfaces_subzero/hook/pythonpath.ps1'
[1.281s] INFO:colcon.colcon_core.shell:Creating environment descriptor '/home/subzero/ros2_ws/install/interfaces_subzero/share/interfaces_subzero/hook/pythonpath.dsv'
[1.281s] INFO:colcon.colcon_core.shell:Creating environment hook '/home/subzero/ros2_ws/install/interfaces_subzero/share/interfaces_subzero/hook/pythonpath.sh'
[1.282s] INFO:colcon.colcon_core.shell:Creating package script '/home/subzero/ros2_ws/install/interfaces_subzero/share/interfaces_subzero/package.ps1'
[1.282s] INFO:colcon.colcon_core.shell:Creating package descriptor '/home/subzero/ros2_ws/install/interfaces_subzero/share/interfaces_subzero/package.dsv'
[1.283s] INFO:colcon.colcon_core.shell:Creating package script '/home/subzero/ros2_ws/install/interfaces_subzero/share/interfaces_subzero/package.sh'
[1.283s] INFO:colcon.colcon_core.shell:Creating package script '/home/subzero/ros2_ws/install/interfaces_subzero/share/interfaces_subzero/package.bash'
[1.294s] INFO:colcon.colcon_core.shell:Creating package script '/home/subzero/ros2_ws/install/interfaces_subzero/share/interfaces_subzero/package.zsh'
[1.295s] Level 1:colcon.colcon_core.environment:create_file_with_runtime_dependencies(/home/subzero/ros2_ws/install/interfaces_subzero/share/colcon-core/packages/interfaces_subzero)
[1.296s] DEBUG:colcon.colcon_parallel_executor.executor.parallel:closing loop
[1.297s] DEBUG:colcon.colcon_parallel_executor.executor.parallel:loop closed
[1.297s] DEBUG:colcon.colcon_parallel_executor.executor.parallel:run_until_complete finished with '0'
[1.297s] DEBUG:colcon.colcon_core.event_reactor:joining thread
[1.309s] INFO:colcon.colcon_core.plugin_system:Skipping extension 'colcon_notification.desktop_notification.terminal_notifier': Not used on non-Darwin systems
[1.309s] INFO:colcon.colcon_core.plugin_system:Skipping extension 'colcon_notification.desktop_notification.win32': Not used on non-Windows systems
[1.310s] INFO:colcon.colcon_notification.desktop_notification:Sending desktop notification using 'notify2'
[1.312s] DEBUG:colcon.colcon_notification.desktop_notification.notify2:Failed to initialize notify2: org.freedesktop.DBus.Error.ServiceUnknown: The name org.freedesktop.Notifications was not provided by any .service files
[1.312s] DEBUG:colcon.colcon_core.event_reactor:joined thread
[1.313s] INFO:colcon.colcon_core.shell:Creating prefix script '/home/subzero/ros2_ws/install/local_setup.ps1'
[1.315s] INFO:colcon.colcon_core.shell:Creating prefix util module '/home/subzero/ros2_ws/install/_local_setup_util_ps1.py'
[1.318s] INFO:colcon.colcon_core.shell:Creating prefix chain script '/home/subzero/ros2_ws/install/setup.ps1'
[1.322s] INFO:colcon.colcon_core.shell:Creating prefix script '/home/subzero/ros2_ws/install/local_setup.sh'
[1.323s] INFO:colcon.colcon_core.shell:Creating prefix util module '/home/subzero/ros2_ws/install/_local_setup_util_sh.py'
[1.324s] INFO:colcon.colcon_core.shell:Creating prefix chain script '/home/subzero/ros2_ws/install/setup.sh'
[1.329s] INFO:colcon.colcon_core.shell:Creating prefix script '/home/subzero/ros2_ws/install/local_setup.bash'
[1.330s] INFO:colcon.colcon_core.shell:Creating prefix chain script '/home/subzero/ros2_ws/install/setup.bash'
[1.334s] INFO:colcon.colcon_core.shell:Creating prefix script '/home/subzero/ros2_ws/install/local_setup.zsh'
[1.335s] INFO:colcon.colcon_core.shell:Creating prefix chain script '/home/subzero/ros2_ws/install/setup.zsh'
