[0.013s] Invoking command in '/home/subzero/ros2_ws/build/interfaces_subzero': CMAKE_PREFIX_PATH=${CMAKE_PREFIX_PATH}:/home/subzero/ros2_ws/install/subzero_v1:/opt/ros/foxy /usr/bin/cmake --build /home/subzero/ros2_ws/build/interfaces_subzero -- -j8 -l8
[0.033s] -- Found ament_cmake: 0.9.9 (/opt/ros/foxy/share/ament_cmake/cmake)
[0.054s] -- Using PYTHON_EXECUTABLE: /usr/bin/python3
[0.190s] -- Override CMake install command with custom implementation using symlinks instead of copying resources
[0.196s] -- Found rosidl_default_generators: 1.0.1 (/opt/ros/foxy/share/rosidl_default_generators/cmake)
[0.198s] -- Using all available rosidl_typesupport_c: rosidl_typesupport_fastrtps_c;rosidl_typesupport_introspection_c
[0.200s] -- Found rosidl_adapter: 1.2.1 (/opt/ros/foxy/share/rosidl_adapter/cmake)
[0.302s] -- Using all available rosidl_typesupport_cpp: rosidl_typesupport_fastrtps_cpp;rosidl_typesupport_introspection_cpp
[0.368s] -- Found PythonInterp: /usr/bin/python3 (found version "3.8.10") 
[0.478s] -- Found ament_cmake_ros: 0.9.2 (/opt/ros/foxy/share/ament_cmake_ros/cmake)
[0.558s] -- Using all available rosidl_typesupport_c: rosidl_typesupport_fastrtps_c;rosidl_typesupport_introspection_c
[0.567s] -- Using all available rosidl_typesupport_cpp: rosidl_typesupport_fastrtps_cpp;rosidl_typesupport_introspection_cpp
[0.589s] -- Found PythonInterp: /usr/bin/python3 (found suitable version "3.8.10", minimum required is "3.5") 
[0.590s] -- Found python_cmake_module: 0.8.1 (/opt/ros/foxy/share/python_cmake_module/cmake)
[0.613s] -- Using PYTHON_EXECUTABLE: /usr/bin/python3
[0.613s] -- Using PYTHON_INCLUDE_DIRS: /usr/include/python3.8
[0.613s] -- Using PYTHON_LIBRARIES: /usr/lib/x86_64-linux-gnu/libpython3.8.so
[0.629s] -- Found ament_lint_auto: 0.9.6 (/opt/ros/foxy/share/ament_lint_auto/cmake)
[0.656s] -- Added test 'copyright' to check source files copyright and LICENSE
[0.658s] -- Added test 'lint_cmake' to check CMake code style
[0.659s] -- Added test 'xmllint' to check XML markup files
[0.666s] -- Configuring done
[0.732s] -- Generating done
[0.740s] -- Build files have been written to: /home/subzero/ros2_ws/build/interfaces_subzero
[0.766s] [  2%] [34m[1mGenerating C code for ROS interfaces[0m
[0.766s] [35m[1mScanning dependencies of target interfaces_subzero__cpp[0m
[0.776s] [  5%] [34m[1mGenerating C++ code for ROS interfaces[0m
[1.089s] [  5%] Built target interfaces_subzero__cpp
[1.090s] [35m[1mScanning dependencies of target interfaces_subzero__rosidl_generator_c[0m
[1.098s] [  7%] [34m[1mGenerating C++ type support dispatch for ROS interfaces[0m
[1.099s] [ 10%] [34m[1mGenerating C++ type support for eProsima Fast-RTPS[0m
[1.100s] [ 12%] [34m[1mGenerating C++ introspection for ROS interfaces[0m
[1.102s] [ 15%] [32mBuilding C object CMakeFiles/interfaces_subzero__rosidl_generator_c.dir/rosidl_generator_c/interfaces_subzero/srv/detail/send_string__functions.c.o[0m
[1.104s] [ 17%] [32mBuilding C object CMakeFiles/interfaces_subzero__rosidl_generator_c.dir/rosidl_generator_c/interfaces_subzero/msg/detail/my_trimble_msg__functions.c.o[0m
[1.277s] [ 20%] [32m[1mLinking C shared library libinterfaces_subzero__rosidl_generator_c.so[0m
[1.329s] [ 20%] Built target interfaces_subzero__rosidl_generator_c
[1.339s] [ 23%] [34m[1mGenerating C introspection for ROS interfaces[0m
[1.342s] [ 25%] [34m[1mGenerating C type support dispatch for ROS interfaces[0m
[1.420s] [35m[1mScanning dependencies of target interfaces_subzero__rosidl_typesupport_introspection_cpp[0m
[1.430s] [35m[1mScanning dependencies of target interfaces_subzero__rosidl_typesupport_fastrtps_cpp[0m
[1.434s] [ 28%] [32mBuilding CXX object CMakeFiles/interfaces_subzero__rosidl_typesupport_introspection_cpp.dir/rosidl_typesupport_introspection_cpp/interfaces_subzero/srv/detail/send_string__type_support.cpp.o[0m
[1.437s] [ 30%] [32mBuilding CXX object CMakeFiles/interfaces_subzero__rosidl_typesupport_introspection_cpp.dir/rosidl_typesupport_introspection_cpp/interfaces_subzero/msg/detail/my_trimble_msg__type_support.cpp.o[0m
[1.447s] [ 33%] [32mBuilding CXX object CMakeFiles/interfaces_subzero__rosidl_typesupport_fastrtps_cpp.dir/rosidl_typesupport_fastrtps_cpp/interfaces_subzero/srv/detail/dds_fastrtps/send_string__type_support.cpp.o[0m
[1.449s] [ 35%] [32mBuilding CXX object CMakeFiles/interfaces_subzero__rosidl_typesupport_fastrtps_cpp.dir/rosidl_typesupport_fastrtps_cpp/interfaces_subzero/msg/detail/dds_fastrtps/my_trimble_msg__type_support.cpp.o[0m
[1.453s] [35m[1mScanning dependencies of target interfaces_subzero__rosidl_typesupport_cpp[0m
[1.468s] [ 41%] [32mBuilding CXX object CMakeFiles/interfaces_subzero__rosidl_typesupport_cpp.dir/rosidl_typesupport_cpp/interfaces_subzero/srv/send_string__type_support.cpp.o[0m
[1.468s] [ 41%] [32mBuilding CXX object CMakeFiles/interfaces_subzero__rosidl_typesupport_cpp.dir/rosidl_typesupport_cpp/interfaces_subzero/msg/my_trimble_msg__type_support.cpp.o[0m
[1.708s] [35m[1mScanning dependencies of target interfaces_subzero__rosidl_typesupport_c[0m
[1.725s] [ 43%] [32mBuilding CXX object CMakeFiles/interfaces_subzero__rosidl_typesupport_c.dir/rosidl_typesupport_c/interfaces_subzero/msg/my_trimble_msg__type_support.cpp.o[0m
[1.761s] [35m[1mScanning dependencies of target interfaces_subzero__rosidl_typesupport_introspection_c[0m
[1.785s] [ 46%] [32mBuilding C object CMakeFiles/interfaces_subzero__rosidl_typesupport_introspection_c.dir/rosidl_typesupport_introspection_c/interfaces_subzero/msg/detail/my_trimble_msg__type_support.c.o[0m
[1.797s] [ 48%] [32mBuilding CXX object CMakeFiles/interfaces_subzero__rosidl_typesupport_c.dir/rosidl_typesupport_c/interfaces_subzero/srv/send_string__type_support.cpp.o[0m
[1.846s] [ 51%] [32m[1mLinking CXX shared library libinterfaces_subzero__rosidl_typesupport_c.so[0m
[1.846s] [ 53%] [32mBuilding C object CMakeFiles/interfaces_subzero__rosidl_typesupport_introspection_c.dir/rosidl_typesupport_introspection_c/interfaces_subzero/srv/detail/send_string__type_support.c.o[0m
[1.902s] [ 56%] [32m[1mLinking C shared library libinterfaces_subzero__rosidl_typesupport_introspection_c.so[0m
[1.913s] [ 56%] Built target interfaces_subzero__rosidl_typesupport_c
[1.945s] [ 56%] Built target interfaces_subzero__rosidl_typesupport_introspection_c
[1.994s] [ 58%] [32m[1mLinking CXX shared library libinterfaces_subzero__rosidl_typesupport_introspection_cpp.so[0m
[2.031s] [ 61%] [32m[1mLinking CXX shared library libinterfaces_subzero__rosidl_typesupport_cpp.so[0m
[2.061s] [ 61%] Built target interfaces_subzero__rosidl_typesupport_introspection_cpp
[2.074s] [ 61%] Built target interfaces_subzero__rosidl_typesupport_cpp
[2.245s] [ 64%] [32m[1mLinking CXX shared library libinterfaces_subzero__rosidl_typesupport_fastrtps_cpp.so[0m
[2.353s] [ 64%] Built target interfaces_subzero__rosidl_typesupport_fastrtps_cpp
[2.410s] [ 66%] [34m[1mGenerating C type support for eProsima Fast-RTPS[0m
[2.727s] [35m[1mScanning dependencies of target interfaces_subzero__rosidl_typesupport_fastrtps_c[0m
[2.740s] [ 71%] [32mBuilding CXX object CMakeFiles/interfaces_subzero__rosidl_typesupport_fastrtps_c.dir/rosidl_typesupport_fastrtps_c/interfaces_subzero/msg/detail/my_trimble_msg__type_support_c.cpp.o[0m
[2.740s] [ 71%] [32mBuilding CXX object CMakeFiles/interfaces_subzero__rosidl_typesupport_fastrtps_c.dir/rosidl_typesupport_fastrtps_c/interfaces_subzero/srv/detail/send_string__type_support_c.cpp.o[0m
[3.056s] [ 74%] [32m[1mLinking CXX shared library libinterfaces_subzero__rosidl_typesupport_fastrtps_c.so[0m
[3.123s] [ 74%] Built target interfaces_subzero__rosidl_typesupport_fastrtps_c
[3.184s] [ 74%] Built target interfaces_subzero
[3.209s] [35m[1mScanning dependencies of target interfaces_subzero__py[0m
[3.234s] [ 76%] [34m[1mGenerating Python code for ROS interfaces[0m
[3.937s] [ 76%] Built target interfaces_subzero__py
[3.950s] [35m[1mScanning dependencies of target interfaces_subzero__python[0m
[3.966s] [ 82%] [32mBuilding C object CMakeFiles/interfaces_subzero__python.dir/rosidl_generator_py/interfaces_subzero/srv/_send_string_s.c.o[0m
[3.966s] [ 82%] [32mBuilding C object CMakeFiles/interfaces_subzero__python.dir/rosidl_generator_py/interfaces_subzero/msg/_my_trimble_msg_s.c.o[0m
[4.101s] [ 84%] [32m[1mLinking C shared library rosidl_generator_py/interfaces_subzero/libinterfaces_subzero__python.so[0m
[4.130s] [ 84%] Built target interfaces_subzero__python
[4.141s] [35m[1mScanning dependencies of target interfaces_subzero__rosidl_typesupport_introspection_c__pyext[0m
[4.141s] [35m[1mScanning dependencies of target interfaces_subzero__rosidl_typesupport_c__pyext[0m
[4.141s] [35m[1mScanning dependencies of target interfaces_subzero__rosidl_typesupport_fastrtps_c__pyext[0m
[4.155s] [ 87%] [32mBuilding C object CMakeFiles/interfaces_subzero__rosidl_typesupport_c__pyext.dir/rosidl_generator_py/interfaces_subzero/_interfaces_subzero_s.ep.rosidl_typesupport_c.c.o[0m
[4.157s] [ 89%] [32mBuilding C object CMakeFiles/interfaces_subzero__rosidl_typesupport_introspection_c__pyext.dir/rosidl_generator_py/interfaces_subzero/_interfaces_subzero_s.ep.rosidl_typesupport_introspection_c.c.o[0m
[4.157s] [ 92%] [32mBuilding C object CMakeFiles/interfaces_subzero__rosidl_typesupport_fastrtps_c__pyext.dir/rosidl_generator_py/interfaces_subzero/_interfaces_subzero_s.ep.rosidl_typesupport_fastrtps_c.c.o[0m
[4.271s] [100%] [32m[1mLinking C shared library rosidl_generator_py/interfaces_subzero/interfaces_subzero_s__rosidl_typesupport_c.cpython-38-x86_64-linux-gnu.so[0m
[4.271s] [100%] [32m[1mLinking CXX shared library rosidl_generator_py/interfaces_subzero/interfaces_subzero_s__rosidl_typesupport_fastrtps_c.cpython-38-x86_64-linux-gnu.so[0m
[4.271s] [100%] [32m[1mLinking C shared library rosidl_generator_py/interfaces_subzero/interfaces_subzero_s__rosidl_typesupport_introspection_c.cpython-38-x86_64-linux-gnu.so[0m
[4.303s] [100%] Built target interfaces_subzero__rosidl_typesupport_c__pyext
[4.303s] [100%] Built target interfaces_subzero__rosidl_typesupport_introspection_c__pyext
[4.325s] [100%] Built target interfaces_subzero__rosidl_typesupport_fastrtps_c__pyext
[4.335s] Invoked command in '/home/subzero/ros2_ws/build/interfaces_subzero' returned '0': CMAKE_PREFIX_PATH=${CMAKE_PREFIX_PATH}:/home/subzero/ros2_ws/install/subzero_v1:/opt/ros/foxy /usr/bin/cmake --build /home/subzero/ros2_ws/build/interfaces_subzero -- -j8 -l8
[4.387s] Invoking command in '/home/subzero/ros2_ws/build/interfaces_subzero': CMAKE_PREFIX_PATH=${CMAKE_PREFIX_PATH}:/home/subzero/ros2_ws/install/subzero_v1:/opt/ros/foxy /usr/bin/cmake --install /home/subzero/ros2_ws/build/interfaces_subzero
[4.394s] -- Install configuration: ""
[4.395s] -- Execute custom install script
[4.436s] -- Up-to-date symlink: /home/subzero/ros2_ws/install/interfaces_subzero/share/ament_index/resource_index/rosidl_interfaces/interfaces_subzero
[4.438s] -- Symlinking: /home/subzero/ros2_ws/install/interfaces_subzero/include/interfaces_subzero/msg/detail/my_trimble_msg__functions.h
[4.465s] -- Symlinking: /home/subzero/ros2_ws/install/interfaces_subzero/include/interfaces_subzero/msg/detail/my_trimble_msg__struct.h
[4.483s] -- Symlinking: /home/subzero/ros2_ws/install/interfaces_subzero/include/interfaces_subzero/msg/detail/my_trimble_msg__type_support.h
[4.494s] -- Up-to-date symlink: /home/subzero/ros2_ws/install/interfaces_subzero/include/interfaces_subzero/msg/detail/r9s_gps__functions.h
[4.494s] -- Up-to-date symlink: /home/subzero/ros2_ws/install/interfaces_subzero/include/interfaces_subzero/msg/detail/r9s_gps__struct.h
[4.494s] -- Up-to-date symlink: /home/subzero/ros2_ws/install/interfaces_subzero/include/interfaces_subzero/msg/detail/r9s_gps__type_support.h
[4.494s] -- Symlinking: /home/subzero/ros2_ws/install/interfaces_subzero/include/interfaces_subzero/msg/my_trimble_msg.h
[4.504s] -- Up-to-date symlink: /home/subzero/ros2_ws/install/interfaces_subzero/include/interfaces_subzero/msg/r9s_gps.h
[4.504s] -- Up-to-date symlink: /home/subzero/ros2_ws/install/interfaces_subzero/include/interfaces_subzero/msg/rosidl_generator_c__visibility_control.h
[4.505s] -- Up-to-date symlink: /home/subzero/ros2_ws/install/interfaces_subzero/include/interfaces_subzero/srv/detail/send_string__functions.h
[4.505s] -- Up-to-date symlink: /home/subzero/ros2_ws/install/interfaces_subzero/include/interfaces_subzero/srv/detail/send_string__struct.h
[4.505s] -- Up-to-date symlink: /home/subzero/ros2_ws/install/interfaces_subzero/include/interfaces_subzero/srv/detail/send_string__type_support.h
[4.505s] -- Up-to-date symlink: /home/subzero/ros2_ws/install/interfaces_subzero/include/interfaces_subzero/srv/send_string.h
[4.505s] -- Up-to-date symlink: /home/subzero/ros2_ws/install/interfaces_subzero/share/interfaces_subzero/environment/library_path.sh
[4.506s] -- Up-to-date symlink: /home/subzero/ros2_ws/install/interfaces_subzero/share/interfaces_subzero/environment/library_path.dsv
[4.507s] -- Symlinking: /home/subzero/ros2_ws/install/interfaces_subzero/include/interfaces_subzero/msg/detail/my_trimble_msg__rosidl_typesupport_fastrtps_c.h
[4.517s] -- Up-to-date symlink: /home/subzero/ros2_ws/install/interfaces_subzero/include/interfaces_subzero/msg/detail/r9s_gps__rosidl_typesupport_fastrtps_c.h
[4.517s] -- Up-to-date symlink: /home/subzero/ros2_ws/install/interfaces_subzero/include/interfaces_subzero/msg/rosidl_typesupport_fastrtps_c__visibility_control.h
[4.517s] -- Up-to-date symlink: /home/subzero/ros2_ws/install/interfaces_subzero/include/interfaces_subzero/srv/detail/send_string__rosidl_typesupport_fastrtps_c.h
[4.519s] -- Up-to-date symlink: /home/subzero/ros2_ws/install/interfaces_subzero/lib/libinterfaces_subzero__rosidl_typesupport_fastrtps_c.so
[4.520s] -- Symlinking: /home/subzero/ros2_ws/install/interfaces_subzero/include/interfaces_subzero/msg/detail/my_trimble_msg__rosidl_typesupport_fastrtps_cpp.hpp
[4.530s] -- Up-to-date symlink: /home/subzero/ros2_ws/install/interfaces_subzero/include/interfaces_subzero/msg/detail/r9s_gps__rosidl_typesupport_fastrtps_cpp.hpp
[4.531s] -- Up-to-date symlink: /home/subzero/ros2_ws/install/interfaces_subzero/include/interfaces_subzero/msg/rosidl_typesupport_fastrtps_cpp__visibility_control.h
[4.531s] -- Up-to-date symlink: /home/subzero/ros2_ws/install/interfaces_subzero/include/interfaces_subzero/srv/detail/send_string__rosidl_typesupport_fastrtps_cpp.hpp
[4.531s] -- Up-to-date symlink: /home/subzero/ros2_ws/install/interfaces_subzero/lib/libinterfaces_subzero__rosidl_typesupport_fastrtps_cpp.so
[4.532s] -- Symlinking: /home/subzero/ros2_ws/install/interfaces_subzero/include/interfaces_subzero/msg/detail/my_trimble_msg__rosidl_typesupport_introspection_c.h
[4.542s] -- Up-to-date symlink: /home/subzero/ros2_ws/install/interfaces_subzero/include/interfaces_subzero/msg/detail/r9s_gps__rosidl_typesupport_introspection_c.h
[4.542s] -- Up-to-date symlink: /home/subzero/ros2_ws/install/interfaces_subzero/include/interfaces_subzero/msg/rosidl_typesupport_introspection_c__visibility_control.h
[4.542s] -- Up-to-date symlink: /home/subzero/ros2_ws/install/interfaces_subzero/include/interfaces_subzero/srv/detail/send_string__rosidl_typesupport_introspection_c.h
[4.542s] -- Symlinking: /home/subzero/ros2_ws/install/interfaces_subzero/include/interfaces_subzero/msg/detail/my_trimble_msg__builder.hpp
[4.550s] -- Symlinking: /home/subzero/ros2_ws/install/interfaces_subzero/include/interfaces_subzero/msg/detail/my_trimble_msg__struct.hpp
[4.557s] -- Symlinking: /home/subzero/ros2_ws/install/interfaces_subzero/include/interfaces_subzero/msg/detail/my_trimble_msg__traits.hpp
[4.564s] -- Up-to-date symlink: /home/subzero/ros2_ws/install/interfaces_subzero/include/interfaces_subzero/msg/detail/r9s_gps__builder.hpp
[4.564s] -- Up-to-date symlink: /home/subzero/ros2_ws/install/interfaces_subzero/include/interfaces_subzero/msg/detail/r9s_gps__struct.hpp
[4.564s] -- Up-to-date symlink: /home/subzero/ros2_ws/install/interfaces_subzero/include/interfaces_subzero/msg/detail/r9s_gps__traits.hpp
[4.564s] -- Symlinking: /home/subzero/ros2_ws/install/interfaces_subzero/include/interfaces_subzero/msg/my_trimble_msg.hpp
[4.571s] -- Up-to-date symlink: /home/subzero/ros2_ws/install/interfaces_subzero/include/interfaces_subzero/msg/r9s_gps.hpp
[4.571s] -- Up-to-date symlink: /home/subzero/ros2_ws/install/interfaces_subzero/include/interfaces_subzero/srv/detail/send_string__builder.hpp
[4.571s] -- Up-to-date symlink: /home/subzero/ros2_ws/install/interfaces_subzero/include/interfaces_subzero/srv/detail/send_string__struct.hpp
[4.571s] -- Up-to-date symlink: /home/subzero/ros2_ws/install/interfaces_subzero/include/interfaces_subzero/srv/detail/send_string__traits.hpp
[4.571s] -- Up-to-date symlink: /home/subzero/ros2_ws/install/interfaces_subzero/include/interfaces_subzero/srv/send_string.hpp
[4.572s] -- Symlinking: /home/subzero/ros2_ws/install/interfaces_subzero/include/interfaces_subzero/msg/detail/my_trimble_msg__rosidl_typesupport_introspection_cpp.hpp
[4.580s] -- Up-to-date symlink: /home/subzero/ros2_ws/install/interfaces_subzero/include/interfaces_subzero/msg/detail/r9s_gps__rosidl_typesupport_introspection_cpp.hpp
[4.580s] -- Up-to-date symlink: /home/subzero/ros2_ws/install/interfaces_subzero/include/interfaces_subzero/srv/detail/send_string__rosidl_typesupport_introspection_cpp.hpp
[4.580s] -- Up-to-date symlink: /home/subzero/ros2_ws/install/interfaces_subzero/share/interfaces_subzero/environment/pythonpath.sh
[4.580s] -- Up-to-date symlink: /home/subzero/ros2_ws/install/interfaces_subzero/share/interfaces_subzero/environment/pythonpath.dsv
[4.581s] -- Up-to-date symlink: /home/subzero/ros2_ws/install/interfaces_subzero/lib/python3.8/site-packages/interfaces_subzero/__init__.py
[4.582s] -- Up-to-date symlink: /home/subzero/ros2_ws/install/interfaces_subzero/lib/python3.8/site-packages/interfaces_subzero/msg/__init__.py
[4.582s] -- Symlinking: /home/subzero/ros2_ws/install/interfaces_subzero/lib/python3.8/site-packages/interfaces_subzero/msg/_my_trimble_msg.py
[4.590s] -- Up-to-date symlink: /home/subzero/ros2_ws/install/interfaces_subzero/lib/python3.8/site-packages/interfaces_subzero/msg/_r9s_gps.py
[4.591s] -- Up-to-date symlink: /home/subzero/ros2_ws/install/interfaces_subzero/lib/python3.8/site-packages/interfaces_subzero/srv/__init__.py
[4.591s] -- Up-to-date symlink: /home/subzero/ros2_ws/install/interfaces_subzero/lib/python3.8/site-packages/interfaces_subzero/srv/_send_string.py
[4.592s] -- Up-to-date symlink: /home/subzero/ros2_ws/install/interfaces_subzero/lib/python3.8/site-packages/interfaces_subzero/interfaces_subzero_s__rosidl_typesupport_fastrtps_c.cpython-38-x86_64-linux-gnu.so
[4.593s] -- Up-to-date symlink: /home/subzero/ros2_ws/install/interfaces_subzero/lib/python3.8/site-packages/interfaces_subzero/interfaces_subzero_s__rosidl_typesupport_introspection_c.cpython-38-x86_64-linux-gnu.so
[4.594s] -- Up-to-date symlink: /home/subzero/ros2_ws/install/interfaces_subzero/lib/python3.8/site-packages/interfaces_subzero/interfaces_subzero_s__rosidl_typesupport_c.cpython-38-x86_64-linux-gnu.so
[4.594s] -- Up-to-date symlink: /home/subzero/ros2_ws/install/interfaces_subzero/lib/libinterfaces_subzero__python.so
[4.594s] -- Symlinking: /home/subzero/ros2_ws/install/interfaces_subzero/share/interfaces_subzero/msg/MyTrimbleMsg.idl
[4.602s] -- Up-to-date symlink: /home/subzero/ros2_ws/install/interfaces_subzero/share/interfaces_subzero/srv/SendString.idl
[4.602s] -- Symlinking: /home/subzero/ros2_ws/install/interfaces_subzero/share/interfaces_subzero/msg/MyTrimbleMsg.msg
[4.610s] -- Up-to-date symlink: /home/subzero/ros2_ws/install/interfaces_subzero/share/interfaces_subzero/srv/SendString.srv
[4.610s] -- Up-to-date symlink: /home/subzero/ros2_ws/install/interfaces_subzero/share/interfaces_subzero/srv/SendString_Request.msg
[4.610s] -- Up-to-date symlink: /home/subzero/ros2_ws/install/interfaces_subzero/share/interfaces_subzero/srv/SendString_Response.msg
[4.611s] -- Up-to-date symlink: /home/subzero/ros2_ws/install/interfaces_subzero/share/ament_index/resource_index/package_run_dependencies/interfaces_subzero
[4.612s] -- Up-to-date symlink: /home/subzero/ros2_ws/install/interfaces_subzero/share/ament_index/resource_index/parent_prefix_path/interfaces_subzero
[4.612s] -- Up-to-date symlink: /home/subzero/ros2_ws/install/interfaces_subzero/share/interfaces_subzero/environment/ament_prefix_path.sh
[4.612s] -- Up-to-date symlink: /home/subzero/ros2_ws/install/interfaces_subzero/share/interfaces_subzero/environment/ament_prefix_path.dsv
[4.613s] -- Up-to-date symlink: /home/subzero/ros2_ws/install/interfaces_subzero/share/interfaces_subzero/environment/path.sh
[4.613s] -- Up-to-date symlink: /home/subzero/ros2_ws/install/interfaces_subzero/share/interfaces_subzero/environment/path.dsv
[4.613s] -- Up-to-date symlink: /home/subzero/ros2_ws/install/interfaces_subzero/share/interfaces_subzero/local_setup.bash
[4.613s] -- Up-to-date symlink: /home/subzero/ros2_ws/install/interfaces_subzero/share/interfaces_subzero/local_setup.sh
[4.613s] -- Up-to-date symlink: /home/subzero/ros2_ws/install/interfaces_subzero/share/interfaces_subzero/local_setup.zsh
[4.614s] -- Up-to-date symlink: /home/subzero/ros2_ws/install/interfaces_subzero/share/interfaces_subzero/local_setup.dsv
[4.614s] -- Symlinking: /home/subzero/ros2_ws/install/interfaces_subzero/share/interfaces_subzero/package.dsv
[4.622s] -- Up-to-date symlink: /home/subzero/ros2_ws/install/interfaces_subzero/share/ament_index/resource_index/packages/interfaces_subzero
[4.622s] -- Up-to-date symlink: /home/subzero/ros2_ws/install/interfaces_subzero/share/interfaces_subzero/cmake/rosidl_cmake-extras.cmake
[4.623s] -- Up-to-date symlink: /home/subzero/ros2_ws/install/interfaces_subzero/share/interfaces_subzero/cmake/ament_cmake_export_dependencies-extras.cmake
[4.623s] -- Up-to-date symlink: /home/subzero/ros2_ws/install/interfaces_subzero/share/interfaces_subzero/cmake/ament_cmake_export_libraries-extras.cmake
[4.623s] -- Up-to-date symlink: /home/subzero/ros2_ws/install/interfaces_subzero/share/interfaces_subzero/cmake/ament_cmake_export_targets-extras.cmake
[4.623s] -- Up-to-date symlink: /home/subzero/ros2_ws/install/interfaces_subzero/share/interfaces_subzero/cmake/ament_cmake_export_include_directories-extras.cmake
[4.623s] -- Up-to-date symlink: /home/subzero/ros2_ws/install/interfaces_subzero/share/interfaces_subzero/cmake/rosidl_cmake_export_typesupport_libraries-extras.cmake
[4.624s] -- Up-to-date symlink: /home/subzero/ros2_ws/install/interfaces_subzero/share/interfaces_subzero/cmake/rosidl_cmake_export_typesupport_targets-extras.cmake
[4.624s] -- Up-to-date symlink: /home/subzero/ros2_ws/install/interfaces_subzero/share/interfaces_subzero/cmake/interfaces_subzeroConfig.cmake
[4.624s] -- Up-to-date symlink: /home/subzero/ros2_ws/install/interfaces_subzero/share/interfaces_subzero/cmake/interfaces_subzeroConfig-version.cmake
[4.624s] -- Up-to-date symlink: /home/subzero/ros2_ws/install/interfaces_subzero/share/interfaces_subzero/package.xml
[4.625s] -- Installing: /home/subzero/ros2_ws/install/interfaces_subzero/lib/libinterfaces_subzero__rosidl_generator_c.so
[4.626s] -- Set runtime path of "/home/subzero/ros2_ws/install/interfaces_subzero/lib/libinterfaces_subzero__rosidl_generator_c.so" to ""
[4.627s] -- Installing: /home/subzero/ros2_ws/install/interfaces_subzero/lib/libinterfaces_subzero__rosidl_typesupport_introspection_c.so
[4.628s] -- Set runtime path of "/home/subzero/ros2_ws/install/interfaces_subzero/lib/libinterfaces_subzero__rosidl_typesupport_introspection_c.so" to ""
[4.629s] -- Installing: /home/subzero/ros2_ws/install/interfaces_subzero/lib/libinterfaces_subzero__rosidl_typesupport_c.so
[4.630s] -- Set runtime path of "/home/subzero/ros2_ws/install/interfaces_subzero/lib/libinterfaces_subzero__rosidl_typesupport_c.so" to ""
[4.632s] -- Installing: /home/subzero/ros2_ws/install/interfaces_subzero/lib/libinterfaces_subzero__rosidl_typesupport_introspection_cpp.so
[4.633s] -- Set runtime path of "/home/subzero/ros2_ws/install/interfaces_subzero/lib/libinterfaces_subzero__rosidl_typesupport_introspection_cpp.so" to ""
[4.635s] -- Installing: /home/subzero/ros2_ws/install/interfaces_subzero/lib/libinterfaces_subzero__rosidl_typesupport_cpp.so
[4.636s] -- Set runtime path of "/home/subzero/ros2_ws/install/interfaces_subzero/lib/libinterfaces_subzero__rosidl_typesupport_cpp.so" to ""
[4.690s] Compiling '/home/subzero/ros2_ws/install/interfaces_subzero/lib/python3.8/site-packages/interfaces_subzero/__init__.py'...
[4.694s] -- Up-to-date: /home/subzero/ros2_ws/install/interfaces_subzero/share/interfaces_subzero/cmake/interfaces_subzero__rosidl_generator_cExport.cmake
[4.694s] -- Installing: /home/subzero/ros2_ws/install/interfaces_subzero/share/interfaces_subzero/cmake/interfaces_subzero__rosidl_generator_cExport-noconfig.cmake
[4.694s] -- Up-to-date: /home/subzero/ros2_ws/install/interfaces_subzero/share/interfaces_subzero/cmake/interfaces_subzero__rosidl_typesupport_introspection_cExport.cmake
[4.694s] -- Installing: /home/subzero/ros2_ws/install/interfaces_subzero/share/interfaces_subzero/cmake/interfaces_subzero__rosidl_typesupport_introspection_cExport-noconfig.cmake
[4.695s] -- Up-to-date: /home/subzero/ros2_ws/install/interfaces_subzero/share/interfaces_subzero/cmake/interfaces_subzero__rosidl_typesupport_cExport.cmake
[4.695s] -- Installing: /home/subzero/ros2_ws/install/interfaces_subzero/share/interfaces_subzero/cmake/interfaces_subzero__rosidl_typesupport_cExport-noconfig.cmake
[4.696s] -- Up-to-date: /home/subzero/ros2_ws/install/interfaces_subzero/share/interfaces_subzero/cmake/interfaces_subzero__rosidl_generator_cppExport.cmake
[4.696s] -- Up-to-date: /home/subzero/ros2_ws/install/interfaces_subzero/share/interfaces_subzero/cmake/interfaces_subzero__rosidl_typesupport_introspection_cppExport.cmake
[4.696s] -- Installing: /home/subzero/ros2_ws/install/interfaces_subzero/share/interfaces_subzero/cmake/interfaces_subzero__rosidl_typesupport_introspection_cppExport-noconfig.cmake
[4.696s] -- Up-to-date: /home/subzero/ros2_ws/install/interfaces_subzero/share/interfaces_subzero/cmake/interfaces_subzero__rosidl_typesupport_cppExport.cmake
[4.696s] -- Installing: /home/subzero/ros2_ws/install/interfaces_subzero/share/interfaces_subzero/cmake/interfaces_subzero__rosidl_typesupport_cppExport-noconfig.cmake
[4.699s] Invoked command in '/home/subzero/ros2_ws/build/interfaces_subzero' returned '0': CMAKE_PREFIX_PATH=${CMAKE_PREFIX_PATH}:/home/subzero/ros2_ws/install/subzero_v1:/opt/ros/foxy /usr/bin/cmake --install /home/subzero/ros2_ws/build/interfaces_subzero
