[0.019s] Invoking command in '/home/subzero/ros2_ws/build/interfaces_subzero': CMAKE_PREFIX_PATH=${CMAKE_PREFIX_PATH}:/home/subzero/ros2_ws/install/subzero_v1:/opt/ros/foxy /usr/bin/cmake /home/subzero/ros2_ws/src/interfaces_subzero -DCMAKE_INSTALL_PREFIX=/home/subzero/ros2_ws/install/interfaces_subzero
[0.031s] -- Found ament_cmake: 0.9.9 (/opt/ros/foxy/share/ament_cmake/cmake)
[0.053s] -- Found PythonInterp: /usr/bin/python3 (found suitable version "3.8.10", minimum required is "3") 
[0.053s] -- Using PYTHON_EXECUTABLE: /usr/bin/python3
[0.200s] -- Override CMake install command with custom implementation using symlinks instead of copying resources
[0.207s] -- Found rosidl_default_generators: 1.0.1 (/opt/ros/foxy/share/rosidl_default_generators/cmake)
[0.209s] -- Using all available rosidl_typesupport_c: rosidl_typesupport_fastrtps_c;rosidl_typesupport_introspection_c
[0.213s] -- Found rosidl_adapter: 1.2.1 (/opt/ros/foxy/share/rosidl_adapter/cmake)
[0.337s] -- Using all available rosidl_typesupport_cpp: rosidl_typesupport_fastrtps_cpp;rosidl_typesupport_introspection_cpp
[0.380s] -- Found PythonInterp: /usr/bin/python3 (found version "3.8.10") 
[0.523s] -- Found ament_cmake_ros: 0.9.2 (/opt/ros/foxy/share/ament_cmake_ros/cmake)
[0.602s] -- Using all available rosidl_typesupport_c: rosidl_typesupport_fastrtps_c;rosidl_typesupport_introspection_c
[0.610s] -- Using all available rosidl_typesupport_cpp: rosidl_typesupport_fastrtps_cpp;rosidl_typesupport_introspection_cpp
[0.634s] -- Found PythonInterp: /usr/bin/python3 (found suitable version "3.8.10", minimum required is "3.5") 
[0.634s] -- Found python_cmake_module: 0.8.1 (/opt/ros/foxy/share/python_cmake_module/cmake)
[0.657s] -- Using PYTHON_EXECUTABLE: /usr/bin/python3
[0.657s] -- Using PYTHON_INCLUDE_DIRS: /usr/include/python3.8
[0.657s] -- Using PYTHON_LIBRARIES: /usr/lib/x86_64-linux-gnu/libpython3.8.so
[0.674s] -- Found ament_lint_auto: 0.9.6 (/opt/ros/foxy/share/ament_lint_auto/cmake)
[0.684s] -- Added test 'copyright' to check source files copyright and LICENSE
[0.685s] -- Added test 'lint_cmake' to check CMake code style
[0.686s] -- Added test 'xmllint' to check XML markup files
[0.690s] -- Configuring done
[0.726s] -- Generating done
[0.729s] -- Build files have been written to: /home/subzero/ros2_ws/build/interfaces_subzero
[0.736s] Invoked command in '/home/subzero/ros2_ws/build/interfaces_subzero' returned '0': CMAKE_PREFIX_PATH=${CMAKE_PREFIX_PATH}:/home/subzero/ros2_ws/install/subzero_v1:/opt/ros/foxy /usr/bin/cmake /home/subzero/ros2_ws/src/interfaces_subzero -DCMAKE_INSTALL_PREFIX=/home/subzero/ros2_ws/install/interfaces_subzero
[0.738s] Invoking command in '/home/subzero/ros2_ws/build/interfaces_subzero': CMAKE_PREFIX_PATH=${CMAKE_PREFIX_PATH}:/home/subzero/ros2_ws/install/subzero_v1:/opt/ros/foxy /usr/bin/cmake --build /home/subzero/ros2_ws/build/interfaces_subzero -- -j8 -l8
[0.788s] [  1%] Built target interfaces_subzero__cpp
[0.788s] [ 12%] Built target interfaces_subzero__rosidl_generator_c
[0.813s] [ 24%] Built target interfaces_subzero__rosidl_typesupport_c
[0.814s] [ 35%] Built target interfaces_subzero__rosidl_typesupport_cpp
[0.818s] [ 46%] Built target interfaces_subzero__rosidl_typesupport_introspection_c
[0.819s] [ 58%] Built target interfaces_subzero__rosidl_typesupport_introspection_cpp
[0.822s] [ 69%] Built target interfaces_subzero__rosidl_typesupport_fastrtps_cpp
[0.849s] [ 81%] Built target interfaces_subzero__rosidl_typesupport_fastrtps_c
[0.864s] [ 81%] Built target interfaces_subzero
[0.880s] [ 82%] Built target interfaces_subzero__py
[0.902s] [ 92%] Built target interfaces_subzero__python
[0.927s] [100%] Built target interfaces_subzero__rosidl_typesupport_introspection_c__pyext
[0.927s] [100%] Built target interfaces_subzero__rosidl_typesupport_c__pyext
[0.927s] [100%] Built target interfaces_subzero__rosidl_typesupport_fastrtps_c__pyext
[0.936s] Invoked command in '/home/subzero/ros2_ws/build/interfaces_subzero' returned '0': CMAKE_PREFIX_PATH=${CMAKE_PREFIX_PATH}:/home/subzero/ros2_ws/install/subzero_v1:/opt/ros/foxy /usr/bin/cmake --build /home/subzero/ros2_ws/build/interfaces_subzero -- -j8 -l8
[1.039s] Invoking command in '/home/subzero/ros2_ws/build/interfaces_subzero': CMAKE_PREFIX_PATH=${CMAKE_PREFIX_PATH}:/home/subzero/ros2_ws/install/subzero_v1:/opt/ros/foxy /usr/bin/cmake --install /home/subzero/ros2_ws/build/interfaces_subzero
[1.046s] -- Install configuration: ""
[1.047s] -- Execute custom install script
[1.047s] -- Up-to-date symlink: /home/subzero/ros2_ws/install/interfaces_subzero/share/ament_index/resource_index/rosidl_interfaces/interfaces_subzero
[1.048s] -- Up-to-date symlink: /home/subzero/ros2_ws/install/interfaces_subzero/include/interfaces_subzero/msg/detail/gg_amsg__functions.h
[1.048s] -- Up-to-date symlink: /home/subzero/ros2_ws/install/interfaces_subzero/include/interfaces_subzero/msg/detail/gg_amsg__struct.h
[1.048s] -- Up-to-date symlink: /home/subzero/ros2_ws/install/interfaces_subzero/include/interfaces_subzero/msg/detail/gg_amsg__type_support.h
[1.049s] -- Up-to-date symlink: /home/subzero/ros2_ws/install/interfaces_subzero/include/interfaces_subzero/msg/detail/my_garmin_msg__functions.h
[1.049s] -- Up-to-date symlink: /home/subzero/ros2_ws/install/interfaces_subzero/include/interfaces_subzero/msg/detail/my_garmin_msg__struct.h
[1.049s] -- Up-to-date symlink: /home/subzero/ros2_ws/install/interfaces_subzero/include/interfaces_subzero/msg/detail/my_garmin_msg__type_support.h
[1.049s] -- Up-to-date symlink: /home/subzero/ros2_ws/install/interfaces_subzero/include/interfaces_subzero/msg/detail/my_gp_smsg__functions.h
[1.049s] -- Up-to-date symlink: /home/subzero/ros2_ws/install/interfaces_subzero/include/interfaces_subzero/msg/detail/my_gp_smsg__struct.h
[1.049s] -- Up-to-date symlink: /home/subzero/ros2_ws/install/interfaces_subzero/include/interfaces_subzero/msg/detail/my_gp_smsg__type_support.h
[1.049s] -- Up-to-date symlink: /home/subzero/ros2_ws/install/interfaces_subzero/include/interfaces_subzero/msg/detail/my_trimble_msg__functions.h
[1.049s] -- Up-to-date symlink: /home/subzero/ros2_ws/install/interfaces_subzero/include/interfaces_subzero/msg/detail/my_trimble_msg__struct.h
[1.050s] -- Up-to-date symlink: /home/subzero/ros2_ws/install/interfaces_subzero/include/interfaces_subzero/msg/detail/my_trimble_msg__type_support.h
[1.050s] -- Up-to-date symlink: /home/subzero/ros2_ws/install/interfaces_subzero/include/interfaces_subzero/msg/detail/r9s_gps__functions.h
[1.050s] -- Up-to-date symlink: /home/subzero/ros2_ws/install/interfaces_subzero/include/interfaces_subzero/msg/detail/r9s_gps__struct.h
[1.050s] -- Up-to-date symlink: /home/subzero/ros2_ws/install/interfaces_subzero/include/interfaces_subzero/msg/detail/r9s_gps__type_support.h
[1.050s] -- Up-to-date symlink: /home/subzero/ros2_ws/install/interfaces_subzero/include/interfaces_subzero/msg/detail/rm_cmsg__functions.h
[1.050s] -- Up-to-date symlink: /home/subzero/ros2_ws/install/interfaces_subzero/include/interfaces_subzero/msg/detail/rm_cmsg__struct.h
[1.050s] -- Up-to-date symlink: /home/subzero/ros2_ws/install/interfaces_subzero/include/interfaces_subzero/msg/detail/rm_cmsg__type_support.h
[1.050s] -- Up-to-date symlink: /home/subzero/ros2_ws/install/interfaces_subzero/include/interfaces_subzero/msg/detail/telemetrymsg__functions.h
[1.051s] -- Up-to-date symlink: /home/subzero/ros2_ws/install/interfaces_subzero/include/interfaces_subzero/msg/detail/telemetrymsg__struct.h
[1.051s] -- Up-to-date symlink: /home/subzero/ros2_ws/install/interfaces_subzero/include/interfaces_subzero/msg/detail/telemetrymsg__type_support.h
[1.051s] -- Up-to-date symlink: /home/subzero/ros2_ws/install/interfaces_subzero/include/interfaces_subzero/msg/gg_amsg.h
[1.051s] -- Up-to-date symlink: /home/subzero/ros2_ws/install/interfaces_subzero/include/interfaces_subzero/msg/my_garmin_msg.h
[1.051s] -- Up-to-date symlink: /home/subzero/ros2_ws/install/interfaces_subzero/include/interfaces_subzero/msg/my_gp_smsg.h
[1.051s] -- Up-to-date symlink: /home/subzero/ros2_ws/install/interfaces_subzero/include/interfaces_subzero/msg/my_trimble_msg.h
[1.052s] -- Up-to-date symlink: /home/subzero/ros2_ws/install/interfaces_subzero/include/interfaces_subzero/msg/r9s_gps.h
[1.052s] -- Up-to-date symlink: /home/subzero/ros2_ws/install/interfaces_subzero/include/interfaces_subzero/msg/rm_cmsg.h
[1.052s] -- Up-to-date symlink: /home/subzero/ros2_ws/install/interfaces_subzero/include/interfaces_subzero/msg/rosidl_generator_c__visibility_control.h
[1.052s] -- Up-to-date symlink: /home/subzero/ros2_ws/install/interfaces_subzero/include/interfaces_subzero/msg/telemetrymsg.h
[1.052s] -- Up-to-date symlink: /home/subzero/ros2_ws/install/interfaces_subzero/include/interfaces_subzero/srv/ap_res_conf.h
[1.052s] -- Up-to-date symlink: /home/subzero/ros2_ws/install/interfaces_subzero/include/interfaces_subzero/srv/detail/ap_res_conf__functions.h
[1.052s] -- Up-to-date symlink: /home/subzero/ros2_ws/install/interfaces_subzero/include/interfaces_subzero/srv/detail/ap_res_conf__struct.h
[1.052s] -- Up-to-date symlink: /home/subzero/ros2_ws/install/interfaces_subzero/include/interfaces_subzero/srv/detail/ap_res_conf__type_support.h
[1.053s] -- Up-to-date symlink: /home/subzero/ros2_ws/install/interfaces_subzero/include/interfaces_subzero/srv/detail/logger_string__functions.h
[1.053s] -- Up-to-date symlink: /home/subzero/ros2_ws/install/interfaces_subzero/include/interfaces_subzero/srv/detail/logger_string__struct.h
[1.053s] -- Up-to-date symlink: /home/subzero/ros2_ws/install/interfaces_subzero/include/interfaces_subzero/srv/detail/logger_string__type_support.h
[1.053s] -- Up-to-date symlink: /home/subzero/ros2_ws/install/interfaces_subzero/include/interfaces_subzero/srv/detail/next_target__functions.h
[1.053s] -- Up-to-date symlink: /home/subzero/ros2_ws/install/interfaces_subzero/include/interfaces_subzero/srv/detail/next_target__struct.h
[1.053s] -- Up-to-date symlink: /home/subzero/ros2_ws/install/interfaces_subzero/include/interfaces_subzero/srv/detail/next_target__type_support.h
[1.053s] -- Up-to-date symlink: /home/subzero/ros2_ws/install/interfaces_subzero/include/interfaces_subzero/srv/detail/send_string__functions.h
[1.054s] -- Up-to-date symlink: /home/subzero/ros2_ws/install/interfaces_subzero/include/interfaces_subzero/srv/detail/send_string__struct.h
[1.054s] -- Up-to-date symlink: /home/subzero/ros2_ws/install/interfaces_subzero/include/interfaces_subzero/srv/detail/send_string__type_support.h
[1.054s] -- Up-to-date symlink: /home/subzero/ros2_ws/install/interfaces_subzero/include/interfaces_subzero/srv/detail/speed_values__functions.h
[1.054s] -- Up-to-date symlink: /home/subzero/ros2_ws/install/interfaces_subzero/include/interfaces_subzero/srv/detail/speed_values__struct.h
[1.054s] -- Up-to-date symlink: /home/subzero/ros2_ws/install/interfaces_subzero/include/interfaces_subzero/srv/detail/speed_values__type_support.h
[1.054s] -- Up-to-date symlink: /home/subzero/ros2_ws/install/interfaces_subzero/include/interfaces_subzero/srv/logger_string.h
[1.054s] -- Up-to-date symlink: /home/subzero/ros2_ws/install/interfaces_subzero/include/interfaces_subzero/srv/next_target.h
[1.055s] -- Up-to-date symlink: /home/subzero/ros2_ws/install/interfaces_subzero/include/interfaces_subzero/srv/send_string.h
[1.055s] -- Up-to-date symlink: /home/subzero/ros2_ws/install/interfaces_subzero/include/interfaces_subzero/srv/speed_values.h
[1.055s] -- Up-to-date symlink: /home/subzero/ros2_ws/install/interfaces_subzero/share/interfaces_subzero/environment/library_path.sh
[1.055s] -- Up-to-date symlink: /home/subzero/ros2_ws/install/interfaces_subzero/share/interfaces_subzero/environment/library_path.dsv
[1.056s] -- Up-to-date symlink: /home/subzero/ros2_ws/install/interfaces_subzero/include/interfaces_subzero/msg/detail/gg_amsg__rosidl_typesupport_fastrtps_c.h
[1.056s] -- Up-to-date symlink: /home/subzero/ros2_ws/install/interfaces_subzero/include/interfaces_subzero/msg/detail/my_garmin_msg__rosidl_typesupport_fastrtps_c.h
[1.056s] -- Up-to-date symlink: /home/subzero/ros2_ws/install/interfaces_subzero/include/interfaces_subzero/msg/detail/my_gp_smsg__rosidl_typesupport_fastrtps_c.h
[1.056s] -- Up-to-date symlink: /home/subzero/ros2_ws/install/interfaces_subzero/include/interfaces_subzero/msg/detail/my_trimble_msg__rosidl_typesupport_fastrtps_c.h
[1.057s] -- Up-to-date symlink: /home/subzero/ros2_ws/install/interfaces_subzero/include/interfaces_subzero/msg/detail/r9s_gps__rosidl_typesupport_fastrtps_c.h
[1.057s] -- Up-to-date symlink: /home/subzero/ros2_ws/install/interfaces_subzero/include/interfaces_subzero/msg/detail/rm_cmsg__rosidl_typesupport_fastrtps_c.h
[1.057s] -- Up-to-date symlink: /home/subzero/ros2_ws/install/interfaces_subzero/include/interfaces_subzero/msg/detail/telemetrymsg__rosidl_typesupport_fastrtps_c.h
[1.057s] -- Up-to-date symlink: /home/subzero/ros2_ws/install/interfaces_subzero/include/interfaces_subzero/msg/rosidl_typesupport_fastrtps_c__visibility_control.h
[1.057s] -- Up-to-date symlink: /home/subzero/ros2_ws/install/interfaces_subzero/include/interfaces_subzero/srv/detail/ap_res_conf__rosidl_typesupport_fastrtps_c.h
[1.057s] -- Up-to-date symlink: /home/subzero/ros2_ws/install/interfaces_subzero/include/interfaces_subzero/srv/detail/logger_string__rosidl_typesupport_fastrtps_c.h
[1.057s] -- Up-to-date symlink: /home/subzero/ros2_ws/install/interfaces_subzero/include/interfaces_subzero/srv/detail/next_target__rosidl_typesupport_fastrtps_c.h
[1.057s] -- Up-to-date symlink: /home/subzero/ros2_ws/install/interfaces_subzero/include/interfaces_subzero/srv/detail/send_string__rosidl_typesupport_fastrtps_c.h
[1.058s] -- Up-to-date symlink: /home/subzero/ros2_ws/install/interfaces_subzero/include/interfaces_subzero/srv/detail/speed_values__rosidl_typesupport_fastrtps_c.h
[1.058s] -- Up-to-date symlink: /home/subzero/ros2_ws/install/interfaces_subzero/lib/libinterfaces_subzero__rosidl_typesupport_fastrtps_c.so
[1.059s] -- Up-to-date symlink: /home/subzero/ros2_ws/install/interfaces_subzero/include/interfaces_subzero/msg/detail/gg_amsg__rosidl_typesupport_fastrtps_cpp.hpp
[1.059s] -- Up-to-date symlink: /home/subzero/ros2_ws/install/interfaces_subzero/include/interfaces_subzero/msg/detail/my_garmin_msg__rosidl_typesupport_fastrtps_cpp.hpp
[1.059s] -- Up-to-date symlink: /home/subzero/ros2_ws/install/interfaces_subzero/include/interfaces_subzero/msg/detail/my_gp_smsg__rosidl_typesupport_fastrtps_cpp.hpp
[1.060s] -- Up-to-date symlink: /home/subzero/ros2_ws/install/interfaces_subzero/include/interfaces_subzero/msg/detail/my_trimble_msg__rosidl_typesupport_fastrtps_cpp.hpp
[1.060s] -- Up-to-date symlink: /home/subzero/ros2_ws/install/interfaces_subzero/include/interfaces_subzero/msg/detail/r9s_gps__rosidl_typesupport_fastrtps_cpp.hpp
[1.060s] -- Up-to-date symlink: /home/subzero/ros2_ws/install/interfaces_subzero/include/interfaces_subzero/msg/detail/rm_cmsg__rosidl_typesupport_fastrtps_cpp.hpp
[1.060s] -- Up-to-date symlink: /home/subzero/ros2_ws/install/interfaces_subzero/include/interfaces_subzero/msg/detail/telemetrymsg__rosidl_typesupport_fastrtps_cpp.hpp
[1.060s] -- Up-to-date symlink: /home/subzero/ros2_ws/install/interfaces_subzero/include/interfaces_subzero/msg/rosidl_typesupport_fastrtps_cpp__visibility_control.h
[1.060s] -- Up-to-date symlink: /home/subzero/ros2_ws/install/interfaces_subzero/include/interfaces_subzero/srv/detail/ap_res_conf__rosidl_typesupport_fastrtps_cpp.hpp
[1.060s] -- Up-to-date symlink: /home/subzero/ros2_ws/install/interfaces_subzero/include/interfaces_subzero/srv/detail/logger_string__rosidl_typesupport_fastrtps_cpp.hpp
[1.060s] -- Up-to-date symlink: /home/subzero/ros2_ws/install/interfaces_subzero/include/interfaces_subzero/srv/detail/next_target__rosidl_typesupport_fastrtps_cpp.hpp
[1.060s] -- Up-to-date symlink: /home/subzero/ros2_ws/install/interfaces_subzero/include/interfaces_subzero/srv/detail/send_string__rosidl_typesupport_fastrtps_cpp.hpp
[1.061s] -- Up-to-date symlink: /home/subzero/ros2_ws/install/interfaces_subzero/include/interfaces_subzero/srv/detail/speed_values__rosidl_typesupport_fastrtps_cpp.hpp
[1.061s] -- Up-to-date symlink: /home/subzero/ros2_ws/install/interfaces_subzero/lib/libinterfaces_subzero__rosidl_typesupport_fastrtps_cpp.so
[1.062s] -- Up-to-date symlink: /home/subzero/ros2_ws/install/interfaces_subzero/include/interfaces_subzero/msg/detail/gg_amsg__rosidl_typesupport_introspection_c.h
[1.062s] -- Up-to-date symlink: /home/subzero/ros2_ws/install/interfaces_subzero/include/interfaces_subzero/msg/detail/my_garmin_msg__rosidl_typesupport_introspection_c.h
[1.062s] -- Up-to-date symlink: /home/subzero/ros2_ws/install/interfaces_subzero/include/interfaces_subzero/msg/detail/my_gp_smsg__rosidl_typesupport_introspection_c.h
[1.062s] -- Up-to-date symlink: /home/subzero/ros2_ws/install/interfaces_subzero/include/interfaces_subzero/msg/detail/my_trimble_msg__rosidl_typesupport_introspection_c.h
[1.062s] -- Up-to-date symlink: /home/subzero/ros2_ws/install/interfaces_subzero/include/interfaces_subzero/msg/detail/r9s_gps__rosidl_typesupport_introspection_c.h
[1.062s] -- Up-to-date symlink: /home/subzero/ros2_ws/install/interfaces_subzero/include/interfaces_subzero/msg/detail/rm_cmsg__rosidl_typesupport_introspection_c.h
[1.062s] -- Up-to-date symlink: /home/subzero/ros2_ws/install/interfaces_subzero/include/interfaces_subzero/msg/detail/telemetrymsg__rosidl_typesupport_introspection_c.h
[1.062s] -- Up-to-date symlink: /home/subzero/ros2_ws/install/interfaces_subzero/include/interfaces_subzero/msg/rosidl_typesupport_introspection_c__visibility_control.h
[1.063s] -- Up-to-date symlink: /home/subzero/ros2_ws/install/interfaces_subzero/include/interfaces_subzero/srv/detail/ap_res_conf__rosidl_typesupport_introspection_c.h
[1.063s] -- Up-to-date symlink: /home/subzero/ros2_ws/install/interfaces_subzero/include/interfaces_subzero/srv/detail/logger_string__rosidl_typesupport_introspection_c.h
[1.063s] -- Up-to-date symlink: /home/subzero/ros2_ws/install/interfaces_subzero/include/interfaces_subzero/srv/detail/next_target__rosidl_typesupport_introspection_c.h
[1.063s] -- Up-to-date symlink: /home/subzero/ros2_ws/install/interfaces_subzero/include/interfaces_subzero/srv/detail/send_string__rosidl_typesupport_introspection_c.h
[1.063s] -- Up-to-date symlink: /home/subzero/ros2_ws/install/interfaces_subzero/include/interfaces_subzero/srv/detail/speed_values__rosidl_typesupport_introspection_c.h
[1.064s] -- Up-to-date symlink: /home/subzero/ros2_ws/install/interfaces_subzero/include/interfaces_subzero/msg/detail/gg_amsg__builder.hpp
[1.064s] -- Up-to-date symlink: /home/subzero/ros2_ws/install/interfaces_subzero/include/interfaces_subzero/msg/detail/gg_amsg__struct.hpp
[1.064s] -- Up-to-date symlink: /home/subzero/ros2_ws/install/interfaces_subzero/include/interfaces_subzero/msg/detail/gg_amsg__traits.hpp
[1.064s] -- Up-to-date symlink: /home/subzero/ros2_ws/install/interfaces_subzero/include/interfaces_subzero/msg/detail/my_garmin_msg__builder.hpp
[1.065s] -- Up-to-date symlink: /home/subzero/ros2_ws/install/interfaces_subzero/include/interfaces_subzero/msg/detail/my_garmin_msg__struct.hpp
[1.065s] -- Up-to-date symlink: /home/subzero/ros2_ws/install/interfaces_subzero/include/interfaces_subzero/msg/detail/my_garmin_msg__traits.hpp
[1.065s] -- Up-to-date symlink: /home/subzero/ros2_ws/install/interfaces_subzero/include/interfaces_subzero/msg/detail/my_gp_smsg__builder.hpp
[1.065s] -- Up-to-date symlink: /home/subzero/ros2_ws/install/interfaces_subzero/include/interfaces_subzero/msg/detail/my_gp_smsg__struct.hpp
[1.065s] -- Up-to-date symlink: /home/subzero/ros2_ws/install/interfaces_subzero/include/interfaces_subzero/msg/detail/my_gp_smsg__traits.hpp
[1.065s] -- Up-to-date symlink: /home/subzero/ros2_ws/install/interfaces_subzero/include/interfaces_subzero/msg/detail/my_trimble_msg__builder.hpp
[1.065s] -- Up-to-date symlink: /home/subzero/ros2_ws/install/interfaces_subzero/include/interfaces_subzero/msg/detail/my_trimble_msg__struct.hpp
[1.066s] -- Up-to-date symlink: /home/subzero/ros2_ws/install/interfaces_subzero/include/interfaces_subzero/msg/detail/my_trimble_msg__traits.hpp
[1.066s] -- Up-to-date symlink: /home/subzero/ros2_ws/install/interfaces_subzero/include/interfaces_subzero/msg/detail/r9s_gps__builder.hpp
[1.066s] -- Up-to-date symlink: /home/subzero/ros2_ws/install/interfaces_subzero/include/interfaces_subzero/msg/detail/r9s_gps__struct.hpp
[1.066s] -- Up-to-date symlink: /home/subzero/ros2_ws/install/interfaces_subzero/include/interfaces_subzero/msg/detail/r9s_gps__traits.hpp
[1.066s] -- Up-to-date symlink: /home/subzero/ros2_ws/install/interfaces_subzero/include/interfaces_subzero/msg/detail/rm_cmsg__builder.hpp
[1.066s] -- Up-to-date symlink: /home/subzero/ros2_ws/install/interfaces_subzero/include/interfaces_subzero/msg/detail/rm_cmsg__struct.hpp
[1.066s] -- Up-to-date symlink: /home/subzero/ros2_ws/install/interfaces_subzero/include/interfaces_subzero/msg/detail/rm_cmsg__traits.hpp
[1.067s] -- Up-to-date symlink: /home/subzero/ros2_ws/install/interfaces_subzero/include/interfaces_subzero/msg/detail/telemetrymsg__builder.hpp
[1.067s] -- Up-to-date symlink: /home/subzero/ros2_ws/install/interfaces_subzero/include/interfaces_subzero/msg/detail/telemetrymsg__struct.hpp
[1.067s] -- Up-to-date symlink: /home/subzero/ros2_ws/install/interfaces_subzero/include/interfaces_subzero/msg/detail/telemetrymsg__traits.hpp
[1.067s] -- Up-to-date symlink: /home/subzero/ros2_ws/install/interfaces_subzero/include/interfaces_subzero/msg/gg_amsg.hpp
[1.067s] -- Up-to-date symlink: /home/subzero/ros2_ws/install/interfaces_subzero/include/interfaces_subzero/msg/my_garmin_msg.hpp
[1.067s] -- Up-to-date symlink: /home/subzero/ros2_ws/install/interfaces_subzero/include/interfaces_subzero/msg/my_gp_smsg.hpp
[1.067s] -- Up-to-date symlink: /home/subzero/ros2_ws/install/interfaces_subzero/include/interfaces_subzero/msg/my_trimble_msg.hpp
[1.068s] -- Up-to-date symlink: /home/subzero/ros2_ws/install/interfaces_subzero/include/interfaces_subzero/msg/r9s_gps.hpp
[1.068s] -- Up-to-date symlink: /home/subzero/ros2_ws/install/interfaces_subzero/include/interfaces_subzero/msg/rm_cmsg.hpp
[1.068s] -- Up-to-date symlink: /home/subzero/ros2_ws/install/interfaces_subzero/include/interfaces_subzero/msg/telemetrymsg.hpp
[1.068s] -- Up-to-date symlink: /home/subzero/ros2_ws/install/interfaces_subzero/include/interfaces_subzero/srv/ap_res_conf.hpp
[1.068s] -- Up-to-date symlink: /home/subzero/ros2_ws/install/interfaces_subzero/include/interfaces_subzero/srv/detail/ap_res_conf__builder.hpp
[1.068s] -- Up-to-date symlink: /home/subzero/ros2_ws/install/interfaces_subzero/include/interfaces_subzero/srv/detail/ap_res_conf__struct.hpp
[1.068s] -- Up-to-date symlink: /home/subzero/ros2_ws/install/interfaces_subzero/include/interfaces_subzero/srv/detail/ap_res_conf__traits.hpp
[1.068s] -- Up-to-date symlink: /home/subzero/ros2_ws/install/interfaces_subzero/include/interfaces_subzero/srv/detail/logger_string__builder.hpp
[1.069s] -- Up-to-date symlink: /home/subzero/ros2_ws/install/interfaces_subzero/include/interfaces_subzero/srv/detail/logger_string__struct.hpp
[1.069s] -- Up-to-date symlink: /home/subzero/ros2_ws/install/interfaces_subzero/include/interfaces_subzero/srv/detail/logger_string__traits.hpp
[1.069s] -- Up-to-date symlink: /home/subzero/ros2_ws/install/interfaces_subzero/include/interfaces_subzero/srv/detail/next_target__builder.hpp
[1.069s] -- Up-to-date symlink: /home/subzero/ros2_ws/install/interfaces_subzero/include/interfaces_subzero/srv/detail/next_target__struct.hpp
[1.069s] -- Up-to-date symlink: /home/subzero/ros2_ws/install/interfaces_subzero/include/interfaces_subzero/srv/detail/next_target__traits.hpp
[1.069s] -- Up-to-date symlink: /home/subzero/ros2_ws/install/interfaces_subzero/include/interfaces_subzero/srv/detail/send_string__builder.hpp
[1.069s] -- Up-to-date symlink: /home/subzero/ros2_ws/install/interfaces_subzero/include/interfaces_subzero/srv/detail/send_string__struct.hpp
[1.070s] -- Up-to-date symlink: /home/subzero/ros2_ws/install/interfaces_subzero/include/interfaces_subzero/srv/detail/send_string__traits.hpp
[1.070s] -- Up-to-date symlink: /home/subzero/ros2_ws/install/interfaces_subzero/include/interfaces_subzero/srv/detail/speed_values__builder.hpp
[1.070s] -- Up-to-date symlink: /home/subzero/ros2_ws/install/interfaces_subzero/include/interfaces_subzero/srv/detail/speed_values__struct.hpp
[1.070s] -- Up-to-date symlink: /home/subzero/ros2_ws/install/interfaces_subzero/include/interfaces_subzero/srv/detail/speed_values__traits.hpp
[1.070s] -- Up-to-date symlink: /home/subzero/ros2_ws/install/interfaces_subzero/include/interfaces_subzero/srv/logger_string.hpp
[1.070s] -- Up-to-date symlink: /home/subzero/ros2_ws/install/interfaces_subzero/include/interfaces_subzero/srv/next_target.hpp
[1.071s] -- Up-to-date symlink: /home/subzero/ros2_ws/install/interfaces_subzero/include/interfaces_subzero/srv/send_string.hpp
[1.071s] -- Up-to-date symlink: /home/subzero/ros2_ws/install/interfaces_subzero/include/interfaces_subzero/srv/speed_values.hpp
[1.071s] -- Up-to-date symlink: /home/subzero/ros2_ws/install/interfaces_subzero/include/interfaces_subzero/msg/detail/gg_amsg__rosidl_typesupport_introspection_cpp.hpp
[1.072s] -- Up-to-date symlink: /home/subzero/ros2_ws/install/interfaces_subzero/include/interfaces_subzero/msg/detail/my_garmin_msg__rosidl_typesupport_introspection_cpp.hpp
[1.072s] -- Up-to-date symlink: /home/subzero/ros2_ws/install/interfaces_subzero/include/interfaces_subzero/msg/detail/my_gp_smsg__rosidl_typesupport_introspection_cpp.hpp
[1.072s] -- Up-to-date symlink: /home/subzero/ros2_ws/install/interfaces_subzero/include/interfaces_subzero/msg/detail/my_trimble_msg__rosidl_typesupport_introspection_cpp.hpp
[1.072s] -- Up-to-date symlink: /home/subzero/ros2_ws/install/interfaces_subzero/include/interfaces_subzero/msg/detail/r9s_gps__rosidl_typesupport_introspection_cpp.hpp
[1.072s] -- Up-to-date symlink: /home/subzero/ros2_ws/install/interfaces_subzero/include/interfaces_subzero/msg/detail/rm_cmsg__rosidl_typesupport_introspection_cpp.hpp
[1.073s] -- Up-to-date symlink: /home/subzero/ros2_ws/install/interfaces_subzero/include/interfaces_subzero/msg/detail/telemetrymsg__rosidl_typesupport_introspection_cpp.hpp
[1.073s] -- Up-to-date symlink: /home/subzero/ros2_ws/install/interfaces_subzero/include/interfaces_subzero/srv/detail/ap_res_conf__rosidl_typesupport_introspection_cpp.hpp
[1.073s] -- Up-to-date symlink: /home/subzero/ros2_ws/install/interfaces_subzero/include/interfaces_subzero/srv/detail/logger_string__rosidl_typesupport_introspection_cpp.hpp
[1.073s] -- Up-to-date symlink: /home/subzero/ros2_ws/install/interfaces_subzero/include/interfaces_subzero/srv/detail/next_target__rosidl_typesupport_introspection_cpp.hpp
[1.073s] -- Up-to-date symlink: /home/subzero/ros2_ws/install/interfaces_subzero/include/interfaces_subzero/srv/detail/send_string__rosidl_typesupport_introspection_cpp.hpp
[1.073s] -- Up-to-date symlink: /home/subzero/ros2_ws/install/interfaces_subzero/include/interfaces_subzero/srv/detail/speed_values__rosidl_typesupport_introspection_cpp.hpp
[1.074s] -- Up-to-date symlink: /home/subzero/ros2_ws/install/interfaces_subzero/share/interfaces_subzero/environment/pythonpath.sh
[1.074s] -- Up-to-date symlink: /home/subzero/ros2_ws/install/interfaces_subzero/share/interfaces_subzero/environment/pythonpath.dsv
[1.074s] -- Up-to-date symlink: /home/subzero/ros2_ws/install/interfaces_subzero/lib/python3.8/site-packages/interfaces_subzero/__init__.py
[1.075s] -- Up-to-date symlink: /home/subzero/ros2_ws/install/interfaces_subzero/lib/python3.8/site-packages/interfaces_subzero/msg/__init__.py
[1.075s] -- Up-to-date symlink: /home/subzero/ros2_ws/install/interfaces_subzero/lib/python3.8/site-packages/interfaces_subzero/msg/_gg_amsg.py
[1.075s] -- Up-to-date symlink: /home/subzero/ros2_ws/install/interfaces_subzero/lib/python3.8/site-packages/interfaces_subzero/msg/_my_garmin_msg.py
[1.075s] -- Up-to-date symlink: /home/subzero/ros2_ws/install/interfaces_subzero/lib/python3.8/site-packages/interfaces_subzero/msg/_my_gp_smsg.py
[1.075s] -- Up-to-date symlink: /home/subzero/ros2_ws/install/interfaces_subzero/lib/python3.8/site-packages/interfaces_subzero/msg/_my_trimble_msg.py
[1.076s] -- Up-to-date symlink: /home/subzero/ros2_ws/install/interfaces_subzero/lib/python3.8/site-packages/interfaces_subzero/msg/_r9s_gps.py
[1.076s] -- Up-to-date symlink: /home/subzero/ros2_ws/install/interfaces_subzero/lib/python3.8/site-packages/interfaces_subzero/msg/_rm_cmsg.py
[1.076s] -- Up-to-date symlink: /home/subzero/ros2_ws/install/interfaces_subzero/lib/python3.8/site-packages/interfaces_subzero/msg/_telemetrymsg.py
[1.076s] -- Up-to-date symlink: /home/subzero/ros2_ws/install/interfaces_subzero/lib/python3.8/site-packages/interfaces_subzero/srv/__init__.py
[1.077s] -- Up-to-date symlink: /home/subzero/ros2_ws/install/interfaces_subzero/lib/python3.8/site-packages/interfaces_subzero/srv/_ap_res_conf.py
[1.077s] -- Up-to-date symlink: /home/subzero/ros2_ws/install/interfaces_subzero/lib/python3.8/site-packages/interfaces_subzero/srv/_logger_string.py
[1.077s] -- Up-to-date symlink: /home/subzero/ros2_ws/install/interfaces_subzero/lib/python3.8/site-packages/interfaces_subzero/srv/_next_target.py
[1.077s] -- Up-to-date symlink: /home/subzero/ros2_ws/install/interfaces_subzero/lib/python3.8/site-packages/interfaces_subzero/srv/_send_string.py
[1.077s] -- Up-to-date symlink: /home/subzero/ros2_ws/install/interfaces_subzero/lib/python3.8/site-packages/interfaces_subzero/srv/_speed_values.py
[1.078s] -- Up-to-date symlink: /home/subzero/ros2_ws/install/interfaces_subzero/lib/python3.8/site-packages/interfaces_subzero/interfaces_subzero_s__rosidl_typesupport_fastrtps_c.cpython-38-x86_64-linux-gnu.so
[1.078s] -- Up-to-date symlink: /home/subzero/ros2_ws/install/interfaces_subzero/lib/python3.8/site-packages/interfaces_subzero/interfaces_subzero_s__rosidl_typesupport_introspection_c.cpython-38-x86_64-linux-gnu.so
[1.079s] -- Up-to-date symlink: /home/subzero/ros2_ws/install/interfaces_subzero/lib/python3.8/site-packages/interfaces_subzero/interfaces_subzero_s__rosidl_typesupport_c.cpython-38-x86_64-linux-gnu.so
[1.079s] -- Up-to-date symlink: /home/subzero/ros2_ws/install/interfaces_subzero/lib/libinterfaces_subzero__python.so
[1.079s] -- Up-to-date symlink: /home/subzero/ros2_ws/install/interfaces_subzero/share/interfaces_subzero/msg/MyGPSmsg.idl
[1.080s] -- Up-to-date symlink: /home/subzero/ros2_ws/install/interfaces_subzero/share/interfaces_subzero/msg/Telemetrymsg.idl
[1.080s] -- Up-to-date symlink: /home/subzero/ros2_ws/install/interfaces_subzero/share/interfaces_subzero/srv/SendString.idl
[1.080s] -- Up-to-date symlink: /home/subzero/ros2_ws/install/interfaces_subzero/share/interfaces_subzero/srv/ApRESConf.idl
[1.080s] -- Up-to-date symlink: /home/subzero/ros2_ws/install/interfaces_subzero/share/interfaces_subzero/srv/SpeedValues.idl
[1.081s] -- Up-to-date symlink: /home/subzero/ros2_ws/install/interfaces_subzero/share/interfaces_subzero/srv/NextTarget.idl
[1.081s] -- Up-to-date symlink: /home/subzero/ros2_ws/install/interfaces_subzero/share/interfaces_subzero/srv/LoggerString.idl
[1.081s] -- Up-to-date symlink: /home/subzero/ros2_ws/install/interfaces_subzero/share/interfaces_subzero/msg/MyGPSmsg.msg
[1.081s] -- Up-to-date symlink: /home/subzero/ros2_ws/install/interfaces_subzero/share/interfaces_subzero/msg/Telemetrymsg.msg
[1.082s] -- Up-to-date symlink: /home/subzero/ros2_ws/install/interfaces_subzero/share/interfaces_subzero/srv/SendString.srv
[1.082s] -- Up-to-date symlink: /home/subzero/ros2_ws/install/interfaces_subzero/share/interfaces_subzero/srv/SendString_Request.msg
[1.082s] -- Up-to-date symlink: /home/subzero/ros2_ws/install/interfaces_subzero/share/interfaces_subzero/srv/SendString_Response.msg
[1.082s] -- Up-to-date symlink: /home/subzero/ros2_ws/install/interfaces_subzero/share/interfaces_subzero/srv/ApRESConf.srv
[1.083s] -- Up-to-date symlink: /home/subzero/ros2_ws/install/interfaces_subzero/share/interfaces_subzero/srv/ApRESConf_Request.msg
[1.083s] -- Up-to-date symlink: /home/subzero/ros2_ws/install/interfaces_subzero/share/interfaces_subzero/srv/ApRESConf_Response.msg
[1.083s] -- Up-to-date symlink: /home/subzero/ros2_ws/install/interfaces_subzero/share/interfaces_subzero/srv/SpeedValues.srv
[1.083s] -- Up-to-date symlink: /home/subzero/ros2_ws/install/interfaces_subzero/share/interfaces_subzero/srv/SpeedValues_Request.msg
[1.084s] -- Up-to-date symlink: /home/subzero/ros2_ws/install/interfaces_subzero/share/interfaces_subzero/srv/SpeedValues_Response.msg
[1.084s] -- Up-to-date symlink: /home/subzero/ros2_ws/install/interfaces_subzero/share/interfaces_subzero/srv/NextTarget.srv
[1.084s] -- Up-to-date symlink: /home/subzero/ros2_ws/install/interfaces_subzero/share/interfaces_subzero/srv/NextTarget_Request.msg
[1.084s] -- Up-to-date symlink: /home/subzero/ros2_ws/install/interfaces_subzero/share/interfaces_subzero/srv/NextTarget_Response.msg
[1.085s] -- Up-to-date symlink: /home/subzero/ros2_ws/install/interfaces_subzero/share/interfaces_subzero/srv/LoggerString.srv
[1.085s] -- Up-to-date symlink: /home/subzero/ros2_ws/install/interfaces_subzero/share/interfaces_subzero/srv/LoggerString_Request.msg
[1.085s] -- Up-to-date symlink: /home/subzero/ros2_ws/install/interfaces_subzero/share/interfaces_subzero/srv/LoggerString_Response.msg
[1.085s] -- Up-to-date symlink: /home/subzero/ros2_ws/install/interfaces_subzero/share/ament_index/resource_index/package_run_dependencies/interfaces_subzero
[1.086s] -- Up-to-date symlink: /home/subzero/ros2_ws/install/interfaces_subzero/share/ament_index/resource_index/parent_prefix_path/interfaces_subzero
[1.086s] -- Up-to-date symlink: /home/subzero/ros2_ws/install/interfaces_subzero/share/interfaces_subzero/environment/ament_prefix_path.sh
[1.086s] -- Up-to-date symlink: /home/subzero/ros2_ws/install/interfaces_subzero/share/interfaces_subzero/environment/ament_prefix_path.dsv
[1.086s] -- Up-to-date symlink: /home/subzero/ros2_ws/install/interfaces_subzero/share/interfaces_subzero/environment/path.sh
[1.087s] -- Up-to-date symlink: /home/subzero/ros2_ws/install/interfaces_subzero/share/interfaces_subzero/environment/path.dsv
[1.087s] -- Up-to-date symlink: /home/subzero/ros2_ws/install/interfaces_subzero/share/interfaces_subzero/local_setup.bash
[1.087s] -- Up-to-date symlink: /home/subzero/ros2_ws/install/interfaces_subzero/share/interfaces_subzero/local_setup.sh
[1.088s] -- Up-to-date symlink: /home/subzero/ros2_ws/install/interfaces_subzero/share/interfaces_subzero/local_setup.zsh
[1.088s] -- Up-to-date symlink: /home/subzero/ros2_ws/install/interfaces_subzero/share/interfaces_subzero/local_setup.dsv
[1.088s] -- Symlinking: /home/subzero/ros2_ws/install/interfaces_subzero/share/interfaces_subzero/package.dsv
[1.096s] -- Up-to-date symlink: /home/subzero/ros2_ws/install/interfaces_subzero/share/ament_index/resource_index/packages/interfaces_subzero
[1.096s] -- Up-to-date symlink: /home/subzero/ros2_ws/install/interfaces_subzero/share/interfaces_subzero/cmake/rosidl_cmake-extras.cmake
[1.096s] -- Up-to-date symlink: /home/subzero/ros2_ws/install/interfaces_subzero/share/interfaces_subzero/cmake/ament_cmake_export_dependencies-extras.cmake
[1.096s] -- Up-to-date symlink: /home/subzero/ros2_ws/install/interfaces_subzero/share/interfaces_subzero/cmake/ament_cmake_export_libraries-extras.cmake
[1.096s] -- Up-to-date symlink: /home/subzero/ros2_ws/install/interfaces_subzero/share/interfaces_subzero/cmake/ament_cmake_export_targets-extras.cmake
[1.097s] -- Up-to-date symlink: /home/subzero/ros2_ws/install/interfaces_subzero/share/interfaces_subzero/cmake/ament_cmake_export_include_directories-extras.cmake
[1.097s] -- Up-to-date symlink: /home/subzero/ros2_ws/install/interfaces_subzero/share/interfaces_subzero/cmake/rosidl_cmake_export_typesupport_libraries-extras.cmake
[1.097s] -- Up-to-date symlink: /home/subzero/ros2_ws/install/interfaces_subzero/share/interfaces_subzero/cmake/rosidl_cmake_export_typesupport_targets-extras.cmake
[1.097s] -- Up-to-date symlink: /home/subzero/ros2_ws/install/interfaces_subzero/share/interfaces_subzero/cmake/interfaces_subzeroConfig.cmake
[1.098s] -- Up-to-date symlink: /home/subzero/ros2_ws/install/interfaces_subzero/share/interfaces_subzero/cmake/interfaces_subzeroConfig-version.cmake
[1.098s] -- Up-to-date symlink: /home/subzero/ros2_ws/install/interfaces_subzero/share/interfaces_subzero/package.xml
[1.098s] -- Up-to-date: /home/subzero/ros2_ws/install/interfaces_subzero/lib/libinterfaces_subzero__rosidl_generator_c.so
[1.098s] -- Up-to-date: /home/subzero/ros2_ws/install/interfaces_subzero/lib/libinterfaces_subzero__rosidl_typesupport_introspection_c.so
[1.099s] -- Up-to-date: /home/subzero/ros2_ws/install/interfaces_subzero/lib/libinterfaces_subzero__rosidl_typesupport_c.so
[1.099s] -- Up-to-date: /home/subzero/ros2_ws/install/interfaces_subzero/lib/libinterfaces_subzero__rosidl_typesupport_introspection_cpp.so
[1.099s] -- Up-to-date: /home/subzero/ros2_ws/install/interfaces_subzero/lib/libinterfaces_subzero__rosidl_typesupport_cpp.so
[1.124s] Compiling '/home/subzero/ros2_ws/install/interfaces_subzero/lib/python3.8/site-packages/interfaces_subzero/__init__.py'...
[1.128s] -- Up-to-date: /home/subzero/ros2_ws/install/interfaces_subzero/share/interfaces_subzero/cmake/interfaces_subzero__rosidl_generator_cExport.cmake
[1.128s] -- Installing: /home/subzero/ros2_ws/install/interfaces_subzero/share/interfaces_subzero/cmake/interfaces_subzero__rosidl_generator_cExport-noconfig.cmake
[1.128s] -- Up-to-date: /home/subzero/ros2_ws/install/interfaces_subzero/share/interfaces_subzero/cmake/interfaces_subzero__rosidl_typesupport_introspection_cExport.cmake
[1.128s] -- Installing: /home/subzero/ros2_ws/install/interfaces_subzero/share/interfaces_subzero/cmake/interfaces_subzero__rosidl_typesupport_introspection_cExport-noconfig.cmake
[1.128s] -- Up-to-date: /home/subzero/ros2_ws/install/interfaces_subzero/share/interfaces_subzero/cmake/interfaces_subzero__rosidl_typesupport_cExport.cmake
[1.128s] -- Installing: /home/subzero/ros2_ws/install/interfaces_subzero/share/interfaces_subzero/cmake/interfaces_subzero__rosidl_typesupport_cExport-noconfig.cmake
[1.129s] -- Up-to-date: /home/subzero/ros2_ws/install/interfaces_subzero/share/interfaces_subzero/cmake/interfaces_subzero__rosidl_generator_cppExport.cmake
[1.129s] -- Up-to-date: /home/subzero/ros2_ws/install/interfaces_subzero/share/interfaces_subzero/cmake/interfaces_subzero__rosidl_typesupport_introspection_cppExport.cmake
[1.129s] -- Installing: /home/subzero/ros2_ws/install/interfaces_subzero/share/interfaces_subzero/cmake/interfaces_subzero__rosidl_typesupport_introspection_cppExport-noconfig.cmake
[1.129s] -- Up-to-date: /home/subzero/ros2_ws/install/interfaces_subzero/share/interfaces_subzero/cmake/interfaces_subzero__rosidl_typesupport_cppExport.cmake
[1.129s] -- Installing: /home/subzero/ros2_ws/install/interfaces_subzero/share/interfaces_subzero/cmake/interfaces_subzero__rosidl_typesupport_cppExport-noconfig.cmake
[1.133s] Invoked command in '/home/subzero/ros2_ws/build/interfaces_subzero' returned '0': CMAKE_PREFIX_PATH=${CMAKE_PREFIX_PATH}:/home/subzero/ros2_ws/install/subzero_v1:/opt/ros/foxy /usr/bin/cmake --install /home/subzero/ros2_ws/build/interfaces_subzero
