[0.225s] DEBUG:colcon:Command line arguments: ['/usr/bin/colcon', 'build', '--packages-select', 'interfaces_subzero']
[0.225s] DEBUG:colcon:Parsed command line arguments: Namespace(ament_cmake_args=None, base_paths=['.'], build_base='build', catkin_cmake_args=None, catkin_skip_building_tests=False, cmake_args=None, cmake_clean_cache=False, cmake_clean_first=False, cmake_force_configure=False, cmake_target=None, cmake_target_skip_unavailable=False, continue_on_error=False, event_handlers=None, executor='parallel', ignore_user_meta=False, install_base='install', log_base=None, log_level=None, main=<bound method BuildVerb.main of <colcon_core.verb.build.BuildVerb object at 0x7f3547e4d6a0>>, merge_install=False, metas=['./colcon.meta'], packages_above=None, packages_above_and_dependencies=None, packages_above_depth=None, packages_end=None, packages_ignore=None, packages_ignore_regex=None, packages_select=['interfaces_subzero'], packages_select_build_failed=False, packages_select_by_dep=None, packages_select_regex=None, packages_select_test_failures=False, packages_skip=None, packages_skip_build_finished=False, packages_skip_by_dep=None, packages_skip_regex=None, packages_skip_test_passed=False, packages_skip_up_to=None, packages_start=None, packages_up_to=None, packages_up_to_regex=None, parallel_workers=8, paths=None, symlink_install=False, test_result_base=None, verb_extension=<colcon_core.verb.build.BuildVerb object at 0x7f3547e4d6a0>, verb_name='build', verb_parser=<colcon_defaults.argument_parser.defaults.DefaultArgumentsDecorator object at 0x7f3547e4dbe0>)
[0.229s] Level 1:colcon.colcon_core.package_discovery:discover_packages(colcon_meta) check parameters
[0.229s] Level 1:colcon.colcon_core.package_discovery:discover_packages(recursive) check parameters
[0.229s] Level 1:colcon.colcon_core.package_discovery:discover_packages(ignore) check parameters
[0.229s] Level 1:colcon.colcon_core.package_discovery:discover_packages(path) check parameters
[0.229s] Level 1:colcon.colcon_core.package_discovery:discover_packages(colcon_meta) discover
[0.229s] Level 1:colcon.colcon_core.package_discovery:discover_packages(recursive) discover
[0.229s] INFO:colcon.colcon_core.package_discovery:Crawling recursively for packages in '/home/subzero/ros2_ws'
[0.229s] Level 1:colcon.colcon_core.package_identification:_identify(.) by extensions ['ignore', 'ignore_ament_install']
[0.229s] Level 1:colcon.colcon_core.package_identification:_identify(.) by extension 'ignore'
[0.229s] Level 1:colcon.colcon_core.package_identification:_identify(.) by extension 'ignore_ament_install'
[0.229s] Level 1:colcon.colcon_core.package_identification:_identify(.) by extensions ['colcon_pkg']
[0.229s] Level 1:colcon.colcon_core.package_identification:_identify(.) by extension 'colcon_pkg'
[0.229s] Level 1:colcon.colcon_core.package_identification:_identify(.) by extensions ['colcon_meta']
[0.229s] Level 1:colcon.colcon_core.package_identification:_identify(.) by extension 'colcon_meta'
[0.229s] Level 1:colcon.colcon_core.package_identification:_identify(.) by extensions ['ros']
[0.229s] Level 1:colcon.colcon_core.package_identification:_identify(.) by extension 'ros'
[0.238s] Level 1:colcon.colcon_core.package_identification:_identify(.) by extensions ['cmake', 'python']
[0.238s] Level 1:colcon.colcon_core.package_identification:_identify(.) by extension 'cmake'
[0.238s] Level 1:colcon.colcon_core.package_identification:_identify(.) by extension 'python'
[0.238s] Level 1:colcon.colcon_core.package_identification:_identify(.) by extensions ['python_setup_py']
[0.238s] Level 1:colcon.colcon_core.package_identification:_identify(.) by extension 'python_setup_py'
[0.239s] Level 1:colcon.colcon_core.package_identification:_identify(build) by extensions ['ignore', 'ignore_ament_install']
[0.239s] Level 1:colcon.colcon_core.package_identification:_identify(build) by extension 'ignore'
[0.239s] Level 1:colcon.colcon_core.package_identification:_identify(build) ignored
[0.239s] Level 1:colcon.colcon_core.package_identification:_identify(install) by extensions ['ignore', 'ignore_ament_install']
[0.239s] Level 1:colcon.colcon_core.package_identification:_identify(install) by extension 'ignore'
[0.239s] Level 1:colcon.colcon_core.package_identification:_identify(install) ignored
[0.239s] Level 1:colcon.colcon_core.package_identification:_identify(log) by extensions ['ignore', 'ignore_ament_install']
[0.239s] Level 1:colcon.colcon_core.package_identification:_identify(log) by extension 'ignore'
[0.239s] Level 1:colcon.colcon_core.package_identification:_identify(log) ignored
[0.239s] Level 1:colcon.colcon_core.package_identification:_identify(src) by extensions ['ignore', 'ignore_ament_install']
[0.239s] Level 1:colcon.colcon_core.package_identification:_identify(src) by extension 'ignore'
[0.239s] Level 1:colcon.colcon_core.package_identification:_identify(src) by extension 'ignore_ament_install'
[0.239s] Level 1:colcon.colcon_core.package_identification:_identify(src) by extensions ['colcon_pkg']
[0.239s] Level 1:colcon.colcon_core.package_identification:_identify(src) by extension 'colcon_pkg'
[0.239s] Level 1:colcon.colcon_core.package_identification:_identify(src) by extensions ['colcon_meta']
[0.239s] Level 1:colcon.colcon_core.package_identification:_identify(src) by extension 'colcon_meta'
[0.239s] Level 1:colcon.colcon_core.package_identification:_identify(src) by extensions ['ros']
[0.239s] Level 1:colcon.colcon_core.package_identification:_identify(src) by extension 'ros'
[0.240s] Level 1:colcon.colcon_core.package_identification:_identify(src) by extensions ['cmake', 'python']
[0.240s] Level 1:colcon.colcon_core.package_identification:_identify(src) by extension 'cmake'
[0.240s] Level 1:colcon.colcon_core.package_identification:_identify(src) by extension 'python'
[0.240s] Level 1:colcon.colcon_core.package_identification:_identify(src) by extensions ['python_setup_py']
[0.240s] Level 1:colcon.colcon_core.package_identification:_identify(src) by extension 'python_setup_py'
[0.240s] Level 1:colcon.colcon_core.package_identification:_identify(src/interfaces_subzero) by extensions ['ignore', 'ignore_ament_install']
[0.240s] Level 1:colcon.colcon_core.package_identification:_identify(src/interfaces_subzero) by extension 'ignore'
[0.240s] Level 1:colcon.colcon_core.package_identification:_identify(src/interfaces_subzero) by extension 'ignore_ament_install'
[0.240s] Level 1:colcon.colcon_core.package_identification:_identify(src/interfaces_subzero) by extensions ['colcon_pkg']
[0.240s] Level 1:colcon.colcon_core.package_identification:_identify(src/interfaces_subzero) by extension 'colcon_pkg'
[0.240s] Level 1:colcon.colcon_core.package_identification:_identify(src/interfaces_subzero) by extensions ['colcon_meta']
[0.240s] Level 1:colcon.colcon_core.package_identification:_identify(src/interfaces_subzero) by extension 'colcon_meta'
[0.240s] Level 1:colcon.colcon_core.package_identification:_identify(src/interfaces_subzero) by extensions ['ros']
[0.240s] Level 1:colcon.colcon_core.package_identification:_identify(src/interfaces_subzero) by extension 'ros'
[0.242s] DEBUG:colcon.colcon_core.package_identification:Package 'src/interfaces_subzero' with type 'ros.ament_cmake' and name 'interfaces_subzero'
[0.242s] Level 1:colcon.colcon_core.package_identification:_identify(src/subzero_v1) by extensions ['ignore', 'ignore_ament_install']
[0.242s] Level 1:colcon.colcon_core.package_identification:_identify(src/subzero_v1) by extension 'ignore'
[0.242s] Level 1:colcon.colcon_core.package_identification:_identify(src/subzero_v1) by extension 'ignore_ament_install'
[0.242s] Level 1:colcon.colcon_core.package_identification:_identify(src/subzero_v1) by extensions ['colcon_pkg']
[0.242s] Level 1:colcon.colcon_core.package_identification:_identify(src/subzero_v1) by extension 'colcon_pkg'
[0.242s] Level 1:colcon.colcon_core.package_identification:_identify(src/subzero_v1) by extensions ['colcon_meta']
[0.242s] Level 1:colcon.colcon_core.package_identification:_identify(src/subzero_v1) by extension 'colcon_meta'
[0.242s] Level 1:colcon.colcon_core.package_identification:_identify(src/subzero_v1) by extensions ['ros']
[0.242s] Level 1:colcon.colcon_core.package_identification:_identify(src/subzero_v1) by extension 'ros'
[0.243s] DEBUG:colcon.colcon_core.package_identification:Package 'src/subzero_v1' with type 'ros.ament_python' and name 'subzero_v1'
[0.243s] Level 1:colcon.colcon_core.package_discovery:discover_packages(recursive) using defaults
[0.243s] Level 1:colcon.colcon_core.package_discovery:discover_packages(ignore) discover
[0.243s] Level 1:colcon.colcon_core.package_discovery:discover_packages(ignore) using defaults
[0.243s] Level 1:colcon.colcon_core.package_discovery:discover_packages(path) discover
[0.243s] Level 1:colcon.colcon_core.package_discovery:discover_packages(path) using defaults
[0.256s] INFO:colcon.colcon_core.package_selection:Skipping not selected package 'subzero_v1' in 'src/subzero_v1'
[0.258s] Level 5:colcon.colcon_core.verb:set package 'interfaces_subzero' build argument 'cmake_args' from command line to 'None'
[0.258s] Level 5:colcon.colcon_core.verb:set package 'interfaces_subzero' build argument 'cmake_target' from command line to 'None'
[0.258s] Level 5:colcon.colcon_core.verb:set package 'interfaces_subzero' build argument 'cmake_target_skip_unavailable' from command line to 'False'
[0.258s] Level 5:colcon.colcon_core.verb:set package 'interfaces_subzero' build argument 'cmake_clean_cache' from command line to 'False'
[0.258s] Level 5:colcon.colcon_core.verb:set package 'interfaces_subzero' build argument 'cmake_clean_first' from command line to 'False'
[0.258s] Level 5:colcon.colcon_core.verb:set package 'interfaces_subzero' build argument 'cmake_force_configure' from command line to 'False'
[0.258s] Level 5:colcon.colcon_core.verb:set package 'interfaces_subzero' build argument 'ament_cmake_args' from command line to 'None'
[0.258s] Level 5:colcon.colcon_core.verb:set package 'interfaces_subzero' build argument 'catkin_cmake_args' from command line to 'None'
[0.258s] Level 5:colcon.colcon_core.verb:set package 'interfaces_subzero' build argument 'catkin_skip_building_tests' from command line to 'False'
[0.258s] DEBUG:colcon.colcon_core.verb:Building package 'interfaces_subzero' with the following arguments: {'ament_cmake_args': None, 'build_base': '/home/subzero/ros2_ws/build/interfaces_subzero', 'catkin_cmake_args': None, 'catkin_skip_building_tests': False, 'cmake_args': None, 'cmake_clean_cache': False, 'cmake_clean_first': False, 'cmake_force_configure': False, 'cmake_target': None, 'cmake_target_skip_unavailable': False, 'install_base': '/home/subzero/ros2_ws/install/interfaces_subzero', 'merge_install': False, 'path': '/home/subzero/ros2_ws/src/interfaces_subzero', 'symlink_install': False, 'test_result_base': None}
[0.258s] INFO:colcon.colcon_core.executor:Executing jobs using 'parallel' executor
[0.260s] DEBUG:colcon.colcon_parallel_executor.executor.parallel:run_until_complete
[0.260s] INFO:colcon.colcon_ros.task.ament_cmake.build:Building ROS package in '/home/subzero/ros2_ws/src/interfaces_subzero' with build type 'ament_cmake'
[0.260s] INFO:colcon.colcon_cmake.task.cmake.build:Building CMake package in '/home/subzero/ros2_ws/src/interfaces_subzero'
[0.264s] INFO:colcon.colcon_core.plugin_system:Skipping extension 'colcon_core.shell.bat': Not used on non-Windows systems
[0.264s] INFO:colcon.colcon_core.shell:Skip shell extension 'powershell' for command environment: Not usable outside of PowerShell
[0.264s] DEBUG:colcon.colcon_core.shell:Skip shell extension 'dsv' for command environment
[0.266s] DEBUG:colcon.colcon_core.shell:Ignoring prefix path '/opt/ros/foxy'
[0.272s] DEBUG:colcon.colcon_core.event_handler.log_command:Invoking command in '/home/subzero/ros2_ws/build/interfaces_subzero': CMAKE_PREFIX_PATH=/opt/ros/foxy /usr/bin/cmake /home/subzero/ros2_ws/src/interfaces_subzero -DCMAKE_INSTALL_PREFIX=/home/subzero/ros2_ws/install/interfaces_subzero
[0.978s] DEBUG:colcon.colcon_core.event_handler.log_command:Invoked command in '/home/subzero/ros2_ws/build/interfaces_subzero' returned '0': CMAKE_PREFIX_PATH=/opt/ros/foxy /usr/bin/cmake /home/subzero/ros2_ws/src/interfaces_subzero -DCMAKE_INSTALL_PREFIX=/home/subzero/ros2_ws/install/interfaces_subzero
[0.981s] DEBUG:colcon.colcon_core.event_handler.log_command:Invoking command in '/home/subzero/ros2_ws/build/interfaces_subzero': CMAKE_PREFIX_PATH=/opt/ros/foxy /usr/bin/cmake --build /home/subzero/ros2_ws/build/interfaces_subzero -- -j8 -l8
[3.781s] DEBUG:colcon.colcon_core.event_handler.log_command:Invoked command in '/home/subzero/ros2_ws/build/interfaces_subzero' returned '0': CMAKE_PREFIX_PATH=/opt/ros/foxy /usr/bin/cmake --build /home/subzero/ros2_ws/build/interfaces_subzero -- -j8 -l8
[3.825s] DEBUG:colcon.colcon_core.event_handler.log_command:Invoking command in '/home/subzero/ros2_ws/build/interfaces_subzero': CMAKE_PREFIX_PATH=/opt/ros/foxy /usr/bin/cmake --install /home/subzero/ros2_ws/build/interfaces_subzero
[3.877s] Level 1:colcon.colcon_core.environment:create_environment_scripts_only(interfaces_subzero)
[3.878s] DEBUG:colcon.colcon_core.event_handler.log_command:Invoked command in '/home/subzero/ros2_ws/build/interfaces_subzero' returned '0': CMAKE_PREFIX_PATH=/opt/ros/foxy /usr/bin/cmake --install /home/subzero/ros2_ws/build/interfaces_subzero
[3.881s] Level 1:colcon.colcon_core.environment:checking '/home/subzero/ros2_ws/install/interfaces_subzero' for CMake module files
[3.881s] Level 1:colcon.colcon_core.environment:checking '/home/subzero/ros2_ws/install/interfaces_subzero' for CMake config files
[3.881s] Level 1:colcon.colcon_core.shell:create_environment_hook('interfaces_subzero', 'cmake_prefix_path')
[3.882s] INFO:colcon.colcon_core.shell:Creating environment hook '/home/subzero/ros2_ws/install/interfaces_subzero/share/interfaces_subzero/hook/cmake_prefix_path.ps1'
[3.883s] INFO:colcon.colcon_core.shell:Creating environment descriptor '/home/subzero/ros2_ws/install/interfaces_subzero/share/interfaces_subzero/hook/cmake_prefix_path.dsv'
[3.883s] INFO:colcon.colcon_core.shell:Creating environment hook '/home/subzero/ros2_ws/install/interfaces_subzero/share/interfaces_subzero/hook/cmake_prefix_path.sh'
[3.884s] Level 1:colcon.colcon_core.environment:checking '/home/subzero/ros2_ws/install/interfaces_subzero/lib'
[3.884s] Level 1:colcon.colcon_core.shell:create_environment_hook('interfaces_subzero', 'ld_library_path_lib')
[3.884s] INFO:colcon.colcon_core.shell:Creating environment hook '/home/subzero/ros2_ws/install/interfaces_subzero/share/interfaces_subzero/hook/ld_library_path_lib.ps1'
[3.885s] INFO:colcon.colcon_core.shell:Creating environment descriptor '/home/subzero/ros2_ws/install/interfaces_subzero/share/interfaces_subzero/hook/ld_library_path_lib.dsv'
[3.885s] INFO:colcon.colcon_core.shell:Creating environment hook '/home/subzero/ros2_ws/install/interfaces_subzero/share/interfaces_subzero/hook/ld_library_path_lib.sh'
[3.885s] Level 1:colcon.colcon_core.environment:checking '/home/subzero/ros2_ws/install/interfaces_subzero/bin'
[3.885s] Level 1:colcon.colcon_core.environment:checking '/home/subzero/ros2_ws/install/interfaces_subzero/lib/pkgconfig/interfaces_subzero.pc'
[3.885s] Level 1:colcon.colcon_core.environment:checking '/home/subzero/ros2_ws/install/interfaces_subzero/lib/python3.8/site-packages'
[3.886s] Level 1:colcon.colcon_core.shell:create_environment_hook('interfaces_subzero', 'pythonpath')
[3.886s] INFO:colcon.colcon_core.shell:Creating environment hook '/home/subzero/ros2_ws/install/interfaces_subzero/share/interfaces_subzero/hook/pythonpath.ps1'
[3.886s] INFO:colcon.colcon_core.shell:Creating environment descriptor '/home/subzero/ros2_ws/install/interfaces_subzero/share/interfaces_subzero/hook/pythonpath.dsv'
[3.887s] INFO:colcon.colcon_core.shell:Creating environment hook '/home/subzero/ros2_ws/install/interfaces_subzero/share/interfaces_subzero/hook/pythonpath.sh'
[3.887s] INFO:colcon.colcon_core.shell:Creating package script '/home/subzero/ros2_ws/install/interfaces_subzero/share/interfaces_subzero/package.ps1'
[3.888s] INFO:colcon.colcon_core.shell:Creating package descriptor '/home/subzero/ros2_ws/install/interfaces_subzero/share/interfaces_subzero/package.dsv'
[3.889s] INFO:colcon.colcon_core.shell:Creating package script '/home/subzero/ros2_ws/install/interfaces_subzero/share/interfaces_subzero/package.sh'
[3.889s] INFO:colcon.colcon_core.shell:Creating package script '/home/subzero/ros2_ws/install/interfaces_subzero/share/interfaces_subzero/package.bash'
[3.890s] INFO:colcon.colcon_core.shell:Creating package script '/home/subzero/ros2_ws/install/interfaces_subzero/share/interfaces_subzero/package.zsh'
[3.892s] Level 1:colcon.colcon_core.environment:create_file_with_runtime_dependencies(/home/subzero/ros2_ws/install/interfaces_subzero/share/colcon-core/packages/interfaces_subzero)
[3.929s] Level 1:colcon.colcon_core.environment:create_environment_scripts_only(interfaces_subzero)
[3.930s] Level 1:colcon.colcon_core.environment:checking '/home/subzero/ros2_ws/install/interfaces_subzero' for CMake module files
[3.931s] Level 1:colcon.colcon_core.environment:checking '/home/subzero/ros2_ws/install/interfaces_subzero' for CMake config files
[3.931s] Level 1:colcon.colcon_core.shell:create_environment_hook('interfaces_subzero', 'cmake_prefix_path')
[3.932s] INFO:colcon.colcon_core.shell:Creating environment hook '/home/subzero/ros2_ws/install/interfaces_subzero/share/interfaces_subzero/hook/cmake_prefix_path.ps1'
[3.932s] INFO:colcon.colcon_core.shell:Creating environment descriptor '/home/subzero/ros2_ws/install/interfaces_subzero/share/interfaces_subzero/hook/cmake_prefix_path.dsv'
[3.932s] INFO:colcon.colcon_core.shell:Creating environment hook '/home/subzero/ros2_ws/install/interfaces_subzero/share/interfaces_subzero/hook/cmake_prefix_path.sh'
[3.933s] Level 1:colcon.colcon_core.environment:checking '/home/subzero/ros2_ws/install/interfaces_subzero/lib'
[3.933s] Level 1:colcon.colcon_core.shell:create_environment_hook('interfaces_subzero', 'ld_library_path_lib')
[3.933s] INFO:colcon.colcon_core.shell:Creating environment hook '/home/subzero/ros2_ws/install/interfaces_subzero/share/interfaces_subzero/hook/ld_library_path_lib.ps1'
[3.934s] INFO:colcon.colcon_core.shell:Creating environment descriptor '/home/subzero/ros2_ws/install/interfaces_subzero/share/interfaces_subzero/hook/ld_library_path_lib.dsv'
[3.934s] INFO:colcon.colcon_core.shell:Creating environment hook '/home/subzero/ros2_ws/install/interfaces_subzero/share/interfaces_subzero/hook/ld_library_path_lib.sh'
[3.934s] Level 1:colcon.colcon_core.environment:checking '/home/subzero/ros2_ws/install/interfaces_subzero/bin'
[3.934s] Level 1:colcon.colcon_core.environment:checking '/home/subzero/ros2_ws/install/interfaces_subzero/lib/pkgconfig/interfaces_subzero.pc'
[3.934s] Level 1:colcon.colcon_core.environment:checking '/home/subzero/ros2_ws/install/interfaces_subzero/lib/python3.8/site-packages'
[3.934s] Level 1:colcon.colcon_core.shell:create_environment_hook('interfaces_subzero', 'pythonpath')
[3.935s] INFO:colcon.colcon_core.shell:Creating environment hook '/home/subzero/ros2_ws/install/interfaces_subzero/share/interfaces_subzero/hook/pythonpath.ps1'
[3.935s] INFO:colcon.colcon_core.shell:Creating environment descriptor '/home/subzero/ros2_ws/install/interfaces_subzero/share/interfaces_subzero/hook/pythonpath.dsv'
[3.936s] INFO:colcon.colcon_core.shell:Creating environment hook '/home/subzero/ros2_ws/install/interfaces_subzero/share/interfaces_subzero/hook/pythonpath.sh'
[3.936s] INFO:colcon.colcon_core.shell:Creating package script '/home/subzero/ros2_ws/install/interfaces_subzero/share/interfaces_subzero/package.ps1'
[3.937s] INFO:colcon.colcon_core.shell:Creating package descriptor '/home/subzero/ros2_ws/install/interfaces_subzero/share/interfaces_subzero/package.dsv'
[3.937s] INFO:colcon.colcon_core.shell:Creating package script '/home/subzero/ros2_ws/install/interfaces_subzero/share/interfaces_subzero/package.sh'
[3.938s] INFO:colcon.colcon_core.shell:Creating package script '/home/subzero/ros2_ws/install/interfaces_subzero/share/interfaces_subzero/package.bash'
[3.938s] INFO:colcon.colcon_core.shell:Creating package script '/home/subzero/ros2_ws/install/interfaces_subzero/share/interfaces_subzero/package.zsh'
[3.939s] Level 1:colcon.colcon_core.environment:create_file_with_runtime_dependencies(/home/subzero/ros2_ws/install/interfaces_subzero/share/colcon-core/packages/interfaces_subzero)
[3.939s] DEBUG:colcon.colcon_parallel_executor.executor.parallel:closing loop
[3.939s] DEBUG:colcon.colcon_parallel_executor.executor.parallel:loop closed
[3.939s] DEBUG:colcon.colcon_parallel_executor.executor.parallel:run_until_complete finished with '0'
[3.939s] DEBUG:colcon.colcon_core.event_reactor:joining thread
[3.945s] INFO:colcon.colcon_core.plugin_system:Skipping extension 'colcon_notification.desktop_notification.terminal_notifier': Not used on non-Darwin systems
[3.945s] INFO:colcon.colcon_core.plugin_system:Skipping extension 'colcon_notification.desktop_notification.win32': Not used on non-Windows systems
[3.945s] INFO:colcon.colcon_notification.desktop_notification:Sending desktop notification using 'notify2'
[3.946s] DEBUG:colcon.colcon_notification.desktop_notification.notify2:Failed to initialize notify2: org.freedesktop.DBus.Error.ServiceUnknown: The name org.freedesktop.Notifications was not provided by any .service files
[3.946s] DEBUG:colcon.colcon_core.event_reactor:joined thread
[3.947s] INFO:colcon.colcon_core.shell:Creating prefix script '/home/subzero/ros2_ws/install/local_setup.ps1'
[3.947s] INFO:colcon.colcon_core.shell:Creating prefix util module '/home/subzero/ros2_ws/install/_local_setup_util_ps1.py'
[3.948s] INFO:colcon.colcon_core.shell:Creating prefix chain script '/home/subzero/ros2_ws/install/setup.ps1'
[3.950s] INFO:colcon.colcon_core.shell:Creating prefix script '/home/subzero/ros2_ws/install/local_setup.sh'
[3.951s] INFO:colcon.colcon_core.shell:Creating prefix util module '/home/subzero/ros2_ws/install/_local_setup_util_sh.py'
[3.951s] INFO:colcon.colcon_core.shell:Creating prefix chain script '/home/subzero/ros2_ws/install/setup.sh'
[3.953s] INFO:colcon.colcon_core.shell:Creating prefix script '/home/subzero/ros2_ws/install/local_setup.bash'
[3.953s] INFO:colcon.colcon_core.shell:Creating prefix chain script '/home/subzero/ros2_ws/install/setup.bash'
[3.955s] INFO:colcon.colcon_core.shell:Creating prefix script '/home/subzero/ros2_ws/install/local_setup.zsh'
[3.956s] INFO:colcon.colcon_core.shell:Creating prefix chain script '/home/subzero/ros2_ws/install/setup.zsh'
