[0.205s] Invoking command in '/home/subzero/ros2_ws/build/subzero_v1': PYTHONPATH=/home/subzero/ros2_ws/install/subzero_v1/lib/python3.8/site-packages:${PYTHONPATH} /usr/bin/python3 setup.py develop --prefix /home/subzero/ros2_ws/install/subzero_v1 --editable --build-directory /home/subzero/ros2_ws/build/subzero_v1/build --no-deps install_data --install-dir /home/subzero/ros2_ws/install/subzero_v1
[0.378s] running develop
[0.474s] running egg_info
[0.474s] writing subzero_v1.egg-info/PKG-INFO
[0.475s] writing dependency_links to subzero_v1.egg-info/dependency_links.txt
[0.475s] writing entry points to subzero_v1.egg-info/entry_points.txt
[0.475s] writing requirements to subzero_v1.egg-info/requires.txt
[0.475s] writing top-level names to subzero_v1.egg-info/top_level.txt
[0.500s] reading manifest file 'subzero_v1.egg-info/SOURCES.txt'
[0.501s] writing manifest file 'subzero_v1.egg-info/SOURCES.txt'
[0.566s] running build_ext
[0.567s] Creating /home/subzero/ros2_ws/install/subzero_v1/lib/python3.8/site-packages/subzero-v1.egg-link (link to .)
[0.567s] Installing nodeARK script to /home/subzero/ros2_ws/install/subzero_v1/lib/subzero_v1
[0.567s] Installing nodeArduino script to /home/subzero/ros2_ws/install/subzero_v1/lib/subzero_v1
[0.568s] Installing nodeR9sGPS script to /home/subzero/ros2_ws/install/subzero_v1/lib/subzero_v1
[0.568s] Installing nodeRadio script to /home/subzero/ros2_ws/install/subzero_v1/lib/subzero_v1
[0.568s] 
[0.568s] Installed /home/subzero/ros2_ws/build/subzero_v1
[0.568s] running install_data
[0.568s] copying package.xml -> /home/subzero/ros2_ws/install/subzero_v1/share/subzero_v1
[0.568s] copying launch/subzero_v1.launch.py -> /home/subzero/ros2_ws/install/subzero_v1/share/subzero_v1
[0.590s] Invoked command in '/home/subzero/ros2_ws/build/subzero_v1' returned '0': PYTHONPATH=/home/subzero/ros2_ws/install/subzero_v1/lib/python3.8/site-packages:${PYTHONPATH} /usr/bin/python3 setup.py develop --prefix /home/subzero/ros2_ws/install/subzero_v1 --editable --build-directory /home/subzero/ros2_ws/build/subzero_v1/build --no-deps install_data --install-dir /home/subzero/ros2_ws/install/subzero_v1
