[0.308s] DEBUG:colcon:Command line arguments: ['/usr/bin/colcon', 'build']
[0.308s] DEBUG:colcon:Parsed command line arguments: Namespace(ament_cmake_args=None, base_paths=['.'], build_base='build', catkin_cmake_args=None, catkin_skip_building_tests=False, cmake_args=None, cmake_clean_cache=False, cmake_clean_first=False, cmake_force_configure=False, cmake_target=None, cmake_target_skip_unavailable=False, continue_on_error=False, event_handlers=None, executor='parallel', ignore_user_meta=False, install_base='install', log_base=None, log_level=None, main=<bound method BuildVerb.main of <colcon_core.verb.build.BuildVerb object at 0x7ff8306660a0>>, merge_install=False, metas=['./colcon.meta'], packages_above=None, packages_above_and_dependencies=None, packages_above_depth=None, packages_end=None, packages_ignore=None, packages_ignore_regex=None, packages_select=None, packages_select_build_failed=False, packages_select_by_dep=None, packages_select_regex=None, packages_select_test_failures=False, packages_skip=None, packages_skip_build_finished=False, packages_skip_by_dep=None, packages_skip_regex=None, packages_skip_test_passed=False, packages_skip_up_to=None, packages_start=None, packages_up_to=None, packages_up_to_regex=None, parallel_workers=8, paths=None, symlink_install=False, test_result_base=None, verb_extension=<colcon_core.verb.build.BuildVerb object at 0x7ff8306660a0>, verb_name='build', verb_parser=<colcon_defaults.argument_parser.defaults.DefaultArgumentsDecorator object at 0x7ff8306665e0>)
[0.318s] Level 1:colcon.colcon_core.package_discovery:discover_packages(colcon_meta) check parameters
[0.318s] Level 1:colcon.colcon_core.package_discovery:discover_packages(recursive) check parameters
[0.318s] Level 1:colcon.colcon_core.package_discovery:discover_packages(ignore) check parameters
[0.318s] Level 1:colcon.colcon_core.package_discovery:discover_packages(path) check parameters
[0.318s] Level 1:colcon.colcon_core.package_discovery:discover_packages(colcon_meta) discover
[0.318s] Level 1:colcon.colcon_core.package_discovery:discover_packages(recursive) discover
[0.318s] INFO:colcon.colcon_core.package_discovery:Crawling recursively for packages in '/home/subzero/ros2_ws'
[0.318s] Level 1:colcon.colcon_core.package_identification:_identify(.) by extensions ['ignore', 'ignore_ament_install']
[0.318s] Level 1:colcon.colcon_core.package_identification:_identify(.) by extension 'ignore'
[0.318s] Level 1:colcon.colcon_core.package_identification:_identify(.) by extension 'ignore_ament_install'
[0.318s] Level 1:colcon.colcon_core.package_identification:_identify(.) by extensions ['colcon_pkg']
[0.318s] Level 1:colcon.colcon_core.package_identification:_identify(.) by extension 'colcon_pkg'
[0.319s] Level 1:colcon.colcon_core.package_identification:_identify(.) by extensions ['colcon_meta']
[0.319s] Level 1:colcon.colcon_core.package_identification:_identify(.) by extension 'colcon_meta'
[0.319s] Level 1:colcon.colcon_core.package_identification:_identify(.) by extensions ['ros']
[0.319s] Level 1:colcon.colcon_core.package_identification:_identify(.) by extension 'ros'
[0.331s] Level 1:colcon.colcon_core.package_identification:_identify(.) by extensions ['cmake', 'python']
[0.331s] Level 1:colcon.colcon_core.package_identification:_identify(.) by extension 'cmake'
[0.331s] Level 1:colcon.colcon_core.package_identification:_identify(.) by extension 'python'
[0.331s] Level 1:colcon.colcon_core.package_identification:_identify(.) by extensions ['python_setup_py']
[0.331s] Level 1:colcon.colcon_core.package_identification:_identify(.) by extension 'python_setup_py'
[0.331s] Level 1:colcon.colcon_core.package_identification:_identify(build) by extensions ['ignore', 'ignore_ament_install']
[0.331s] Level 1:colcon.colcon_core.package_identification:_identify(build) by extension 'ignore'
[0.331s] Level 1:colcon.colcon_core.package_identification:_identify(build) ignored
[0.331s] Level 1:colcon.colcon_core.package_identification:_identify(install) by extensions ['ignore', 'ignore_ament_install']
[0.331s] Level 1:colcon.colcon_core.package_identification:_identify(install) by extension 'ignore'
[0.331s] Level 1:colcon.colcon_core.package_identification:_identify(install) ignored
[0.331s] Level 1:colcon.colcon_core.package_identification:_identify(log) by extensions ['ignore', 'ignore_ament_install']
[0.332s] Level 1:colcon.colcon_core.package_identification:_identify(log) by extension 'ignore'
[0.332s] Level 1:colcon.colcon_core.package_identification:_identify(log) ignored
[0.332s] Level 1:colcon.colcon_core.package_identification:_identify(src) by extensions ['ignore', 'ignore_ament_install']
[0.332s] Level 1:colcon.colcon_core.package_identification:_identify(src) by extension 'ignore'
[0.332s] Level 1:colcon.colcon_core.package_identification:_identify(src) by extension 'ignore_ament_install'
[0.332s] Level 1:colcon.colcon_core.package_identification:_identify(src) by extensions ['colcon_pkg']
[0.332s] Level 1:colcon.colcon_core.package_identification:_identify(src) by extension 'colcon_pkg'
[0.332s] Level 1:colcon.colcon_core.package_identification:_identify(src) by extensions ['colcon_meta']
[0.332s] Level 1:colcon.colcon_core.package_identification:_identify(src) by extension 'colcon_meta'
[0.332s] Level 1:colcon.colcon_core.package_identification:_identify(src) by extensions ['ros']
[0.332s] Level 1:colcon.colcon_core.package_identification:_identify(src) by extension 'ros'
[0.332s] Level 1:colcon.colcon_core.package_identification:_identify(src) by extensions ['cmake', 'python']
[0.332s] Level 1:colcon.colcon_core.package_identification:_identify(src) by extension 'cmake'
[0.332s] Level 1:colcon.colcon_core.package_identification:_identify(src) by extension 'python'
[0.332s] Level 1:colcon.colcon_core.package_identification:_identify(src) by extensions ['python_setup_py']
[0.332s] Level 1:colcon.colcon_core.package_identification:_identify(src) by extension 'python_setup_py'
[0.332s] Level 1:colcon.colcon_core.package_identification:_identify(src/interfaces_subzero) by extensions ['ignore', 'ignore_ament_install']
[0.332s] Level 1:colcon.colcon_core.package_identification:_identify(src/interfaces_subzero) by extension 'ignore'
[0.332s] Level 1:colcon.colcon_core.package_identification:_identify(src/interfaces_subzero) by extension 'ignore_ament_install'
[0.332s] Level 1:colcon.colcon_core.package_identification:_identify(src/interfaces_subzero) by extensions ['colcon_pkg']
[0.332s] Level 1:colcon.colcon_core.package_identification:_identify(src/interfaces_subzero) by extension 'colcon_pkg'
[0.332s] Level 1:colcon.colcon_core.package_identification:_identify(src/interfaces_subzero) by extensions ['colcon_meta']
[0.332s] Level 1:colcon.colcon_core.package_identification:_identify(src/interfaces_subzero) by extension 'colcon_meta'
[0.333s] Level 1:colcon.colcon_core.package_identification:_identify(src/interfaces_subzero) by extensions ['ros']
[0.333s] Level 1:colcon.colcon_core.package_identification:_identify(src/interfaces_subzero) by extension 'ros'
[0.336s] DEBUG:colcon.colcon_core.package_identification:Package 'src/interfaces_subzero' with type 'ros.ament_cmake' and name 'interfaces_subzero'
[0.336s] Level 1:colcon.colcon_core.package_identification:_identify(src/subzero_v1) by extensions ['ignore', 'ignore_ament_install']
[0.336s] Level 1:colcon.colcon_core.package_identification:_identify(src/subzero_v1) by extension 'ignore'
[0.336s] Level 1:colcon.colcon_core.package_identification:_identify(src/subzero_v1) by extension 'ignore_ament_install'
[0.336s] Level 1:colcon.colcon_core.package_identification:_identify(src/subzero_v1) by extensions ['colcon_pkg']
[0.336s] Level 1:colcon.colcon_core.package_identification:_identify(src/subzero_v1) by extension 'colcon_pkg'
[0.336s] Level 1:colcon.colcon_core.package_identification:_identify(src/subzero_v1) by extensions ['colcon_meta']
[0.336s] Level 1:colcon.colcon_core.package_identification:_identify(src/subzero_v1) by extension 'colcon_meta'
[0.336s] Level 1:colcon.colcon_core.package_identification:_identify(src/subzero_v1) by extensions ['ros']
[0.336s] Level 1:colcon.colcon_core.package_identification:_identify(src/subzero_v1) by extension 'ros'
[0.337s] DEBUG:colcon.colcon_core.package_identification:Package 'src/subzero_v1' with type 'ros.ament_python' and name 'subzero_v1'
[0.337s] Level 1:colcon.colcon_core.package_discovery:discover_packages(recursive) using defaults
[0.337s] Level 1:colcon.colcon_core.package_discovery:discover_packages(ignore) discover
[0.337s] Level 1:colcon.colcon_core.package_discovery:discover_packages(ignore) using defaults
[0.337s] Level 1:colcon.colcon_core.package_discovery:discover_packages(path) discover
[0.337s] Level 1:colcon.colcon_core.package_discovery:discover_packages(path) using defaults
[0.372s] Level 5:colcon.colcon_core.verb:set package 'interfaces_subzero' build argument 'cmake_args' from command line to 'None'
[0.372s] Level 5:colcon.colcon_core.verb:set package 'interfaces_subzero' build argument 'cmake_target' from command line to 'None'
[0.372s] Level 5:colcon.colcon_core.verb:set package 'interfaces_subzero' build argument 'cmake_target_skip_unavailable' from command line to 'False'
[0.372s] Level 5:colcon.colcon_core.verb:set package 'interfaces_subzero' build argument 'cmake_clean_cache' from command line to 'False'
[0.372s] Level 5:colcon.colcon_core.verb:set package 'interfaces_subzero' build argument 'cmake_clean_first' from command line to 'False'
[0.372s] Level 5:colcon.colcon_core.verb:set package 'interfaces_subzero' build argument 'cmake_force_configure' from command line to 'False'
[0.372s] Level 5:colcon.colcon_core.verb:set package 'interfaces_subzero' build argument 'ament_cmake_args' from command line to 'None'
[0.372s] Level 5:colcon.colcon_core.verb:set package 'interfaces_subzero' build argument 'catkin_cmake_args' from command line to 'None'
[0.372s] Level 5:colcon.colcon_core.verb:set package 'interfaces_subzero' build argument 'catkin_skip_building_tests' from command line to 'False'
[0.372s] DEBUG:colcon.colcon_core.verb:Building package 'interfaces_subzero' with the following arguments: {'ament_cmake_args': None, 'build_base': '/home/subzero/ros2_ws/build/interfaces_subzero', 'catkin_cmake_args': None, 'catkin_skip_building_tests': False, 'cmake_args': None, 'cmake_clean_cache': False, 'cmake_clean_first': False, 'cmake_force_configure': False, 'cmake_target': None, 'cmake_target_skip_unavailable': False, 'install_base': '/home/subzero/ros2_ws/install/interfaces_subzero', 'merge_install': False, 'path': '/home/subzero/ros2_ws/src/interfaces_subzero', 'symlink_install': False, 'test_result_base': None}
[0.375s] Level 5:colcon.colcon_core.verb:set package 'subzero_v1' build argument 'cmake_args' from command line to 'None'
[0.375s] Level 5:colcon.colcon_core.verb:set package 'subzero_v1' build argument 'cmake_target' from command line to 'None'
[0.375s] Level 5:colcon.colcon_core.verb:set package 'subzero_v1' build argument 'cmake_target_skip_unavailable' from command line to 'False'
[0.375s] Level 5:colcon.colcon_core.verb:set package 'subzero_v1' build argument 'cmake_clean_cache' from command line to 'False'
[0.375s] Level 5:colcon.colcon_core.verb:set package 'subzero_v1' build argument 'cmake_clean_first' from command line to 'False'
[0.375s] Level 5:colcon.colcon_core.verb:set package 'subzero_v1' build argument 'cmake_force_configure' from command line to 'False'
[0.375s] Level 5:colcon.colcon_core.verb:set package 'subzero_v1' build argument 'ament_cmake_args' from command line to 'None'
[0.375s] Level 5:colcon.colcon_core.verb:set package 'subzero_v1' build argument 'catkin_cmake_args' from command line to 'None'
[0.375s] Level 5:colcon.colcon_core.verb:set package 'subzero_v1' build argument 'catkin_skip_building_tests' from command line to 'False'
[0.375s] DEBUG:colcon.colcon_core.verb:Building package 'subzero_v1' with the following arguments: {'ament_cmake_args': None, 'build_base': '/home/subzero/ros2_ws/build/subzero_v1', 'catkin_cmake_args': None, 'catkin_skip_building_tests': False, 'cmake_args': None, 'cmake_clean_cache': False, 'cmake_clean_first': False, 'cmake_force_configure': False, 'cmake_target': None, 'cmake_target_skip_unavailable': False, 'install_base': '/home/subzero/ros2_ws/install/subzero_v1', 'merge_install': False, 'path': '/home/subzero/ros2_ws/src/subzero_v1', 'symlink_install': False, 'test_result_base': None}
[0.375s] INFO:colcon.colcon_core.executor:Executing jobs using 'parallel' executor
[0.377s] DEBUG:colcon.colcon_parallel_executor.executor.parallel:run_until_complete
[0.378s] INFO:colcon.colcon_ros.task.ament_cmake.build:Building ROS package in '/home/subzero/ros2_ws/src/interfaces_subzero' with build type 'ament_cmake'
[0.378s] INFO:colcon.colcon_cmake.task.cmake.build:Building CMake package in '/home/subzero/ros2_ws/src/interfaces_subzero'
[0.385s] INFO:colcon.colcon_core.plugin_system:Skipping extension 'colcon_core.shell.bat': Not used on non-Windows systems
[0.385s] INFO:colcon.colcon_core.shell:Skip shell extension 'powershell' for command environment: Not usable outside of PowerShell
[0.385s] DEBUG:colcon.colcon_core.shell:Skip shell extension 'dsv' for command environment
[0.388s] DEBUG:colcon.colcon_core.shell:Ignoring prefix path '/opt/ros/foxy'
[0.390s] INFO:colcon.colcon_ros.task.ament_python.build:Building ROS package in '/home/subzero/ros2_ws/src/subzero_v1' with build type 'ament_python'
[0.390s] Level 1:colcon.colcon_core.shell:create_environment_hook('subzero_v1', 'ament_prefix_path')
[0.391s] INFO:colcon.colcon_core.shell:Creating environment hook '/home/subzero/ros2_ws/install/subzero_v1/share/subzero_v1/hook/ament_prefix_path.ps1'
[0.392s] INFO:colcon.colcon_core.shell:Creating environment descriptor '/home/subzero/ros2_ws/install/subzero_v1/share/subzero_v1/hook/ament_prefix_path.dsv'
[0.393s] INFO:colcon.colcon_core.shell:Creating environment hook '/home/subzero/ros2_ws/install/subzero_v1/share/subzero_v1/hook/ament_prefix_path.sh'
[0.394s] INFO:colcon.colcon_core.shell:Skip shell extension 'powershell' for command environment: Not usable outside of PowerShell
[0.394s] DEBUG:colcon.colcon_core.shell:Skip shell extension 'dsv' for command environment
[0.395s] DEBUG:colcon.colcon_core.shell:Ignoring prefix path '/opt/ros/foxy'
[0.403s] DEBUG:colcon.colcon_core.event_handler.log_command:Invoking command in '/home/subzero/ros2_ws/build/interfaces_subzero': CMAKE_PREFIX_PATH=${CMAKE_PREFIX_PATH}:/home/subzero/ros2_ws/install/subzero_v1:/opt/ros/foxy /usr/bin/cmake /home/subzero/ros2_ws/src/interfaces_subzero -DCMAKE_INSTALL_PREFIX=/home/subzero/ros2_ws/install/interfaces_subzero
[0.582s] INFO:colcon.colcon_core.task.python.build:Building Python package in '/home/subzero/ros2_ws/src/subzero_v1'
[0.583s] INFO:colcon.colcon_core.shell:Skip shell extension 'powershell' for command environment: Not usable outside of PowerShell
[0.583s] DEBUG:colcon.colcon_core.shell:Skip shell extension 'dsv' for command environment
[0.584s] DEBUG:colcon.colcon_core.shell:Ignoring prefix path '/opt/ros/foxy'
[0.591s] DEBUG:colcon.colcon_core.event_handler.log_command:Invoking command in '/home/subzero/ros2_ws/build/subzero_v1': PYTHONPATH=/home/subzero/ros2_ws/install/subzero_v1/lib/python3.8/site-packages:${PYTHONPATH} /usr/bin/python3 setup.py develop --prefix /home/subzero/ros2_ws/install/subzero_v1 --uninstall --editable --build-directory /home/subzero/ros2_ws/build/subzero_v1/build
[0.901s] DEBUG:colcon.colcon_core.event_handler.log_command:Invoked command in '/home/subzero/ros2_ws/build/subzero_v1' returned '0': PYTHONPATH=/home/subzero/ros2_ws/install/subzero_v1/lib/python3.8/site-packages:${PYTHONPATH} /usr/bin/python3 setup.py develop --prefix /home/subzero/ros2_ws/install/subzero_v1 --uninstall --editable --build-directory /home/subzero/ros2_ws/build/subzero_v1/build
[0.902s] DEBUG:colcon.colcon_core.event_handler.log_command:Invoking command in '/home/subzero/ros2_ws/src/subzero_v1': PYTHONPATH=/home/subzero/ros2_ws/install/subzero_v1/lib/python3.8/site-packages:${PYTHONPATH} /usr/bin/python3 setup.py egg_info --egg-base ../../build/subzero_v1 build --build-base /home/subzero/ros2_ws/build/subzero_v1/build install --prefix /home/subzero/ros2_ws/install/subzero_v1 --record /home/subzero/ros2_ws/build/subzero_v1/install.log --single-version-externally-managed
[1.177s] DEBUG:colcon.colcon_core.event_handler.log_command:Invoked command in '/home/subzero/ros2_ws/src/subzero_v1' returned '0': PYTHONPATH=/home/subzero/ros2_ws/install/subzero_v1/lib/python3.8/site-packages:${PYTHONPATH} /usr/bin/python3 setup.py egg_info --egg-base ../../build/subzero_v1 build --build-base /home/subzero/ros2_ws/build/subzero_v1/build install --prefix /home/subzero/ros2_ws/install/subzero_v1 --record /home/subzero/ros2_ws/build/subzero_v1/install.log --single-version-externally-managed
[1.185s] Level 1:colcon.colcon_core.environment:checking '/home/subzero/ros2_ws/install/subzero_v1' for CMake module files
[1.186s] Level 1:colcon.colcon_core.environment:checking '/home/subzero/ros2_ws/install/subzero_v1' for CMake config files
[1.187s] Level 1:colcon.colcon_core.environment:checking '/home/subzero/ros2_ws/install/subzero_v1/lib'
[1.187s] Level 1:colcon.colcon_core.environment:checking '/home/subzero/ros2_ws/install/subzero_v1/bin'
[1.187s] Level 1:colcon.colcon_core.environment:checking '/home/subzero/ros2_ws/install/subzero_v1/lib/pkgconfig/subzero_v1.pc'
[1.187s] Level 1:colcon.colcon_core.environment:checking '/home/subzero/ros2_ws/install/subzero_v1/lib/python3.8/site-packages'
[1.187s] Level 1:colcon.colcon_core.shell:create_environment_hook('subzero_v1', 'pythonpath')
[1.187s] INFO:colcon.colcon_core.shell:Creating environment hook '/home/subzero/ros2_ws/install/subzero_v1/share/subzero_v1/hook/pythonpath.ps1'
[1.188s] INFO:colcon.colcon_core.shell:Creating environment descriptor '/home/subzero/ros2_ws/install/subzero_v1/share/subzero_v1/hook/pythonpath.dsv'
[1.188s] INFO:colcon.colcon_core.shell:Creating environment hook '/home/subzero/ros2_ws/install/subzero_v1/share/subzero_v1/hook/pythonpath.sh'
[1.188s] Level 1:colcon.colcon_core.environment:create_environment_scripts_only(subzero_v1)
[1.189s] INFO:colcon.colcon_core.shell:Creating package script '/home/subzero/ros2_ws/install/subzero_v1/share/subzero_v1/package.ps1'
[1.190s] INFO:colcon.colcon_core.shell:Creating package descriptor '/home/subzero/ros2_ws/install/subzero_v1/share/subzero_v1/package.dsv'
[1.191s] INFO:colcon.colcon_core.shell:Creating package script '/home/subzero/ros2_ws/install/subzero_v1/share/subzero_v1/package.sh'
[1.192s] INFO:colcon.colcon_core.shell:Creating package script '/home/subzero/ros2_ws/install/subzero_v1/share/subzero_v1/package.bash'
[1.193s] INFO:colcon.colcon_core.shell:Creating package script '/home/subzero/ros2_ws/install/subzero_v1/share/subzero_v1/package.zsh'
[1.194s] Level 1:colcon.colcon_core.environment:create_file_with_runtime_dependencies(/home/subzero/ros2_ws/install/subzero_v1/share/colcon-core/packages/subzero_v1)
[1.311s] DEBUG:colcon.colcon_core.event_handler.log_command:Invoked command in '/home/subzero/ros2_ws/build/interfaces_subzero' returned '0': CMAKE_PREFIX_PATH=${CMAKE_PREFIX_PATH}:/home/subzero/ros2_ws/install/subzero_v1:/opt/ros/foxy /usr/bin/cmake /home/subzero/ros2_ws/src/interfaces_subzero -DCMAKE_INSTALL_PREFIX=/home/subzero/ros2_ws/install/interfaces_subzero
[1.314s] DEBUG:colcon.colcon_core.event_handler.log_command:Invoking command in '/home/subzero/ros2_ws/build/interfaces_subzero': CMAKE_PREFIX_PATH=${CMAKE_PREFIX_PATH}:/home/subzero/ros2_ws/install/subzero_v1:/opt/ros/foxy /usr/bin/cmake --build /home/subzero/ros2_ws/build/interfaces_subzero -- -j8 -l8
[1.501s] DEBUG:colcon.colcon_core.event_handler.log_command:Invoked command in '/home/subzero/ros2_ws/build/interfaces_subzero' returned '0': CMAKE_PREFIX_PATH=${CMAKE_PREFIX_PATH}:/home/subzero/ros2_ws/install/subzero_v1:/opt/ros/foxy /usr/bin/cmake --build /home/subzero/ros2_ws/build/interfaces_subzero -- -j8 -l8
[1.562s] DEBUG:colcon.colcon_core.event_handler.log_command:Invoking command in '/home/subzero/ros2_ws/build/interfaces_subzero': CMAKE_PREFIX_PATH=${CMAKE_PREFIX_PATH}:/home/subzero/ros2_ws/install/subzero_v1:/opt/ros/foxy /usr/bin/cmake --install /home/subzero/ros2_ws/build/interfaces_subzero
[1.768s] Level 1:colcon.colcon_core.environment:create_environment_scripts_only(interfaces_subzero)
[1.769s] Level 1:colcon.colcon_core.environment:checking '/home/subzero/ros2_ws/install/interfaces_subzero' for CMake module files
[1.769s] DEBUG:colcon.colcon_core.event_handler.log_command:Invoked command in '/home/subzero/ros2_ws/build/interfaces_subzero' returned '0': CMAKE_PREFIX_PATH=${CMAKE_PREFIX_PATH}:/home/subzero/ros2_ws/install/subzero_v1:/opt/ros/foxy /usr/bin/cmake --install /home/subzero/ros2_ws/build/interfaces_subzero
[1.770s] Level 1:colcon.colcon_core.environment:checking '/home/subzero/ros2_ws/install/interfaces_subzero' for CMake config files
[1.773s] Level 1:colcon.colcon_core.shell:create_environment_hook('interfaces_subzero', 'cmake_prefix_path')
[1.773s] INFO:colcon.colcon_core.shell:Creating environment hook '/home/subzero/ros2_ws/install/interfaces_subzero/share/interfaces_subzero/hook/cmake_prefix_path.ps1'
[1.774s] INFO:colcon.colcon_core.shell:Creating environment descriptor '/home/subzero/ros2_ws/install/interfaces_subzero/share/interfaces_subzero/hook/cmake_prefix_path.dsv'
[1.774s] INFO:colcon.colcon_core.shell:Creating environment hook '/home/subzero/ros2_ws/install/interfaces_subzero/share/interfaces_subzero/hook/cmake_prefix_path.sh'
[1.774s] Level 1:colcon.colcon_core.environment:checking '/home/subzero/ros2_ws/install/interfaces_subzero/lib'
[1.774s] Level 1:colcon.colcon_core.shell:create_environment_hook('interfaces_subzero', 'ld_library_path_lib')
[1.775s] INFO:colcon.colcon_core.shell:Creating environment hook '/home/subzero/ros2_ws/install/interfaces_subzero/share/interfaces_subzero/hook/ld_library_path_lib.ps1'
[1.775s] INFO:colcon.colcon_core.shell:Creating environment descriptor '/home/subzero/ros2_ws/install/interfaces_subzero/share/interfaces_subzero/hook/ld_library_path_lib.dsv'
[1.775s] INFO:colcon.colcon_core.shell:Creating environment hook '/home/subzero/ros2_ws/install/interfaces_subzero/share/interfaces_subzero/hook/ld_library_path_lib.sh'
[1.775s] Level 1:colcon.colcon_core.environment:checking '/home/subzero/ros2_ws/install/interfaces_subzero/bin'
[1.776s] Level 1:colcon.colcon_core.environment:checking '/home/subzero/ros2_ws/install/interfaces_subzero/lib/pkgconfig/interfaces_subzero.pc'
[1.776s] Level 1:colcon.colcon_core.environment:checking '/home/subzero/ros2_ws/install/interfaces_subzero/lib/python3.8/site-packages'
[1.776s] Level 1:colcon.colcon_core.shell:create_environment_hook('interfaces_subzero', 'pythonpath')
[1.776s] INFO:colcon.colcon_core.shell:Creating environment hook '/home/subzero/ros2_ws/install/interfaces_subzero/share/interfaces_subzero/hook/pythonpath.ps1'
[1.776s] INFO:colcon.colcon_core.shell:Creating environment descriptor '/home/subzero/ros2_ws/install/interfaces_subzero/share/interfaces_subzero/hook/pythonpath.dsv'
[1.776s] INFO:colcon.colcon_core.shell:Creating environment hook '/home/subzero/ros2_ws/install/interfaces_subzero/share/interfaces_subzero/hook/pythonpath.sh'
[1.777s] INFO:colcon.colcon_core.shell:Creating package script '/home/subzero/ros2_ws/install/interfaces_subzero/share/interfaces_subzero/package.ps1'
[1.778s] INFO:colcon.colcon_core.shell:Creating package descriptor '/home/subzero/ros2_ws/install/interfaces_subzero/share/interfaces_subzero/package.dsv'
[1.778s] INFO:colcon.colcon_core.shell:Creating package script '/home/subzero/ros2_ws/install/interfaces_subzero/share/interfaces_subzero/package.sh'
[1.778s] INFO:colcon.colcon_core.shell:Creating package script '/home/subzero/ros2_ws/install/interfaces_subzero/share/interfaces_subzero/package.bash'
[1.778s] INFO:colcon.colcon_core.shell:Creating package script '/home/subzero/ros2_ws/install/interfaces_subzero/share/interfaces_subzero/package.zsh'
[1.779s] Level 1:colcon.colcon_core.environment:create_file_with_runtime_dependencies(/home/subzero/ros2_ws/install/interfaces_subzero/share/colcon-core/packages/interfaces_subzero)
[1.834s] Level 1:colcon.colcon_core.environment:create_environment_scripts_only(interfaces_subzero)
[1.834s] Level 1:colcon.colcon_core.environment:checking '/home/subzero/ros2_ws/install/interfaces_subzero' for CMake module files
[1.835s] Level 1:colcon.colcon_core.environment:checking '/home/subzero/ros2_ws/install/interfaces_subzero' for CMake config files
[1.836s] Level 1:colcon.colcon_core.shell:create_environment_hook('interfaces_subzero', 'cmake_prefix_path')
[1.836s] INFO:colcon.colcon_core.shell:Creating environment hook '/home/subzero/ros2_ws/install/interfaces_subzero/share/interfaces_subzero/hook/cmake_prefix_path.ps1'
[1.836s] INFO:colcon.colcon_core.shell:Creating environment descriptor '/home/subzero/ros2_ws/install/interfaces_subzero/share/interfaces_subzero/hook/cmake_prefix_path.dsv'
[1.837s] INFO:colcon.colcon_core.shell:Creating environment hook '/home/subzero/ros2_ws/install/interfaces_subzero/share/interfaces_subzero/hook/cmake_prefix_path.sh'
[1.837s] Level 1:colcon.colcon_core.environment:checking '/home/subzero/ros2_ws/install/interfaces_subzero/lib'
[1.837s] Level 1:colcon.colcon_core.shell:create_environment_hook('interfaces_subzero', 'ld_library_path_lib')
[1.838s] INFO:colcon.colcon_core.shell:Creating environment hook '/home/subzero/ros2_ws/install/interfaces_subzero/share/interfaces_subzero/hook/ld_library_path_lib.ps1'
[1.838s] INFO:colcon.colcon_core.shell:Creating environment descriptor '/home/subzero/ros2_ws/install/interfaces_subzero/share/interfaces_subzero/hook/ld_library_path_lib.dsv'
[1.850s] INFO:colcon.colcon_core.shell:Creating environment hook '/home/subzero/ros2_ws/install/interfaces_subzero/share/interfaces_subzero/hook/ld_library_path_lib.sh'
[1.852s] Level 1:colcon.colcon_core.environment:checking '/home/subzero/ros2_ws/install/interfaces_subzero/bin'
[1.852s] Level 1:colcon.colcon_core.environment:checking '/home/subzero/ros2_ws/install/interfaces_subzero/lib/pkgconfig/interfaces_subzero.pc'
[1.852s] Level 1:colcon.colcon_core.environment:checking '/home/subzero/ros2_ws/install/interfaces_subzero/lib/python3.8/site-packages'
[1.853s] Level 1:colcon.colcon_core.shell:create_environment_hook('interfaces_subzero', 'pythonpath')
[1.854s] INFO:colcon.colcon_core.shell:Creating environment hook '/home/subzero/ros2_ws/install/interfaces_subzero/share/interfaces_subzero/hook/pythonpath.ps1'
[1.856s] INFO:colcon.colcon_core.shell:Creating environment descriptor '/home/subzero/ros2_ws/install/interfaces_subzero/share/interfaces_subzero/hook/pythonpath.dsv'
[1.857s] INFO:colcon.colcon_core.shell:Creating environment hook '/home/subzero/ros2_ws/install/interfaces_subzero/share/interfaces_subzero/hook/pythonpath.sh'
[1.860s] INFO:colcon.colcon_core.shell:Creating package script '/home/subzero/ros2_ws/install/interfaces_subzero/share/interfaces_subzero/package.ps1'
[1.862s] INFO:colcon.colcon_core.shell:Creating package descriptor '/home/subzero/ros2_ws/install/interfaces_subzero/share/interfaces_subzero/package.dsv'
[1.864s] INFO:colcon.colcon_core.shell:Creating package script '/home/subzero/ros2_ws/install/interfaces_subzero/share/interfaces_subzero/package.sh'
[1.866s] INFO:colcon.colcon_core.shell:Creating package script '/home/subzero/ros2_ws/install/interfaces_subzero/share/interfaces_subzero/package.bash'
[1.867s] INFO:colcon.colcon_core.shell:Creating package script '/home/subzero/ros2_ws/install/interfaces_subzero/share/interfaces_subzero/package.zsh'
[1.868s] Level 1:colcon.colcon_core.environment:create_file_with_runtime_dependencies(/home/subzero/ros2_ws/install/interfaces_subzero/share/colcon-core/packages/interfaces_subzero)
[1.868s] DEBUG:colcon.colcon_parallel_executor.executor.parallel:closing loop
[1.870s] DEBUG:colcon.colcon_parallel_executor.executor.parallel:loop closed
[1.870s] DEBUG:colcon.colcon_parallel_executor.executor.parallel:run_until_complete finished with '0'
[1.870s] DEBUG:colcon.colcon_core.event_reactor:joining thread
[1.892s] INFO:colcon.colcon_core.plugin_system:Skipping extension 'colcon_notification.desktop_notification.terminal_notifier': Not used on non-Darwin systems
[1.892s] INFO:colcon.colcon_core.plugin_system:Skipping extension 'colcon_notification.desktop_notification.win32': Not used on non-Windows systems
[1.892s] INFO:colcon.colcon_notification.desktop_notification:Sending desktop notification using 'notify2'
[1.924s] DEBUG:colcon.colcon_core.event_reactor:joined thread
[1.925s] INFO:colcon.colcon_core.shell:Creating prefix script '/home/subzero/ros2_ws/install/local_setup.ps1'
[1.927s] INFO:colcon.colcon_core.shell:Creating prefix util module '/home/subzero/ros2_ws/install/_local_setup_util_ps1.py'
[1.929s] INFO:colcon.colcon_core.shell:Creating prefix chain script '/home/subzero/ros2_ws/install/setup.ps1'
[1.933s] INFO:colcon.colcon_core.shell:Creating prefix script '/home/subzero/ros2_ws/install/local_setup.sh'
[1.935s] INFO:colcon.colcon_core.shell:Creating prefix util module '/home/subzero/ros2_ws/install/_local_setup_util_sh.py'
[1.935s] INFO:colcon.colcon_core.shell:Creating prefix chain script '/home/subzero/ros2_ws/install/setup.sh'
[1.938s] INFO:colcon.colcon_core.shell:Creating prefix script '/home/subzero/ros2_ws/install/local_setup.bash'
[1.939s] INFO:colcon.colcon_core.shell:Creating prefix chain script '/home/subzero/ros2_ws/install/setup.bash'
[1.942s] INFO:colcon.colcon_core.shell:Creating prefix script '/home/subzero/ros2_ws/install/local_setup.zsh'
[1.943s] INFO:colcon.colcon_core.shell:Creating prefix chain script '/home/subzero/ros2_ws/install/setup.zsh'
