running develop
Removing /home/subzero/ros2_ws/install/subzero_v1/lib/python3.8/site-packages/subzero-v1.egg-link (link to .)
running egg_info
writing ../../build/subzero_v1/subzero_v1.egg-info/PKG-INFO
writing dependency_links to ../../build/subzero_v1/subzero_v1.egg-info/dependency_links.txt
writing entry points to ../../build/subzero_v1/subzero_v1.egg-info/entry_points.txt
writing requirements to ../../build/subzero_v1/subzero_v1.egg-info/requires.txt
writing top-level names to ../../build/subzero_v1/subzero_v1.egg-info/top_level.txt
reading manifest file '../../build/subzero_v1/subzero_v1.egg-info/SOURCES.txt'
writing manifest file '../../build/subzero_v1/subzero_v1.egg-info/SOURCES.txt'
running build
running build_py
copying subzero_v1/Radio.py -> /home/subzero/ros2_ws/build/subzero_v1/build/lib/subzero_v1
copying subzero_v1/Garmin.py -> /home/subzero/ros2_ws/build/subzero_v1/build/lib/subzero_v1
copying subzero_v1/LogWriter.py -> /home/subzero/ros2_ws/build/subzero_v1/build/lib/subzero_v1
copying subzero_v1/ManualDrive.py -> /home/subzero/ros2_ws/build/subzero_v1/build/lib/subzero_v1
copying subzero_v1/__init__.py -> /home/subzero/ros2_ws/build/subzero_v1/build/lib/subzero_v1
copying subzero_v1/WriteSpeed.py -> /home/subzero/ros2_ws/build/subzero_v1/build/lib/subzero_v1
copying subzero_v1/Arduino.py -> /home/subzero/ros2_ws/build/subzero_v1/build/lib/subzero_v1
copying subzero_v1/AutoDrive.py -> /home/subzero/ros2_ws/build/subzero_v1/build/lib/subzero_v1
copying subzero_v1/Trimble.py -> /home/subzero/ros2_ws/build/subzero_v1/build/lib/subzero_v1
copying subzero_v1/ApRES.py -> /home/subzero/ros2_ws/build/subzero_v1/build/lib/subzero_v1
copying subzero_v1/Telemetry.py -> /home/subzero/ros2_ws/build/subzero_v1/build/lib/subzero_v1
copying subzero_v1/submodules/DeltaTime.py -> /home/subzero/ros2_ws/build/subzero_v1/build/lib/subzero_v1/submodules
copying subzero_v1/submodules/__init__.py -> /home/subzero/ros2_ws/build/subzero_v1/build/lib/subzero_v1/submodules
copying subzero_v1/submodules/apreshttp.py -> /home/subzero/ros2_ws/build/subzero_v1/build/lib/subzero_v1/submodules
copying subzero_v1/submodules/constrain.py -> /home/subzero/ros2_ws/build/subzero_v1/build/lib/subzero_v1/submodules
copying subzero_v1/submodules/ClassGpsStreamer.py -> /home/subzero/ros2_ws/build/subzero_v1/build/lib/subzero_v1/submodules
running install
running install_lib
creating /home/subzero/ros2_ws/install/subzero_v1/lib/python3.8/site-packages/subzero_v1
copying /home/subzero/ros2_ws/build/subzero_v1/build/lib/subzero_v1/Radio.py -> /home/subzero/ros2_ws/install/subzero_v1/lib/python3.8/site-packages/subzero_v1
copying /home/subzero/ros2_ws/build/subzero_v1/build/lib/subzero_v1/Garmin.py -> /home/subzero/ros2_ws/install/subzero_v1/lib/python3.8/site-packages/subzero_v1
copying /home/subzero/ros2_ws/build/subzero_v1/build/lib/subzero_v1/Dr.py -> /home/subzero/ros2_ws/install/subzero_v1/lib/python3.8/site-packages/subzero_v1
copying /home/subzero/ros2_ws/build/subzero_v1/build/lib/subzero_v1/LogWriter.py -> /home/subzero/ros2_ws/install/subzero_v1/lib/python3.8/site-packages/subzero_v1
copying /home/subzero/ros2_ws/build/subzero_v1/build/lib/subzero_v1/AutoPilot.py -> /home/subzero/ros2_ws/install/subzero_v1/lib/python3.8/site-packages/subzero_v1
copying /home/subzero/ros2_ws/build/subzero_v1/build/lib/subzero_v1/ManualDrive.py -> /home/subzero/ros2_ws/install/subzero_v1/lib/python3.8/site-packages/subzero_v1
creating /home/subzero/ros2_ws/install/subzero_v1/lib/python3.8/site-packages/subzero_v1/submodules
copying /home/subzero/ros2_ws/build/subzero_v1/build/lib/subzero_v1/submodules/DeltaTime.py -> /home/subzero/ros2_ws/install/subzero_v1/lib/python3.8/site-packages/subzero_v1/submodules
copying /home/subzero/ros2_ws/build/subzero_v1/build/lib/subzero_v1/submodules/__init__.py -> /home/subzero/ros2_ws/install/subzero_v1/lib/python3.8/site-packages/subzero_v1/submodules
copying /home/subzero/ros2_ws/build/subzero_v1/build/lib/subzero_v1/submodules/apreshttp.py -> /home/subzero/ros2_ws/install/subzero_v1/lib/python3.8/site-packages/subzero_v1/submodules
copying /home/subzero/ros2_ws/build/subzero_v1/build/lib/subzero_v1/submodules/constrain.py -> /home/subzero/ros2_ws/install/subzero_v1/lib/python3.8/site-packages/subzero_v1/submodules
copying /home/subzero/ros2_ws/build/subzero_v1/build/lib/subzero_v1/submodules/ClassGpsStreamer.py -> /home/subzero/ros2_ws/install/subzero_v1/lib/python3.8/site-packages/subzero_v1/submodules
copying /home/subzero/ros2_ws/build/subzero_v1/build/lib/subzero_v1/__init__.py -> /home/subzero/ros2_ws/install/subzero_v1/lib/python3.8/site-packages/subzero_v1
copying /home/subzero/ros2_ws/build/subzero_v1/build/lib/subzero_v1/WriteSpeed.py -> /home/subzero/ros2_ws/install/subzero_v1/lib/python3.8/site-packages/subzero_v1
copying /home/subzero/ros2_ws/build/subzero_v1/build/lib/subzero_v1/Arduino.py -> /home/subzero/ros2_ws/install/subzero_v1/lib/python3.8/site-packages/subzero_v1
copying /home/subzero/ros2_ws/build/subzero_v1/build/lib/subzero_v1/ARK.py -> /home/subzero/ros2_ws/install/subzero_v1/lib/python3.8/site-packages/subzero_v1
copying /home/subzero/ros2_ws/build/subzero_v1/build/lib/subzero_v1/Driving.py -> /home/subzero/ros2_ws/install/subzero_v1/lib/python3.8/site-packages/subzero_v1
copying /home/subzero/ros2_ws/build/subzero_v1/build/lib/subzero_v1/Pilot.py -> /home/subzero/ros2_ws/install/subzero_v1/lib/python3.8/site-packages/subzero_v1
copying /home/subzero/ros2_ws/build/subzero_v1/build/lib/subzero_v1/AutoDrive.py -> /home/subzero/ros2_ws/install/subzero_v1/lib/python3.8/site-packages/subzero_v1
copying /home/subzero/ros2_ws/build/subzero_v1/build/lib/subzero_v1/Trimble.py -> /home/subzero/ros2_ws/install/subzero_v1/lib/python3.8/site-packages/subzero_v1
copying /home/subzero/ros2_ws/build/subzero_v1/build/lib/subzero_v1/ApRES.py -> /home/subzero/ros2_ws/install/subzero_v1/lib/python3.8/site-packages/subzero_v1
copying /home/subzero/ros2_ws/build/subzero_v1/build/lib/subzero_v1/Telemetry.py -> /home/subzero/ros2_ws/install/subzero_v1/lib/python3.8/site-packages/subzero_v1
byte-compiling /home/subzero/ros2_ws/install/subzero_v1/lib/python3.8/site-packages/subzero_v1/Radio.py to Radio.cpython-38.pyc
byte-compiling /home/subzero/ros2_ws/install/subzero_v1/lib/python3.8/site-packages/subzero_v1/Garmin.py to Garmin.cpython-38.pyc
byte-compiling /home/subzero/ros2_ws/install/subzero_v1/lib/python3.8/site-packages/subzero_v1/Dr.py to Dr.cpython-38.pyc
byte-compiling /home/subzero/ros2_ws/install/subzero_v1/lib/python3.8/site-packages/subzero_v1/LogWriter.py to LogWriter.cpython-38.pyc
byte-compiling /home/subzero/ros2_ws/install/subzero_v1/lib/python3.8/site-packages/subzero_v1/AutoPilot.py to AutoPilot.cpython-38.pyc
byte-compiling /home/subzero/ros2_ws/install/subzero_v1/lib/python3.8/site-packages/subzero_v1/ManualDrive.py to ManualDrive.cpython-38.pyc
byte-compiling /home/subzero/ros2_ws/install/subzero_v1/lib/python3.8/site-packages/subzero_v1/submodules/DeltaTime.py to DeltaTime.cpython-38.pyc
byte-compiling /home/subzero/ros2_ws/install/subzero_v1/lib/python3.8/site-packages/subzero_v1/submodules/__init__.py to __init__.cpython-38.pyc
byte-compiling /home/subzero/ros2_ws/install/subzero_v1/lib/python3.8/site-packages/subzero_v1/submodules/apreshttp.py to apreshttp.cpython-38.pyc
byte-compiling /home/subzero/ros2_ws/install/subzero_v1/lib/python3.8/site-packages/subzero_v1/submodules/constrain.py to constrain.cpython-38.pyc
byte-compiling /home/subzero/ros2_ws/install/subzero_v1/lib/python3.8/site-packages/subzero_v1/submodules/ClassGpsStreamer.py to ClassGpsStreamer.cpython-38.pyc
byte-compiling /home/subzero/ros2_ws/install/subzero_v1/lib/python3.8/site-packages/subzero_v1/__init__.py to __init__.cpython-38.pyc
byte-compiling /home/subzero/ros2_ws/install/subzero_v1/lib/python3.8/site-packages/subzero_v1/WriteSpeed.py to WriteSpeed.cpython-38.pyc
byte-compiling /home/subzero/ros2_ws/install/subzero_v1/lib/python3.8/site-packages/subzero_v1/Arduino.py to Arduino.cpython-38.pyc
byte-compiling /home/subzero/ros2_ws/install/subzero_v1/lib/python3.8/site-packages/subzero_v1/ARK.py to ARK.cpython-38.pyc
byte-compiling /home/subzero/ros2_ws/install/subzero_v1/lib/python3.8/site-packages/subzero_v1/Driving.py to Driving.cpython-38.pyc
byte-compiling /home/subzero/ros2_ws/install/subzero_v1/lib/python3.8/site-packages/subzero_v1/Pilot.py to Pilot.cpython-38.pyc
byte-compiling /home/subzero/ros2_ws/install/subzero_v1/lib/python3.8/site-packages/subzero_v1/AutoDrive.py to AutoDrive.cpython-38.pyc
byte-compiling /home/subzero/ros2_ws/install/subzero_v1/lib/python3.8/site-packages/subzero_v1/Trimble.py to Trimble.cpython-38.pyc
byte-compiling /home/subzero/ros2_ws/install/subzero_v1/lib/python3.8/site-packages/subzero_v1/ApRES.py to ApRES.cpython-38.pyc
byte-compiling /home/subzero/ros2_ws/install/subzero_v1/lib/python3.8/site-packages/subzero_v1/Telemetry.py to Telemetry.cpython-38.pyc
running install_data
copying package.xml -> /home/subzero/ros2_ws/install/subzero_v1/share/subzero_v1
copying launch/subzero_v1.launch.py -> /home/subzero/ros2_ws/install/subzero_v1/share/subzero_v1
running install_egg_info
Copying ../../build/subzero_v1/subzero_v1.egg-info to /home/subzero/ros2_ws/install/subzero_v1/lib/python3.8/site-packages/subzero_v1-0.0.0-py3.8.egg-info
running install_scripts
Installing ApRES script to /home/subzero/ros2_ws/install/subzero_v1/lib/subzero_v1
Installing Arduino script to /home/subzero/ros2_ws/install/subzero_v1/lib/subzero_v1
Installing AutoDrive script to /home/subzero/ros2_ws/install/subzero_v1/lib/subzero_v1
Installing Garmin script to /home/subzero/ros2_ws/install/subzero_v1/lib/subzero_v1
Installing LogWriter script to /home/subzero/ros2_ws/install/subzero_v1/lib/subzero_v1
Installing ManualDrive script to /home/subzero/ros2_ws/install/subzero_v1/lib/subzero_v1
Installing Radio script to /home/subzero/ros2_ws/install/subzero_v1/lib/subzero_v1
Installing Telemetry script to /home/subzero/ros2_ws/install/subzero_v1/lib/subzero_v1
Installing Trimble script to /home/subzero/ros2_ws/install/subzero_v1/lib/subzero_v1
Installing WriteSpeed script to /home/subzero/ros2_ws/install/subzero_v1/lib/subzero_v1
writing list of installed files to '/home/subzero/ros2_ws/build/subzero_v1/install.log'
