-- Found ament_cmake: 0.9.9 (/opt/ros/foxy/share/ament_cmake/cmake)
-- Found PythonInterp: /usr/bin/python3 (found suitable version "3.8.10", minimum required is "3") 
-- Using PYTHON_EXECUTABLE: /usr/bin/python3
-- Override CMake install command with custom implementation using symlinks instead of copying resources
-- Found rosidl_default_generators: 1.0.1 (/opt/ros/foxy/share/rosidl_default_generators/cmake)
-- Using all available rosidl_typesupport_c: rosidl_typesupport_fastrtps_c;rosidl_typesupport_introspection_c
-- Found rosidl_adapter: 1.2.1 (/opt/ros/foxy/share/rosidl_adapter/cmake)
-- Using all available rosidl_typesupport_cpp: rosidl_typesupport_fastrtps_cpp;rosidl_typesupport_introspection_cpp
-- Found PythonInterp: /usr/bin/python3 (found version "3.8.10") 
-- Found ament_cmake_ros: 0.9.2 (/opt/ros/foxy/share/ament_cmake_ros/cmake)
-- Using all available rosidl_typesupport_c: rosidl_typesupport_fastrtps_c;rosidl_typesupport_introspection_c
-- Using all available rosidl_typesupport_cpp: rosidl_typesupport_fastrtps_cpp;rosidl_typesupport_introspection_cpp
-- Found PythonInterp: /usr/bin/python3 (found suitable version "3.8.10", minimum required is "3.5") 
-- Found python_cmake_module: 0.8.1 (/opt/ros/foxy/share/python_cmake_module/cmake)
-- Using PYTHON_EXECUTABLE: /usr/bin/python3
-- Using PYTHON_INCLUDE_DIRS: /usr/include/python3.8
-- Using PYTHON_LIBRARIES: /usr/lib/x86_64-linux-gnu/libpython3.8.so
-- Found ament_lint_auto: 0.9.6 (/opt/ros/foxy/share/ament_lint_auto/cmake)
-- Added test 'copyright' to check source files copyright and LICENSE
-- Added test 'lint_cmake' to check CMake code style
-- Added test 'xmllint' to check XML markup files
-- Configuring done
-- Generating done
-- Build files have been written to: /home/subzero/ros2_ws/build/interfaces_subzero
[  7%] Built target interfaces_subzero__cpp
[ 12%] Built target interfaces_subzero__rosidl_generator_c
[ 33%] Built target interfaces_subzero__rosidl_typesupport_c
[ 33%] Built target interfaces_subzero__rosidl_typesupport_introspection_c
[ 43%] Built target interfaces_subzero__rosidl_typesupport_fastrtps_cpp
[ 64%] Built target interfaces_subzero__rosidl_typesupport_cpp
[ 64%] Built target interfaces_subzero__rosidl_typesupport_introspection_cpp
[ 74%] Built target interfaces_subzero__rosidl_typesupport_fastrtps_c
[ 74%] Built target interfaces_subzero
[ 76%] Built target interfaces_subzero__py
[ 84%] Built target interfaces_subzero__python
[100%] Built target interfaces_subzero__rosidl_typesupport_c__pyext
[100%] Built target interfaces_subzero__rosidl_typesupport_fastrtps_c__pyext
[100%] Built target interfaces_subzero__rosidl_typesupport_introspection_c__pyext
-- Install configuration: ""
-- Execute custom install script
-- Up-to-date symlink: /home/subzero/ros2_ws/install/interfaces_subzero/share/ament_index/resource_index/rosidl_interfaces/interfaces_subzero
-- Up-to-date symlink: /home/subzero/ros2_ws/install/interfaces_subzero/include/interfaces_subzero/msg/detail/r9s_gps__functions.h
-- Up-to-date symlink: /home/subzero/ros2_ws/install/interfaces_subzero/include/interfaces_subzero/msg/detail/r9s_gps__struct.h
-- Up-to-date symlink: /home/subzero/ros2_ws/install/interfaces_subzero/include/interfaces_subzero/msg/detail/r9s_gps__type_support.h
-- Up-to-date symlink: /home/subzero/ros2_ws/install/interfaces_subzero/include/interfaces_subzero/msg/r9s_gps.h
-- Up-to-date symlink: /home/subzero/ros2_ws/install/interfaces_subzero/include/interfaces_subzero/msg/rosidl_generator_c__visibility_control.h
-- Up-to-date symlink: /home/subzero/ros2_ws/install/interfaces_subzero/include/interfaces_subzero/srv/detail/send_string__functions.h
-- Up-to-date symlink: /home/subzero/ros2_ws/install/interfaces_subzero/include/interfaces_subzero/srv/detail/send_string__struct.h
-- Up-to-date symlink: /home/subzero/ros2_ws/install/interfaces_subzero/include/interfaces_subzero/srv/detail/send_string__type_support.h
-- Up-to-date symlink: /home/subzero/ros2_ws/install/interfaces_subzero/include/interfaces_subzero/srv/send_string.h
-- Up-to-date symlink: /home/subzero/ros2_ws/install/interfaces_subzero/share/interfaces_subzero/environment/library_path.sh
-- Up-to-date symlink: /home/subzero/ros2_ws/install/interfaces_subzero/share/interfaces_subzero/environment/library_path.dsv
-- Up-to-date symlink: /home/subzero/ros2_ws/install/interfaces_subzero/include/interfaces_subzero/msg/detail/r9s_gps__rosidl_typesupport_fastrtps_c.h
-- Up-to-date symlink: /home/subzero/ros2_ws/install/interfaces_subzero/include/interfaces_subzero/msg/rosidl_typesupport_fastrtps_c__visibility_control.h
-- Up-to-date symlink: /home/subzero/ros2_ws/install/interfaces_subzero/include/interfaces_subzero/srv/detail/send_string__rosidl_typesupport_fastrtps_c.h
-- Up-to-date symlink: /home/subzero/ros2_ws/install/interfaces_subzero/lib/libinterfaces_subzero__rosidl_typesupport_fastrtps_c.so
-- Up-to-date symlink: /home/subzero/ros2_ws/install/interfaces_subzero/include/interfaces_subzero/msg/detail/r9s_gps__rosidl_typesupport_fastrtps_cpp.hpp
-- Up-to-date symlink: /home/subzero/ros2_ws/install/interfaces_subzero/include/interfaces_subzero/msg/rosidl_typesupport_fastrtps_cpp__visibility_control.h
-- Up-to-date symlink: /home/subzero/ros2_ws/install/interfaces_subzero/include/interfaces_subzero/srv/detail/send_string__rosidl_typesupport_fastrtps_cpp.hpp
-- Up-to-date symlink: /home/subzero/ros2_ws/install/interfaces_subzero/lib/libinterfaces_subzero__rosidl_typesupport_fastrtps_cpp.so
-- Up-to-date symlink: /home/subzero/ros2_ws/install/interfaces_subzero/include/interfaces_subzero/msg/detail/r9s_gps__rosidl_typesupport_introspection_c.h
-- Up-to-date symlink: /home/subzero/ros2_ws/install/interfaces_subzero/include/interfaces_subzero/msg/rosidl_typesupport_introspection_c__visibility_control.h
-- Up-to-date symlink: /home/subzero/ros2_ws/install/interfaces_subzero/include/interfaces_subzero/srv/detail/send_string__rosidl_typesupport_introspection_c.h
-- Up-to-date symlink: /home/subzero/ros2_ws/install/interfaces_subzero/include/interfaces_subzero/msg/detail/r9s_gps__builder.hpp
-- Up-to-date symlink: /home/subzero/ros2_ws/install/interfaces_subzero/include/interfaces_subzero/msg/detail/r9s_gps__struct.hpp
-- Up-to-date symlink: /home/subzero/ros2_ws/install/interfaces_subzero/include/interfaces_subzero/msg/detail/r9s_gps__traits.hpp
-- Up-to-date symlink: /home/subzero/ros2_ws/install/interfaces_subzero/include/interfaces_subzero/msg/r9s_gps.hpp
-- Up-to-date symlink: /home/subzero/ros2_ws/install/interfaces_subzero/include/interfaces_subzero/srv/detail/send_string__builder.hpp
-- Up-to-date symlink: /home/subzero/ros2_ws/install/interfaces_subzero/include/interfaces_subzero/srv/detail/send_string__struct.hpp
-- Up-to-date symlink: /home/subzero/ros2_ws/install/interfaces_subzero/include/interfaces_subzero/srv/detail/send_string__traits.hpp
-- Up-to-date symlink: /home/subzero/ros2_ws/install/interfaces_subzero/include/interfaces_subzero/srv/send_string.hpp
-- Up-to-date symlink: /home/subzero/ros2_ws/install/interfaces_subzero/include/interfaces_subzero/msg/detail/r9s_gps__rosidl_typesupport_introspection_cpp.hpp
-- Up-to-date symlink: /home/subzero/ros2_ws/install/interfaces_subzero/include/interfaces_subzero/srv/detail/send_string__rosidl_typesupport_introspection_cpp.hpp
-- Up-to-date symlink: /home/subzero/ros2_ws/install/interfaces_subzero/share/interfaces_subzero/environment/pythonpath.sh
-- Up-to-date symlink: /home/subzero/ros2_ws/install/interfaces_subzero/share/interfaces_subzero/environment/pythonpath.dsv
-- Up-to-date symlink: /home/subzero/ros2_ws/install/interfaces_subzero/lib/python3.8/site-packages/interfaces_subzero/__init__.py
-- Up-to-date symlink: /home/subzero/ros2_ws/install/interfaces_subzero/lib/python3.8/site-packages/interfaces_subzero/msg/__init__.py
-- Up-to-date symlink: /home/subzero/ros2_ws/install/interfaces_subzero/lib/python3.8/site-packages/interfaces_subzero/msg/_r9s_gps.py
-- Up-to-date symlink: /home/subzero/ros2_ws/install/interfaces_subzero/lib/python3.8/site-packages/interfaces_subzero/srv/__init__.py
-- Up-to-date symlink: /home/subzero/ros2_ws/install/interfaces_subzero/lib/python3.8/site-packages/interfaces_subzero/srv/_send_string.py
-- Up-to-date symlink: /home/subzero/ros2_ws/install/interfaces_subzero/lib/python3.8/site-packages/interfaces_subzero/interfaces_subzero_s__rosidl_typesupport_fastrtps_c.cpython-38-x86_64-linux-gnu.so
-- Up-to-date symlink: /home/subzero/ros2_ws/install/interfaces_subzero/lib/python3.8/site-packages/interfaces_subzero/interfaces_subzero_s__rosidl_typesupport_introspection_c.cpython-38-x86_64-linux-gnu.so
-- Up-to-date symlink: /home/subzero/ros2_ws/install/interfaces_subzero/lib/python3.8/site-packages/interfaces_subzero/interfaces_subzero_s__rosidl_typesupport_c.cpython-38-x86_64-linux-gnu.so
-- Up-to-date symlink: /home/subzero/ros2_ws/install/interfaces_subzero/lib/libinterfaces_subzero__python.so
-- Up-to-date symlink: /home/subzero/ros2_ws/install/interfaces_subzero/share/interfaces_subzero/msg/R9sGPS.idl
-- Up-to-date symlink: /home/subzero/ros2_ws/install/interfaces_subzero/share/interfaces_subzero/srv/SendString.idl
-- Up-to-date symlink: /home/subzero/ros2_ws/install/interfaces_subzero/share/interfaces_subzero/msg/R9sGPS.msg
-- Up-to-date symlink: /home/subzero/ros2_ws/install/interfaces_subzero/share/interfaces_subzero/srv/SendString.srv
-- Up-to-date symlink: /home/subzero/ros2_ws/install/interfaces_subzero/share/interfaces_subzero/srv/SendString_Request.msg
-- Up-to-date symlink: /home/subzero/ros2_ws/install/interfaces_subzero/share/interfaces_subzero/srv/SendString_Response.msg
-- Up-to-date symlink: /home/subzero/ros2_ws/install/interfaces_subzero/share/ament_index/resource_index/package_run_dependencies/interfaces_subzero
-- Up-to-date symlink: /home/subzero/ros2_ws/install/interfaces_subzero/share/ament_index/resource_index/parent_prefix_path/interfaces_subzero
-- Up-to-date symlink: /home/subzero/ros2_ws/install/interfaces_subzero/share/interfaces_subzero/environment/ament_prefix_path.sh
-- Up-to-date symlink: /home/subzero/ros2_ws/install/interfaces_subzero/share/interfaces_subzero/environment/ament_prefix_path.dsv
-- Up-to-date symlink: /home/subzero/ros2_ws/install/interfaces_subzero/share/interfaces_subzero/environment/path.sh
-- Up-to-date symlink: /home/subzero/ros2_ws/install/interfaces_subzero/share/interfaces_subzero/environment/path.dsv
-- Up-to-date symlink: /home/subzero/ros2_ws/install/interfaces_subzero/share/interfaces_subzero/local_setup.bash
-- Up-to-date symlink: /home/subzero/ros2_ws/install/interfaces_subzero/share/interfaces_subzero/local_setup.sh
-- Up-to-date symlink: /home/subzero/ros2_ws/install/interfaces_subzero/share/interfaces_subzero/local_setup.zsh
-- Up-to-date symlink: /home/subzero/ros2_ws/install/interfaces_subzero/share/interfaces_subzero/local_setup.dsv
-- Symlinking: /home/subzero/ros2_ws/install/interfaces_subzero/share/interfaces_subzero/package.dsv
-- Up-to-date symlink: /home/subzero/ros2_ws/install/interfaces_subzero/share/ament_index/resource_index/packages/interfaces_subzero
-- Up-to-date symlink: /home/subzero/ros2_ws/install/interfaces_subzero/share/interfaces_subzero/cmake/rosidl_cmake-extras.cmake
-- Up-to-date symlink: /home/subzero/ros2_ws/install/interfaces_subzero/share/interfaces_subzero/cmake/ament_cmake_export_dependencies-extras.cmake
-- Up-to-date symlink: /home/subzero/ros2_ws/install/interfaces_subzero/share/interfaces_subzero/cmake/ament_cmake_export_libraries-extras.cmake
-- Up-to-date symlink: /home/subzero/ros2_ws/install/interfaces_subzero/share/interfaces_subzero/cmake/ament_cmake_export_targets-extras.cmake
-- Up-to-date symlink: /home/subzero/ros2_ws/install/interfaces_subzero/share/interfaces_subzero/cmake/ament_cmake_export_include_directories-extras.cmake
-- Up-to-date symlink: /home/subzero/ros2_ws/install/interfaces_subzero/share/interfaces_subzero/cmake/rosidl_cmake_export_typesupport_libraries-extras.cmake
-- Up-to-date symlink: /home/subzero/ros2_ws/install/interfaces_subzero/share/interfaces_subzero/cmake/rosidl_cmake_export_typesupport_targets-extras.cmake
-- Up-to-date symlink: /home/subzero/ros2_ws/install/interfaces_subzero/share/interfaces_subzero/cmake/interfaces_subzeroConfig.cmake
-- Up-to-date symlink: /home/subzero/ros2_ws/install/interfaces_subzero/share/interfaces_subzero/cmake/interfaces_subzeroConfig-version.cmake
-- Up-to-date symlink: /home/subzero/ros2_ws/install/interfaces_subzero/share/interfaces_subzero/package.xml
-- Up-to-date: /home/subzero/ros2_ws/install/interfaces_subzero/lib/libinterfaces_subzero__rosidl_generator_c.so
-- Up-to-date: /home/subzero/ros2_ws/install/interfaces_subzero/lib/libinterfaces_subzero__rosidl_typesupport_introspection_c.so
-- Up-to-date: /home/subzero/ros2_ws/install/interfaces_subzero/lib/libinterfaces_subzero__rosidl_typesupport_c.so
-- Up-to-date: /home/subzero/ros2_ws/install/interfaces_subzero/lib/libinterfaces_subzero__rosidl_typesupport_introspection_cpp.so
-- Up-to-date: /home/subzero/ros2_ws/install/interfaces_subzero/lib/libinterfaces_subzero__rosidl_typesupport_cpp.so
Compiling '/home/subzero/ros2_ws/install/interfaces_subzero/lib/python3.8/site-packages/interfaces_subzero/__init__.py'...
-- Up-to-date: /home/subzero/ros2_ws/install/interfaces_subzero/share/interfaces_subzero/cmake/interfaces_subzero__rosidl_generator_cExport.cmake
-- Installing: /home/subzero/ros2_ws/install/interfaces_subzero/share/interfaces_subzero/cmake/interfaces_subzero__rosidl_generator_cExport-noconfig.cmake
-- Up-to-date: /home/subzero/ros2_ws/install/interfaces_subzero/share/interfaces_subzero/cmake/interfaces_subzero__rosidl_typesupport_introspection_cExport.cmake
-- Installing: /home/subzero/ros2_ws/install/interfaces_subzero/share/interfaces_subzero/cmake/interfaces_subzero__rosidl_typesupport_introspection_cExport-noconfig.cmake
-- Up-to-date: /home/subzero/ros2_ws/install/interfaces_subzero/share/interfaces_subzero/cmake/interfaces_subzero__rosidl_typesupport_cExport.cmake
-- Installing: /home/subzero/ros2_ws/install/interfaces_subzero/share/interfaces_subzero/cmake/interfaces_subzero__rosidl_typesupport_cExport-noconfig.cmake
-- Up-to-date: /home/subzero/ros2_ws/install/interfaces_subzero/share/interfaces_subzero/cmake/interfaces_subzero__rosidl_generator_cppExport.cmake
-- Up-to-date: /home/subzero/ros2_ws/install/interfaces_subzero/share/interfaces_subzero/cmake/interfaces_subzero__rosidl_typesupport_introspection_cppExport.cmake
-- Installing: /home/subzero/ros2_ws/install/interfaces_subzero/share/interfaces_subzero/cmake/interfaces_subzero__rosidl_typesupport_introspection_cppExport-noconfig.cmake
-- Up-to-date: /home/subzero/ros2_ws/install/interfaces_subzero/share/interfaces_subzero/cmake/interfaces_subzero__rosidl_typesupport_cppExport.cmake
-- Installing: /home/subzero/ros2_ws/install/interfaces_subzero/share/interfaces_subzero/cmake/interfaces_subzero__rosidl_typesupport_cppExport-noconfig.cmake
