[0.025s] Invoking command in '/home/subzero/ros2_ws/build/interfaces_subzero': CMAKE_PREFIX_PATH=${CMAKE_PREFIX_PATH}:/home/subzero/ros2_ws/install/subzero_v1:/opt/ros/foxy /usr/bin/cmake --build /home/subzero/ros2_ws/build/interfaces_subzero -- -j8 -l8
[0.111s] -- Found ament_cmake: 0.9.9 (/opt/ros/foxy/share/ament_cmake/cmake)
[0.138s] -- Found PythonInterp: /usr/bin/python3 (found suitable version "3.8.10", minimum required is "3") 
[0.139s] -- Using PYTHON_EXECUTABLE: /usr/bin/python3
[0.368s] -- Found rosidl_default_generators: 1.0.1 (/opt/ros/foxy/share/rosidl_default_generators/cmake)
[0.371s] -- Using all available rosidl_typesupport_c: rosidl_typesupport_fastrtps_c;rosidl_typesupport_introspection_c
[0.377s] -- Found rosidl_adapter: 1.2.1 (/opt/ros/foxy/share/rosidl_adapter/cmake)
[0.520s] -- Using all available rosidl_typesupport_cpp: rosidl_typesupport_fastrtps_cpp;rosidl_typesupport_introspection_cpp
[0.570s] -- Found PythonInterp: /usr/bin/python3 (found version "3.8.10") 
[0.682s] -- Found ament_cmake_ros: 0.9.2 (/opt/ros/foxy/share/ament_cmake_ros/cmake)
[0.771s] -- Using all available rosidl_typesupport_c: rosidl_typesupport_fastrtps_c;rosidl_typesupport_introspection_c
[0.781s] -- Using all available rosidl_typesupport_cpp: rosidl_typesupport_fastrtps_cpp;rosidl_typesupport_introspection_cpp
[0.806s] -- Found PythonInterp: /usr/bin/python3 (found suitable version "3.8.10", minimum required is "3.5") 
[0.807s] -- Found python_cmake_module: 0.8.1 (/opt/ros/foxy/share/python_cmake_module/cmake)
[0.836s] -- Using PYTHON_EXECUTABLE: /usr/bin/python3
[0.836s] -- Using PYTHON_INCLUDE_DIRS: /usr/include/python3.8
[0.836s] -- Using PYTHON_LIBRARIES: /usr/lib/x86_64-linux-gnu/libpython3.8.so
[0.849s] -- Found ament_lint_auto: 0.9.6 (/opt/ros/foxy/share/ament_lint_auto/cmake)
[0.876s] -- Added test 'copyright' to check source files copyright and LICENSE
[0.878s] -- Added test 'lint_cmake' to check CMake code style
[0.880s] -- Added test 'xmllint' to check XML markup files
[0.886s] -- Configuring done
[0.965s] -- Generating done
[0.968s] -- Build files have been written to: /home/subzero/ros2_ws/build/interfaces_subzero
[0.997s] [  5%] Built target interfaces_subzero__cpp
[0.997s] [ 12%] Built target interfaces_subzero__rosidl_generator_c
[1.019s] [ 25%] Built target interfaces_subzero__rosidl_typesupport_introspection_c
[1.019s] [ 33%] Built target interfaces_subzero__rosidl_typesupport_cpp
[1.022s] [ 53%] Built target interfaces_subzero__rosidl_typesupport_c
[1.023s] [ 53%] Built target interfaces_subzero__rosidl_typesupport_introspection_cpp
[1.025s] [ 64%] Built target interfaces_subzero__rosidl_typesupport_fastrtps_cpp
[1.045s] [ 74%] Built target interfaces_subzero__rosidl_typesupport_fastrtps_c
[1.060s] [ 74%] Built target interfaces_subzero
[1.075s] [ 76%] Built target interfaces_subzero__py
[1.097s] [ 84%] Built target interfaces_subzero__python
[1.121s] [100%] Built target interfaces_subzero__rosidl_typesupport_introspection_c__pyext
[1.121s] [100%] Built target interfaces_subzero__rosidl_typesupport_c__pyext
[1.121s] [100%] Built target interfaces_subzero__rosidl_typesupport_fastrtps_c__pyext
[1.131s] Invoked command in '/home/subzero/ros2_ws/build/interfaces_subzero' returned '0': CMAKE_PREFIX_PATH=${CMAKE_PREFIX_PATH}:/home/subzero/ros2_ws/install/subzero_v1:/opt/ros/foxy /usr/bin/cmake --build /home/subzero/ros2_ws/build/interfaces_subzero -- -j8 -l8
[1.181s] Invoking command in '/home/subzero/ros2_ws/build/interfaces_subzero': CMAKE_PREFIX_PATH=${CMAKE_PREFIX_PATH}:/home/subzero/ros2_ws/install/subzero_v1:/opt/ros/foxy /usr/bin/cmake --install /home/subzero/ros2_ws/build/interfaces_subzero
[1.188s] -- Install configuration: ""
[1.188s] -- Up-to-date: /home/subzero/ros2_ws/install/interfaces_subzero/share/ament_index/resource_index/rosidl_interfaces/interfaces_subzero
[1.189s] -- Up-to-date: /home/subzero/ros2_ws/install/interfaces_subzero/include/interfaces_subzero
[1.189s] -- Up-to-date: /home/subzero/ros2_ws/install/interfaces_subzero/include/interfaces_subzero/srv
[1.189s] -- Up-to-date: /home/subzero/ros2_ws/install/interfaces_subzero/include/interfaces_subzero/srv/detail
[1.189s] -- Up-to-date: /home/subzero/ros2_ws/install/interfaces_subzero/include/interfaces_subzero/srv/detail/send_string__functions.c
[1.189s] -- Up-to-date: /home/subzero/ros2_ws/install/interfaces_subzero/include/interfaces_subzero/srv/detail/send_string__functions.h
[1.189s] -- Up-to-date: /home/subzero/ros2_ws/install/interfaces_subzero/include/interfaces_subzero/srv/detail/send_string__struct.h
[1.189s] -- Up-to-date: /home/subzero/ros2_ws/install/interfaces_subzero/include/interfaces_subzero/srv/detail/send_string__type_support.h
[1.189s] -- Up-to-date: /home/subzero/ros2_ws/install/interfaces_subzero/include/interfaces_subzero/srv/send_string.h
[1.189s] -- Up-to-date: /home/subzero/ros2_ws/install/interfaces_subzero/include/interfaces_subzero/msg
[1.189s] -- Up-to-date: /home/subzero/ros2_ws/install/interfaces_subzero/include/interfaces_subzero/msg/rosidl_generator_c__visibility_control.h
[1.189s] -- Up-to-date: /home/subzero/ros2_ws/install/interfaces_subzero/include/interfaces_subzero/msg/detail
[1.189s] -- Up-to-date: /home/subzero/ros2_ws/install/interfaces_subzero/include/interfaces_subzero/msg/detail/r9s_gps__functions.h
[1.189s] -- Up-to-date: /home/subzero/ros2_ws/install/interfaces_subzero/include/interfaces_subzero/msg/detail/r9s_gps__struct.h
[1.189s] -- Up-to-date: /home/subzero/ros2_ws/install/interfaces_subzero/include/interfaces_subzero/msg/detail/r9s_gps__functions.c
[1.189s] -- Up-to-date: /home/subzero/ros2_ws/install/interfaces_subzero/include/interfaces_subzero/msg/detail/r9s_gps__type_support.h
[1.190s] -- Up-to-date: /home/subzero/ros2_ws/install/interfaces_subzero/include/interfaces_subzero/msg/r9s_gps.h
[1.190s] -- Up-to-date: /home/subzero/ros2_ws/install/interfaces_subzero/share/interfaces_subzero/environment/library_path.sh
[1.190s] -- Installing: /home/subzero/ros2_ws/install/interfaces_subzero/share/interfaces_subzero/environment/library_path.dsv
[1.232s] -- Up-to-date: /home/subzero/ros2_ws/install/interfaces_subzero/lib/libinterfaces_subzero__rosidl_generator_c.so
[1.233s] -- Up-to-date: /home/subzero/ros2_ws/install/interfaces_subzero/include/interfaces_subzero
[1.233s] -- Up-to-date: /home/subzero/ros2_ws/install/interfaces_subzero/include/interfaces_subzero/srv
[1.233s] -- Up-to-date: /home/subzero/ros2_ws/install/interfaces_subzero/include/interfaces_subzero/srv/detail
[1.233s] -- Up-to-date: /home/subzero/ros2_ws/install/interfaces_subzero/include/interfaces_subzero/srv/detail/send_string__rosidl_typesupport_fastrtps_c.h
[1.233s] -- Up-to-date: /home/subzero/ros2_ws/install/interfaces_subzero/include/interfaces_subzero/msg
[1.233s] -- Up-to-date: /home/subzero/ros2_ws/install/interfaces_subzero/include/interfaces_subzero/msg/rosidl_typesupport_fastrtps_c__visibility_control.h
[1.233s] -- Up-to-date: /home/subzero/ros2_ws/install/interfaces_subzero/include/interfaces_subzero/msg/detail
[1.233s] -- Up-to-date: /home/subzero/ros2_ws/install/interfaces_subzero/include/interfaces_subzero/msg/detail/r9s_gps__rosidl_typesupport_fastrtps_c.h
[1.247s] -- Up-to-date: /home/subzero/ros2_ws/install/interfaces_subzero/lib/libinterfaces_subzero__rosidl_typesupport_fastrtps_c.so
[1.248s] -- Up-to-date: /home/subzero/ros2_ws/install/interfaces_subzero/include/interfaces_subzero
[1.248s] -- Up-to-date: /home/subzero/ros2_ws/install/interfaces_subzero/include/interfaces_subzero/srv
[1.248s] -- Up-to-date: /home/subzero/ros2_ws/install/interfaces_subzero/include/interfaces_subzero/srv/detail
[1.249s] -- Up-to-date: /home/subzero/ros2_ws/install/interfaces_subzero/include/interfaces_subzero/srv/detail/dds_fastrtps
[1.249s] -- Up-to-date: /home/subzero/ros2_ws/install/interfaces_subzero/include/interfaces_subzero/srv/detail/send_string__rosidl_typesupport_fastrtps_cpp.hpp
[1.249s] -- Up-to-date: /home/subzero/ros2_ws/install/interfaces_subzero/include/interfaces_subzero/msg
[1.249s] -- Up-to-date: /home/subzero/ros2_ws/install/interfaces_subzero/include/interfaces_subzero/msg/rosidl_typesupport_fastrtps_cpp__visibility_control.h
[1.249s] -- Up-to-date: /home/subzero/ros2_ws/install/interfaces_subzero/include/interfaces_subzero/msg/detail
[1.250s] -- Up-to-date: /home/subzero/ros2_ws/install/interfaces_subzero/include/interfaces_subzero/msg/detail/dds_fastrtps
[1.250s] -- Up-to-date: /home/subzero/ros2_ws/install/interfaces_subzero/include/interfaces_subzero/msg/detail/r9s_gps__rosidl_typesupport_fastrtps_cpp.hpp
[1.251s] -- Up-to-date: /home/subzero/ros2_ws/install/interfaces_subzero/lib/libinterfaces_subzero__rosidl_typesupport_fastrtps_cpp.so
[1.251s] -- Up-to-date: /home/subzero/ros2_ws/install/interfaces_subzero/include/interfaces_subzero
[1.252s] -- Up-to-date: /home/subzero/ros2_ws/install/interfaces_subzero/include/interfaces_subzero/srv
[1.252s] -- Up-to-date: /home/subzero/ros2_ws/install/interfaces_subzero/include/interfaces_subzero/srv/detail
[1.252s] -- Up-to-date: /home/subzero/ros2_ws/install/interfaces_subzero/include/interfaces_subzero/srv/detail/send_string__type_support.c
[1.253s] -- Up-to-date: /home/subzero/ros2_ws/install/interfaces_subzero/include/interfaces_subzero/srv/detail/send_string__rosidl_typesupport_introspection_c.h
[1.253s] -- Up-to-date: /home/subzero/ros2_ws/install/interfaces_subzero/include/interfaces_subzero/msg
[1.253s] -- Up-to-date: /home/subzero/ros2_ws/install/interfaces_subzero/include/interfaces_subzero/msg/rosidl_typesupport_introspection_c__visibility_control.h
[1.253s] -- Up-to-date: /home/subzero/ros2_ws/install/interfaces_subzero/include/interfaces_subzero/msg/detail
[1.254s] -- Up-to-date: /home/subzero/ros2_ws/install/interfaces_subzero/include/interfaces_subzero/msg/detail/r9s_gps__rosidl_typesupport_introspection_c.h
[1.254s] -- Up-to-date: /home/subzero/ros2_ws/install/interfaces_subzero/include/interfaces_subzero/msg/detail/r9s_gps__type_support.c
[1.254s] -- Up-to-date: /home/subzero/ros2_ws/install/interfaces_subzero/lib/libinterfaces_subzero__rosidl_typesupport_introspection_c.so
[1.255s] -- Up-to-date: /home/subzero/ros2_ws/install/interfaces_subzero/lib/libinterfaces_subzero__rosidl_typesupport_c.so
[1.256s] -- Up-to-date: /home/subzero/ros2_ws/install/interfaces_subzero/include/interfaces_subzero
[1.257s] -- Up-to-date: /home/subzero/ros2_ws/install/interfaces_subzero/include/interfaces_subzero/srv
[1.257s] -- Up-to-date: /home/subzero/ros2_ws/install/interfaces_subzero/include/interfaces_subzero/srv/detail
[1.258s] -- Up-to-date: /home/subzero/ros2_ws/install/interfaces_subzero/include/interfaces_subzero/srv/detail/send_string__struct.hpp
[1.258s] -- Up-to-date: /home/subzero/ros2_ws/install/interfaces_subzero/include/interfaces_subzero/srv/detail/send_string__traits.hpp
[1.258s] -- Up-to-date: /home/subzero/ros2_ws/install/interfaces_subzero/include/interfaces_subzero/srv/detail/send_string__builder.hpp
[1.258s] -- Up-to-date: /home/subzero/ros2_ws/install/interfaces_subzero/include/interfaces_subzero/srv/send_string.hpp
[1.259s] -- Up-to-date: /home/subzero/ros2_ws/install/interfaces_subzero/include/interfaces_subzero/msg
[1.259s] -- Up-to-date: /home/subzero/ros2_ws/install/interfaces_subzero/include/interfaces_subzero/msg/detail
[1.259s] -- Up-to-date: /home/subzero/ros2_ws/install/interfaces_subzero/include/interfaces_subzero/msg/detail/r9s_gps__struct.hpp
[1.259s] -- Up-to-date: /home/subzero/ros2_ws/install/interfaces_subzero/include/interfaces_subzero/msg/detail/r9s_gps__traits.hpp
[1.260s] -- Up-to-date: /home/subzero/ros2_ws/install/interfaces_subzero/include/interfaces_subzero/msg/detail/r9s_gps__builder.hpp
[1.260s] -- Up-to-date: /home/subzero/ros2_ws/install/interfaces_subzero/include/interfaces_subzero/msg/r9s_gps.hpp
[1.260s] -- Up-to-date: /home/subzero/ros2_ws/install/interfaces_subzero/include/interfaces_subzero
[1.260s] -- Up-to-date: /home/subzero/ros2_ws/install/interfaces_subzero/include/interfaces_subzero/srv
[1.261s] -- Up-to-date: /home/subzero/ros2_ws/install/interfaces_subzero/include/interfaces_subzero/srv/detail
[1.261s] -- Up-to-date: /home/subzero/ros2_ws/install/interfaces_subzero/include/interfaces_subzero/srv/detail/send_string__type_support.cpp
[1.261s] -- Up-to-date: /home/subzero/ros2_ws/install/interfaces_subzero/include/interfaces_subzero/srv/detail/send_string__rosidl_typesupport_introspection_cpp.hpp
[1.262s] -- Up-to-date: /home/subzero/ros2_ws/install/interfaces_subzero/include/interfaces_subzero/msg
[1.262s] -- Up-to-date: /home/subzero/ros2_ws/install/interfaces_subzero/include/interfaces_subzero/msg/detail
[1.262s] -- Up-to-date: /home/subzero/ros2_ws/install/interfaces_subzero/include/interfaces_subzero/msg/detail/r9s_gps__type_support.cpp
[1.263s] -- Up-to-date: /home/subzero/ros2_ws/install/interfaces_subzero/include/interfaces_subzero/msg/detail/r9s_gps__rosidl_typesupport_introspection_cpp.hpp
[1.263s] -- Up-to-date: /home/subzero/ros2_ws/install/interfaces_subzero/lib/libinterfaces_subzero__rosidl_typesupport_introspection_cpp.so
[1.263s] -- Up-to-date: /home/subzero/ros2_ws/install/interfaces_subzero/lib/libinterfaces_subzero__rosidl_typesupport_cpp.so
[1.263s] -- Up-to-date: /home/subzero/ros2_ws/install/interfaces_subzero/share/interfaces_subzero/environment/pythonpath.sh
[1.264s] -- Installing: /home/subzero/ros2_ws/install/interfaces_subzero/share/interfaces_subzero/environment/pythonpath.dsv
[1.264s] -- Installing: /home/subzero/ros2_ws/install/interfaces_subzero/lib/python3.8/site-packages/interfaces_subzero/__init__.py
[1.326s] Compiling '/home/subzero/ros2_ws/install/interfaces_subzero/lib/python3.8/site-packages/interfaces_subzero/__init__.py'...
[1.329s] -- Up-to-date: /home/subzero/ros2_ws/install/interfaces_subzero/lib/python3.8/site-packages/interfaces_subzero/msg
[1.329s] -- Up-to-date: /home/subzero/ros2_ws/install/interfaces_subzero/lib/python3.8/site-packages/interfaces_subzero/msg/_r9s_gps.py
[1.329s] -- Up-to-date: /home/subzero/ros2_ws/install/interfaces_subzero/lib/python3.8/site-packages/interfaces_subzero/msg/__init__.py
[1.329s] -- Up-to-date: /home/subzero/ros2_ws/install/interfaces_subzero/lib/python3.8/site-packages/interfaces_subzero/msg/_r9s_gps_s.c
[1.329s] -- Up-to-date: /home/subzero/ros2_ws/install/interfaces_subzero/lib/python3.8/site-packages/interfaces_subzero/srv
[1.329s] -- Up-to-date: /home/subzero/ros2_ws/install/interfaces_subzero/lib/python3.8/site-packages/interfaces_subzero/srv/_send_string.py
[1.330s] -- Up-to-date: /home/subzero/ros2_ws/install/interfaces_subzero/lib/python3.8/site-packages/interfaces_subzero/srv/__init__.py
[1.330s] -- Up-to-date: /home/subzero/ros2_ws/install/interfaces_subzero/lib/python3.8/site-packages/interfaces_subzero/srv/_send_string_s.c
[1.330s] -- Up-to-date: /home/subzero/ros2_ws/install/interfaces_subzero/lib/python3.8/site-packages/interfaces_subzero/interfaces_subzero_s__rosidl_typesupport_fastrtps_c.cpython-38-x86_64-linux-gnu.so
[1.332s] -- Up-to-date: /home/subzero/ros2_ws/install/interfaces_subzero/lib/python3.8/site-packages/interfaces_subzero/interfaces_subzero_s__rosidl_typesupport_introspection_c.cpython-38-x86_64-linux-gnu.so
[1.333s] -- Up-to-date: /home/subzero/ros2_ws/install/interfaces_subzero/lib/python3.8/site-packages/interfaces_subzero/interfaces_subzero_s__rosidl_typesupport_c.cpython-38-x86_64-linux-gnu.so
[1.334s] -- Up-to-date: /home/subzero/ros2_ws/install/interfaces_subzero/lib/libinterfaces_subzero__python.so
[1.334s] -- Up-to-date: /home/subzero/ros2_ws/install/interfaces_subzero/share/interfaces_subzero/msg/R9sGPS.idl
[1.334s] -- Up-to-date: /home/subzero/ros2_ws/install/interfaces_subzero/share/interfaces_subzero/srv/SendString.idl
[1.334s] -- Installing: /home/subzero/ros2_ws/install/interfaces_subzero/share/interfaces_subzero/msg/R9sGPS.msg
[1.334s] -- Installing: /home/subzero/ros2_ws/install/interfaces_subzero/share/interfaces_subzero/srv/SendString.srv
[1.335s] -- Up-to-date: /home/subzero/ros2_ws/install/interfaces_subzero/share/interfaces_subzero/srv/SendString_Request.msg
[1.335s] -- Up-to-date: /home/subzero/ros2_ws/install/interfaces_subzero/share/interfaces_subzero/srv/SendString_Response.msg
[1.335s] -- Up-to-date: /home/subzero/ros2_ws/install/interfaces_subzero/share/ament_index/resource_index/package_run_dependencies/interfaces_subzero
[1.335s] -- Up-to-date: /home/subzero/ros2_ws/install/interfaces_subzero/share/ament_index/resource_index/parent_prefix_path/interfaces_subzero
[1.335s] -- Up-to-date: /home/subzero/ros2_ws/install/interfaces_subzero/share/interfaces_subzero/environment/ament_prefix_path.sh
[1.335s] -- Installing: /home/subzero/ros2_ws/install/interfaces_subzero/share/interfaces_subzero/environment/ament_prefix_path.dsv
[1.335s] -- Up-to-date: /home/subzero/ros2_ws/install/interfaces_subzero/share/interfaces_subzero/environment/path.sh
[1.335s] -- Installing: /home/subzero/ros2_ws/install/interfaces_subzero/share/interfaces_subzero/environment/path.dsv
[1.335s] -- Up-to-date: /home/subzero/ros2_ws/install/interfaces_subzero/share/interfaces_subzero/local_setup.bash
[1.335s] -- Up-to-date: /home/subzero/ros2_ws/install/interfaces_subzero/share/interfaces_subzero/local_setup.sh
[1.335s] -- Up-to-date: /home/subzero/ros2_ws/install/interfaces_subzero/share/interfaces_subzero/local_setup.zsh
[1.335s] -- Installing: /home/subzero/ros2_ws/install/interfaces_subzero/share/interfaces_subzero/local_setup.dsv
[1.335s] -- Installing: /home/subzero/ros2_ws/install/interfaces_subzero/share/interfaces_subzero/package.dsv
[1.335s] -- Up-to-date: /home/subzero/ros2_ws/install/interfaces_subzero/share/ament_index/resource_index/packages/interfaces_subzero
[1.336s] -- Up-to-date: /home/subzero/ros2_ws/install/interfaces_subzero/share/interfaces_subzero/cmake/interfaces_subzero__rosidl_generator_cExport.cmake
[1.336s] -- Installing: /home/subzero/ros2_ws/install/interfaces_subzero/share/interfaces_subzero/cmake/interfaces_subzero__rosidl_generator_cExport-noconfig.cmake
[1.336s] -- Up-to-date: /home/subzero/ros2_ws/install/interfaces_subzero/share/interfaces_subzero/cmake/interfaces_subzero__rosidl_typesupport_introspection_cExport.cmake
[1.336s] -- Installing: /home/subzero/ros2_ws/install/interfaces_subzero/share/interfaces_subzero/cmake/interfaces_subzero__rosidl_typesupport_introspection_cExport-noconfig.cmake
[1.337s] -- Up-to-date: /home/subzero/ros2_ws/install/interfaces_subzero/share/interfaces_subzero/cmake/interfaces_subzero__rosidl_typesupport_cExport.cmake
[1.337s] -- Installing: /home/subzero/ros2_ws/install/interfaces_subzero/share/interfaces_subzero/cmake/interfaces_subzero__rosidl_typesupport_cExport-noconfig.cmake
[1.337s] -- Up-to-date: /home/subzero/ros2_ws/install/interfaces_subzero/share/interfaces_subzero/cmake/interfaces_subzero__rosidl_generator_cppExport.cmake
[1.338s] -- Up-to-date: /home/subzero/ros2_ws/install/interfaces_subzero/share/interfaces_subzero/cmake/interfaces_subzero__rosidl_typesupport_introspection_cppExport.cmake
[1.338s] -- Installing: /home/subzero/ros2_ws/install/interfaces_subzero/share/interfaces_subzero/cmake/interfaces_subzero__rosidl_typesupport_introspection_cppExport-noconfig.cmake
[1.338s] -- Up-to-date: /home/subzero/ros2_ws/install/interfaces_subzero/share/interfaces_subzero/cmake/interfaces_subzero__rosidl_typesupport_cppExport.cmake
[1.338s] -- Installing: /home/subzero/ros2_ws/install/interfaces_subzero/share/interfaces_subzero/cmake/interfaces_subzero__rosidl_typesupport_cppExport-noconfig.cmake
[1.339s] -- Up-to-date: /home/subzero/ros2_ws/install/interfaces_subzero/share/interfaces_subzero/cmake/rosidl_cmake-extras.cmake
[1.339s] -- Up-to-date: /home/subzero/ros2_ws/install/interfaces_subzero/share/interfaces_subzero/cmake/ament_cmake_export_dependencies-extras.cmake
[1.339s] -- Up-to-date: /home/subzero/ros2_ws/install/interfaces_subzero/share/interfaces_subzero/cmake/ament_cmake_export_libraries-extras.cmake
[1.339s] -- Up-to-date: /home/subzero/ros2_ws/install/interfaces_subzero/share/interfaces_subzero/cmake/ament_cmake_export_targets-extras.cmake
[1.339s] -- Up-to-date: /home/subzero/ros2_ws/install/interfaces_subzero/share/interfaces_subzero/cmake/ament_cmake_export_include_directories-extras.cmake
[1.339s] -- Up-to-date: /home/subzero/ros2_ws/install/interfaces_subzero/share/interfaces_subzero/cmake/rosidl_cmake_export_typesupport_libraries-extras.cmake
[1.339s] -- Up-to-date: /home/subzero/ros2_ws/install/interfaces_subzero/share/interfaces_subzero/cmake/rosidl_cmake_export_typesupport_targets-extras.cmake
[1.339s] -- Up-to-date: /home/subzero/ros2_ws/install/interfaces_subzero/share/interfaces_subzero/cmake/interfaces_subzeroConfig.cmake
[1.339s] -- Up-to-date: /home/subzero/ros2_ws/install/interfaces_subzero/share/interfaces_subzero/cmake/interfaces_subzeroConfig-version.cmake
[1.339s] -- Installing: /home/subzero/ros2_ws/install/interfaces_subzero/share/interfaces_subzero/package.xml
[1.342s] Invoked command in '/home/subzero/ros2_ws/build/interfaces_subzero' returned '0': CMAKE_PREFIX_PATH=${CMAKE_PREFIX_PATH}:/home/subzero/ros2_ws/install/subzero_v1:/opt/ros/foxy /usr/bin/cmake --install /home/subzero/ros2_ws/build/interfaces_subzero
