[0.213s] Invoking command in '/home/subzero/ros2_ws/build/subzero_v1': PYTHONPATH=/home/subzero/ros2_ws/install/subzero_v1/lib/python3.8/site-packages:${PYTHONPATH} /usr/bin/python3 setup.py develop --prefix /home/subzero/ros2_ws/install/subzero_v1 --editable --build-directory /home/subzero/ros2_ws/build/subzero_v1/build --no-deps install_data --install-dir /home/subzero/ros2_ws/install/subzero_v1
[0.389s] running develop
[0.487s] running egg_info
[0.487s] writing subzero_v1.egg-info/PKG-INFO
[0.488s] writing dependency_links to subzero_v1.egg-info/dependency_links.txt
[0.488s] writing entry points to subzero_v1.egg-info/entry_points.txt
[0.488s] writing requirements to subzero_v1.egg-info/requires.txt
[0.488s] writing top-level names to subzero_v1.egg-info/top_level.txt
[0.514s] reading manifest file 'subzero_v1.egg-info/SOURCES.txt'
[0.515s] writing manifest file 'subzero_v1.egg-info/SOURCES.txt'
[0.586s] running build_ext
[0.587s] Creating /home/subzero/ros2_ws/install/subzero_v1/lib/python3.8/site-packages/subzero-v1.egg-link (link to .)
[0.588s] Installing ApRES script to /home/subzero/ros2_ws/install/subzero_v1/lib/subzero_v1
[0.588s] Installing Arduino script to /home/subzero/ros2_ws/install/subzero_v1/lib/subzero_v1
[0.588s] Installing AutoDrive script to /home/subzero/ros2_ws/install/subzero_v1/lib/subzero_v1
[0.589s] Installing Garmin script to /home/subzero/ros2_ws/install/subzero_v1/lib/subzero_v1
[0.589s] Installing LogWriter script to /home/subzero/ros2_ws/install/subzero_v1/lib/subzero_v1
[0.589s] Installing ManualDrive script to /home/subzero/ros2_ws/install/subzero_v1/lib/subzero_v1
[0.589s] Installing Radio script to /home/subzero/ros2_ws/install/subzero_v1/lib/subzero_v1
[0.589s] Installing Telemetry script to /home/subzero/ros2_ws/install/subzero_v1/lib/subzero_v1
[0.589s] Installing Trimble script to /home/subzero/ros2_ws/install/subzero_v1/lib/subzero_v1
[0.589s] Installing WriteSpeed script to /home/subzero/ros2_ws/install/subzero_v1/lib/subzero_v1
[0.589s] 
[0.590s] Installed /home/subzero/ros2_ws/build/subzero_v1
[0.590s] running install_data
[0.614s] Invoked command in '/home/subzero/ros2_ws/build/subzero_v1' returned '0': PYTHONPATH=/home/subzero/ros2_ws/install/subzero_v1/lib/python3.8/site-packages:${PYTHONPATH} /usr/bin/python3 setup.py develop --prefix /home/subzero/ros2_ws/install/subzero_v1 --editable --build-directory /home/subzero/ros2_ws/build/subzero_v1/build --no-deps install_data --install-dir /home/subzero/ros2_ws/install/subzero_v1
