[0.229s] DEBUG:colcon:Command line arguments: ['/usr/bin/colcon', 'build']
[0.229s] DEBUG:colcon:Parsed command line arguments: Namespace(ament_cmake_args=None, base_paths=['.'], build_base='build', catkin_cmake_args=None, catkin_skip_building_tests=False, cmake_args=None, cmake_clean_cache=False, cmake_clean_first=False, cmake_force_configure=False, cmake_target=None, cmake_target_skip_unavailable=False, continue_on_error=False, event_handlers=None, executor='parallel', ignore_user_meta=False, install_base='install', log_base=None, log_level=None, main=<bound method BuildVerb.main of <colcon_core.verb.build.BuildVerb object at 0x7f2a094960a0>>, merge_install=False, metas=['./colcon.meta'], packages_above=None, packages_above_and_dependencies=None, packages_above_depth=None, packages_end=None, packages_ignore=None, packages_ignore_regex=None, packages_select=None, packages_select_build_failed=False, packages_select_by_dep=None, packages_select_regex=None, packages_select_test_failures=False, packages_skip=None, packages_skip_build_finished=False, packages_skip_by_dep=None, packages_skip_regex=None, packages_skip_test_passed=False, packages_skip_up_to=None, packages_start=None, packages_up_to=None, packages_up_to_regex=None, parallel_workers=8, paths=None, symlink_install=False, test_result_base=None, verb_extension=<colcon_core.verb.build.BuildVerb object at 0x7f2a094960a0>, verb_name='build', verb_parser=<colcon_defaults.argument_parser.defaults.DefaultArgumentsDecorator object at 0x7f2a094965e0>)
[0.233s] Level 1:colcon.colcon_core.package_discovery:discover_packages(colcon_meta) check parameters
[0.233s] Level 1:colcon.colcon_core.package_discovery:discover_packages(recursive) check parameters
[0.233s] Level 1:colcon.colcon_core.package_discovery:discover_packages(ignore) check parameters
[0.233s] Level 1:colcon.colcon_core.package_discovery:discover_packages(path) check parameters
[0.233s] Level 1:colcon.colcon_core.package_discovery:discover_packages(colcon_meta) discover
[0.233s] Level 1:colcon.colcon_core.package_discovery:discover_packages(recursive) discover
[0.233s] INFO:colcon.colcon_core.package_discovery:Crawling recursively for packages in '/home/subzero/ros2_ws'
[0.234s] Level 1:colcon.colcon_core.package_identification:_identify(.) by extensions ['ignore', 'ignore_ament_install']
[0.234s] Level 1:colcon.colcon_core.package_identification:_identify(.) by extension 'ignore'
[0.234s] Level 1:colcon.colcon_core.package_identification:_identify(.) by extension 'ignore_ament_install'
[0.234s] Level 1:colcon.colcon_core.package_identification:_identify(.) by extensions ['colcon_pkg']
[0.234s] Level 1:colcon.colcon_core.package_identification:_identify(.) by extension 'colcon_pkg'
[0.234s] Level 1:colcon.colcon_core.package_identification:_identify(.) by extensions ['colcon_meta']
[0.234s] Level 1:colcon.colcon_core.package_identification:_identify(.) by extension 'colcon_meta'
[0.234s] Level 1:colcon.colcon_core.package_identification:_identify(.) by extensions ['ros']
[0.234s] Level 1:colcon.colcon_core.package_identification:_identify(.) by extension 'ros'
[0.243s] Level 1:colcon.colcon_core.package_identification:_identify(.) by extensions ['cmake', 'python']
[0.243s] Level 1:colcon.colcon_core.package_identification:_identify(.) by extension 'cmake'
[0.243s] Level 1:colcon.colcon_core.package_identification:_identify(.) by extension 'python'
[0.243s] Level 1:colcon.colcon_core.package_identification:_identify(.) by extensions ['python_setup_py']
[0.243s] Level 1:colcon.colcon_core.package_identification:_identify(.) by extension 'python_setup_py'
[0.243s] Level 1:colcon.colcon_core.package_identification:_identify(build) by extensions ['ignore', 'ignore_ament_install']
[0.243s] Level 1:colcon.colcon_core.package_identification:_identify(build) by extension 'ignore'
[0.243s] Level 1:colcon.colcon_core.package_identification:_identify(build) ignored
[0.244s] Level 1:colcon.colcon_core.package_identification:_identify(install) by extensions ['ignore', 'ignore_ament_install']
[0.244s] Level 1:colcon.colcon_core.package_identification:_identify(install) by extension 'ignore'
[0.244s] Level 1:colcon.colcon_core.package_identification:_identify(install) ignored
[0.244s] Level 1:colcon.colcon_core.package_identification:_identify(log) by extensions ['ignore', 'ignore_ament_install']
[0.244s] Level 1:colcon.colcon_core.package_identification:_identify(log) by extension 'ignore'
[0.244s] Level 1:colcon.colcon_core.package_identification:_identify(log) ignored
[0.244s] Level 1:colcon.colcon_core.package_identification:_identify(src) by extensions ['ignore', 'ignore_ament_install']
[0.244s] Level 1:colcon.colcon_core.package_identification:_identify(src) by extension 'ignore'
[0.244s] Level 1:colcon.colcon_core.package_identification:_identify(src) by extension 'ignore_ament_install'
[0.244s] Level 1:colcon.colcon_core.package_identification:_identify(src) by extensions ['colcon_pkg']
[0.244s] Level 1:colcon.colcon_core.package_identification:_identify(src) by extension 'colcon_pkg'
[0.244s] Level 1:colcon.colcon_core.package_identification:_identify(src) by extensions ['colcon_meta']
[0.244s] Level 1:colcon.colcon_core.package_identification:_identify(src) by extension 'colcon_meta'
[0.244s] Level 1:colcon.colcon_core.package_identification:_identify(src) by extensions ['ros']
[0.244s] Level 1:colcon.colcon_core.package_identification:_identify(src) by extension 'ros'
[0.244s] Level 1:colcon.colcon_core.package_identification:_identify(src) by extensions ['cmake', 'python']
[0.244s] Level 1:colcon.colcon_core.package_identification:_identify(src) by extension 'cmake'
[0.244s] Level 1:colcon.colcon_core.package_identification:_identify(src) by extension 'python'
[0.244s] Level 1:colcon.colcon_core.package_identification:_identify(src) by extensions ['python_setup_py']
[0.244s] Level 1:colcon.colcon_core.package_identification:_identify(src) by extension 'python_setup_py'
[0.245s] Level 1:colcon.colcon_core.package_identification:_identify(src/interfaces_subzero) by extensions ['ignore', 'ignore_ament_install']
[0.245s] Level 1:colcon.colcon_core.package_identification:_identify(src/interfaces_subzero) by extension 'ignore'
[0.245s] Level 1:colcon.colcon_core.package_identification:_identify(src/interfaces_subzero) by extension 'ignore_ament_install'
[0.245s] Level 1:colcon.colcon_core.package_identification:_identify(src/interfaces_subzero) by extensions ['colcon_pkg']
[0.245s] Level 1:colcon.colcon_core.package_identification:_identify(src/interfaces_subzero) by extension 'colcon_pkg'
[0.245s] Level 1:colcon.colcon_core.package_identification:_identify(src/interfaces_subzero) by extensions ['colcon_meta']
[0.245s] Level 1:colcon.colcon_core.package_identification:_identify(src/interfaces_subzero) by extension 'colcon_meta'
[0.245s] Level 1:colcon.colcon_core.package_identification:_identify(src/interfaces_subzero) by extensions ['ros']
[0.245s] Level 1:colcon.colcon_core.package_identification:_identify(src/interfaces_subzero) by extension 'ros'
[0.247s] DEBUG:colcon.colcon_core.package_identification:Package 'src/interfaces_subzero' with type 'ros.ament_cmake' and name 'interfaces_subzero'
[0.247s] Level 1:colcon.colcon_core.package_identification:_identify(src/subzero_v1) by extensions ['ignore', 'ignore_ament_install']
[0.247s] Level 1:colcon.colcon_core.package_identification:_identify(src/subzero_v1) by extension 'ignore'
[0.247s] Level 1:colcon.colcon_core.package_identification:_identify(src/subzero_v1) by extension 'ignore_ament_install'
[0.247s] Level 1:colcon.colcon_core.package_identification:_identify(src/subzero_v1) by extensions ['colcon_pkg']
[0.247s] Level 1:colcon.colcon_core.package_identification:_identify(src/subzero_v1) by extension 'colcon_pkg'
[0.247s] Level 1:colcon.colcon_core.package_identification:_identify(src/subzero_v1) by extensions ['colcon_meta']
[0.247s] Level 1:colcon.colcon_core.package_identification:_identify(src/subzero_v1) by extension 'colcon_meta'
[0.247s] Level 1:colcon.colcon_core.package_identification:_identify(src/subzero_v1) by extensions ['ros']
[0.247s] Level 1:colcon.colcon_core.package_identification:_identify(src/subzero_v1) by extension 'ros'
[0.248s] DEBUG:colcon.colcon_core.package_identification:Package 'src/subzero_v1' with type 'ros.ament_python' and name 'subzero_v1'
[0.248s] Level 1:colcon.colcon_core.package_discovery:discover_packages(recursive) using defaults
[0.248s] Level 1:colcon.colcon_core.package_discovery:discover_packages(ignore) discover
[0.248s] Level 1:colcon.colcon_core.package_discovery:discover_packages(ignore) using defaults
[0.248s] Level 1:colcon.colcon_core.package_discovery:discover_packages(path) discover
[0.248s] Level 1:colcon.colcon_core.package_discovery:discover_packages(path) using defaults
[0.263s] Level 5:colcon.colcon_core.verb:set package 'interfaces_subzero' build argument 'cmake_args' from command line to 'None'
[0.263s] Level 5:colcon.colcon_core.verb:set package 'interfaces_subzero' build argument 'cmake_target' from command line to 'None'
[0.263s] Level 5:colcon.colcon_core.verb:set package 'interfaces_subzero' build argument 'cmake_target_skip_unavailable' from command line to 'False'
[0.264s] Level 5:colcon.colcon_core.verb:set package 'interfaces_subzero' build argument 'cmake_clean_cache' from command line to 'False'
[0.264s] Level 5:colcon.colcon_core.verb:set package 'interfaces_subzero' build argument 'cmake_clean_first' from command line to 'False'
[0.264s] Level 5:colcon.colcon_core.verb:set package 'interfaces_subzero' build argument 'cmake_force_configure' from command line to 'False'
[0.264s] Level 5:colcon.colcon_core.verb:set package 'interfaces_subzero' build argument 'ament_cmake_args' from command line to 'None'
[0.264s] Level 5:colcon.colcon_core.verb:set package 'interfaces_subzero' build argument 'catkin_cmake_args' from command line to 'None'
[0.264s] Level 5:colcon.colcon_core.verb:set package 'interfaces_subzero' build argument 'catkin_skip_building_tests' from command line to 'False'
[0.264s] DEBUG:colcon.colcon_core.verb:Building package 'interfaces_subzero' with the following arguments: {'ament_cmake_args': None, 'build_base': '/home/subzero/ros2_ws/build/interfaces_subzero', 'catkin_cmake_args': None, 'catkin_skip_building_tests': False, 'cmake_args': None, 'cmake_clean_cache': False, 'cmake_clean_first': False, 'cmake_force_configure': False, 'cmake_target': None, 'cmake_target_skip_unavailable': False, 'install_base': '/home/subzero/ros2_ws/install/interfaces_subzero', 'merge_install': False, 'path': '/home/subzero/ros2_ws/src/interfaces_subzero', 'symlink_install': False, 'test_result_base': None}
[0.266s] Level 5:colcon.colcon_core.verb:set package 'subzero_v1' build argument 'cmake_args' from command line to 'None'
[0.266s] Level 5:colcon.colcon_core.verb:set package 'subzero_v1' build argument 'cmake_target' from command line to 'None'
[0.266s] Level 5:colcon.colcon_core.verb:set package 'subzero_v1' build argument 'cmake_target_skip_unavailable' from command line to 'False'
[0.266s] Level 5:colcon.colcon_core.verb:set package 'subzero_v1' build argument 'cmake_clean_cache' from command line to 'False'
[0.266s] Level 5:colcon.colcon_core.verb:set package 'subzero_v1' build argument 'cmake_clean_first' from command line to 'False'
[0.266s] Level 5:colcon.colcon_core.verb:set package 'subzero_v1' build argument 'cmake_force_configure' from command line to 'False'
[0.266s] Level 5:colcon.colcon_core.verb:set package 'subzero_v1' build argument 'ament_cmake_args' from command line to 'None'
[0.266s] Level 5:colcon.colcon_core.verb:set package 'subzero_v1' build argument 'catkin_cmake_args' from command line to 'None'
[0.266s] Level 5:colcon.colcon_core.verb:set package 'subzero_v1' build argument 'catkin_skip_building_tests' from command line to 'False'
[0.266s] DEBUG:colcon.colcon_core.verb:Building package 'subzero_v1' with the following arguments: {'ament_cmake_args': None, 'build_base': '/home/subzero/ros2_ws/build/subzero_v1', 'catkin_cmake_args': None, 'catkin_skip_building_tests': False, 'cmake_args': None, 'cmake_clean_cache': False, 'cmake_clean_first': False, 'cmake_force_configure': False, 'cmake_target': None, 'cmake_target_skip_unavailable': False, 'install_base': '/home/subzero/ros2_ws/install/subzero_v1', 'merge_install': False, 'path': '/home/subzero/ros2_ws/src/subzero_v1', 'symlink_install': False, 'test_result_base': None}
[0.266s] INFO:colcon.colcon_core.executor:Executing jobs using 'parallel' executor
[0.268s] DEBUG:colcon.colcon_parallel_executor.executor.parallel:run_until_complete
[0.268s] INFO:colcon.colcon_ros.task.ament_cmake.build:Building ROS package in '/home/subzero/ros2_ws/src/interfaces_subzero' with build type 'ament_cmake'
[0.268s] INFO:colcon.colcon_cmake.task.cmake.build:Building CMake package in '/home/subzero/ros2_ws/src/interfaces_subzero'
[0.271s] INFO:colcon.colcon_core.plugin_system:Skipping extension 'colcon_core.shell.bat': Not used on non-Windows systems
[0.271s] INFO:colcon.colcon_core.shell:Skip shell extension 'powershell' for command environment: Not usable outside of PowerShell
[0.271s] DEBUG:colcon.colcon_core.shell:Skip shell extension 'dsv' for command environment
[0.273s] DEBUG:colcon.colcon_core.shell:Ignoring prefix path '/opt/ros/foxy'
[0.275s] INFO:colcon.colcon_ros.task.ament_python.build:Building ROS package in '/home/subzero/ros2_ws/src/subzero_v1' with build type 'ament_python'
[0.275s] Level 1:colcon.colcon_core.shell:create_environment_hook('subzero_v1', 'ament_prefix_path')
[0.276s] INFO:colcon.colcon_core.shell:Creating environment hook '/home/subzero/ros2_ws/install/subzero_v1/share/subzero_v1/hook/ament_prefix_path.ps1'
[0.278s] INFO:colcon.colcon_core.shell:Creating environment descriptor '/home/subzero/ros2_ws/install/subzero_v1/share/subzero_v1/hook/ament_prefix_path.dsv'
[0.278s] INFO:colcon.colcon_core.shell:Creating environment hook '/home/subzero/ros2_ws/install/subzero_v1/share/subzero_v1/hook/ament_prefix_path.sh'
[0.279s] INFO:colcon.colcon_core.shell:Skip shell extension 'powershell' for command environment: Not usable outside of PowerShell
[0.279s] DEBUG:colcon.colcon_core.shell:Skip shell extension 'dsv' for command environment
[0.281s] DEBUG:colcon.colcon_core.shell:Ignoring prefix path '/opt/ros/foxy'
[0.288s] DEBUG:colcon.colcon_core.event_handler.log_command:Invoking command in '/home/subzero/ros2_ws/build/interfaces_subzero': CMAKE_PREFIX_PATH=${CMAKE_PREFIX_PATH}:/home/subzero/ros2_ws/install/subzero_v1:/opt/ros/foxy /usr/bin/cmake --build /home/subzero/ros2_ws/build/interfaces_subzero -- -j8 -l8
[0.471s] INFO:colcon.colcon_core.task.python.build:Building Python package in '/home/subzero/ros2_ws/src/subzero_v1'
[0.472s] INFO:colcon.colcon_core.shell:Skip shell extension 'powershell' for command environment: Not usable outside of PowerShell
[0.472s] DEBUG:colcon.colcon_core.shell:Skip shell extension 'dsv' for command environment
[0.473s] DEBUG:colcon.colcon_core.shell:Ignoring prefix path '/opt/ros/foxy'
[0.479s] DEBUG:colcon.colcon_core.event_handler.log_command:Invoking command in '/home/subzero/ros2_ws/build/subzero_v1': PYTHONPATH=/home/subzero/ros2_ws/install/subzero_v1/lib/python3.8/site-packages:${PYTHONPATH} /usr/bin/python3 setup.py develop --prefix /home/subzero/ros2_ws/install/subzero_v1 --uninstall --editable --build-directory /home/subzero/ros2_ws/build/subzero_v1/build
[0.802s] DEBUG:colcon.colcon_core.event_handler.log_command:Invoked command in '/home/subzero/ros2_ws/build/subzero_v1' returned '0': PYTHONPATH=/home/subzero/ros2_ws/install/subzero_v1/lib/python3.8/site-packages:${PYTHONPATH} /usr/bin/python3 setup.py develop --prefix /home/subzero/ros2_ws/install/subzero_v1 --uninstall --editable --build-directory /home/subzero/ros2_ws/build/subzero_v1/build
[0.803s] DEBUG:colcon.colcon_core.event_handler.log_command:Invoking command in '/home/subzero/ros2_ws/src/subzero_v1': PYTHONPATH=/home/subzero/ros2_ws/install/subzero_v1/lib/python3.8/site-packages:${PYTHONPATH} /usr/bin/python3 setup.py egg_info --egg-base ../../build/subzero_v1 build --build-base /home/subzero/ros2_ws/build/subzero_v1/build install --prefix /home/subzero/ros2_ws/install/subzero_v1 --record /home/subzero/ros2_ws/build/subzero_v1/install.log --single-version-externally-managed
[1.082s] DEBUG:colcon.colcon_core.event_handler.log_command:Invoked command in '/home/subzero/ros2_ws/src/subzero_v1' returned '0': PYTHONPATH=/home/subzero/ros2_ws/install/subzero_v1/lib/python3.8/site-packages:${PYTHONPATH} /usr/bin/python3 setup.py egg_info --egg-base ../../build/subzero_v1 build --build-base /home/subzero/ros2_ws/build/subzero_v1/build install --prefix /home/subzero/ros2_ws/install/subzero_v1 --record /home/subzero/ros2_ws/build/subzero_v1/install.log --single-version-externally-managed
[1.085s] Level 1:colcon.colcon_core.environment:checking '/home/subzero/ros2_ws/install/subzero_v1' for CMake module files
[1.085s] Level 1:colcon.colcon_core.environment:checking '/home/subzero/ros2_ws/install/subzero_v1' for CMake config files
[1.086s] Level 1:colcon.colcon_core.environment:checking '/home/subzero/ros2_ws/install/subzero_v1/lib'
[1.086s] Level 1:colcon.colcon_core.environment:checking '/home/subzero/ros2_ws/install/subzero_v1/bin'
[1.086s] Level 1:colcon.colcon_core.environment:checking '/home/subzero/ros2_ws/install/subzero_v1/lib/pkgconfig/subzero_v1.pc'
[1.086s] Level 1:colcon.colcon_core.environment:checking '/home/subzero/ros2_ws/install/subzero_v1/lib/python3.8/site-packages'
[1.086s] Level 1:colcon.colcon_core.shell:create_environment_hook('subzero_v1', 'pythonpath')
[1.087s] INFO:colcon.colcon_core.shell:Creating environment hook '/home/subzero/ros2_ws/install/subzero_v1/share/subzero_v1/hook/pythonpath.ps1'
[1.087s] INFO:colcon.colcon_core.shell:Creating environment descriptor '/home/subzero/ros2_ws/install/subzero_v1/share/subzero_v1/hook/pythonpath.dsv'
[1.088s] INFO:colcon.colcon_core.shell:Creating environment hook '/home/subzero/ros2_ws/install/subzero_v1/share/subzero_v1/hook/pythonpath.sh'
[1.088s] Level 1:colcon.colcon_core.environment:create_environment_scripts_only(subzero_v1)
[1.089s] INFO:colcon.colcon_core.shell:Creating package script '/home/subzero/ros2_ws/install/subzero_v1/share/subzero_v1/package.ps1'
[1.090s] INFO:colcon.colcon_core.shell:Creating package descriptor '/home/subzero/ros2_ws/install/subzero_v1/share/subzero_v1/package.dsv'
[1.090s] INFO:colcon.colcon_core.shell:Creating package script '/home/subzero/ros2_ws/install/subzero_v1/share/subzero_v1/package.sh'
[1.091s] INFO:colcon.colcon_core.shell:Creating package script '/home/subzero/ros2_ws/install/subzero_v1/share/subzero_v1/package.bash'
[1.091s] INFO:colcon.colcon_core.shell:Creating package script '/home/subzero/ros2_ws/install/subzero_v1/share/subzero_v1/package.zsh'
[1.092s] Level 1:colcon.colcon_core.environment:create_file_with_runtime_dependencies(/home/subzero/ros2_ws/install/subzero_v1/share/colcon-core/packages/subzero_v1)
[4.710s] DEBUG:colcon.colcon_core.event_handler.log_command:Invoked command in '/home/subzero/ros2_ws/build/interfaces_subzero' returned '0': CMAKE_PREFIX_PATH=${CMAKE_PREFIX_PATH}:/home/subzero/ros2_ws/install/subzero_v1:/opt/ros/foxy /usr/bin/cmake --build /home/subzero/ros2_ws/build/interfaces_subzero -- -j8 -l8
[4.790s] DEBUG:colcon.colcon_core.event_handler.log_command:Invoking command in '/home/subzero/ros2_ws/build/interfaces_subzero': CMAKE_PREFIX_PATH=${CMAKE_PREFIX_PATH}:/home/subzero/ros2_ws/install/subzero_v1:/opt/ros/foxy /usr/bin/cmake --install /home/subzero/ros2_ws/build/interfaces_subzero
[4.871s] Level 1:colcon.colcon_core.environment:create_environment_scripts_only(interfaces_subzero)
[4.872s] Level 1:colcon.colcon_core.environment:checking '/home/subzero/ros2_ws/install/interfaces_subzero' for CMake module files
[4.872s] DEBUG:colcon.colcon_core.event_handler.log_command:Invoked command in '/home/subzero/ros2_ws/build/interfaces_subzero' returned '0': CMAKE_PREFIX_PATH=${CMAKE_PREFIX_PATH}:/home/subzero/ros2_ws/install/subzero_v1:/opt/ros/foxy /usr/bin/cmake --install /home/subzero/ros2_ws/build/interfaces_subzero
[4.872s] Level 1:colcon.colcon_core.environment:checking '/home/subzero/ros2_ws/install/interfaces_subzero' for CMake config files
[4.873s] Level 1:colcon.colcon_core.shell:create_environment_hook('interfaces_subzero', 'cmake_prefix_path')
[4.874s] INFO:colcon.colcon_core.shell:Creating environment hook '/home/subzero/ros2_ws/install/interfaces_subzero/share/interfaces_subzero/hook/cmake_prefix_path.ps1'
[4.874s] INFO:colcon.colcon_core.shell:Creating environment descriptor '/home/subzero/ros2_ws/install/interfaces_subzero/share/interfaces_subzero/hook/cmake_prefix_path.dsv'
[4.874s] INFO:colcon.colcon_core.shell:Creating environment hook '/home/subzero/ros2_ws/install/interfaces_subzero/share/interfaces_subzero/hook/cmake_prefix_path.sh'
[4.875s] Level 1:colcon.colcon_core.environment:checking '/home/subzero/ros2_ws/install/interfaces_subzero/lib'
[4.875s] Level 1:colcon.colcon_core.shell:create_environment_hook('interfaces_subzero', 'ld_library_path_lib')
[4.875s] INFO:colcon.colcon_core.shell:Creating environment hook '/home/subzero/ros2_ws/install/interfaces_subzero/share/interfaces_subzero/hook/ld_library_path_lib.ps1'
[4.875s] INFO:colcon.colcon_core.shell:Creating environment descriptor '/home/subzero/ros2_ws/install/interfaces_subzero/share/interfaces_subzero/hook/ld_library_path_lib.dsv'
[4.875s] INFO:colcon.colcon_core.shell:Creating environment hook '/home/subzero/ros2_ws/install/interfaces_subzero/share/interfaces_subzero/hook/ld_library_path_lib.sh'
[4.876s] Level 1:colcon.colcon_core.environment:checking '/home/subzero/ros2_ws/install/interfaces_subzero/bin'
[4.876s] Level 1:colcon.colcon_core.environment:checking '/home/subzero/ros2_ws/install/interfaces_subzero/lib/pkgconfig/interfaces_subzero.pc'
[4.876s] Level 1:colcon.colcon_core.environment:checking '/home/subzero/ros2_ws/install/interfaces_subzero/lib/python3.8/site-packages'
[4.876s] Level 1:colcon.colcon_core.shell:create_environment_hook('interfaces_subzero', 'pythonpath')
[4.876s] INFO:colcon.colcon_core.shell:Creating environment hook '/home/subzero/ros2_ws/install/interfaces_subzero/share/interfaces_subzero/hook/pythonpath.ps1'
[4.877s] INFO:colcon.colcon_core.shell:Creating environment descriptor '/home/subzero/ros2_ws/install/interfaces_subzero/share/interfaces_subzero/hook/pythonpath.dsv'
[4.877s] INFO:colcon.colcon_core.shell:Creating environment hook '/home/subzero/ros2_ws/install/interfaces_subzero/share/interfaces_subzero/hook/pythonpath.sh'
[4.878s] INFO:colcon.colcon_core.shell:Creating package script '/home/subzero/ros2_ws/install/interfaces_subzero/share/interfaces_subzero/package.ps1'
[4.878s] INFO:colcon.colcon_core.shell:Creating package descriptor '/home/subzero/ros2_ws/install/interfaces_subzero/share/interfaces_subzero/package.dsv'
[4.878s] INFO:colcon.colcon_core.shell:Creating package script '/home/subzero/ros2_ws/install/interfaces_subzero/share/interfaces_subzero/package.sh'
[4.879s] INFO:colcon.colcon_core.shell:Creating package script '/home/subzero/ros2_ws/install/interfaces_subzero/share/interfaces_subzero/package.bash'
[4.879s] INFO:colcon.colcon_core.shell:Creating package script '/home/subzero/ros2_ws/install/interfaces_subzero/share/interfaces_subzero/package.zsh'
[4.879s] Level 1:colcon.colcon_core.environment:create_file_with_runtime_dependencies(/home/subzero/ros2_ws/install/interfaces_subzero/share/colcon-core/packages/interfaces_subzero)
[4.944s] Level 1:colcon.colcon_core.environment:create_environment_scripts_only(interfaces_subzero)
[4.945s] Level 1:colcon.colcon_core.environment:checking '/home/subzero/ros2_ws/install/interfaces_subzero' for CMake module files
[4.945s] Level 1:colcon.colcon_core.environment:checking '/home/subzero/ros2_ws/install/interfaces_subzero' for CMake config files
[4.946s] Level 1:colcon.colcon_core.shell:create_environment_hook('interfaces_subzero', 'cmake_prefix_path')
[4.947s] INFO:colcon.colcon_core.shell:Creating environment hook '/home/subzero/ros2_ws/install/interfaces_subzero/share/interfaces_subzero/hook/cmake_prefix_path.ps1'
[4.947s] INFO:colcon.colcon_core.shell:Creating environment descriptor '/home/subzero/ros2_ws/install/interfaces_subzero/share/interfaces_subzero/hook/cmake_prefix_path.dsv'
[4.948s] INFO:colcon.colcon_core.shell:Creating environment hook '/home/subzero/ros2_ws/install/interfaces_subzero/share/interfaces_subzero/hook/cmake_prefix_path.sh'
[4.948s] Level 1:colcon.colcon_core.environment:checking '/home/subzero/ros2_ws/install/interfaces_subzero/lib'
[4.948s] Level 1:colcon.colcon_core.shell:create_environment_hook('interfaces_subzero', 'ld_library_path_lib')
[4.949s] INFO:colcon.colcon_core.shell:Creating environment hook '/home/subzero/ros2_ws/install/interfaces_subzero/share/interfaces_subzero/hook/ld_library_path_lib.ps1'
[4.949s] INFO:colcon.colcon_core.shell:Creating environment descriptor '/home/subzero/ros2_ws/install/interfaces_subzero/share/interfaces_subzero/hook/ld_library_path_lib.dsv'
[4.949s] INFO:colcon.colcon_core.shell:Creating environment hook '/home/subzero/ros2_ws/install/interfaces_subzero/share/interfaces_subzero/hook/ld_library_path_lib.sh'
[4.950s] Level 1:colcon.colcon_core.environment:checking '/home/subzero/ros2_ws/install/interfaces_subzero/bin'
[4.950s] Level 1:colcon.colcon_core.environment:checking '/home/subzero/ros2_ws/install/interfaces_subzero/lib/pkgconfig/interfaces_subzero.pc'
[4.950s] Level 1:colcon.colcon_core.environment:checking '/home/subzero/ros2_ws/install/interfaces_subzero/lib/python3.8/site-packages'
[4.950s] Level 1:colcon.colcon_core.shell:create_environment_hook('interfaces_subzero', 'pythonpath')
[4.950s] INFO:colcon.colcon_core.shell:Creating environment hook '/home/subzero/ros2_ws/install/interfaces_subzero/share/interfaces_subzero/hook/pythonpath.ps1'
[4.951s] INFO:colcon.colcon_core.shell:Creating environment descriptor '/home/subzero/ros2_ws/install/interfaces_subzero/share/interfaces_subzero/hook/pythonpath.dsv'
[4.951s] INFO:colcon.colcon_core.shell:Creating environment hook '/home/subzero/ros2_ws/install/interfaces_subzero/share/interfaces_subzero/hook/pythonpath.sh'
[4.952s] INFO:colcon.colcon_core.shell:Creating package script '/home/subzero/ros2_ws/install/interfaces_subzero/share/interfaces_subzero/package.ps1'
[4.952s] INFO:colcon.colcon_core.shell:Creating package descriptor '/home/subzero/ros2_ws/install/interfaces_subzero/share/interfaces_subzero/package.dsv'
[4.953s] INFO:colcon.colcon_core.shell:Creating package script '/home/subzero/ros2_ws/install/interfaces_subzero/share/interfaces_subzero/package.sh'
[4.953s] INFO:colcon.colcon_core.shell:Creating package script '/home/subzero/ros2_ws/install/interfaces_subzero/share/interfaces_subzero/package.bash'
[4.963s] INFO:colcon.colcon_core.shell:Creating package script '/home/subzero/ros2_ws/install/interfaces_subzero/share/interfaces_subzero/package.zsh'
[4.963s] Level 1:colcon.colcon_core.environment:create_file_with_runtime_dependencies(/home/subzero/ros2_ws/install/interfaces_subzero/share/colcon-core/packages/interfaces_subzero)
[4.963s] DEBUG:colcon.colcon_parallel_executor.executor.parallel:closing loop
[4.964s] DEBUG:colcon.colcon_parallel_executor.executor.parallel:loop closed
[4.964s] DEBUG:colcon.colcon_parallel_executor.executor.parallel:run_until_complete finished with '0'
[4.964s] DEBUG:colcon.colcon_core.event_reactor:joining thread
[4.969s] INFO:colcon.colcon_core.plugin_system:Skipping extension 'colcon_notification.desktop_notification.terminal_notifier': Not used on non-Darwin systems
[4.969s] INFO:colcon.colcon_core.plugin_system:Skipping extension 'colcon_notification.desktop_notification.win32': Not used on non-Windows systems
[4.969s] INFO:colcon.colcon_notification.desktop_notification:Sending desktop notification using 'notify2'
[4.979s] DEBUG:colcon.colcon_core.event_reactor:joined thread
[4.980s] INFO:colcon.colcon_core.shell:Creating prefix script '/home/subzero/ros2_ws/install/local_setup.ps1'
[4.981s] INFO:colcon.colcon_core.shell:Creating prefix util module '/home/subzero/ros2_ws/install/_local_setup_util_ps1.py'
[4.982s] INFO:colcon.colcon_core.shell:Creating prefix chain script '/home/subzero/ros2_ws/install/setup.ps1'
[4.984s] INFO:colcon.colcon_core.shell:Creating prefix script '/home/subzero/ros2_ws/install/local_setup.sh'
[4.984s] INFO:colcon.colcon_core.shell:Creating prefix util module '/home/subzero/ros2_ws/install/_local_setup_util_sh.py'
[4.985s] INFO:colcon.colcon_core.shell:Creating prefix chain script '/home/subzero/ros2_ws/install/setup.sh'
[4.986s] INFO:colcon.colcon_core.shell:Creating prefix script '/home/subzero/ros2_ws/install/local_setup.bash'
[4.987s] INFO:colcon.colcon_core.shell:Creating prefix chain script '/home/subzero/ros2_ws/install/setup.bash'
[4.989s] INFO:colcon.colcon_core.shell:Creating prefix script '/home/subzero/ros2_ws/install/local_setup.zsh'
[4.989s] INFO:colcon.colcon_core.shell:Creating prefix chain script '/home/subzero/ros2_ws/install/setup.zsh'
