[0.018s] Invoking command in '/home/subzero/ros2_ws/build/interfaces_subzero': CMAKE_PREFIX_PATH=${CMAKE_PREFIX_PATH}:/home/subzero/ros2_ws/install/subzero_v1:/opt/ros/foxy /usr/bin/cmake --build /home/subzero/ros2_ws/build/interfaces_subzero -- -j8 -l8
[0.040s] -- Found ament_cmake: 0.9.9 (/opt/ros/foxy/share/ament_cmake/cmake)
[0.062s] -- Found PythonInterp: /usr/bin/python3 (found suitable version "3.8.10", minimum required is "3") 
[0.062s] -- Using PYTHON_EXECUTABLE: /usr/bin/python3
[0.217s] -- Found rosidl_default_generators: 1.0.1 (/opt/ros/foxy/share/rosidl_default_generators/cmake)
[0.219s] -- Using all available rosidl_typesupport_c: rosidl_typesupport_fastrtps_c;rosidl_typesupport_introspection_c
[0.222s] -- Found rosidl_adapter: 1.2.1 (/opt/ros/foxy/share/rosidl_adapter/cmake)
[0.334s] -- Using all available rosidl_typesupport_cpp: rosidl_typesupport_fastrtps_cpp;rosidl_typesupport_introspection_cpp
[0.375s] -- Found PythonInterp: /usr/bin/python3 (found version "3.8.10") 
[0.483s] -- Found ament_cmake_ros: 0.9.2 (/opt/ros/foxy/share/ament_cmake_ros/cmake)
[0.561s] -- Using all available rosidl_typesupport_c: rosidl_typesupport_fastrtps_c;rosidl_typesupport_introspection_c
[0.568s] -- Using all available rosidl_typesupport_cpp: rosidl_typesupport_fastrtps_cpp;rosidl_typesupport_introspection_cpp
[0.592s] -- Found PythonInterp: /usr/bin/python3 (found suitable version "3.8.10", minimum required is "3.5") 
[0.592s] -- Found python_cmake_module: 0.8.1 (/opt/ros/foxy/share/python_cmake_module/cmake)
[0.616s] -- Using PYTHON_EXECUTABLE: /usr/bin/python3
[0.616s] -- Using PYTHON_INCLUDE_DIRS: /usr/include/python3.8
[0.616s] -- Using PYTHON_LIBRARIES: /usr/lib/x86_64-linux-gnu/libpython3.8.so
[0.627s] -- Found ament_lint_auto: 0.9.6 (/opt/ros/foxy/share/ament_lint_auto/cmake)
[0.635s] -- Added test 'copyright' to check source files copyright and LICENSE
[0.636s] -- Added test 'lint_cmake' to check CMake code style
[0.637s] -- Added test 'xmllint' to check XML markup files
[0.640s] -- Configuring done
[0.664s] -- Generating done
[0.667s] -- Build files have been written to: /home/subzero/ros2_ws/build/interfaces_subzero
[0.698s] [  2%] Built target interfaces_subzero__cpp
[0.698s] [ 12%] Built target interfaces_subzero__rosidl_generator_c
[0.719s] [ 23%] Built target interfaces_subzero__rosidl_typesupport_introspection_cpp
[0.721s] [ 33%] Built target interfaces_subzero__rosidl_typesupport_c
[0.722s] [ 43%] Built target interfaces_subzero__rosidl_typesupport_cpp
[0.725s] [ 53%] Built target interfaces_subzero__rosidl_typesupport_introspection_c
[0.729s] [ 64%] Built target interfaces_subzero__rosidl_typesupport_fastrtps_cpp
[0.750s] [ 74%] Built target interfaces_subzero__rosidl_typesupport_fastrtps_c
[0.766s] [ 74%] Built target interfaces_subzero
[0.784s] [ 76%] Built target interfaces_subzero__py
[0.808s] [ 84%] Built target interfaces_subzero__python
[0.833s] [100%] Built target interfaces_subzero__rosidl_typesupport_introspection_c__pyext
[0.833s] [100%] Built target interfaces_subzero__rosidl_typesupport_c__pyext
[0.833s] [100%] Built target interfaces_subzero__rosidl_typesupport_fastrtps_c__pyext
[0.844s] Invoked command in '/home/subzero/ros2_ws/build/interfaces_subzero' returned '0': CMAKE_PREFIX_PATH=${CMAKE_PREFIX_PATH}:/home/subzero/ros2_ws/install/subzero_v1:/opt/ros/foxy /usr/bin/cmake --build /home/subzero/ros2_ws/build/interfaces_subzero -- -j8 -l8
[0.900s] Invoking command in '/home/subzero/ros2_ws/build/interfaces_subzero': CMAKE_PREFIX_PATH=${CMAKE_PREFIX_PATH}:/home/subzero/ros2_ws/install/subzero_v1:/opt/ros/foxy /usr/bin/cmake --install /home/subzero/ros2_ws/build/interfaces_subzero
[0.908s] -- Install configuration: ""
[0.908s] -- Up-to-date: /home/subzero/ros2_ws/install/interfaces_subzero/share/ament_index/resource_index/rosidl_interfaces/interfaces_subzero
[0.908s] -- Up-to-date: /home/subzero/ros2_ws/install/interfaces_subzero/include/interfaces_subzero
[0.908s] -- Up-to-date: /home/subzero/ros2_ws/install/interfaces_subzero/include/interfaces_subzero/srv
[0.908s] -- Up-to-date: /home/subzero/ros2_ws/install/interfaces_subzero/include/interfaces_subzero/srv/detail
[0.908s] -- Up-to-date: /home/subzero/ros2_ws/install/interfaces_subzero/include/interfaces_subzero/srv/detail/send_string__functions.c
[0.909s] -- Up-to-date: /home/subzero/ros2_ws/install/interfaces_subzero/include/interfaces_subzero/srv/detail/send_string__functions.h
[0.909s] -- Up-to-date: /home/subzero/ros2_ws/install/interfaces_subzero/include/interfaces_subzero/srv/detail/send_string__struct.h
[0.909s] -- Up-to-date: /home/subzero/ros2_ws/install/interfaces_subzero/include/interfaces_subzero/srv/detail/send_string__type_support.h
[0.909s] -- Up-to-date: /home/subzero/ros2_ws/install/interfaces_subzero/include/interfaces_subzero/srv/send_string.h
[0.909s] -- Up-to-date: /home/subzero/ros2_ws/install/interfaces_subzero/include/interfaces_subzero/msg
[0.909s] -- Up-to-date: /home/subzero/ros2_ws/install/interfaces_subzero/include/interfaces_subzero/msg/rosidl_generator_c__visibility_control.h
[0.909s] -- Up-to-date: /home/subzero/ros2_ws/install/interfaces_subzero/include/interfaces_subzero/msg/detail
[0.909s] -- Up-to-date: /home/subzero/ros2_ws/install/interfaces_subzero/include/interfaces_subzero/msg/detail/r9s_gps__functions.h
[0.909s] -- Up-to-date: /home/subzero/ros2_ws/install/interfaces_subzero/include/interfaces_subzero/msg/detail/r9s_gps__struct.h
[0.909s] -- Up-to-date: /home/subzero/ros2_ws/install/interfaces_subzero/include/interfaces_subzero/msg/detail/r9s_gps__functions.c
[0.909s] -- Up-to-date: /home/subzero/ros2_ws/install/interfaces_subzero/include/interfaces_subzero/msg/detail/r9s_gps__type_support.h
[0.909s] -- Up-to-date: /home/subzero/ros2_ws/install/interfaces_subzero/include/interfaces_subzero/msg/r9s_gps.h
[0.909s] -- Up-to-date: /home/subzero/ros2_ws/install/interfaces_subzero/share/interfaces_subzero/environment/library_path.sh
[0.910s] -- Installing: /home/subzero/ros2_ws/install/interfaces_subzero/share/interfaces_subzero/environment/library_path.dsv
[0.910s] -- Up-to-date: /home/subzero/ros2_ws/install/interfaces_subzero/lib/libinterfaces_subzero__rosidl_generator_c.so
[0.910s] -- Up-to-date: /home/subzero/ros2_ws/install/interfaces_subzero/include/interfaces_subzero
[0.910s] -- Up-to-date: /home/subzero/ros2_ws/install/interfaces_subzero/include/interfaces_subzero/srv
[0.910s] -- Up-to-date: /home/subzero/ros2_ws/install/interfaces_subzero/include/interfaces_subzero/srv/detail
[0.910s] -- Up-to-date: /home/subzero/ros2_ws/install/interfaces_subzero/include/interfaces_subzero/srv/detail/send_string__rosidl_typesupport_fastrtps_c.h
[0.910s] -- Up-to-date: /home/subzero/ros2_ws/install/interfaces_subzero/include/interfaces_subzero/msg
[0.910s] -- Up-to-date: /home/subzero/ros2_ws/install/interfaces_subzero/include/interfaces_subzero/msg/rosidl_typesupport_fastrtps_c__visibility_control.h
[0.910s] -- Up-to-date: /home/subzero/ros2_ws/install/interfaces_subzero/include/interfaces_subzero/msg/detail
[0.910s] -- Up-to-date: /home/subzero/ros2_ws/install/interfaces_subzero/include/interfaces_subzero/msg/detail/r9s_gps__rosidl_typesupport_fastrtps_c.h
[0.910s] -- Up-to-date: /home/subzero/ros2_ws/install/interfaces_subzero/lib/libinterfaces_subzero__rosidl_typesupport_fastrtps_c.so
[0.910s] -- Up-to-date: /home/subzero/ros2_ws/install/interfaces_subzero/include/interfaces_subzero
[0.910s] -- Up-to-date: /home/subzero/ros2_ws/install/interfaces_subzero/include/interfaces_subzero/srv
[0.911s] -- Up-to-date: /home/subzero/ros2_ws/install/interfaces_subzero/include/interfaces_subzero/srv/detail
[0.911s] -- Up-to-date: /home/subzero/ros2_ws/install/interfaces_subzero/include/interfaces_subzero/srv/detail/dds_fastrtps
[0.911s] -- Up-to-date: /home/subzero/ros2_ws/install/interfaces_subzero/include/interfaces_subzero/srv/detail/send_string__rosidl_typesupport_fastrtps_cpp.hpp
[0.911s] -- Up-to-date: /home/subzero/ros2_ws/install/interfaces_subzero/include/interfaces_subzero/msg
[0.911s] -- Up-to-date: /home/subzero/ros2_ws/install/interfaces_subzero/include/interfaces_subzero/msg/rosidl_typesupport_fastrtps_cpp__visibility_control.h
[0.911s] -- Up-to-date: /home/subzero/ros2_ws/install/interfaces_subzero/include/interfaces_subzero/msg/detail
[0.911s] -- Up-to-date: /home/subzero/ros2_ws/install/interfaces_subzero/include/interfaces_subzero/msg/detail/dds_fastrtps
[0.911s] -- Up-to-date: /home/subzero/ros2_ws/install/interfaces_subzero/include/interfaces_subzero/msg/detail/r9s_gps__rosidl_typesupport_fastrtps_cpp.hpp
[0.911s] -- Up-to-date: /home/subzero/ros2_ws/install/interfaces_subzero/lib/libinterfaces_subzero__rosidl_typesupport_fastrtps_cpp.so
[0.911s] -- Up-to-date: /home/subzero/ros2_ws/install/interfaces_subzero/include/interfaces_subzero
[0.911s] -- Up-to-date: /home/subzero/ros2_ws/install/interfaces_subzero/include/interfaces_subzero/srv
[0.911s] -- Up-to-date: /home/subzero/ros2_ws/install/interfaces_subzero/include/interfaces_subzero/srv/detail
[0.911s] -- Up-to-date: /home/subzero/ros2_ws/install/interfaces_subzero/include/interfaces_subzero/srv/detail/send_string__type_support.c
[0.911s] -- Up-to-date: /home/subzero/ros2_ws/install/interfaces_subzero/include/interfaces_subzero/srv/detail/send_string__rosidl_typesupport_introspection_c.h
[0.912s] -- Up-to-date: /home/subzero/ros2_ws/install/interfaces_subzero/include/interfaces_subzero/msg
[0.912s] -- Up-to-date: /home/subzero/ros2_ws/install/interfaces_subzero/include/interfaces_subzero/msg/rosidl_typesupport_introspection_c__visibility_control.h
[0.912s] -- Up-to-date: /home/subzero/ros2_ws/install/interfaces_subzero/include/interfaces_subzero/msg/detail
[0.912s] -- Up-to-date: /home/subzero/ros2_ws/install/interfaces_subzero/include/interfaces_subzero/msg/detail/r9s_gps__rosidl_typesupport_introspection_c.h
[0.912s] -- Up-to-date: /home/subzero/ros2_ws/install/interfaces_subzero/include/interfaces_subzero/msg/detail/r9s_gps__type_support.c
[0.912s] -- Up-to-date: /home/subzero/ros2_ws/install/interfaces_subzero/lib/libinterfaces_subzero__rosidl_typesupport_introspection_c.so
[0.912s] -- Up-to-date: /home/subzero/ros2_ws/install/interfaces_subzero/lib/libinterfaces_subzero__rosidl_typesupport_c.so
[0.912s] -- Up-to-date: /home/subzero/ros2_ws/install/interfaces_subzero/include/interfaces_subzero
[0.912s] -- Up-to-date: /home/subzero/ros2_ws/install/interfaces_subzero/include/interfaces_subzero/srv
[0.912s] -- Up-to-date: /home/subzero/ros2_ws/install/interfaces_subzero/include/interfaces_subzero/srv/detail
[0.912s] -- Up-to-date: /home/subzero/ros2_ws/install/interfaces_subzero/include/interfaces_subzero/srv/detail/send_string__struct.hpp
[0.912s] -- Up-to-date: /home/subzero/ros2_ws/install/interfaces_subzero/include/interfaces_subzero/srv/detail/send_string__traits.hpp
[0.912s] -- Up-to-date: /home/subzero/ros2_ws/install/interfaces_subzero/include/interfaces_subzero/srv/detail/send_string__builder.hpp
[0.912s] -- Up-to-date: /home/subzero/ros2_ws/install/interfaces_subzero/include/interfaces_subzero/srv/send_string.hpp
[0.912s] -- Up-to-date: /home/subzero/ros2_ws/install/interfaces_subzero/include/interfaces_subzero/msg
[0.913s] -- Up-to-date: /home/subzero/ros2_ws/install/interfaces_subzero/include/interfaces_subzero/msg/detail
[0.913s] -- Up-to-date: /home/subzero/ros2_ws/install/interfaces_subzero/include/interfaces_subzero/msg/detail/r9s_gps__struct.hpp
[0.913s] -- Up-to-date: /home/subzero/ros2_ws/install/interfaces_subzero/include/interfaces_subzero/msg/detail/r9s_gps__traits.hpp
[0.913s] -- Up-to-date: /home/subzero/ros2_ws/install/interfaces_subzero/include/interfaces_subzero/msg/detail/r9s_gps__builder.hpp
[0.913s] -- Up-to-date: /home/subzero/ros2_ws/install/interfaces_subzero/include/interfaces_subzero/msg/r9s_gps.hpp
[0.913s] -- Up-to-date: /home/subzero/ros2_ws/install/interfaces_subzero/include/interfaces_subzero
[0.913s] -- Up-to-date: /home/subzero/ros2_ws/install/interfaces_subzero/include/interfaces_subzero/srv
[0.913s] -- Up-to-date: /home/subzero/ros2_ws/install/interfaces_subzero/include/interfaces_subzero/srv/detail
[0.913s] -- Up-to-date: /home/subzero/ros2_ws/install/interfaces_subzero/include/interfaces_subzero/srv/detail/send_string__type_support.cpp
[0.913s] -- Up-to-date: /home/subzero/ros2_ws/install/interfaces_subzero/include/interfaces_subzero/srv/detail/send_string__rosidl_typesupport_introspection_cpp.hpp
[0.913s] -- Up-to-date: /home/subzero/ros2_ws/install/interfaces_subzero/include/interfaces_subzero/msg
[0.913s] -- Up-to-date: /home/subzero/ros2_ws/install/interfaces_subzero/include/interfaces_subzero/msg/detail
[0.913s] -- Up-to-date: /home/subzero/ros2_ws/install/interfaces_subzero/include/interfaces_subzero/msg/detail/r9s_gps__type_support.cpp
[0.913s] -- Up-to-date: /home/subzero/ros2_ws/install/interfaces_subzero/include/interfaces_subzero/msg/detail/r9s_gps__rosidl_typesupport_introspection_cpp.hpp
[0.913s] -- Up-to-date: /home/subzero/ros2_ws/install/interfaces_subzero/lib/libinterfaces_subzero__rosidl_typesupport_introspection_cpp.so
[0.913s] -- Up-to-date: /home/subzero/ros2_ws/install/interfaces_subzero/lib/libinterfaces_subzero__rosidl_typesupport_cpp.so
[0.913s] -- Up-to-date: /home/subzero/ros2_ws/install/interfaces_subzero/share/interfaces_subzero/environment/pythonpath.sh
[0.914s] -- Installing: /home/subzero/ros2_ws/install/interfaces_subzero/share/interfaces_subzero/environment/pythonpath.dsv
[0.914s] -- Installing: /home/subzero/ros2_ws/install/interfaces_subzero/lib/python3.8/site-packages/interfaces_subzero/__init__.py
[0.941s] Compiling '/home/subzero/ros2_ws/install/interfaces_subzero/lib/python3.8/site-packages/interfaces_subzero/__init__.py'...
[0.945s] -- Up-to-date: /home/subzero/ros2_ws/install/interfaces_subzero/lib/python3.8/site-packages/interfaces_subzero/msg
[0.945s] -- Up-to-date: /home/subzero/ros2_ws/install/interfaces_subzero/lib/python3.8/site-packages/interfaces_subzero/msg/_r9s_gps.py
[0.945s] -- Up-to-date: /home/subzero/ros2_ws/install/interfaces_subzero/lib/python3.8/site-packages/interfaces_subzero/msg/__init__.py
[0.945s] -- Up-to-date: /home/subzero/ros2_ws/install/interfaces_subzero/lib/python3.8/site-packages/interfaces_subzero/msg/_r9s_gps_s.c
[0.945s] -- Up-to-date: /home/subzero/ros2_ws/install/interfaces_subzero/lib/python3.8/site-packages/interfaces_subzero/srv
[0.945s] -- Up-to-date: /home/subzero/ros2_ws/install/interfaces_subzero/lib/python3.8/site-packages/interfaces_subzero/srv/_send_string.py
[0.945s] -- Up-to-date: /home/subzero/ros2_ws/install/interfaces_subzero/lib/python3.8/site-packages/interfaces_subzero/srv/__init__.py
[0.945s] -- Up-to-date: /home/subzero/ros2_ws/install/interfaces_subzero/lib/python3.8/site-packages/interfaces_subzero/srv/_send_string_s.c
[0.945s] -- Up-to-date: /home/subzero/ros2_ws/install/interfaces_subzero/lib/python3.8/site-packages/interfaces_subzero/interfaces_subzero_s__rosidl_typesupport_fastrtps_c.cpython-38-x86_64-linux-gnu.so
[0.946s] -- Up-to-date: /home/subzero/ros2_ws/install/interfaces_subzero/lib/python3.8/site-packages/interfaces_subzero/interfaces_subzero_s__rosidl_typesupport_introspection_c.cpython-38-x86_64-linux-gnu.so
[0.946s] -- Up-to-date: /home/subzero/ros2_ws/install/interfaces_subzero/lib/python3.8/site-packages/interfaces_subzero/interfaces_subzero_s__rosidl_typesupport_c.cpython-38-x86_64-linux-gnu.so
[0.946s] -- Up-to-date: /home/subzero/ros2_ws/install/interfaces_subzero/lib/libinterfaces_subzero__python.so
[0.947s] -- Up-to-date: /home/subzero/ros2_ws/install/interfaces_subzero/share/interfaces_subzero/msg/R9sGPS.idl
[0.947s] -- Up-to-date: /home/subzero/ros2_ws/install/interfaces_subzero/share/interfaces_subzero/srv/SendString.idl
[0.947s] -- Up-to-date: /home/subzero/ros2_ws/install/interfaces_subzero/share/interfaces_subzero/msg/R9sGPS.msg
[0.947s] -- Up-to-date: /home/subzero/ros2_ws/install/interfaces_subzero/share/interfaces_subzero/srv/SendString.srv
[0.947s] -- Up-to-date: /home/subzero/ros2_ws/install/interfaces_subzero/share/interfaces_subzero/srv/SendString_Request.msg
[0.947s] -- Up-to-date: /home/subzero/ros2_ws/install/interfaces_subzero/share/interfaces_subzero/srv/SendString_Response.msg
[0.948s] -- Up-to-date: /home/subzero/ros2_ws/install/interfaces_subzero/share/ament_index/resource_index/package_run_dependencies/interfaces_subzero
[0.948s] -- Up-to-date: /home/subzero/ros2_ws/install/interfaces_subzero/share/ament_index/resource_index/parent_prefix_path/interfaces_subzero
[0.948s] -- Up-to-date: /home/subzero/ros2_ws/install/interfaces_subzero/share/interfaces_subzero/environment/ament_prefix_path.sh
[0.948s] -- Installing: /home/subzero/ros2_ws/install/interfaces_subzero/share/interfaces_subzero/environment/ament_prefix_path.dsv
[0.948s] -- Up-to-date: /home/subzero/ros2_ws/install/interfaces_subzero/share/interfaces_subzero/environment/path.sh
[0.948s] -- Installing: /home/subzero/ros2_ws/install/interfaces_subzero/share/interfaces_subzero/environment/path.dsv
[0.948s] -- Up-to-date: /home/subzero/ros2_ws/install/interfaces_subzero/share/interfaces_subzero/local_setup.bash
[0.948s] -- Up-to-date: /home/subzero/ros2_ws/install/interfaces_subzero/share/interfaces_subzero/local_setup.sh
[0.948s] -- Up-to-date: /home/subzero/ros2_ws/install/interfaces_subzero/share/interfaces_subzero/local_setup.zsh
[0.948s] -- Installing: /home/subzero/ros2_ws/install/interfaces_subzero/share/interfaces_subzero/local_setup.dsv
[0.948s] -- Installing: /home/subzero/ros2_ws/install/interfaces_subzero/share/interfaces_subzero/package.dsv
[0.948s] -- Up-to-date: /home/subzero/ros2_ws/install/interfaces_subzero/share/ament_index/resource_index/packages/interfaces_subzero
[0.948s] -- Up-to-date: /home/subzero/ros2_ws/install/interfaces_subzero/share/interfaces_subzero/cmake/interfaces_subzero__rosidl_generator_cExport.cmake
[0.949s] -- Installing: /home/subzero/ros2_ws/install/interfaces_subzero/share/interfaces_subzero/cmake/interfaces_subzero__rosidl_generator_cExport-noconfig.cmake
[0.949s] -- Up-to-date: /home/subzero/ros2_ws/install/interfaces_subzero/share/interfaces_subzero/cmake/interfaces_subzero__rosidl_typesupport_introspection_cExport.cmake
[0.949s] -- Installing: /home/subzero/ros2_ws/install/interfaces_subzero/share/interfaces_subzero/cmake/interfaces_subzero__rosidl_typesupport_introspection_cExport-noconfig.cmake
[0.949s] -- Up-to-date: /home/subzero/ros2_ws/install/interfaces_subzero/share/interfaces_subzero/cmake/interfaces_subzero__rosidl_typesupport_cExport.cmake
[0.949s] -- Installing: /home/subzero/ros2_ws/install/interfaces_subzero/share/interfaces_subzero/cmake/interfaces_subzero__rosidl_typesupport_cExport-noconfig.cmake
[0.949s] -- Up-to-date: /home/subzero/ros2_ws/install/interfaces_subzero/share/interfaces_subzero/cmake/interfaces_subzero__rosidl_generator_cppExport.cmake
[0.949s] -- Up-to-date: /home/subzero/ros2_ws/install/interfaces_subzero/share/interfaces_subzero/cmake/interfaces_subzero__rosidl_typesupport_introspection_cppExport.cmake
[0.949s] -- Installing: /home/subzero/ros2_ws/install/interfaces_subzero/share/interfaces_subzero/cmake/interfaces_subzero__rosidl_typesupport_introspection_cppExport-noconfig.cmake
[0.949s] -- Up-to-date: /home/subzero/ros2_ws/install/interfaces_subzero/share/interfaces_subzero/cmake/interfaces_subzero__rosidl_typesupport_cppExport.cmake
[0.949s] -- Installing: /home/subzero/ros2_ws/install/interfaces_subzero/share/interfaces_subzero/cmake/interfaces_subzero__rosidl_typesupport_cppExport-noconfig.cmake
[0.950s] -- Up-to-date: /home/subzero/ros2_ws/install/interfaces_subzero/share/interfaces_subzero/cmake/rosidl_cmake-extras.cmake
[0.950s] -- Up-to-date: /home/subzero/ros2_ws/install/interfaces_subzero/share/interfaces_subzero/cmake/ament_cmake_export_dependencies-extras.cmake
[0.950s] -- Up-to-date: /home/subzero/ros2_ws/install/interfaces_subzero/share/interfaces_subzero/cmake/ament_cmake_export_libraries-extras.cmake
[0.950s] -- Up-to-date: /home/subzero/ros2_ws/install/interfaces_subzero/share/interfaces_subzero/cmake/ament_cmake_export_targets-extras.cmake
[0.950s] -- Up-to-date: /home/subzero/ros2_ws/install/interfaces_subzero/share/interfaces_subzero/cmake/ament_cmake_export_include_directories-extras.cmake
[0.950s] -- Up-to-date: /home/subzero/ros2_ws/install/interfaces_subzero/share/interfaces_subzero/cmake/rosidl_cmake_export_typesupport_libraries-extras.cmake
[0.950s] -- Up-to-date: /home/subzero/ros2_ws/install/interfaces_subzero/share/interfaces_subzero/cmake/rosidl_cmake_export_typesupport_targets-extras.cmake
[0.950s] -- Up-to-date: /home/subzero/ros2_ws/install/interfaces_subzero/share/interfaces_subzero/cmake/interfaces_subzeroConfig.cmake
[0.950s] -- Up-to-date: /home/subzero/ros2_ws/install/interfaces_subzero/share/interfaces_subzero/cmake/interfaces_subzeroConfig-version.cmake
[0.950s] -- Installing: /home/subzero/ros2_ws/install/interfaces_subzero/share/interfaces_subzero/package.xml
[0.953s] Invoked command in '/home/subzero/ros2_ws/build/interfaces_subzero' returned '0': CMAKE_PREFIX_PATH=${CMAKE_PREFIX_PATH}:/home/subzero/ros2_ws/install/subzero_v1:/opt/ros/foxy /usr/bin/cmake --install /home/subzero/ros2_ws/build/interfaces_subzero
