[0.184s] Invoking command in '/home/subzero/ros2_ws/build/subzero_v1': PYTHONPATH=/home/subzero/ros2_ws/install/subzero_v1/lib/python3.8/site-packages:${PYTHONPATH} /usr/bin/python3 setup.py develop --prefix /home/subzero/ros2_ws/install/subzero_v1 --editable --build-directory /home/subzero/ros2_ws/build/subzero_v1/build --no-deps install_data --install-dir /home/subzero/ros2_ws/install/subzero_v1
[0.357s] running develop
[0.456s] running egg_info
[0.456s] writing subzero_v1.egg-info/PKG-INFO
[0.456s] writing dependency_links to subzero_v1.egg-info/dependency_links.txt
[0.457s] writing entry points to subzero_v1.egg-info/entry_points.txt
[0.457s] writing requirements to subzero_v1.egg-info/requires.txt
[0.457s] writing top-level names to subzero_v1.egg-info/top_level.txt
[0.483s] reading manifest file 'subzero_v1.egg-info/SOURCES.txt'
[0.483s] writing manifest file 'subzero_v1.egg-info/SOURCES.txt'
[0.510s] running build_ext
[0.510s] Creating /home/subzero/ros2_ws/install/subzero_v1/lib/python3.8/site-packages/subzero-v1.egg-link (link to .)
[0.511s] Installing ApRES script to /home/subzero/ros2_ws/install/subzero_v1/lib/subzero_v1
[0.511s] Installing Arduino script to /home/subzero/ros2_ws/install/subzero_v1/lib/subzero_v1
[0.511s] Installing AutoDrive script to /home/subzero/ros2_ws/install/subzero_v1/lib/subzero_v1
[0.511s] Installing Garmin script to /home/subzero/ros2_ws/install/subzero_v1/lib/subzero_v1
[0.511s] Installing LogWriter script to /home/subzero/ros2_ws/install/subzero_v1/lib/subzero_v1
[0.512s] Installing ManualDrive script to /home/subzero/ros2_ws/install/subzero_v1/lib/subzero_v1
[0.512s] Installing PingPongRadio script to /home/subzero/ros2_ws/install/subzero_v1/lib/subzero_v1
[0.512s] Installing Radio script to /home/subzero/ros2_ws/install/subzero_v1/lib/subzero_v1
[0.512s] Installing Telemetry script to /home/subzero/ros2_ws/install/subzero_v1/lib/subzero_v1
[0.512s] Installing Trimble script to /home/subzero/ros2_ws/install/subzero_v1/lib/subzero_v1
[0.512s] Installing WriteSpeed script to /home/subzero/ros2_ws/install/subzero_v1/lib/subzero_v1
[0.512s] 
[0.512s] Installed /home/subzero/ros2_ws/build/subzero_v1
[0.512s] running install_data
[0.512s] copying package.xml -> /home/subzero/ros2_ws/install/subzero_v1/share/subzero_v1
[0.512s] copying launch/subzero_v1.launch.py -> /home/subzero/ros2_ws/install/subzero_v1/share/subzero_v1
[0.533s] Invoked command in '/home/subzero/ros2_ws/build/subzero_v1' returned '0': PYTHONPATH=/home/subzero/ros2_ws/install/subzero_v1/lib/python3.8/site-packages:${PYTHONPATH} /usr/bin/python3 setup.py develop --prefix /home/subzero/ros2_ws/install/subzero_v1 --editable --build-directory /home/subzero/ros2_ws/build/subzero_v1/build --no-deps install_data --install-dir /home/subzero/ros2_ws/install/subzero_v1
