[0.231s] Invoking command in '/home/subzero/ros2_ws/build/subzero_v1': PYTHONPATH=/home/subzero/ros2_ws/install/subzero_v1/lib/python3.8/site-packages:${PYTHONPATH} /usr/bin/python3 setup.py develop --prefix /home/subzero/ros2_ws/install/subzero_v1 --uninstall --editable --build-directory /home/subzero/ros2_ws/build/subzero_v1/build
[0.431s] running develop
[0.543s] Removing /home/subzero/ros2_ws/install/subzero_v1/lib/python3.8/site-packages/subzero-v1.egg-link (link to .)
[0.561s] Invoked command in '/home/subzero/ros2_ws/build/subzero_v1' returned '0': PYTHONPATH=/home/subzero/ros2_ws/install/subzero_v1/lib/python3.8/site-packages:${PYTHONPATH} /usr/bin/python3 setup.py develop --prefix /home/subzero/ros2_ws/install/subzero_v1 --uninstall --editable --build-directory /home/subzero/ros2_ws/build/subzero_v1/build
[0.561s] Invoking command in '/home/subzero/ros2_ws/src/subzero_v1': PYTHONPATH=/home/subzero/ros2_ws/install/subzero_v1/lib/python3.8/site-packages:${PYTHONPATH} /usr/bin/python3 setup.py egg_info --egg-base ../../build/subzero_v1 build --build-base /home/subzero/ros2_ws/build/subzero_v1/build install --prefix /home/subzero/ros2_ws/install/subzero_v1 --record /home/subzero/ros2_ws/build/subzero_v1/install.log --single-version-externally-managed
[0.743s] running egg_info
[0.743s] writing ../../build/subzero_v1/subzero_v1.egg-info/PKG-INFO
[0.744s] writing dependency_links to ../../build/subzero_v1/subzero_v1.egg-info/dependency_links.txt
[0.744s] writing entry points to ../../build/subzero_v1/subzero_v1.egg-info/entry_points.txt
[0.744s] writing requirements to ../../build/subzero_v1/subzero_v1.egg-info/requires.txt
[0.744s] writing top-level names to ../../build/subzero_v1/subzero_v1.egg-info/top_level.txt
[0.784s] reading manifest file '../../build/subzero_v1/subzero_v1.egg-info/SOURCES.txt'
[0.786s] writing manifest file '../../build/subzero_v1/subzero_v1.egg-info/SOURCES.txt'
[0.786s] running build
[0.786s] running build_py
[0.787s] copying subzero_v1/Radio.py -> /home/subzero/ros2_ws/build/subzero_v1/build/lib/subzero_v1
[0.787s] copying subzero_v1/Garmin.py -> /home/subzero/ros2_ws/build/subzero_v1/build/lib/subzero_v1
[0.787s] copying subzero_v1/LogWriter.py -> /home/subzero/ros2_ws/build/subzero_v1/build/lib/subzero_v1
[0.787s] copying subzero_v1/ManualDrive.py -> /home/subzero/ros2_ws/build/subzero_v1/build/lib/subzero_v1
[0.787s] copying subzero_v1/__init__.py -> /home/subzero/ros2_ws/build/subzero_v1/build/lib/subzero_v1
[0.787s] copying subzero_v1/WriteSpeed.py -> /home/subzero/ros2_ws/build/subzero_v1/build/lib/subzero_v1
[0.787s] copying subzero_v1/PingPongRadio.py -> /home/subzero/ros2_ws/build/subzero_v1/build/lib/subzero_v1
[0.788s] copying subzero_v1/Arduino.py -> /home/subzero/ros2_ws/build/subzero_v1/build/lib/subzero_v1
[0.788s] copying subzero_v1/AutoDrive.py -> /home/subzero/ros2_ws/build/subzero_v1/build/lib/subzero_v1
[0.788s] copying subzero_v1/Trimble.py -> /home/subzero/ros2_ws/build/subzero_v1/build/lib/subzero_v1
[0.788s] copying subzero_v1/ApRES.py -> /home/subzero/ros2_ws/build/subzero_v1/build/lib/subzero_v1
[0.788s] copying subzero_v1/Telemetry.py -> /home/subzero/ros2_ws/build/subzero_v1/build/lib/subzero_v1
[0.789s] copying subzero_v1/submodules/DeltaTime.py -> /home/subzero/ros2_ws/build/subzero_v1/build/lib/subzero_v1/submodules
[0.789s] copying subzero_v1/submodules/__init__.py -> /home/subzero/ros2_ws/build/subzero_v1/build/lib/subzero_v1/submodules
[0.789s] copying subzero_v1/submodules/apreshttp.py -> /home/subzero/ros2_ws/build/subzero_v1/build/lib/subzero_v1/submodules
[0.789s] copying subzero_v1/submodules/constrain.py -> /home/subzero/ros2_ws/build/subzero_v1/build/lib/subzero_v1/submodules
[0.789s] copying subzero_v1/submodules/ClassGpsStreamer.py -> /home/subzero/ros2_ws/build/subzero_v1/build/lib/subzero_v1/submodules
[0.790s] running install
[0.790s] running install_lib
[0.791s] creating /home/subzero/ros2_ws/install/subzero_v1/lib/python3.8/site-packages/subzero_v1
[0.792s] copying /home/subzero/ros2_ws/build/subzero_v1/build/lib/subzero_v1/Radio.py -> /home/subzero/ros2_ws/install/subzero_v1/lib/python3.8/site-packages/subzero_v1
[0.792s] copying /home/subzero/ros2_ws/build/subzero_v1/build/lib/subzero_v1/Garmin.py -> /home/subzero/ros2_ws/install/subzero_v1/lib/python3.8/site-packages/subzero_v1
[0.792s] copying /home/subzero/ros2_ws/build/subzero_v1/build/lib/subzero_v1/Dr.py -> /home/subzero/ros2_ws/install/subzero_v1/lib/python3.8/site-packages/subzero_v1
[0.792s] copying /home/subzero/ros2_ws/build/subzero_v1/build/lib/subzero_v1/LogWriter.py -> /home/subzero/ros2_ws/install/subzero_v1/lib/python3.8/site-packages/subzero_v1
[0.792s] copying /home/subzero/ros2_ws/build/subzero_v1/build/lib/subzero_v1/AutoPilot.py -> /home/subzero/ros2_ws/install/subzero_v1/lib/python3.8/site-packages/subzero_v1
[0.793s] copying /home/subzero/ros2_ws/build/subzero_v1/build/lib/subzero_v1/ManualDrive.py -> /home/subzero/ros2_ws/install/subzero_v1/lib/python3.8/site-packages/subzero_v1
[0.793s] creating /home/subzero/ros2_ws/install/subzero_v1/lib/python3.8/site-packages/subzero_v1/submodules
[0.793s] copying /home/subzero/ros2_ws/build/subzero_v1/build/lib/subzero_v1/submodules/DeltaTime.py -> /home/subzero/ros2_ws/install/subzero_v1/lib/python3.8/site-packages/subzero_v1/submodules
[0.794s] copying /home/subzero/ros2_ws/build/subzero_v1/build/lib/subzero_v1/submodules/__init__.py -> /home/subzero/ros2_ws/install/subzero_v1/lib/python3.8/site-packages/subzero_v1/submodules
[0.794s] copying /home/subzero/ros2_ws/build/subzero_v1/build/lib/subzero_v1/submodules/apreshttp.py -> /home/subzero/ros2_ws/install/subzero_v1/lib/python3.8/site-packages/subzero_v1/submodules
[0.794s] copying /home/subzero/ros2_ws/build/subzero_v1/build/lib/subzero_v1/submodules/constrain.py -> /home/subzero/ros2_ws/install/subzero_v1/lib/python3.8/site-packages/subzero_v1/submodules
[0.794s] copying /home/subzero/ros2_ws/build/subzero_v1/build/lib/subzero_v1/submodules/ClassGpsStreamer.py -> /home/subzero/ros2_ws/install/subzero_v1/lib/python3.8/site-packages/subzero_v1/submodules
[0.794s] copying /home/subzero/ros2_ws/build/subzero_v1/build/lib/subzero_v1/__init__.py -> /home/subzero/ros2_ws/install/subzero_v1/lib/python3.8/site-packages/subzero_v1
[0.794s] copying /home/subzero/ros2_ws/build/subzero_v1/build/lib/subzero_v1/WriteSpeed.py -> /home/subzero/ros2_ws/install/subzero_v1/lib/python3.8/site-packages/subzero_v1
[0.794s] copying /home/subzero/ros2_ws/build/subzero_v1/build/lib/subzero_v1/PingPongRadio.py -> /home/subzero/ros2_ws/install/subzero_v1/lib/python3.8/site-packages/subzero_v1
[0.794s] copying /home/subzero/ros2_ws/build/subzero_v1/build/lib/subzero_v1/Arduino.py -> /home/subzero/ros2_ws/install/subzero_v1/lib/python3.8/site-packages/subzero_v1
[0.794s] copying /home/subzero/ros2_ws/build/subzero_v1/build/lib/subzero_v1/ARK.py -> /home/subzero/ros2_ws/install/subzero_v1/lib/python3.8/site-packages/subzero_v1
[0.795s] copying /home/subzero/ros2_ws/build/subzero_v1/build/lib/subzero_v1/Driving.py -> /home/subzero/ros2_ws/install/subzero_v1/lib/python3.8/site-packages/subzero_v1
[0.795s] copying /home/subzero/ros2_ws/build/subzero_v1/build/lib/subzero_v1/Pilot.py -> /home/subzero/ros2_ws/install/subzero_v1/lib/python3.8/site-packages/subzero_v1
[0.795s] copying /home/subzero/ros2_ws/build/subzero_v1/build/lib/subzero_v1/AutoDrive.py -> /home/subzero/ros2_ws/install/subzero_v1/lib/python3.8/site-packages/subzero_v1
[0.795s] copying /home/subzero/ros2_ws/build/subzero_v1/build/lib/subzero_v1/Trimble.py -> /home/subzero/ros2_ws/install/subzero_v1/lib/python3.8/site-packages/subzero_v1
[0.795s] copying /home/subzero/ros2_ws/build/subzero_v1/build/lib/subzero_v1/ApRES.py -> /home/subzero/ros2_ws/install/subzero_v1/lib/python3.8/site-packages/subzero_v1
[0.795s] copying /home/subzero/ros2_ws/build/subzero_v1/build/lib/subzero_v1/Telemetry.py -> /home/subzero/ros2_ws/install/subzero_v1/lib/python3.8/site-packages/subzero_v1
[0.796s] byte-compiling /home/subzero/ros2_ws/install/subzero_v1/lib/python3.8/site-packages/subzero_v1/Radio.py to Radio.cpython-38.pyc
[0.798s] byte-compiling /home/subzero/ros2_ws/install/subzero_v1/lib/python3.8/site-packages/subzero_v1/Garmin.py to Garmin.cpython-38.pyc
[0.799s] byte-compiling /home/subzero/ros2_ws/install/subzero_v1/lib/python3.8/site-packages/subzero_v1/Dr.py to Dr.cpython-38.pyc
[0.800s] byte-compiling /home/subzero/ros2_ws/install/subzero_v1/lib/python3.8/site-packages/subzero_v1/LogWriter.py to LogWriter.cpython-38.pyc
[0.800s] byte-compiling /home/subzero/ros2_ws/install/subzero_v1/lib/python3.8/site-packages/subzero_v1/AutoPilot.py to AutoPilot.cpython-38.pyc
[0.803s] byte-compiling /home/subzero/ros2_ws/install/subzero_v1/lib/python3.8/site-packages/subzero_v1/ManualDrive.py to ManualDrive.cpython-38.pyc
[0.804s] byte-compiling /home/subzero/ros2_ws/install/subzero_v1/lib/python3.8/site-packages/subzero_v1/submodules/DeltaTime.py to DeltaTime.cpython-38.pyc
[0.804s] byte-compiling /home/subzero/ros2_ws/install/subzero_v1/lib/python3.8/site-packages/subzero_v1/submodules/__init__.py to __init__.cpython-38.pyc
[0.804s] byte-compiling /home/subzero/ros2_ws/install/subzero_v1/lib/python3.8/site-packages/subzero_v1/submodules/apreshttp.py to apreshttp.cpython-38.pyc
[0.808s] byte-compiling /home/subzero/ros2_ws/install/subzero_v1/lib/python3.8/site-packages/subzero_v1/submodules/constrain.py to constrain.cpython-38.pyc
[0.809s] byte-compiling /home/subzero/ros2_ws/install/subzero_v1/lib/python3.8/site-packages/subzero_v1/submodules/ClassGpsStreamer.py to ClassGpsStreamer.cpython-38.pyc
[0.809s] byte-compiling /home/subzero/ros2_ws/install/subzero_v1/lib/python3.8/site-packages/subzero_v1/__init__.py to __init__.cpython-38.pyc
[0.809s] byte-compiling /home/subzero/ros2_ws/install/subzero_v1/lib/python3.8/site-packages/subzero_v1/WriteSpeed.py to WriteSpeed.cpython-38.pyc
[0.810s] byte-compiling /home/subzero/ros2_ws/install/subzero_v1/lib/python3.8/site-packages/subzero_v1/PingPongRadio.py to PingPongRadio.cpython-38.pyc
[0.811s] byte-compiling /home/subzero/ros2_ws/install/subzero_v1/lib/python3.8/site-packages/subzero_v1/Arduino.py to Arduino.cpython-38.pyc
[0.812s] byte-compiling /home/subzero/ros2_ws/install/subzero_v1/lib/python3.8/site-packages/subzero_v1/ARK.py to ARK.cpython-38.pyc
[0.812s] byte-compiling /home/subzero/ros2_ws/install/subzero_v1/lib/python3.8/site-packages/subzero_v1/Driving.py to Driving.cpython-38.pyc
[0.815s] byte-compiling /home/subzero/ros2_ws/install/subzero_v1/lib/python3.8/site-packages/subzero_v1/Pilot.py to Pilot.cpython-38.pyc
[0.816s] byte-compiling /home/subzero/ros2_ws/install/subzero_v1/lib/python3.8/site-packages/subzero_v1/AutoDrive.py to AutoDrive.cpython-38.pyc
[0.818s] byte-compiling /home/subzero/ros2_ws/install/subzero_v1/lib/python3.8/site-packages/subzero_v1/Trimble.py to Trimble.cpython-38.pyc
[0.819s] byte-compiling /home/subzero/ros2_ws/install/subzero_v1/lib/python3.8/site-packages/subzero_v1/ApRES.py to ApRES.cpython-38.pyc
[0.821s] byte-compiling /home/subzero/ros2_ws/install/subzero_v1/lib/python3.8/site-packages/subzero_v1/Telemetry.py to Telemetry.cpython-38.pyc
[0.822s] running install_data
[0.823s] copying package.xml -> /home/subzero/ros2_ws/install/subzero_v1/share/subzero_v1
[0.823s] copying launch/subzero_v1.launch.py -> /home/subzero/ros2_ws/install/subzero_v1/share/subzero_v1
[0.823s] running install_egg_info
[0.824s] Copying ../../build/subzero_v1/subzero_v1.egg-info to /home/subzero/ros2_ws/install/subzero_v1/lib/python3.8/site-packages/subzero_v1-0.0.0-py3.8.egg-info
[0.825s] running install_scripts
[0.840s] Installing ApRES script to /home/subzero/ros2_ws/install/subzero_v1/lib/subzero_v1
[0.840s] Installing Arduino script to /home/subzero/ros2_ws/install/subzero_v1/lib/subzero_v1
[0.841s] Installing AutoDrive script to /home/subzero/ros2_ws/install/subzero_v1/lib/subzero_v1
[0.841s] Installing Garmin script to /home/subzero/ros2_ws/install/subzero_v1/lib/subzero_v1
[0.841s] Installing LogWriter script to /home/subzero/ros2_ws/install/subzero_v1/lib/subzero_v1
[0.841s] Installing ManualDrive script to /home/subzero/ros2_ws/install/subzero_v1/lib/subzero_v1
[0.841s] Installing PingPongRadio script to /home/subzero/ros2_ws/install/subzero_v1/lib/subzero_v1
[0.842s] Installing Radio script to /home/subzero/ros2_ws/install/subzero_v1/lib/subzero_v1
[0.842s] Installing Telemetry script to /home/subzero/ros2_ws/install/subzero_v1/lib/subzero_v1
[0.842s] Installing Trimble script to /home/subzero/ros2_ws/install/subzero_v1/lib/subzero_v1
[0.842s] Installing WriteSpeed script to /home/subzero/ros2_ws/install/subzero_v1/lib/subzero_v1
[0.842s] writing list of installed files to '/home/subzero/ros2_ws/build/subzero_v1/install.log'
[0.861s] Invoked command in '/home/subzero/ros2_ws/src/subzero_v1' returned '0': PYTHONPATH=/home/subzero/ros2_ws/install/subzero_v1/lib/python3.8/site-packages:${PYTHONPATH} /usr/bin/python3 setup.py egg_info --egg-base ../../build/subzero_v1 build --build-base /home/subzero/ros2_ws/build/subzero_v1/build install --prefix /home/subzero/ros2_ws/install/subzero_v1 --record /home/subzero/ros2_ws/build/subzero_v1/install.log --single-version-externally-managed
