[0.221s] Invoking command in '/home/subzero/ros2_ws/build/subzero_v1': PYTHONPATH=/home/subzero/ros2_ws/install/subzero_v1/lib/python3.8/site-packages:${PYTHONPATH} /usr/bin/python3 setup.py develop --prefix /home/subzero/ros2_ws/install/subzero_v1 --editable --build-directory /home/subzero/ros2_ws/build/subzero_v1/build --no-deps install_data --install-dir /home/subzero/ros2_ws/install/subzero_v1
[0.442s] running develop
[0.545s] running egg_info
[0.546s] writing subzero_v1.egg-info/PKG-INFO
[0.546s] writing dependency_links to subzero_v1.egg-info/dependency_links.txt
[0.546s] writing entry points to subzero_v1.egg-info/entry_points.txt
[0.546s] writing requirements to subzero_v1.egg-info/requires.txt
[0.546s] writing top-level names to subzero_v1.egg-info/top_level.txt
[0.580s] reading manifest file 'subzero_v1.egg-info/SOURCES.txt'
[0.581s] writing manifest file 'subzero_v1.egg-info/SOURCES.txt'
[0.625s] running build_ext
[0.626s] Creating /home/subzero/ros2_ws/install/subzero_v1/lib/python3.8/site-packages/subzero-v1.egg-link (link to .)
[0.627s] Installing nodeARK script to /home/subzero/ros2_ws/install/subzero_v1/lib/subzero_v1
[0.628s] Installing nodeArduino script to /home/subzero/ros2_ws/install/subzero_v1/lib/subzero_v1
[0.628s] Installing nodeR9sGPS script to /home/subzero/ros2_ws/install/subzero_v1/lib/subzero_v1
[0.628s] Installing nodeRadio script to /home/subzero/ros2_ws/install/subzero_v1/lib/subzero_v1
[0.629s] 
[0.629s] Installed /home/subzero/ros2_ws/build/subzero_v1
[0.629s] running install_data
[0.629s] copying package.xml -> /home/subzero/ros2_ws/install/subzero_v1/share/subzero_v1
[0.629s] copying launch/subzero_v1.launch.py -> /home/subzero/ros2_ws/install/subzero_v1/share/subzero_v1
[0.651s] Invoked command in '/home/subzero/ros2_ws/build/subzero_v1' returned '0': PYTHONPATH=/home/subzero/ros2_ws/install/subzero_v1/lib/python3.8/site-packages:${PYTHONPATH} /usr/bin/python3 setup.py develop --prefix /home/subzero/ros2_ws/install/subzero_v1 --editable --build-directory /home/subzero/ros2_ws/build/subzero_v1/build --no-deps install_data --install-dir /home/subzero/ros2_ws/install/subzero_v1
