[0.025s] Invoking command in '/home/subzero/ros2_ws/build/interfaces_subzero': CMAKE_PREFIX_PATH=${CMAKE_PREFIX_PATH}:/home/subzero/ros2_ws/install/subzero_v1:/opt/ros/foxy /usr/bin/cmake /home/subzero/ros2_ws/src/interfaces_subzero -DCMAKE_INSTALL_PREFIX=/home/subzero/ros2_ws/install/interfaces_subzero
[0.088s] -- Found ament_cmake: 0.9.9 (/opt/ros/foxy/share/ament_cmake/cmake)
[0.115s] -- Found PythonInterp: /usr/bin/python3 (found suitable version "3.8.10", minimum required is "3") 
[0.116s] -- Using PYTHON_EXECUTABLE: /usr/bin/python3
[0.274s] -- Override CMake install command with custom implementation using symlinks instead of copying resources
[0.299s] -- Found rosidl_default_generators: 1.0.1 (/opt/ros/foxy/share/rosidl_default_generators/cmake)
[0.304s] -- Using all available rosidl_typesupport_c: rosidl_typesupport_fastrtps_c;rosidl_typesupport_introspection_c
[0.309s] -- Found rosidl_adapter: 1.2.1 (/opt/ros/foxy/share/rosidl_adapter/cmake)
[0.450s] -- Using all available rosidl_typesupport_cpp: rosidl_typesupport_fastrtps_cpp;rosidl_typesupport_introspection_cpp
[0.500s] -- Found PythonInterp: /usr/bin/python3 (found version "3.8.10") 
[0.659s] -- Found ament_cmake_ros: 0.9.2 (/opt/ros/foxy/share/ament_cmake_ros/cmake)
[0.749s] -- Using all available rosidl_typesupport_c: rosidl_typesupport_fastrtps_c;rosidl_typesupport_introspection_c
[0.762s] -- Using all available rosidl_typesupport_cpp: rosidl_typesupport_fastrtps_cpp;rosidl_typesupport_introspection_cpp
[0.787s] -- Found PythonInterp: /usr/bin/python3 (found suitable version "3.8.10", minimum required is "3.5") 
[0.788s] -- Found python_cmake_module: 0.8.1 (/opt/ros/foxy/share/python_cmake_module/cmake)
[0.818s] -- Using PYTHON_EXECUTABLE: /usr/bin/python3
[0.819s] -- Using PYTHON_INCLUDE_DIRS: /usr/include/python3.8
[0.819s] -- Using PYTHON_LIBRARIES: /usr/lib/x86_64-linux-gnu/libpython3.8.so
[0.840s] -- Found ament_lint_auto: 0.9.6 (/opt/ros/foxy/share/ament_lint_auto/cmake)
[0.870s] -- Added test 'copyright' to check source files copyright and LICENSE
[0.872s] -- Added test 'lint_cmake' to check CMake code style
[0.874s] -- Added test 'xmllint' to check XML markup files
[0.883s] -- Configuring done
[0.959s] -- Generating done
[0.962s] -- Build files have been written to: /home/subzero/ros2_ws/build/interfaces_subzero
[0.968s] Invoked command in '/home/subzero/ros2_ws/build/interfaces_subzero' returned '0': CMAKE_PREFIX_PATH=${CMAKE_PREFIX_PATH}:/home/subzero/ros2_ws/install/subzero_v1:/opt/ros/foxy /usr/bin/cmake /home/subzero/ros2_ws/src/interfaces_subzero -DCMAKE_INSTALL_PREFIX=/home/subzero/ros2_ws/install/interfaces_subzero
[0.970s] Invoking command in '/home/subzero/ros2_ws/build/interfaces_subzero': CMAKE_PREFIX_PATH=${CMAKE_PREFIX_PATH}:/home/subzero/ros2_ws/install/subzero_v1:/opt/ros/foxy /usr/bin/cmake --build /home/subzero/ros2_ws/build/interfaces_subzero -- -j8 -l8
[1.012s] [  1%] [34m[1mGenerating C code for ROS interfaces[0m
[1.013s] [35m[1mScanning dependencies of target interfaces_subzero__cpp[0m
[1.023s] [  2%] [34m[1mGenerating C++ code for ROS interfaces[0m
[1.623s] [  2%] Built target interfaces_subzero__cpp
[1.654s] [35m[1mScanning dependencies of target interfaces_subzero__rosidl_generator_c[0m
[1.662s] [  5%] [34m[1mGenerating C++ introspection for ROS interfaces[0m
[1.662s] [  5%] [34m[1mGenerating C++ type support dispatch for ROS interfaces[0m
[1.666s] [  6%] [34m[1mGenerating C++ type support for eProsima Fast-RTPS[0m
[1.674s] [ 12%] [32mBuilding C object CMakeFiles/interfaces_subzero__rosidl_generator_c.dir/rosidl_generator_c/interfaces_subzero/srv/detail/ap_res_conf__functions.c.o[0m
[1.674s] [ 12%] [32mBuilding C object CMakeFiles/interfaces_subzero__rosidl_generator_c.dir/rosidl_generator_c/interfaces_subzero/msg/detail/telemetrymsg__functions.c.o[0m
[1.674s] [ 12%] [32mBuilding C object CMakeFiles/interfaces_subzero__rosidl_generator_c.dir/rosidl_generator_c/interfaces_subzero/srv/detail/speed_values__functions.c.o[0m
[1.675s] [ 12%] [32mBuilding C object CMakeFiles/interfaces_subzero__rosidl_generator_c.dir/rosidl_generator_c/interfaces_subzero/msg/detail/my_gp_smsg__functions.c.o[0m
[1.675s] [ 12%] [32mBuilding C object CMakeFiles/interfaces_subzero__rosidl_generator_c.dir/rosidl_generator_c/interfaces_subzero/srv/detail/send_string__functions.c.o[0m
[1.879s] [ 13%] [32mBuilding C object CMakeFiles/interfaces_subzero__rosidl_generator_c.dir/rosidl_generator_c/interfaces_subzero/srv/detail/logger_string__functions.c.o[0m
[1.882s] [ 15%] [32mBuilding C object CMakeFiles/interfaces_subzero__rosidl_generator_c.dir/rosidl_generator_c/interfaces_subzero/srv/detail/next_target__functions.c.o[0m
[1.939s] [ 16%] [32m[1mLinking C shared library libinterfaces_subzero__rosidl_generator_c.so[0m
[1.985s] [ 16%] Built target interfaces_subzero__rosidl_generator_c
[1.996s] [ 17%] [34m[1mGenerating C introspection for ROS interfaces[0m
[1.999s] [ 18%] [34m[1mGenerating C type support dispatch for ROS interfaces[0m
[2.143s] [35m[1mScanning dependencies of target interfaces_subzero__rosidl_typesupport_cpp[0m
[2.160s] [ 24%] [32mBuilding CXX object CMakeFiles/interfaces_subzero__rosidl_typesupport_cpp.dir/rosidl_typesupport_cpp/interfaces_subzero/srv/ap_res_conf__type_support.cpp.o[0m
[2.160s] [ 24%] [32mBuilding CXX object CMakeFiles/interfaces_subzero__rosidl_typesupport_cpp.dir/rosidl_typesupport_cpp/interfaces_subzero/msg/my_gp_smsg__type_support.cpp.o[0m
[2.161s] [ 24%] [32mBuilding CXX object CMakeFiles/interfaces_subzero__rosidl_typesupport_cpp.dir/rosidl_typesupport_cpp/interfaces_subzero/srv/send_string__type_support.cpp.o[0m
[2.161s] [ 24%] [32mBuilding CXX object CMakeFiles/interfaces_subzero__rosidl_typesupport_cpp.dir/rosidl_typesupport_cpp/interfaces_subzero/msg/telemetrymsg__type_support.cpp.o[0m
[2.338s] [35m[1mScanning dependencies of target interfaces_subzero__rosidl_typesupport_introspection_cpp[0m
[2.357s] [ 25%] [32mBuilding CXX object CMakeFiles/interfaces_subzero__rosidl_typesupport_introspection_cpp.dir/rosidl_typesupport_introspection_cpp/interfaces_subzero/msg/detail/my_gp_smsg__type_support.cpp.o[0m
[2.655s] [35m[1mScanning dependencies of target interfaces_subzero__rosidl_typesupport_fastrtps_cpp[0m
[2.687s] [ 26%] [32mBuilding CXX object CMakeFiles/interfaces_subzero__rosidl_typesupport_fastrtps_cpp.dir/rosidl_typesupport_fastrtps_cpp/interfaces_subzero/msg/detail/dds_fastrtps/my_gp_smsg__type_support.cpp.o[0m
[2.714s] [35m[1mScanning dependencies of target interfaces_subzero__rosidl_typesupport_c[0m
[2.735s] [ 27%] [32mBuilding CXX object CMakeFiles/interfaces_subzero__rosidl_typesupport_c.dir/rosidl_typesupport_c/interfaces_subzero/msg/my_gp_smsg__type_support.cpp.o[0m
[2.766s] [ 29%] [32mBuilding CXX object CMakeFiles/interfaces_subzero__rosidl_typesupport_c.dir/rosidl_typesupport_c/interfaces_subzero/msg/telemetrymsg__type_support.cpp.o[0m
[2.774s] [ 30%] [32mBuilding CXX object CMakeFiles/interfaces_subzero__rosidl_typesupport_cpp.dir/rosidl_typesupport_cpp/interfaces_subzero/srv/speed_values__type_support.cpp.o[0m
[2.782s] [ 31%] [32mBuilding CXX object CMakeFiles/interfaces_subzero__rosidl_typesupport_cpp.dir/rosidl_typesupport_cpp/interfaces_subzero/srv/next_target__type_support.cpp.o[0m
[2.786s] [ 32%] [32mBuilding CXX object CMakeFiles/interfaces_subzero__rosidl_typesupport_c.dir/rosidl_typesupport_c/interfaces_subzero/srv/send_string__type_support.cpp.o[0m
[2.799s] [ 34%] [32mBuilding CXX object CMakeFiles/interfaces_subzero__rosidl_typesupport_cpp.dir/rosidl_typesupport_cpp/interfaces_subzero/srv/logger_string__type_support.cpp.o[0m
[2.817s] [ 35%] [32mBuilding CXX object CMakeFiles/interfaces_subzero__rosidl_typesupport_c.dir/rosidl_typesupport_c/interfaces_subzero/srv/ap_res_conf__type_support.cpp.o[0m
[2.837s] [ 36%] [32mBuilding CXX object CMakeFiles/interfaces_subzero__rosidl_typesupport_c.dir/rosidl_typesupport_c/interfaces_subzero/srv/speed_values__type_support.cpp.o[0m
[2.856s] [ 37%] [32mBuilding CXX object CMakeFiles/interfaces_subzero__rosidl_typesupport_introspection_cpp.dir/rosidl_typesupport_introspection_cpp/interfaces_subzero/msg/detail/telemetrymsg__type_support.cpp.o[0m
[2.864s] [ 39%] [32mBuilding CXX object CMakeFiles/interfaces_subzero__rosidl_typesupport_introspection_cpp.dir/rosidl_typesupport_introspection_cpp/interfaces_subzero/srv/detail/send_string__type_support.cpp.o[0m
[2.884s] [ 40%] [32mBuilding CXX object CMakeFiles/interfaces_subzero__rosidl_typesupport_c.dir/rosidl_typesupport_c/interfaces_subzero/srv/next_target__type_support.cpp.o[0m
[2.892s] [35m[1mScanning dependencies of target interfaces_subzero__rosidl_typesupport_introspection_c[0m
[2.915s] [ 41%] [32mBuilding C object CMakeFiles/interfaces_subzero__rosidl_typesupport_introspection_c.dir/rosidl_typesupport_introspection_c/interfaces_subzero/msg/detail/my_gp_smsg__type_support.c.o[0m
[2.930s] [ 43%] [32mBuilding CXX object CMakeFiles/interfaces_subzero__rosidl_typesupport_c.dir/rosidl_typesupport_c/interfaces_subzero/srv/logger_string__type_support.cpp.o[0m
[2.964s] [ 44%] [32mBuilding C object CMakeFiles/interfaces_subzero__rosidl_typesupport_introspection_c.dir/rosidl_typesupport_introspection_c/interfaces_subzero/msg/detail/telemetrymsg__type_support.c.o[0m
[2.977s] [ 45%] [32m[1mLinking CXX shared library libinterfaces_subzero__rosidl_typesupport_c.so[0m
[3.010s] [ 46%] [32mBuilding C object CMakeFiles/interfaces_subzero__rosidl_typesupport_introspection_c.dir/rosidl_typesupport_introspection_c/interfaces_subzero/srv/detail/send_string__type_support.c.o[0m
[3.038s] [ 46%] Built target interfaces_subzero__rosidl_typesupport_c
[3.051s] [ 48%] [32mBuilding C object CMakeFiles/interfaces_subzero__rosidl_typesupport_introspection_c.dir/rosidl_typesupport_introspection_c/interfaces_subzero/srv/detail/ap_res_conf__type_support.c.o[0m
[3.062s] [ 49%] [32mBuilding CXX object CMakeFiles/interfaces_subzero__rosidl_typesupport_introspection_cpp.dir/rosidl_typesupport_introspection_cpp/interfaces_subzero/srv/detail/ap_res_conf__type_support.cpp.o[0m
[3.106s] [ 50%] [32mBuilding C object CMakeFiles/interfaces_subzero__rosidl_typesupport_introspection_c.dir/rosidl_typesupport_introspection_c/interfaces_subzero/srv/detail/speed_values__type_support.c.o[0m
[3.162s] [ 51%] [32mBuilding C object CMakeFiles/interfaces_subzero__rosidl_typesupport_introspection_c.dir/rosidl_typesupport_introspection_c/interfaces_subzero/srv/detail/next_target__type_support.c.o[0m
[3.222s] [ 53%] [32mBuilding C object CMakeFiles/interfaces_subzero__rosidl_typesupport_introspection_c.dir/rosidl_typesupport_introspection_c/interfaces_subzero/srv/detail/logger_string__type_support.c.o[0m
[3.271s] [ 54%] [32mBuilding CXX object CMakeFiles/interfaces_subzero__rosidl_typesupport_introspection_cpp.dir/rosidl_typesupport_introspection_cpp/interfaces_subzero/srv/detail/speed_values__type_support.cpp.o[0m
[3.277s] [ 55%] [32m[1mLinking C shared library libinterfaces_subzero__rosidl_typesupport_introspection_c.so[0m
[3.284s] [ 56%] [32mBuilding CXX object CMakeFiles/interfaces_subzero__rosidl_typesupport_fastrtps_cpp.dir/rosidl_typesupport_fastrtps_cpp/interfaces_subzero/msg/detail/dds_fastrtps/telemetrymsg__type_support.cpp.o[0m
[3.304s] [ 58%] [32m[1mLinking CXX shared library libinterfaces_subzero__rosidl_typesupport_cpp.so[0m
[3.325s] [ 58%] Built target interfaces_subzero__rosidl_typesupport_introspection_c
[3.338s] [ 59%] [32mBuilding CXX object CMakeFiles/interfaces_subzero__rosidl_typesupport_fastrtps_cpp.dir/rosidl_typesupport_fastrtps_cpp/interfaces_subzero/srv/detail/dds_fastrtps/send_string__type_support.cpp.o[0m
[3.362s] [ 60%] [32mBuilding CXX object CMakeFiles/interfaces_subzero__rosidl_typesupport_introspection_cpp.dir/rosidl_typesupport_introspection_cpp/interfaces_subzero/srv/detail/next_target__type_support.cpp.o[0m
[3.370s] [ 62%] [32mBuilding CXX object CMakeFiles/interfaces_subzero__rosidl_typesupport_introspection_cpp.dir/rosidl_typesupport_introspection_cpp/interfaces_subzero/srv/detail/logger_string__type_support.cpp.o[0m
[3.376s] [ 62%] Built target interfaces_subzero__rosidl_typesupport_cpp
[3.389s] [ 63%] [32mBuilding CXX object CMakeFiles/interfaces_subzero__rosidl_typesupport_fastrtps_cpp.dir/rosidl_typesupport_fastrtps_cpp/interfaces_subzero/srv/detail/dds_fastrtps/ap_res_conf__type_support.cpp.o[0m
[3.452s] [ 64%] [32mBuilding CXX object CMakeFiles/interfaces_subzero__rosidl_typesupport_fastrtps_cpp.dir/rosidl_typesupport_fastrtps_cpp/interfaces_subzero/srv/detail/dds_fastrtps/speed_values__type_support.cpp.o[0m
[3.619s] [ 65%] [32mBuilding CXX object CMakeFiles/interfaces_subzero__rosidl_typesupport_fastrtps_cpp.dir/rosidl_typesupport_fastrtps_cpp/interfaces_subzero/srv/detail/dds_fastrtps/next_target__type_support.cpp.o[0m
[3.771s] [ 67%] [32mBuilding CXX object CMakeFiles/interfaces_subzero__rosidl_typesupport_fastrtps_cpp.dir/rosidl_typesupport_fastrtps_cpp/interfaces_subzero/srv/detail/dds_fastrtps/logger_string__type_support.cpp.o[0m
[3.870s] [ 68%] [32m[1mLinking CXX shared library libinterfaces_subzero__rosidl_typesupport_introspection_cpp.so[0m
[3.969s] [ 68%] Built target interfaces_subzero__rosidl_typesupport_introspection_cpp
[4.325s] [ 69%] [32m[1mLinking CXX shared library libinterfaces_subzero__rosidl_typesupport_fastrtps_cpp.so[0m
[4.414s] [ 69%] Built target interfaces_subzero__rosidl_typesupport_fastrtps_cpp
[4.439s] [ 70%] [34m[1mGenerating C type support for eProsima Fast-RTPS[0m
[4.957s] [35m[1mScanning dependencies of target interfaces_subzero__rosidl_typesupport_fastrtps_c[0m
[5.011s] [ 74%] [32mBuilding CXX object CMakeFiles/interfaces_subzero__rosidl_typesupport_fastrtps_c.dir/rosidl_typesupport_fastrtps_c/interfaces_subzero/srv/detail/logger_string__type_support_c.cpp.o[0m
[5.011s] [ 74%] [32mBuilding CXX object CMakeFiles/interfaces_subzero__rosidl_typesupport_fastrtps_c.dir/rosidl_typesupport_fastrtps_c/interfaces_subzero/msg/detail/telemetrymsg__type_support_c.cpp.o[0m
[5.011s] [ 74%] [32mBuilding CXX object CMakeFiles/interfaces_subzero__rosidl_typesupport_fastrtps_c.dir/rosidl_typesupport_fastrtps_c/interfaces_subzero/msg/detail/my_gp_smsg__type_support_c.cpp.o[0m
[5.012s] [ 75%] [32mBuilding CXX object CMakeFiles/interfaces_subzero__rosidl_typesupport_fastrtps_c.dir/rosidl_typesupport_fastrtps_c/interfaces_subzero/srv/detail/send_string__type_support_c.cpp.o[0m
[5.012s] [ 77%] [32mBuilding CXX object CMakeFiles/interfaces_subzero__rosidl_typesupport_fastrtps_c.dir/rosidl_typesupport_fastrtps_c/interfaces_subzero/srv/detail/ap_res_conf__type_support_c.cpp.o[0m
[5.013s] [ 78%] [32mBuilding CXX object CMakeFiles/interfaces_subzero__rosidl_typesupport_fastrtps_c.dir/rosidl_typesupport_fastrtps_c/interfaces_subzero/srv/detail/speed_values__type_support_c.cpp.o[0m
[5.013s] [ 79%] [32mBuilding CXX object CMakeFiles/interfaces_subzero__rosidl_typesupport_fastrtps_c.dir/rosidl_typesupport_fastrtps_c/interfaces_subzero/srv/detail/next_target__type_support_c.cpp.o[0m
[5.626s] [ 81%] [32m[1mLinking CXX shared library libinterfaces_subzero__rosidl_typesupport_fastrtps_c.so[0m
[5.705s] [ 81%] Built target interfaces_subzero__rosidl_typesupport_fastrtps_c
[5.743s] [ 81%] Built target interfaces_subzero
[5.754s] [35m[1mScanning dependencies of target interfaces_subzero__py[0m
[5.766s] [ 82%] [34m[1mGenerating Python code for ROS interfaces[0m
[6.834s] [ 82%] Built target interfaces_subzero__py
[6.880s] [35m[1mScanning dependencies of target interfaces_subzero__python[0m
[6.919s] [ 83%] [32mBuilding C object CMakeFiles/interfaces_subzero__python.dir/rosidl_generator_py/interfaces_subzero/srv/_logger_string_s.c.o[0m
[6.919s] [ 87%] [32mBuilding C object CMakeFiles/interfaces_subzero__python.dir/rosidl_generator_py/interfaces_subzero/msg/_telemetrymsg_s.c.o[0m
[6.919s] [ 87%] [32mBuilding C object CMakeFiles/interfaces_subzero__python.dir/rosidl_generator_py/interfaces_subzero/msg/_my_gp_smsg_s.c.o[0m
[6.920s] [ 87%] [32mBuilding C object CMakeFiles/interfaces_subzero__python.dir/rosidl_generator_py/interfaces_subzero/srv/_send_string_s.c.o[0m
[6.920s] [ 88%] [32mBuilding C object CMakeFiles/interfaces_subzero__python.dir/rosidl_generator_py/interfaces_subzero/srv/_ap_res_conf_s.c.o[0m
[6.920s] [ 89%] [32mBuilding C object CMakeFiles/interfaces_subzero__python.dir/rosidl_generator_py/interfaces_subzero/srv/_speed_values_s.c.o[0m
[6.920s] [ 91%] [32mBuilding C object CMakeFiles/interfaces_subzero__python.dir/rosidl_generator_py/interfaces_subzero/srv/_next_target_s.c.o[0m
[7.083s] [ 92%] [32m[1mLinking C shared library rosidl_generator_py/interfaces_subzero/libinterfaces_subzero__python.so[0m
[7.119s] [ 92%] Built target interfaces_subzero__python
[7.130s] [35m[1mScanning dependencies of target interfaces_subzero__rosidl_typesupport_fastrtps_c__pyext[0m
[7.131s] [35m[1mScanning dependencies of target interfaces_subzero__rosidl_typesupport_c__pyext[0m
[7.131s] [35m[1mScanning dependencies of target interfaces_subzero__rosidl_typesupport_introspection_c__pyext[0m
[7.147s] [ 93%] [32mBuilding C object CMakeFiles/interfaces_subzero__rosidl_typesupport_introspection_c__pyext.dir/rosidl_generator_py/interfaces_subzero/_interfaces_subzero_s.ep.rosidl_typesupport_introspection_c.c.o[0m
[7.148s] [ 96%] [32mBuilding C object CMakeFiles/interfaces_subzero__rosidl_typesupport_fastrtps_c__pyext.dir/rosidl_generator_py/interfaces_subzero/_interfaces_subzero_s.ep.rosidl_typesupport_fastrtps_c.c.o[0m
[7.148s] [ 96%] [32mBuilding C object CMakeFiles/interfaces_subzero__rosidl_typesupport_c__pyext.dir/rosidl_generator_py/interfaces_subzero/_interfaces_subzero_s.ep.rosidl_typesupport_c.c.o[0m
[7.275s] [100%] [32m[1mLinking C shared library rosidl_generator_py/interfaces_subzero/interfaces_subzero_s__rosidl_typesupport_c.cpython-38-x86_64-linux-gnu.so[0m
[7.275s] [100%] [32m[1mLinking C shared library rosidl_generator_py/interfaces_subzero/interfaces_subzero_s__rosidl_typesupport_introspection_c.cpython-38-x86_64-linux-gnu.so[0m
[7.275s] [100%] [32m[1mLinking CXX shared library rosidl_generator_py/interfaces_subzero/interfaces_subzero_s__rosidl_typesupport_fastrtps_c.cpython-38-x86_64-linux-gnu.so[0m
[7.306s] [100%] Built target interfaces_subzero__rosidl_typesupport_c__pyext
[7.306s] [100%] Built target interfaces_subzero__rosidl_typesupport_introspection_c__pyext
[7.333s] [100%] Built target interfaces_subzero__rosidl_typesupport_fastrtps_c__pyext
[7.345s] Invoked command in '/home/subzero/ros2_ws/build/interfaces_subzero' returned '0': CMAKE_PREFIX_PATH=${CMAKE_PREFIX_PATH}:/home/subzero/ros2_ws/install/subzero_v1:/opt/ros/foxy /usr/bin/cmake --build /home/subzero/ros2_ws/build/interfaces_subzero -- -j8 -l8
[7.451s] Invoking command in '/home/subzero/ros2_ws/build/interfaces_subzero': CMAKE_PREFIX_PATH=${CMAKE_PREFIX_PATH}:/home/subzero/ros2_ws/install/subzero_v1:/opt/ros/foxy /usr/bin/cmake --install /home/subzero/ros2_ws/build/interfaces_subzero
[7.457s] -- Install configuration: ""
[7.458s] -- Execute custom install script
[7.487s] -- Up-to-date symlink: /home/subzero/ros2_ws/install/interfaces_subzero/share/ament_index/resource_index/rosidl_interfaces/interfaces_subzero
[7.491s] -- Up-to-date symlink: /home/subzero/ros2_ws/install/interfaces_subzero/include/interfaces_subzero/msg/detail/gg_amsg__functions.h
[7.492s] -- Up-to-date symlink: /home/subzero/ros2_ws/install/interfaces_subzero/include/interfaces_subzero/msg/detail/gg_amsg__struct.h
[7.493s] -- Up-to-date symlink: /home/subzero/ros2_ws/install/interfaces_subzero/include/interfaces_subzero/msg/detail/gg_amsg__type_support.h
[7.493s] -- Up-to-date symlink: /home/subzero/ros2_ws/install/interfaces_subzero/include/interfaces_subzero/msg/detail/my_garmin_msg__functions.h
[7.494s] -- Up-to-date symlink: /home/subzero/ros2_ws/install/interfaces_subzero/include/interfaces_subzero/msg/detail/my_garmin_msg__struct.h
[7.495s] -- Up-to-date symlink: /home/subzero/ros2_ws/install/interfaces_subzero/include/interfaces_subzero/msg/detail/my_garmin_msg__type_support.h
[7.496s] -- Up-to-date symlink: /home/subzero/ros2_ws/install/interfaces_subzero/include/interfaces_subzero/msg/detail/my_gp_smsg__functions.h
[7.496s] -- Up-to-date symlink: /home/subzero/ros2_ws/install/interfaces_subzero/include/interfaces_subzero/msg/detail/my_gp_smsg__struct.h
[7.497s] -- Up-to-date symlink: /home/subzero/ros2_ws/install/interfaces_subzero/include/interfaces_subzero/msg/detail/my_gp_smsg__type_support.h
[7.498s] -- Up-to-date symlink: /home/subzero/ros2_ws/install/interfaces_subzero/include/interfaces_subzero/msg/detail/my_trimble_msg__functions.h
[7.498s] -- Up-to-date symlink: /home/subzero/ros2_ws/install/interfaces_subzero/include/interfaces_subzero/msg/detail/my_trimble_msg__struct.h
[7.499s] -- Up-to-date symlink: /home/subzero/ros2_ws/install/interfaces_subzero/include/interfaces_subzero/msg/detail/my_trimble_msg__type_support.h
[7.500s] -- Up-to-date symlink: /home/subzero/ros2_ws/install/interfaces_subzero/include/interfaces_subzero/msg/detail/r9s_gps__functions.h
[7.501s] -- Up-to-date symlink: /home/subzero/ros2_ws/install/interfaces_subzero/include/interfaces_subzero/msg/detail/r9s_gps__struct.h
[7.501s] -- Up-to-date symlink: /home/subzero/ros2_ws/install/interfaces_subzero/include/interfaces_subzero/msg/detail/r9s_gps__type_support.h
[7.502s] -- Up-to-date symlink: /home/subzero/ros2_ws/install/interfaces_subzero/include/interfaces_subzero/msg/detail/rm_cmsg__functions.h
[7.503s] -- Up-to-date symlink: /home/subzero/ros2_ws/install/interfaces_subzero/include/interfaces_subzero/msg/detail/rm_cmsg__struct.h
[7.503s] -- Up-to-date symlink: /home/subzero/ros2_ws/install/interfaces_subzero/include/interfaces_subzero/msg/detail/rm_cmsg__type_support.h
[7.504s] -- Up-to-date symlink: /home/subzero/ros2_ws/install/interfaces_subzero/include/interfaces_subzero/msg/detail/telemetrymsg__functions.h
[7.505s] -- Up-to-date symlink: /home/subzero/ros2_ws/install/interfaces_subzero/include/interfaces_subzero/msg/detail/telemetrymsg__struct.h
[7.506s] -- Up-to-date symlink: /home/subzero/ros2_ws/install/interfaces_subzero/include/interfaces_subzero/msg/detail/telemetrymsg__type_support.h
[7.506s] -- Up-to-date symlink: /home/subzero/ros2_ws/install/interfaces_subzero/include/interfaces_subzero/msg/gg_amsg.h
[7.507s] -- Up-to-date symlink: /home/subzero/ros2_ws/install/interfaces_subzero/include/interfaces_subzero/msg/my_garmin_msg.h
[7.508s] -- Up-to-date symlink: /home/subzero/ros2_ws/install/interfaces_subzero/include/interfaces_subzero/msg/my_gp_smsg.h
[7.508s] -- Up-to-date symlink: /home/subzero/ros2_ws/install/interfaces_subzero/include/interfaces_subzero/msg/my_trimble_msg.h
[7.509s] -- Up-to-date symlink: /home/subzero/ros2_ws/install/interfaces_subzero/include/interfaces_subzero/msg/r9s_gps.h
[7.510s] -- Up-to-date symlink: /home/subzero/ros2_ws/install/interfaces_subzero/include/interfaces_subzero/msg/rm_cmsg.h
[7.511s] -- Up-to-date symlink: /home/subzero/ros2_ws/install/interfaces_subzero/include/interfaces_subzero/msg/rosidl_generator_c__visibility_control.h
[7.511s] -- Up-to-date symlink: /home/subzero/ros2_ws/install/interfaces_subzero/include/interfaces_subzero/msg/telemetrymsg.h
[7.512s] -- Up-to-date symlink: /home/subzero/ros2_ws/install/interfaces_subzero/include/interfaces_subzero/srv/ap_res_conf.h
[7.513s] -- Up-to-date symlink: /home/subzero/ros2_ws/install/interfaces_subzero/include/interfaces_subzero/srv/detail/ap_res_conf__functions.h
[7.514s] -- Up-to-date symlink: /home/subzero/ros2_ws/install/interfaces_subzero/include/interfaces_subzero/srv/detail/ap_res_conf__struct.h
[7.515s] -- Up-to-date symlink: /home/subzero/ros2_ws/install/interfaces_subzero/include/interfaces_subzero/srv/detail/ap_res_conf__type_support.h
[7.515s] -- Symlinking: /home/subzero/ros2_ws/install/interfaces_subzero/include/interfaces_subzero/srv/detail/logger_string__functions.h
[7.535s] -- Symlinking: /home/subzero/ros2_ws/install/interfaces_subzero/include/interfaces_subzero/srv/detail/logger_string__struct.h
[7.552s] -- Symlinking: /home/subzero/ros2_ws/install/interfaces_subzero/include/interfaces_subzero/srv/detail/logger_string__type_support.h
[7.562s] -- Up-to-date symlink: /home/subzero/ros2_ws/install/interfaces_subzero/include/interfaces_subzero/srv/detail/next_target__functions.h
[7.563s] -- Up-to-date symlink: /home/subzero/ros2_ws/install/interfaces_subzero/include/interfaces_subzero/srv/detail/next_target__struct.h
[7.563s] -- Up-to-date symlink: /home/subzero/ros2_ws/install/interfaces_subzero/include/interfaces_subzero/srv/detail/next_target__type_support.h
[7.563s] -- Up-to-date symlink: /home/subzero/ros2_ws/install/interfaces_subzero/include/interfaces_subzero/srv/detail/send_string__functions.h
[7.564s] -- Up-to-date symlink: /home/subzero/ros2_ws/install/interfaces_subzero/include/interfaces_subzero/srv/detail/send_string__struct.h
[7.564s] -- Up-to-date symlink: /home/subzero/ros2_ws/install/interfaces_subzero/include/interfaces_subzero/srv/detail/send_string__type_support.h
[7.564s] -- Up-to-date symlink: /home/subzero/ros2_ws/install/interfaces_subzero/include/interfaces_subzero/srv/detail/speed_values__functions.h
[7.565s] -- Up-to-date symlink: /home/subzero/ros2_ws/install/interfaces_subzero/include/interfaces_subzero/srv/detail/speed_values__struct.h
[7.565s] -- Up-to-date symlink: /home/subzero/ros2_ws/install/interfaces_subzero/include/interfaces_subzero/srv/detail/speed_values__type_support.h
[7.565s] -- Symlinking: /home/subzero/ros2_ws/install/interfaces_subzero/include/interfaces_subzero/srv/logger_string.h
[7.573s] -- Up-to-date symlink: /home/subzero/ros2_ws/install/interfaces_subzero/include/interfaces_subzero/srv/next_target.h
[7.574s] -- Up-to-date symlink: /home/subzero/ros2_ws/install/interfaces_subzero/include/interfaces_subzero/srv/send_string.h
[7.574s] -- Up-to-date symlink: /home/subzero/ros2_ws/install/interfaces_subzero/include/interfaces_subzero/srv/speed_values.h
[7.574s] -- Up-to-date symlink: /home/subzero/ros2_ws/install/interfaces_subzero/share/interfaces_subzero/environment/library_path.sh
[7.575s] -- Up-to-date symlink: /home/subzero/ros2_ws/install/interfaces_subzero/share/interfaces_subzero/environment/library_path.dsv
[7.576s] -- Up-to-date symlink: /home/subzero/ros2_ws/install/interfaces_subzero/include/interfaces_subzero/msg/detail/gg_amsg__rosidl_typesupport_fastrtps_c.h
[7.576s] -- Up-to-date symlink: /home/subzero/ros2_ws/install/interfaces_subzero/include/interfaces_subzero/msg/detail/my_garmin_msg__rosidl_typesupport_fastrtps_c.h
[7.576s] -- Up-to-date symlink: /home/subzero/ros2_ws/install/interfaces_subzero/include/interfaces_subzero/msg/detail/my_gp_smsg__rosidl_typesupport_fastrtps_c.h
[7.577s] -- Up-to-date symlink: /home/subzero/ros2_ws/install/interfaces_subzero/include/interfaces_subzero/msg/detail/my_trimble_msg__rosidl_typesupport_fastrtps_c.h
[7.577s] -- Up-to-date symlink: /home/subzero/ros2_ws/install/interfaces_subzero/include/interfaces_subzero/msg/detail/r9s_gps__rosidl_typesupport_fastrtps_c.h
[7.577s] -- Up-to-date symlink: /home/subzero/ros2_ws/install/interfaces_subzero/include/interfaces_subzero/msg/detail/rm_cmsg__rosidl_typesupport_fastrtps_c.h
[7.578s] -- Up-to-date symlink: /home/subzero/ros2_ws/install/interfaces_subzero/include/interfaces_subzero/msg/detail/telemetrymsg__rosidl_typesupport_fastrtps_c.h
[7.578s] -- Up-to-date symlink: /home/subzero/ros2_ws/install/interfaces_subzero/include/interfaces_subzero/msg/rosidl_typesupport_fastrtps_c__visibility_control.h
[7.579s] -- Up-to-date symlink: /home/subzero/ros2_ws/install/interfaces_subzero/include/interfaces_subzero/srv/detail/ap_res_conf__rosidl_typesupport_fastrtps_c.h
[7.579s] -- Symlinking: /home/subzero/ros2_ws/install/interfaces_subzero/include/interfaces_subzero/srv/detail/logger_string__rosidl_typesupport_fastrtps_c.h
[7.587s] -- Up-to-date symlink: /home/subzero/ros2_ws/install/interfaces_subzero/include/interfaces_subzero/srv/detail/next_target__rosidl_typesupport_fastrtps_c.h
[7.587s] -- Up-to-date symlink: /home/subzero/ros2_ws/install/interfaces_subzero/include/interfaces_subzero/srv/detail/send_string__rosidl_typesupport_fastrtps_c.h
[7.587s] -- Up-to-date symlink: /home/subzero/ros2_ws/install/interfaces_subzero/include/interfaces_subzero/srv/detail/speed_values__rosidl_typesupport_fastrtps_c.h
[7.588s] -- Up-to-date symlink: /home/subzero/ros2_ws/install/interfaces_subzero/lib/libinterfaces_subzero__rosidl_typesupport_fastrtps_c.so
[7.589s] -- Up-to-date symlink: /home/subzero/ros2_ws/install/interfaces_subzero/include/interfaces_subzero/msg/detail/gg_amsg__rosidl_typesupport_fastrtps_cpp.hpp
[7.589s] -- Up-to-date symlink: /home/subzero/ros2_ws/install/interfaces_subzero/include/interfaces_subzero/msg/detail/my_garmin_msg__rosidl_typesupport_fastrtps_cpp.hpp
[7.590s] -- Up-to-date symlink: /home/subzero/ros2_ws/install/interfaces_subzero/include/interfaces_subzero/msg/detail/my_gp_smsg__rosidl_typesupport_fastrtps_cpp.hpp
[7.590s] -- Up-to-date symlink: /home/subzero/ros2_ws/install/interfaces_subzero/include/interfaces_subzero/msg/detail/my_trimble_msg__rosidl_typesupport_fastrtps_cpp.hpp
[7.590s] -- Up-to-date symlink: /home/subzero/ros2_ws/install/interfaces_subzero/include/interfaces_subzero/msg/detail/r9s_gps__rosidl_typesupport_fastrtps_cpp.hpp
[7.591s] -- Up-to-date symlink: /home/subzero/ros2_ws/install/interfaces_subzero/include/interfaces_subzero/msg/detail/rm_cmsg__rosidl_typesupport_fastrtps_cpp.hpp
[7.591s] -- Up-to-date symlink: /home/subzero/ros2_ws/install/interfaces_subzero/include/interfaces_subzero/msg/detail/telemetrymsg__rosidl_typesupport_fastrtps_cpp.hpp
[7.592s] -- Up-to-date symlink: /home/subzero/ros2_ws/install/interfaces_subzero/include/interfaces_subzero/msg/rosidl_typesupport_fastrtps_cpp__visibility_control.h
[7.592s] -- Up-to-date symlink: /home/subzero/ros2_ws/install/interfaces_subzero/include/interfaces_subzero/srv/detail/ap_res_conf__rosidl_typesupport_fastrtps_cpp.hpp
[7.592s] -- Symlinking: /home/subzero/ros2_ws/install/interfaces_subzero/include/interfaces_subzero/srv/detail/logger_string__rosidl_typesupport_fastrtps_cpp.hpp
[7.600s] -- Up-to-date symlink: /home/subzero/ros2_ws/install/interfaces_subzero/include/interfaces_subzero/srv/detail/next_target__rosidl_typesupport_fastrtps_cpp.hpp
[7.601s] -- Up-to-date symlink: /home/subzero/ros2_ws/install/interfaces_subzero/include/interfaces_subzero/srv/detail/send_string__rosidl_typesupport_fastrtps_cpp.hpp
[7.601s] -- Up-to-date symlink: /home/subzero/ros2_ws/install/interfaces_subzero/include/interfaces_subzero/srv/detail/speed_values__rosidl_typesupport_fastrtps_cpp.hpp
[7.602s] -- Up-to-date symlink: /home/subzero/ros2_ws/install/interfaces_subzero/lib/libinterfaces_subzero__rosidl_typesupport_fastrtps_cpp.so
[7.603s] -- Up-to-date symlink: /home/subzero/ros2_ws/install/interfaces_subzero/include/interfaces_subzero/msg/detail/gg_amsg__rosidl_typesupport_introspection_c.h
[7.603s] -- Up-to-date symlink: /home/subzero/ros2_ws/install/interfaces_subzero/include/interfaces_subzero/msg/detail/my_garmin_msg__rosidl_typesupport_introspection_c.h
[7.603s] -- Up-to-date symlink: /home/subzero/ros2_ws/install/interfaces_subzero/include/interfaces_subzero/msg/detail/my_gp_smsg__rosidl_typesupport_introspection_c.h
[7.604s] -- Up-to-date symlink: /home/subzero/ros2_ws/install/interfaces_subzero/include/interfaces_subzero/msg/detail/my_trimble_msg__rosidl_typesupport_introspection_c.h
[7.604s] -- Up-to-date symlink: /home/subzero/ros2_ws/install/interfaces_subzero/include/interfaces_subzero/msg/detail/r9s_gps__rosidl_typesupport_introspection_c.h
[7.604s] -- Up-to-date symlink: /home/subzero/ros2_ws/install/interfaces_subzero/include/interfaces_subzero/msg/detail/rm_cmsg__rosidl_typesupport_introspection_c.h
[7.605s] -- Up-to-date symlink: /home/subzero/ros2_ws/install/interfaces_subzero/include/interfaces_subzero/msg/detail/telemetrymsg__rosidl_typesupport_introspection_c.h
[7.605s] -- Up-to-date symlink: /home/subzero/ros2_ws/install/interfaces_subzero/include/interfaces_subzero/msg/rosidl_typesupport_introspection_c__visibility_control.h
[7.605s] -- Up-to-date symlink: /home/subzero/ros2_ws/install/interfaces_subzero/include/interfaces_subzero/srv/detail/ap_res_conf__rosidl_typesupport_introspection_c.h
[7.605s] -- Symlinking: /home/subzero/ros2_ws/install/interfaces_subzero/include/interfaces_subzero/srv/detail/logger_string__rosidl_typesupport_introspection_c.h
[7.614s] -- Up-to-date symlink: /home/subzero/ros2_ws/install/interfaces_subzero/include/interfaces_subzero/srv/detail/next_target__rosidl_typesupport_introspection_c.h
[7.614s] -- Up-to-date symlink: /home/subzero/ros2_ws/install/interfaces_subzero/include/interfaces_subzero/srv/detail/send_string__rosidl_typesupport_introspection_c.h
[7.614s] -- Up-to-date symlink: /home/subzero/ros2_ws/install/interfaces_subzero/include/interfaces_subzero/srv/detail/speed_values__rosidl_typesupport_introspection_c.h
[7.615s] -- Up-to-date symlink: /home/subzero/ros2_ws/install/interfaces_subzero/include/interfaces_subzero/msg/detail/gg_amsg__builder.hpp
[7.616s] -- Up-to-date symlink: /home/subzero/ros2_ws/install/interfaces_subzero/include/interfaces_subzero/msg/detail/gg_amsg__struct.hpp
[7.616s] -- Up-to-date symlink: /home/subzero/ros2_ws/install/interfaces_subzero/include/interfaces_subzero/msg/detail/gg_amsg__traits.hpp
[7.617s] -- Up-to-date symlink: /home/subzero/ros2_ws/install/interfaces_subzero/include/interfaces_subzero/msg/detail/my_garmin_msg__builder.hpp
[7.617s] -- Up-to-date symlink: /home/subzero/ros2_ws/install/interfaces_subzero/include/interfaces_subzero/msg/detail/my_garmin_msg__struct.hpp
[7.617s] -- Up-to-date symlink: /home/subzero/ros2_ws/install/interfaces_subzero/include/interfaces_subzero/msg/detail/my_garmin_msg__traits.hpp
[7.618s] -- Up-to-date symlink: /home/subzero/ros2_ws/install/interfaces_subzero/include/interfaces_subzero/msg/detail/my_gp_smsg__builder.hpp
[7.618s] -- Up-to-date symlink: /home/subzero/ros2_ws/install/interfaces_subzero/include/interfaces_subzero/msg/detail/my_gp_smsg__struct.hpp
[7.618s] -- Up-to-date symlink: /home/subzero/ros2_ws/install/interfaces_subzero/include/interfaces_subzero/msg/detail/my_gp_smsg__traits.hpp
[7.619s] -- Up-to-date symlink: /home/subzero/ros2_ws/install/interfaces_subzero/include/interfaces_subzero/msg/detail/my_trimble_msg__builder.hpp
[7.619s] -- Up-to-date symlink: /home/subzero/ros2_ws/install/interfaces_subzero/include/interfaces_subzero/msg/detail/my_trimble_msg__struct.hpp
[7.620s] -- Up-to-date symlink: /home/subzero/ros2_ws/install/interfaces_subzero/include/interfaces_subzero/msg/detail/my_trimble_msg__traits.hpp
[7.620s] -- Up-to-date symlink: /home/subzero/ros2_ws/install/interfaces_subzero/include/interfaces_subzero/msg/detail/r9s_gps__builder.hpp
[7.620s] -- Up-to-date symlink: /home/subzero/ros2_ws/install/interfaces_subzero/include/interfaces_subzero/msg/detail/r9s_gps__struct.hpp
[7.621s] -- Up-to-date symlink: /home/subzero/ros2_ws/install/interfaces_subzero/include/interfaces_subzero/msg/detail/r9s_gps__traits.hpp
[7.621s] -- Up-to-date symlink: /home/subzero/ros2_ws/install/interfaces_subzero/include/interfaces_subzero/msg/detail/rm_cmsg__builder.hpp
[7.621s] -- Up-to-date symlink: /home/subzero/ros2_ws/install/interfaces_subzero/include/interfaces_subzero/msg/detail/rm_cmsg__struct.hpp
[7.622s] -- Up-to-date symlink: /home/subzero/ros2_ws/install/interfaces_subzero/include/interfaces_subzero/msg/detail/rm_cmsg__traits.hpp
[7.622s] -- Up-to-date symlink: /home/subzero/ros2_ws/install/interfaces_subzero/include/interfaces_subzero/msg/detail/telemetrymsg__builder.hpp
[7.622s] -- Up-to-date symlink: /home/subzero/ros2_ws/install/interfaces_subzero/include/interfaces_subzero/msg/detail/telemetrymsg__struct.hpp
[7.623s] -- Up-to-date symlink: /home/subzero/ros2_ws/install/interfaces_subzero/include/interfaces_subzero/msg/detail/telemetrymsg__traits.hpp
[7.623s] -- Up-to-date symlink: /home/subzero/ros2_ws/install/interfaces_subzero/include/interfaces_subzero/msg/gg_amsg.hpp
[7.624s] -- Up-to-date symlink: /home/subzero/ros2_ws/install/interfaces_subzero/include/interfaces_subzero/msg/my_garmin_msg.hpp
[7.624s] -- Up-to-date symlink: /home/subzero/ros2_ws/install/interfaces_subzero/include/interfaces_subzero/msg/my_gp_smsg.hpp
[7.624s] -- Up-to-date symlink: /home/subzero/ros2_ws/install/interfaces_subzero/include/interfaces_subzero/msg/my_trimble_msg.hpp
[7.625s] -- Up-to-date symlink: /home/subzero/ros2_ws/install/interfaces_subzero/include/interfaces_subzero/msg/r9s_gps.hpp
[7.625s] -- Up-to-date symlink: /home/subzero/ros2_ws/install/interfaces_subzero/include/interfaces_subzero/msg/rm_cmsg.hpp
[7.625s] -- Up-to-date symlink: /home/subzero/ros2_ws/install/interfaces_subzero/include/interfaces_subzero/msg/telemetrymsg.hpp
[7.626s] -- Up-to-date symlink: /home/subzero/ros2_ws/install/interfaces_subzero/include/interfaces_subzero/srv/ap_res_conf.hpp
[7.626s] -- Up-to-date symlink: /home/subzero/ros2_ws/install/interfaces_subzero/include/interfaces_subzero/srv/detail/ap_res_conf__builder.hpp
[7.627s] -- Up-to-date symlink: /home/subzero/ros2_ws/install/interfaces_subzero/include/interfaces_subzero/srv/detail/ap_res_conf__struct.hpp
[7.627s] -- Up-to-date symlink: /home/subzero/ros2_ws/install/interfaces_subzero/include/interfaces_subzero/srv/detail/ap_res_conf__traits.hpp
[7.627s] -- Symlinking: /home/subzero/ros2_ws/install/interfaces_subzero/include/interfaces_subzero/srv/detail/logger_string__builder.hpp
[7.636s] -- Symlinking: /home/subzero/ros2_ws/install/interfaces_subzero/include/interfaces_subzero/srv/detail/logger_string__struct.hpp
[7.644s] -- Symlinking: /home/subzero/ros2_ws/install/interfaces_subzero/include/interfaces_subzero/srv/detail/logger_string__traits.hpp
[7.653s] -- Up-to-date symlink: /home/subzero/ros2_ws/install/interfaces_subzero/include/interfaces_subzero/srv/detail/next_target__builder.hpp
[7.653s] -- Up-to-date symlink: /home/subzero/ros2_ws/install/interfaces_subzero/include/interfaces_subzero/srv/detail/next_target__struct.hpp
[7.653s] -- Up-to-date symlink: /home/subzero/ros2_ws/install/interfaces_subzero/include/interfaces_subzero/srv/detail/next_target__traits.hpp
[7.653s] -- Up-to-date symlink: /home/subzero/ros2_ws/install/interfaces_subzero/include/interfaces_subzero/srv/detail/send_string__builder.hpp
[7.654s] -- Up-to-date symlink: /home/subzero/ros2_ws/install/interfaces_subzero/include/interfaces_subzero/srv/detail/send_string__struct.hpp
[7.654s] -- Up-to-date symlink: /home/subzero/ros2_ws/install/interfaces_subzero/include/interfaces_subzero/srv/detail/send_string__traits.hpp
[7.655s] -- Up-to-date symlink: /home/subzero/ros2_ws/install/interfaces_subzero/include/interfaces_subzero/srv/detail/speed_values__builder.hpp
[7.655s] -- Up-to-date symlink: /home/subzero/ros2_ws/install/interfaces_subzero/include/interfaces_subzero/srv/detail/speed_values__struct.hpp
[7.655s] -- Up-to-date symlink: /home/subzero/ros2_ws/install/interfaces_subzero/include/interfaces_subzero/srv/detail/speed_values__traits.hpp
[7.655s] -- Symlinking: /home/subzero/ros2_ws/install/interfaces_subzero/include/interfaces_subzero/srv/logger_string.hpp
[7.664s] -- Up-to-date symlink: /home/subzero/ros2_ws/install/interfaces_subzero/include/interfaces_subzero/srv/next_target.hpp
[7.664s] -- Up-to-date symlink: /home/subzero/ros2_ws/install/interfaces_subzero/include/interfaces_subzero/srv/send_string.hpp
[7.665s] -- Up-to-date symlink: /home/subzero/ros2_ws/install/interfaces_subzero/include/interfaces_subzero/srv/speed_values.hpp
[7.666s] -- Up-to-date symlink: /home/subzero/ros2_ws/install/interfaces_subzero/include/interfaces_subzero/msg/detail/gg_amsg__rosidl_typesupport_introspection_cpp.hpp
[7.666s] -- Up-to-date symlink: /home/subzero/ros2_ws/install/interfaces_subzero/include/interfaces_subzero/msg/detail/my_garmin_msg__rosidl_typesupport_introspection_cpp.hpp
[7.666s] -- Up-to-date symlink: /home/subzero/ros2_ws/install/interfaces_subzero/include/interfaces_subzero/msg/detail/my_gp_smsg__rosidl_typesupport_introspection_cpp.hpp
[7.667s] -- Up-to-date symlink: /home/subzero/ros2_ws/install/interfaces_subzero/include/interfaces_subzero/msg/detail/my_trimble_msg__rosidl_typesupport_introspection_cpp.hpp
[7.667s] -- Up-to-date symlink: /home/subzero/ros2_ws/install/interfaces_subzero/include/interfaces_subzero/msg/detail/r9s_gps__rosidl_typesupport_introspection_cpp.hpp
[7.667s] -- Up-to-date symlink: /home/subzero/ros2_ws/install/interfaces_subzero/include/interfaces_subzero/msg/detail/rm_cmsg__rosidl_typesupport_introspection_cpp.hpp
[7.668s] -- Up-to-date symlink: /home/subzero/ros2_ws/install/interfaces_subzero/include/interfaces_subzero/msg/detail/telemetrymsg__rosidl_typesupport_introspection_cpp.hpp
[7.668s] -- Up-to-date symlink: /home/subzero/ros2_ws/install/interfaces_subzero/include/interfaces_subzero/srv/detail/ap_res_conf__rosidl_typesupport_introspection_cpp.hpp
[7.668s] -- Symlinking: /home/subzero/ros2_ws/install/interfaces_subzero/include/interfaces_subzero/srv/detail/logger_string__rosidl_typesupport_introspection_cpp.hpp
[7.676s] -- Up-to-date symlink: /home/subzero/ros2_ws/install/interfaces_subzero/include/interfaces_subzero/srv/detail/next_target__rosidl_typesupport_introspection_cpp.hpp
[7.677s] -- Up-to-date symlink: /home/subzero/ros2_ws/install/interfaces_subzero/include/interfaces_subzero/srv/detail/send_string__rosidl_typesupport_introspection_cpp.hpp
[7.677s] -- Up-to-date symlink: /home/subzero/ros2_ws/install/interfaces_subzero/include/interfaces_subzero/srv/detail/speed_values__rosidl_typesupport_introspection_cpp.hpp
[7.678s] -- Up-to-date symlink: /home/subzero/ros2_ws/install/interfaces_subzero/share/interfaces_subzero/environment/pythonpath.sh
[7.678s] -- Up-to-date symlink: /home/subzero/ros2_ws/install/interfaces_subzero/share/interfaces_subzero/environment/pythonpath.dsv
[7.678s] -- Up-to-date symlink: /home/subzero/ros2_ws/install/interfaces_subzero/lib/python3.8/site-packages/interfaces_subzero/__init__.py
[7.679s] -- Up-to-date symlink: /home/subzero/ros2_ws/install/interfaces_subzero/lib/python3.8/site-packages/interfaces_subzero/msg/__init__.py
[7.679s] -- Up-to-date symlink: /home/subzero/ros2_ws/install/interfaces_subzero/lib/python3.8/site-packages/interfaces_subzero/msg/_gg_amsg.py
[7.680s] -- Up-to-date symlink: /home/subzero/ros2_ws/install/interfaces_subzero/lib/python3.8/site-packages/interfaces_subzero/msg/_my_garmin_msg.py
[7.680s] -- Up-to-date symlink: /home/subzero/ros2_ws/install/interfaces_subzero/lib/python3.8/site-packages/interfaces_subzero/msg/_my_gp_smsg.py
[7.680s] -- Up-to-date symlink: /home/subzero/ros2_ws/install/interfaces_subzero/lib/python3.8/site-packages/interfaces_subzero/msg/_my_trimble_msg.py
[7.681s] -- Up-to-date symlink: /home/subzero/ros2_ws/install/interfaces_subzero/lib/python3.8/site-packages/interfaces_subzero/msg/_r9s_gps.py
[7.681s] -- Up-to-date symlink: /home/subzero/ros2_ws/install/interfaces_subzero/lib/python3.8/site-packages/interfaces_subzero/msg/_rm_cmsg.py
[7.681s] -- Up-to-date symlink: /home/subzero/ros2_ws/install/interfaces_subzero/lib/python3.8/site-packages/interfaces_subzero/msg/_telemetrymsg.py
[7.682s] -- Up-to-date symlink: /home/subzero/ros2_ws/install/interfaces_subzero/lib/python3.8/site-packages/interfaces_subzero/srv/__init__.py
[7.682s] -- Up-to-date symlink: /home/subzero/ros2_ws/install/interfaces_subzero/lib/python3.8/site-packages/interfaces_subzero/srv/_ap_res_conf.py
[7.682s] -- Symlinking: /home/subzero/ros2_ws/install/interfaces_subzero/lib/python3.8/site-packages/interfaces_subzero/srv/_logger_string.py
[7.690s] -- Up-to-date symlink: /home/subzero/ros2_ws/install/interfaces_subzero/lib/python3.8/site-packages/interfaces_subzero/srv/_next_target.py
[7.690s] -- Up-to-date symlink: /home/subzero/ros2_ws/install/interfaces_subzero/lib/python3.8/site-packages/interfaces_subzero/srv/_send_string.py
[7.690s] -- Up-to-date symlink: /home/subzero/ros2_ws/install/interfaces_subzero/lib/python3.8/site-packages/interfaces_subzero/srv/_speed_values.py
[7.690s] -- Up-to-date symlink: /home/subzero/ros2_ws/install/interfaces_subzero/lib/python3.8/site-packages/interfaces_subzero/interfaces_subzero_s__rosidl_typesupport_fastrtps_c.cpython-38-x86_64-linux-gnu.so
[7.691s] -- Up-to-date symlink: /home/subzero/ros2_ws/install/interfaces_subzero/lib/python3.8/site-packages/interfaces_subzero/interfaces_subzero_s__rosidl_typesupport_introspection_c.cpython-38-x86_64-linux-gnu.so
[7.691s] -- Up-to-date symlink: /home/subzero/ros2_ws/install/interfaces_subzero/lib/python3.8/site-packages/interfaces_subzero/interfaces_subzero_s__rosidl_typesupport_c.cpython-38-x86_64-linux-gnu.so
[7.692s] -- Up-to-date symlink: /home/subzero/ros2_ws/install/interfaces_subzero/lib/libinterfaces_subzero__python.so
[7.692s] -- Up-to-date symlink: /home/subzero/ros2_ws/install/interfaces_subzero/share/interfaces_subzero/msg/MyGPSmsg.idl
[7.693s] -- Up-to-date symlink: /home/subzero/ros2_ws/install/interfaces_subzero/share/interfaces_subzero/msg/Telemetrymsg.idl
[7.694s] -- Up-to-date symlink: /home/subzero/ros2_ws/install/interfaces_subzero/share/interfaces_subzero/srv/SendString.idl
[7.694s] -- Up-to-date symlink: /home/subzero/ros2_ws/install/interfaces_subzero/share/interfaces_subzero/srv/ApRESConf.idl
[7.695s] -- Up-to-date symlink: /home/subzero/ros2_ws/install/interfaces_subzero/share/interfaces_subzero/srv/SpeedValues.idl
[7.695s] -- Up-to-date symlink: /home/subzero/ros2_ws/install/interfaces_subzero/share/interfaces_subzero/srv/NextTarget.idl
[7.695s] -- Symlinking: /home/subzero/ros2_ws/install/interfaces_subzero/share/interfaces_subzero/srv/LoggerString.idl
[7.703s] -- Up-to-date symlink: /home/subzero/ros2_ws/install/interfaces_subzero/share/interfaces_subzero/msg/MyGPSmsg.msg
[7.703s] -- Up-to-date symlink: /home/subzero/ros2_ws/install/interfaces_subzero/share/interfaces_subzero/msg/Telemetrymsg.msg
[7.704s] -- Up-to-date symlink: /home/subzero/ros2_ws/install/interfaces_subzero/share/interfaces_subzero/srv/SendString.srv
[7.704s] -- Up-to-date symlink: /home/subzero/ros2_ws/install/interfaces_subzero/share/interfaces_subzero/srv/SendString_Request.msg
[7.705s] -- Up-to-date symlink: /home/subzero/ros2_ws/install/interfaces_subzero/share/interfaces_subzero/srv/SendString_Response.msg
[7.705s] -- Up-to-date symlink: /home/subzero/ros2_ws/install/interfaces_subzero/share/interfaces_subzero/srv/ApRESConf.srv
[7.706s] -- Up-to-date symlink: /home/subzero/ros2_ws/install/interfaces_subzero/share/interfaces_subzero/srv/ApRESConf_Request.msg
[7.706s] -- Up-to-date symlink: /home/subzero/ros2_ws/install/interfaces_subzero/share/interfaces_subzero/srv/ApRESConf_Response.msg
[7.707s] -- Up-to-date symlink: /home/subzero/ros2_ws/install/interfaces_subzero/share/interfaces_subzero/srv/SpeedValues.srv
[7.707s] -- Up-to-date symlink: /home/subzero/ros2_ws/install/interfaces_subzero/share/interfaces_subzero/srv/SpeedValues_Request.msg
[7.708s] -- Up-to-date symlink: /home/subzero/ros2_ws/install/interfaces_subzero/share/interfaces_subzero/srv/SpeedValues_Response.msg
[7.708s] -- Up-to-date symlink: /home/subzero/ros2_ws/install/interfaces_subzero/share/interfaces_subzero/srv/NextTarget.srv
[7.709s] -- Up-to-date symlink: /home/subzero/ros2_ws/install/interfaces_subzero/share/interfaces_subzero/srv/NextTarget_Request.msg
[7.709s] -- Up-to-date symlink: /home/subzero/ros2_ws/install/interfaces_subzero/share/interfaces_subzero/srv/NextTarget_Response.msg
[7.709s] -- Symlinking: /home/subzero/ros2_ws/install/interfaces_subzero/share/interfaces_subzero/srv/LoggerString.srv
[7.718s] -- Symlinking: /home/subzero/ros2_ws/install/interfaces_subzero/share/interfaces_subzero/srv/LoggerString_Request.msg
[7.726s] -- Symlinking: /home/subzero/ros2_ws/install/interfaces_subzero/share/interfaces_subzero/srv/LoggerString_Response.msg
[7.734s] -- Up-to-date symlink: /home/subzero/ros2_ws/install/interfaces_subzero/share/ament_index/resource_index/package_run_dependencies/interfaces_subzero
[7.735s] -- Up-to-date symlink: /home/subzero/ros2_ws/install/interfaces_subzero/share/ament_index/resource_index/parent_prefix_path/interfaces_subzero
[7.735s] -- Up-to-date symlink: /home/subzero/ros2_ws/install/interfaces_subzero/share/interfaces_subzero/environment/ament_prefix_path.sh
[7.736s] -- Up-to-date symlink: /home/subzero/ros2_ws/install/interfaces_subzero/share/interfaces_subzero/environment/ament_prefix_path.dsv
[7.736s] -- Up-to-date symlink: /home/subzero/ros2_ws/install/interfaces_subzero/share/interfaces_subzero/environment/path.sh
[7.736s] -- Up-to-date symlink: /home/subzero/ros2_ws/install/interfaces_subzero/share/interfaces_subzero/environment/path.dsv
[7.737s] -- Up-to-date symlink: /home/subzero/ros2_ws/install/interfaces_subzero/share/interfaces_subzero/local_setup.bash
[7.737s] -- Up-to-date symlink: /home/subzero/ros2_ws/install/interfaces_subzero/share/interfaces_subzero/local_setup.sh
[7.738s] -- Up-to-date symlink: /home/subzero/ros2_ws/install/interfaces_subzero/share/interfaces_subzero/local_setup.zsh
[7.738s] -- Up-to-date symlink: /home/subzero/ros2_ws/install/interfaces_subzero/share/interfaces_subzero/local_setup.dsv
[7.738s] -- Symlinking: /home/subzero/ros2_ws/install/interfaces_subzero/share/interfaces_subzero/package.dsv
[7.745s] -- Up-to-date symlink: /home/subzero/ros2_ws/install/interfaces_subzero/share/ament_index/resource_index/packages/interfaces_subzero
[7.746s] -- Up-to-date symlink: /home/subzero/ros2_ws/install/interfaces_subzero/share/interfaces_subzero/cmake/rosidl_cmake-extras.cmake
[7.746s] -- Up-to-date symlink: /home/subzero/ros2_ws/install/interfaces_subzero/share/interfaces_subzero/cmake/ament_cmake_export_dependencies-extras.cmake
[7.747s] -- Up-to-date symlink: /home/subzero/ros2_ws/install/interfaces_subzero/share/interfaces_subzero/cmake/ament_cmake_export_libraries-extras.cmake
[7.747s] -- Up-to-date symlink: /home/subzero/ros2_ws/install/interfaces_subzero/share/interfaces_subzero/cmake/ament_cmake_export_targets-extras.cmake
[7.748s] -- Up-to-date symlink: /home/subzero/ros2_ws/install/interfaces_subzero/share/interfaces_subzero/cmake/ament_cmake_export_include_directories-extras.cmake
[7.748s] -- Up-to-date symlink: /home/subzero/ros2_ws/install/interfaces_subzero/share/interfaces_subzero/cmake/rosidl_cmake_export_typesupport_libraries-extras.cmake
[7.748s] -- Up-to-date symlink: /home/subzero/ros2_ws/install/interfaces_subzero/share/interfaces_subzero/cmake/rosidl_cmake_export_typesupport_targets-extras.cmake
[7.749s] -- Up-to-date symlink: /home/subzero/ros2_ws/install/interfaces_subzero/share/interfaces_subzero/cmake/interfaces_subzeroConfig.cmake
[7.749s] -- Up-to-date symlink: /home/subzero/ros2_ws/install/interfaces_subzero/share/interfaces_subzero/cmake/interfaces_subzeroConfig-version.cmake
[7.749s] -- Up-to-date symlink: /home/subzero/ros2_ws/install/interfaces_subzero/share/interfaces_subzero/package.xml
[7.749s] -- Installing: /home/subzero/ros2_ws/install/interfaces_subzero/lib/libinterfaces_subzero__rosidl_generator_c.so
[7.750s] -- Set runtime path of "/home/subzero/ros2_ws/install/interfaces_subzero/lib/libinterfaces_subzero__rosidl_generator_c.so" to ""
[7.751s] -- Installing: /home/subzero/ros2_ws/install/interfaces_subzero/lib/libinterfaces_subzero__rosidl_typesupport_introspection_c.so
[7.752s] -- Set runtime path of "/home/subzero/ros2_ws/install/interfaces_subzero/lib/libinterfaces_subzero__rosidl_typesupport_introspection_c.so" to ""
[7.752s] -- Installing: /home/subzero/ros2_ws/install/interfaces_subzero/lib/libinterfaces_subzero__rosidl_typesupport_c.so
[7.752s] -- Set runtime path of "/home/subzero/ros2_ws/install/interfaces_subzero/lib/libinterfaces_subzero__rosidl_typesupport_c.so" to ""
[7.753s] -- Installing: /home/subzero/ros2_ws/install/interfaces_subzero/lib/libinterfaces_subzero__rosidl_typesupport_introspection_cpp.so
[7.754s] -- Set runtime path of "/home/subzero/ros2_ws/install/interfaces_subzero/lib/libinterfaces_subzero__rosidl_typesupport_introspection_cpp.so" to ""
[7.755s] -- Installing: /home/subzero/ros2_ws/install/interfaces_subzero/lib/libinterfaces_subzero__rosidl_typesupport_cpp.so
[7.755s] -- Set runtime path of "/home/subzero/ros2_ws/install/interfaces_subzero/lib/libinterfaces_subzero__rosidl_typesupport_cpp.so" to ""
[7.780s] Compiling '/home/subzero/ros2_ws/install/interfaces_subzero/lib/python3.8/site-packages/interfaces_subzero/__init__.py'...
[7.784s] -- Up-to-date: /home/subzero/ros2_ws/install/interfaces_subzero/share/interfaces_subzero/cmake/interfaces_subzero__rosidl_generator_cExport.cmake
[7.784s] -- Installing: /home/subzero/ros2_ws/install/interfaces_subzero/share/interfaces_subzero/cmake/interfaces_subzero__rosidl_generator_cExport-noconfig.cmake
[7.784s] -- Up-to-date: /home/subzero/ros2_ws/install/interfaces_subzero/share/interfaces_subzero/cmake/interfaces_subzero__rosidl_typesupport_introspection_cExport.cmake
[7.785s] -- Installing: /home/subzero/ros2_ws/install/interfaces_subzero/share/interfaces_subzero/cmake/interfaces_subzero__rosidl_typesupport_introspection_cExport-noconfig.cmake
[7.785s] -- Up-to-date: /home/subzero/ros2_ws/install/interfaces_subzero/share/interfaces_subzero/cmake/interfaces_subzero__rosidl_typesupport_cExport.cmake
[7.785s] -- Installing: /home/subzero/ros2_ws/install/interfaces_subzero/share/interfaces_subzero/cmake/interfaces_subzero__rosidl_typesupport_cExport-noconfig.cmake
[7.786s] -- Up-to-date: /home/subzero/ros2_ws/install/interfaces_subzero/share/interfaces_subzero/cmake/interfaces_subzero__rosidl_generator_cppExport.cmake
[7.786s] -- Up-to-date: /home/subzero/ros2_ws/install/interfaces_subzero/share/interfaces_subzero/cmake/interfaces_subzero__rosidl_typesupport_introspection_cppExport.cmake
[7.786s] -- Installing: /home/subzero/ros2_ws/install/interfaces_subzero/share/interfaces_subzero/cmake/interfaces_subzero__rosidl_typesupport_introspection_cppExport-noconfig.cmake
[7.787s] -- Up-to-date: /home/subzero/ros2_ws/install/interfaces_subzero/share/interfaces_subzero/cmake/interfaces_subzero__rosidl_typesupport_cppExport.cmake
[7.787s] -- Installing: /home/subzero/ros2_ws/install/interfaces_subzero/share/interfaces_subzero/cmake/interfaces_subzero__rosidl_typesupport_cppExport-noconfig.cmake
[7.790s] Invoked command in '/home/subzero/ros2_ws/build/interfaces_subzero' returned '0': CMAKE_PREFIX_PATH=${CMAKE_PREFIX_PATH}:/home/subzero/ros2_ws/install/subzero_v1:/opt/ros/foxy /usr/bin/cmake --install /home/subzero/ros2_ws/build/interfaces_subzero
