/home/subzero/ros2_ws/install/subzero_v1/lib/python3.8/site-packages/subzero_v1/Radio.py
/home/subzero/ros2_ws/install/subzero_v1/lib/python3.8/site-packages/subzero_v1/run.py
/home/subzero/ros2_ws/install/subzero_v1/lib/python3.8/site-packages/subzero_v1/Garmin.py
/home/subzero/ros2_ws/install/subzero_v1/lib/python3.8/site-packages/subzero_v1/Dr.py
/home/subzero/ros2_ws/install/subzero_v1/lib/python3.8/site-packages/subzero_v1/RunRover_Python.py
/home/subzero/ros2_ws/install/subzero_v1/lib/python3.8/site-packages/subzero_v1/LogWriter.py
/home/subzero/ros2_ws/install/subzero_v1/lib/python3.8/site-packages/subzero_v1/AutoPilot.py
/home/subzero/ros2_ws/install/subzero_v1/lib/python3.8/site-packages/subzero_v1/ManualDrive.py
/home/subzero/ros2_ws/install/subzero_v1/lib/python3.8/site-packages/subzero_v1/__init__.py
/home/subzero/ros2_ws/install/subzero_v1/lib/python3.8/site-packages/subzero_v1/WriteSpeed.py
/home/subzero/ros2_ws/install/subzero_v1/lib/python3.8/site-packages/subzero_v1/PingPongRadio.py
/home/subzero/ros2_ws/install/subzero_v1/lib/python3.8/site-packages/subzero_v1/Arduino.py
/home/subzero/ros2_ws/install/subzero_v1/lib/python3.8/site-packages/subzero_v1/ARK.py
/home/subzero/ros2_ws/install/subzero_v1/lib/python3.8/site-packages/subzero_v1/Driving.py
/home/subzero/ros2_ws/install/subzero_v1/lib/python3.8/site-packages/subzero_v1/Pilot.py
/home/subzero/ros2_ws/install/subzero_v1/lib/python3.8/site-packages/subzero_v1/AutoDrive.py
/home/subzero/ros2_ws/install/subzero_v1/lib/python3.8/site-packages/subzero_v1/Trimble.py
/home/subzero/ros2_ws/install/subzero_v1/lib/python3.8/site-packages/subzero_v1/ApRES.py
/home/subzero/ros2_ws/install/subzero_v1/lib/python3.8/site-packages/subzero_v1/Telemetry.py
/home/subzero/ros2_ws/install/subzero_v1/lib/python3.8/site-packages/subzero_v1/submodules/DeltaTime.py
/home/subzero/ros2_ws/install/subzero_v1/lib/python3.8/site-packages/subzero_v1/submodules/__init__.py
/home/subzero/ros2_ws/install/subzero_v1/lib/python3.8/site-packages/subzero_v1/submodules/apreshttp.py
/home/subzero/ros2_ws/install/subzero_v1/lib/python3.8/site-packages/subzero_v1/submodules/constrain.py
/home/subzero/ros2_ws/install/subzero_v1/lib/python3.8/site-packages/subzero_v1/submodules/ClassGpsStreamer.py
/home/subzero/ros2_ws/install/subzero_v1/lib/python3.8/site-packages/subzero_v1/__pycache__/Radio.cpython-38.pyc
/home/subzero/ros2_ws/install/subzero_v1/lib/python3.8/site-packages/subzero_v1/__pycache__/run.cpython-38.pyc
/home/subzero/ros2_ws/install/subzero_v1/lib/python3.8/site-packages/subzero_v1/__pycache__/Garmin.cpython-38.pyc
/home/subzero/ros2_ws/install/subzero_v1/lib/python3.8/site-packages/subzero_v1/__pycache__/Dr.cpython-38.pyc
/home/subzero/ros2_ws/install/subzero_v1/lib/python3.8/site-packages/subzero_v1/__pycache__/RunRover_Python.cpython-38.pyc
/home/subzero/ros2_ws/install/subzero_v1/lib/python3.8/site-packages/subzero_v1/__pycache__/LogWriter.cpython-38.pyc
/home/subzero/ros2_ws/install/subzero_v1/lib/python3.8/site-packages/subzero_v1/__pycache__/AutoPilot.cpython-38.pyc
/home/subzero/ros2_ws/install/subzero_v1/lib/python3.8/site-packages/subzero_v1/__pycache__/ManualDrive.cpython-38.pyc
/home/subzero/ros2_ws/install/subzero_v1/lib/python3.8/site-packages/subzero_v1/__pycache__/__init__.cpython-38.pyc
/home/subzero/ros2_ws/install/subzero_v1/lib/python3.8/site-packages/subzero_v1/__pycache__/WriteSpeed.cpython-38.pyc
/home/subzero/ros2_ws/install/subzero_v1/lib/python3.8/site-packages/subzero_v1/__pycache__/PingPongRadio.cpython-38.pyc
/home/subzero/ros2_ws/install/subzero_v1/lib/python3.8/site-packages/subzero_v1/__pycache__/Arduino.cpython-38.pyc
/home/subzero/ros2_ws/install/subzero_v1/lib/python3.8/site-packages/subzero_v1/__pycache__/ARK.cpython-38.pyc
/home/subzero/ros2_ws/install/subzero_v1/lib/python3.8/site-packages/subzero_v1/__pycache__/Driving.cpython-38.pyc
/home/subzero/ros2_ws/install/subzero_v1/lib/python3.8/site-packages/subzero_v1/__pycache__/Pilot.cpython-38.pyc
/home/subzero/ros2_ws/install/subzero_v1/lib/python3.8/site-packages/subzero_v1/__pycache__/AutoDrive.cpython-38.pyc
/home/subzero/ros2_ws/install/subzero_v1/lib/python3.8/site-packages/subzero_v1/__pycache__/Trimble.cpython-38.pyc
/home/subzero/ros2_ws/install/subzero_v1/lib/python3.8/site-packages/subzero_v1/__pycache__/ApRES.cpython-38.pyc
/home/subzero/ros2_ws/install/subzero_v1/lib/python3.8/site-packages/subzero_v1/__pycache__/Telemetry.cpython-38.pyc
/home/subzero/ros2_ws/install/subzero_v1/lib/python3.8/site-packages/subzero_v1/submodules/__pycache__/DeltaTime.cpython-38.pyc
/home/subzero/ros2_ws/install/subzero_v1/lib/python3.8/site-packages/subzero_v1/submodules/__pycache__/__init__.cpython-38.pyc
/home/subzero/ros2_ws/install/subzero_v1/lib/python3.8/site-packages/subzero_v1/submodules/__pycache__/apreshttp.cpython-38.pyc
/home/subzero/ros2_ws/install/subzero_v1/lib/python3.8/site-packages/subzero_v1/submodules/__pycache__/constrain.cpython-38.pyc
/home/subzero/ros2_ws/install/subzero_v1/lib/python3.8/site-packages/subzero_v1/submodules/__pycache__/ClassGpsStreamer.cpython-38.pyc
/home/subzero/ros2_ws/install/subzero_v1/share/ament_index/resource_index/packages/subzero_v1
/home/subzero/ros2_ws/install/subzero_v1/share/subzero_v1/package.xml
/home/subzero/ros2_ws/install/subzero_v1/share/subzero_v1/subzero_v1.launch.py
/home/subzero/ros2_ws/install/subzero_v1/lib/python3.8/site-packages/subzero_v1-0.0.0-py3.8.egg-info/entry_points.txt
/home/subzero/ros2_ws/install/subzero_v1/lib/python3.8/site-packages/subzero_v1-0.0.0-py3.8.egg-info/top_level.txt
/home/subzero/ros2_ws/install/subzero_v1/lib/python3.8/site-packages/subzero_v1-0.0.0-py3.8.egg-info/PKG-INFO
/home/subzero/ros2_ws/install/subzero_v1/lib/python3.8/site-packages/subzero_v1-0.0.0-py3.8.egg-info/SOURCES.txt
/home/subzero/ros2_ws/install/subzero_v1/lib/python3.8/site-packages/subzero_v1-0.0.0-py3.8.egg-info/dependency_links.txt
/home/subzero/ros2_ws/install/subzero_v1/lib/python3.8/site-packages/subzero_v1-0.0.0-py3.8.egg-info/zip-safe
/home/subzero/ros2_ws/install/subzero_v1/lib/python3.8/site-packages/subzero_v1-0.0.0-py3.8.egg-info/requires.txt
/home/subzero/ros2_ws/install/subzero_v1/lib/subzero_v1/ApRES
/home/subzero/ros2_ws/install/subzero_v1/lib/subzero_v1/Arduino
/home/subzero/ros2_ws/install/subzero_v1/lib/subzero_v1/AutoDrive
/home/subzero/ros2_ws/install/subzero_v1/lib/subzero_v1/Garmin
/home/subzero/ros2_ws/install/subzero_v1/lib/subzero_v1/LogWriter
/home/subzero/ros2_ws/install/subzero_v1/lib/subzero_v1/ManualDrive
/home/subzero/ros2_ws/install/subzero_v1/lib/subzero_v1/PingPongRadio
/home/subzero/ros2_ws/install/subzero_v1/lib/subzero_v1/Radio
/home/subzero/ros2_ws/install/subzero_v1/lib/subzero_v1/Telemetry
/home/subzero/ros2_ws/install/subzero_v1/lib/subzero_v1/Trimble
/home/subzero/ros2_ws/install/subzero_v1/lib/subzero_v1/WriteSpeed
