[0.186s] Invoking command in '/home/subzero/ros2_ws/build/subzero_v1': PYTHONPATH=/home/subzero/ros2_ws/install/subzero_v1/lib/python3.8/site-packages:${PYTHONPATH} /usr/bin/python3 setup.py develop --prefix /home/subzero/ros2_ws/install/subzero_v1 --editable --build-directory /home/subzero/ros2_ws/build/subzero_v1/build --no-deps install_data --install-dir /home/subzero/ros2_ws/install/subzero_v1
[0.360s] running develop
[0.459s] running egg_info
[0.460s] writing subzero_v1.egg-info/PKG-INFO
[0.460s] writing dependency_links to subzero_v1.egg-info/dependency_links.txt
[0.460s] writing entry points to subzero_v1.egg-info/entry_points.txt
[0.460s] writing requirements to subzero_v1.egg-info/requires.txt
[0.460s] writing top-level names to subzero_v1.egg-info/top_level.txt
[0.485s] reading manifest file 'subzero_v1.egg-info/SOURCES.txt'
[0.486s] writing manifest file 'subzero_v1.egg-info/SOURCES.txt'
[0.512s] running build_ext
[0.512s] Creating /home/subzero/ros2_ws/install/subzero_v1/lib/python3.8/site-packages/subzero-v1.egg-link (link to .)
[0.513s] Installing nodeARK script to /home/subzero/ros2_ws/install/subzero_v1/lib/subzero_v1
[0.514s] Installing nodeArduino script to /home/subzero/ros2_ws/install/subzero_v1/lib/subzero_v1
[0.514s] Installing nodeR9sGPS script to /home/subzero/ros2_ws/install/subzero_v1/lib/subzero_v1
[0.514s] Installing nodeRadio script to /home/subzero/ros2_ws/install/subzero_v1/lib/subzero_v1
[0.514s] 
[0.514s] Installed /home/subzero/ros2_ws/build/subzero_v1
[0.515s] running install_data
[0.515s] copying package.xml -> /home/subzero/ros2_ws/install/subzero_v1/share/subzero_v1
[0.515s] copying launch/subzero_v1.launch.py -> /home/subzero/ros2_ws/install/subzero_v1/share/subzero_v1
[0.535s] Invoked command in '/home/subzero/ros2_ws/build/subzero_v1' returned '0': PYTHONPATH=/home/subzero/ros2_ws/install/subzero_v1/lib/python3.8/site-packages:${PYTHONPATH} /usr/bin/python3 setup.py develop --prefix /home/subzero/ros2_ws/install/subzero_v1 --editable --build-directory /home/subzero/ros2_ws/build/subzero_v1/build --no-deps install_data --install-dir /home/subzero/ros2_ws/install/subzero_v1
