[0.216s] Invoking command in '/home/subzero/ros2_ws/build/subzero_v1': PYTHONPATH=/home/subzero/ros2_ws/install/subzero_v1/lib/python3.8/site-packages:${PYTHONPATH} /usr/bin/python3 setup.py develop --prefix /home/subzero/ros2_ws/install/subzero_v1 --editable --build-directory /home/subzero/ros2_ws/build/subzero_v1/build --no-deps install_data --install-dir /home/subzero/ros2_ws/install/subzero_v1
[0.402s] running develop
[0.506s] running egg_info
[0.506s] writing subzero_v1.egg-info/PKG-INFO
[0.506s] writing dependency_links to subzero_v1.egg-info/dependency_links.txt
[0.506s] writing entry points to subzero_v1.egg-info/entry_points.txt
[0.507s] writing requirements to subzero_v1.egg-info/requires.txt
[0.507s] writing top-level names to subzero_v1.egg-info/top_level.txt
[0.608s] reading manifest file 'subzero_v1.egg-info/SOURCES.txt'
[0.609s] writing manifest file 'subzero_v1.egg-info/SOURCES.txt'
[0.664s] running build_ext
[0.664s] Creating /home/subzero/ros2_ws/install/subzero_v1/lib/python3.8/site-packages/subzero-v1.egg-link (link to .)
[0.665s] Installing nodeARK script to /home/subzero/ros2_ws/install/subzero_v1/lib/subzero_v1
[0.666s] Installing nodeArduino script to /home/subzero/ros2_ws/install/subzero_v1/lib/subzero_v1
[0.666s] Installing nodeR9sGPS script to /home/subzero/ros2_ws/install/subzero_v1/lib/subzero_v1
[0.666s] Installing nodeRadio script to /home/subzero/ros2_ws/install/subzero_v1/lib/subzero_v1
[0.666s] 
[0.666s] Installed /home/subzero/ros2_ws/build/subzero_v1
[0.667s] running install_data
[0.667s] copying package.xml -> /home/subzero/ros2_ws/install/subzero_v1/share/subzero_v1
[0.667s] copying launch/subzero_v1.launch.py -> /home/subzero/ros2_ws/install/subzero_v1/share/subzero_v1
[0.690s] Invoked command in '/home/subzero/ros2_ws/build/subzero_v1' returned '0': PYTHONPATH=/home/subzero/ros2_ws/install/subzero_v1/lib/python3.8/site-packages:${PYTHONPATH} /usr/bin/python3 setup.py develop --prefix /home/subzero/ros2_ws/install/subzero_v1 --editable --build-directory /home/subzero/ros2_ws/build/subzero_v1/build --no-deps install_data --install-dir /home/subzero/ros2_ws/install/subzero_v1
