[0.012s] Invoking command in '/home/subzero/ros2_ws/build/interfaces_subzero': CMAKE_PREFIX_PATH=${CMAKE_PREFIX_PATH}:/home/subzero/ros2_ws/install/subzero_v1:/opt/ros/foxy /usr/bin/cmake --build /home/subzero/ros2_ws/build/interfaces_subzero -- -j8 -l8
[0.191s] -- Found ament_cmake: 0.9.9 (/opt/ros/foxy/share/ament_cmake/cmake)
[0.228s] -- Found PythonInterp: /usr/bin/python3 (found suitable version "3.8.10", minimum required is "3") 
[0.228s] -- Using PYTHON_EXECUTABLE: /usr/bin/python3
[0.408s] -- Override CMake install command with custom implementation using symlinks instead of copying resources
[0.428s] -- Found rosidl_default_generators: 1.0.1 (/opt/ros/foxy/share/rosidl_default_generators/cmake)
[0.434s] -- Using all available rosidl_typesupport_c: rosidl_typesupport_fastrtps_c;rosidl_typesupport_introspection_c
[0.440s] -- Found rosidl_adapter: 1.2.1 (/opt/ros/foxy/share/rosidl_adapter/cmake)
[0.611s] -- Using all available rosidl_typesupport_cpp: rosidl_typesupport_fastrtps_cpp;rosidl_typesupport_introspection_cpp
[0.657s] -- Found PythonInterp: /usr/bin/python3 (found version "3.8.10") 
[0.769s] -- Found ament_cmake_ros: 0.9.2 (/opt/ros/foxy/share/ament_cmake_ros/cmake)
[0.849s] -- Using all available rosidl_typesupport_c: rosidl_typesupport_fastrtps_c;rosidl_typesupport_introspection_c
[0.860s] -- Using all available rosidl_typesupport_cpp: rosidl_typesupport_fastrtps_cpp;rosidl_typesupport_introspection_cpp
[0.882s] -- Found PythonInterp: /usr/bin/python3 (found suitable version "3.8.10", minimum required is "3.5") 
[0.883s] -- Found python_cmake_module: 0.8.1 (/opt/ros/foxy/share/python_cmake_module/cmake)
[0.906s] -- Using PYTHON_EXECUTABLE: /usr/bin/python3
[0.906s] -- Using PYTHON_INCLUDE_DIRS: /usr/include/python3.8
[0.906s] -- Using PYTHON_LIBRARIES: /usr/lib/x86_64-linux-gnu/libpython3.8.so
[0.921s] -- Found ament_lint_auto: 0.9.6 (/opt/ros/foxy/share/ament_lint_auto/cmake)
[0.944s] -- Added test 'copyright' to check source files copyright and LICENSE
[0.946s] -- Added test 'lint_cmake' to check CMake code style
[0.947s] -- Added test 'xmllint' to check XML markup files
[0.953s] -- Configuring done
[1.015s] -- Generating done
[1.017s] -- Build files have been written to: /home/subzero/ros2_ws/build/interfaces_subzero
[1.048s] [  2%] Built target interfaces_subzero__cpp
[1.049s] [ 12%] Built target interfaces_subzero__rosidl_generator_c
[1.072s] [ 23%] Built target interfaces_subzero__rosidl_typesupport_c
[1.074s] [ 33%] Built target interfaces_subzero__rosidl_typesupport_cpp
[1.074s] [ 51%] Built target interfaces_subzero__rosidl_typesupport_introspection_c
[1.074s] [ 53%] Built target interfaces_subzero__rosidl_typesupport_introspection_cpp
[1.080s] [ 64%] Built target interfaces_subzero__rosidl_typesupport_fastrtps_cpp
[1.100s] [ 74%] Built target interfaces_subzero__rosidl_typesupport_fastrtps_c
[1.115s] [ 74%] Built target interfaces_subzero
[1.131s] [ 76%] Built target interfaces_subzero__py
[1.154s] [ 84%] Built target interfaces_subzero__python
[1.178s] [100%] Built target interfaces_subzero__rosidl_typesupport_introspection_c__pyext
[1.178s] [100%] Built target interfaces_subzero__rosidl_typesupport_c__pyext
[1.178s] [100%] Built target interfaces_subzero__rosidl_typesupport_fastrtps_c__pyext
[1.188s] Invoked command in '/home/subzero/ros2_ws/build/interfaces_subzero' returned '0': CMAKE_PREFIX_PATH=${CMAKE_PREFIX_PATH}:/home/subzero/ros2_ws/install/subzero_v1:/opt/ros/foxy /usr/bin/cmake --build /home/subzero/ros2_ws/build/interfaces_subzero -- -j8 -l8
[1.243s] Invoking command in '/home/subzero/ros2_ws/build/interfaces_subzero': CMAKE_PREFIX_PATH=${CMAKE_PREFIX_PATH}:/home/subzero/ros2_ws/install/subzero_v1:/opt/ros/foxy /usr/bin/cmake --install /home/subzero/ros2_ws/build/interfaces_subzero
[1.250s] -- Install configuration: ""
[1.250s] -- Execute custom install script
[1.287s] -- Up-to-date symlink: /home/subzero/ros2_ws/install/interfaces_subzero/share/ament_index/resource_index/rosidl_interfaces/interfaces_subzero
[1.289s] -- Up-to-date symlink: /home/subzero/ros2_ws/install/interfaces_subzero/include/interfaces_subzero/msg/detail/r9s_gps__functions.h
[1.290s] -- Up-to-date symlink: /home/subzero/ros2_ws/install/interfaces_subzero/include/interfaces_subzero/msg/detail/r9s_gps__struct.h
[1.290s] -- Up-to-date symlink: /home/subzero/ros2_ws/install/interfaces_subzero/include/interfaces_subzero/msg/detail/r9s_gps__type_support.h
[1.291s] -- Up-to-date symlink: /home/subzero/ros2_ws/install/interfaces_subzero/include/interfaces_subzero/msg/r9s_gps.h
[1.291s] -- Up-to-date symlink: /home/subzero/ros2_ws/install/interfaces_subzero/include/interfaces_subzero/msg/rosidl_generator_c__visibility_control.h
[1.293s] -- Up-to-date symlink: /home/subzero/ros2_ws/install/interfaces_subzero/include/interfaces_subzero/srv/detail/send_string__functions.h
[1.294s] -- Up-to-date symlink: /home/subzero/ros2_ws/install/interfaces_subzero/include/interfaces_subzero/srv/detail/send_string__struct.h
[1.294s] -- Up-to-date symlink: /home/subzero/ros2_ws/install/interfaces_subzero/include/interfaces_subzero/srv/detail/send_string__type_support.h
[1.295s] -- Up-to-date symlink: /home/subzero/ros2_ws/install/interfaces_subzero/include/interfaces_subzero/srv/send_string.h
[1.296s] -- Up-to-date symlink: /home/subzero/ros2_ws/install/interfaces_subzero/share/interfaces_subzero/environment/library_path.sh
[1.296s] -- Up-to-date symlink: /home/subzero/ros2_ws/install/interfaces_subzero/share/interfaces_subzero/environment/library_path.dsv
[1.297s] -- Up-to-date symlink: /home/subzero/ros2_ws/install/interfaces_subzero/include/interfaces_subzero/msg/detail/r9s_gps__rosidl_typesupport_fastrtps_c.h
[1.297s] -- Up-to-date symlink: /home/subzero/ros2_ws/install/interfaces_subzero/include/interfaces_subzero/msg/rosidl_typesupport_fastrtps_c__visibility_control.h
[1.297s] -- Up-to-date symlink: /home/subzero/ros2_ws/install/interfaces_subzero/include/interfaces_subzero/srv/detail/send_string__rosidl_typesupport_fastrtps_c.h
[1.298s] -- Up-to-date symlink: /home/subzero/ros2_ws/install/interfaces_subzero/lib/libinterfaces_subzero__rosidl_typesupport_fastrtps_c.so
[1.299s] -- Up-to-date symlink: /home/subzero/ros2_ws/install/interfaces_subzero/include/interfaces_subzero/msg/detail/r9s_gps__rosidl_typesupport_fastrtps_cpp.hpp
[1.299s] -- Up-to-date symlink: /home/subzero/ros2_ws/install/interfaces_subzero/include/interfaces_subzero/msg/rosidl_typesupport_fastrtps_cpp__visibility_control.h
[1.299s] -- Up-to-date symlink: /home/subzero/ros2_ws/install/interfaces_subzero/include/interfaces_subzero/srv/detail/send_string__rosidl_typesupport_fastrtps_cpp.hpp
[1.300s] -- Up-to-date symlink: /home/subzero/ros2_ws/install/interfaces_subzero/lib/libinterfaces_subzero__rosidl_typesupport_fastrtps_cpp.so
[1.301s] -- Up-to-date symlink: /home/subzero/ros2_ws/install/interfaces_subzero/include/interfaces_subzero/msg/detail/r9s_gps__rosidl_typesupport_introspection_c.h
[1.301s] -- Up-to-date symlink: /home/subzero/ros2_ws/install/interfaces_subzero/include/interfaces_subzero/msg/rosidl_typesupport_introspection_c__visibility_control.h
[1.301s] -- Up-to-date symlink: /home/subzero/ros2_ws/install/interfaces_subzero/include/interfaces_subzero/srv/detail/send_string__rosidl_typesupport_introspection_c.h
[1.302s] -- Up-to-date symlink: /home/subzero/ros2_ws/install/interfaces_subzero/include/interfaces_subzero/msg/detail/r9s_gps__builder.hpp
[1.302s] -- Up-to-date symlink: /home/subzero/ros2_ws/install/interfaces_subzero/include/interfaces_subzero/msg/detail/r9s_gps__struct.hpp
[1.302s] -- Up-to-date symlink: /home/subzero/ros2_ws/install/interfaces_subzero/include/interfaces_subzero/msg/detail/r9s_gps__traits.hpp
[1.303s] -- Up-to-date symlink: /home/subzero/ros2_ws/install/interfaces_subzero/include/interfaces_subzero/msg/r9s_gps.hpp
[1.303s] -- Up-to-date symlink: /home/subzero/ros2_ws/install/interfaces_subzero/include/interfaces_subzero/srv/detail/send_string__builder.hpp
[1.303s] -- Up-to-date symlink: /home/subzero/ros2_ws/install/interfaces_subzero/include/interfaces_subzero/srv/detail/send_string__struct.hpp
[1.304s] -- Up-to-date symlink: /home/subzero/ros2_ws/install/interfaces_subzero/include/interfaces_subzero/srv/detail/send_string__traits.hpp
[1.304s] -- Up-to-date symlink: /home/subzero/ros2_ws/install/interfaces_subzero/include/interfaces_subzero/srv/send_string.hpp
[1.304s] -- Up-to-date symlink: /home/subzero/ros2_ws/install/interfaces_subzero/include/interfaces_subzero/msg/detail/r9s_gps__rosidl_typesupport_introspection_cpp.hpp
[1.305s] -- Up-to-date symlink: /home/subzero/ros2_ws/install/interfaces_subzero/include/interfaces_subzero/srv/detail/send_string__rosidl_typesupport_introspection_cpp.hpp
[1.305s] -- Up-to-date symlink: /home/subzero/ros2_ws/install/interfaces_subzero/share/interfaces_subzero/environment/pythonpath.sh
[1.305s] -- Up-to-date symlink: /home/subzero/ros2_ws/install/interfaces_subzero/share/interfaces_subzero/environment/pythonpath.dsv
[1.306s] -- Up-to-date symlink: /home/subzero/ros2_ws/install/interfaces_subzero/lib/python3.8/site-packages/interfaces_subzero/__init__.py
[1.307s] -- Up-to-date symlink: /home/subzero/ros2_ws/install/interfaces_subzero/lib/python3.8/site-packages/interfaces_subzero/msg/__init__.py
[1.307s] -- Up-to-date symlink: /home/subzero/ros2_ws/install/interfaces_subzero/lib/python3.8/site-packages/interfaces_subzero/msg/_r9s_gps.py
[1.308s] -- Up-to-date symlink: /home/subzero/ros2_ws/install/interfaces_subzero/lib/python3.8/site-packages/interfaces_subzero/srv/__init__.py
[1.308s] -- Up-to-date symlink: /home/subzero/ros2_ws/install/interfaces_subzero/lib/python3.8/site-packages/interfaces_subzero/srv/_send_string.py
[1.309s] -- Up-to-date symlink: /home/subzero/ros2_ws/install/interfaces_subzero/lib/python3.8/site-packages/interfaces_subzero/interfaces_subzero_s__rosidl_typesupport_fastrtps_c.cpython-38-x86_64-linux-gnu.so
[1.309s] -- Up-to-date symlink: /home/subzero/ros2_ws/install/interfaces_subzero/lib/python3.8/site-packages/interfaces_subzero/interfaces_subzero_s__rosidl_typesupport_introspection_c.cpython-38-x86_64-linux-gnu.so
[1.310s] -- Up-to-date symlink: /home/subzero/ros2_ws/install/interfaces_subzero/lib/python3.8/site-packages/interfaces_subzero/interfaces_subzero_s__rosidl_typesupport_c.cpython-38-x86_64-linux-gnu.so
[1.310s] -- Up-to-date symlink: /home/subzero/ros2_ws/install/interfaces_subzero/lib/libinterfaces_subzero__python.so
[1.311s] -- Up-to-date symlink: /home/subzero/ros2_ws/install/interfaces_subzero/share/interfaces_subzero/msg/R9sGPS.idl
[1.312s] -- Up-to-date symlink: /home/subzero/ros2_ws/install/interfaces_subzero/share/interfaces_subzero/srv/SendString.idl
[1.312s] -- Up-to-date symlink: /home/subzero/ros2_ws/install/interfaces_subzero/share/interfaces_subzero/msg/R9sGPS.msg
[1.312s] -- Up-to-date symlink: /home/subzero/ros2_ws/install/interfaces_subzero/share/interfaces_subzero/srv/SendString.srv
[1.313s] -- Up-to-date symlink: /home/subzero/ros2_ws/install/interfaces_subzero/share/interfaces_subzero/srv/SendString_Request.msg
[1.314s] -- Up-to-date symlink: /home/subzero/ros2_ws/install/interfaces_subzero/share/interfaces_subzero/srv/SendString_Response.msg
[1.315s] -- Up-to-date symlink: /home/subzero/ros2_ws/install/interfaces_subzero/share/ament_index/resource_index/package_run_dependencies/interfaces_subzero
[1.315s] -- Up-to-date symlink: /home/subzero/ros2_ws/install/interfaces_subzero/share/ament_index/resource_index/parent_prefix_path/interfaces_subzero
[1.316s] -- Up-to-date symlink: /home/subzero/ros2_ws/install/interfaces_subzero/share/interfaces_subzero/environment/ament_prefix_path.sh
[1.316s] -- Up-to-date symlink: /home/subzero/ros2_ws/install/interfaces_subzero/share/interfaces_subzero/environment/ament_prefix_path.dsv
[1.316s] -- Up-to-date symlink: /home/subzero/ros2_ws/install/interfaces_subzero/share/interfaces_subzero/environment/path.sh
[1.317s] -- Up-to-date symlink: /home/subzero/ros2_ws/install/interfaces_subzero/share/interfaces_subzero/environment/path.dsv
[1.317s] -- Up-to-date symlink: /home/subzero/ros2_ws/install/interfaces_subzero/share/interfaces_subzero/local_setup.bash
[1.318s] -- Up-to-date symlink: /home/subzero/ros2_ws/install/interfaces_subzero/share/interfaces_subzero/local_setup.sh
[1.318s] -- Up-to-date symlink: /home/subzero/ros2_ws/install/interfaces_subzero/share/interfaces_subzero/local_setup.zsh
[1.318s] -- Up-to-date symlink: /home/subzero/ros2_ws/install/interfaces_subzero/share/interfaces_subzero/local_setup.dsv
[1.319s] -- Symlinking: /home/subzero/ros2_ws/install/interfaces_subzero/share/interfaces_subzero/package.dsv
[1.329s] -- Up-to-date symlink: /home/subzero/ros2_ws/install/interfaces_subzero/share/ament_index/resource_index/packages/interfaces_subzero
[1.329s] -- Up-to-date symlink: /home/subzero/ros2_ws/install/interfaces_subzero/share/interfaces_subzero/cmake/rosidl_cmake-extras.cmake
[1.330s] -- Up-to-date symlink: /home/subzero/ros2_ws/install/interfaces_subzero/share/interfaces_subzero/cmake/ament_cmake_export_dependencies-extras.cmake
[1.330s] -- Up-to-date symlink: /home/subzero/ros2_ws/install/interfaces_subzero/share/interfaces_subzero/cmake/ament_cmake_export_libraries-extras.cmake
[1.331s] -- Up-to-date symlink: /home/subzero/ros2_ws/install/interfaces_subzero/share/interfaces_subzero/cmake/ament_cmake_export_targets-extras.cmake
[1.331s] -- Up-to-date symlink: /home/subzero/ros2_ws/install/interfaces_subzero/share/interfaces_subzero/cmake/ament_cmake_export_include_directories-extras.cmake
[1.332s] -- Up-to-date symlink: /home/subzero/ros2_ws/install/interfaces_subzero/share/interfaces_subzero/cmake/rosidl_cmake_export_typesupport_libraries-extras.cmake
[1.332s] -- Up-to-date symlink: /home/subzero/ros2_ws/install/interfaces_subzero/share/interfaces_subzero/cmake/rosidl_cmake_export_typesupport_targets-extras.cmake
[1.332s] -- Up-to-date symlink: /home/subzero/ros2_ws/install/interfaces_subzero/share/interfaces_subzero/cmake/interfaces_subzeroConfig.cmake
[1.333s] -- Up-to-date symlink: /home/subzero/ros2_ws/install/interfaces_subzero/share/interfaces_subzero/cmake/interfaces_subzeroConfig-version.cmake
[1.333s] -- Up-to-date symlink: /home/subzero/ros2_ws/install/interfaces_subzero/share/interfaces_subzero/package.xml
[1.333s] -- Up-to-date: /home/subzero/ros2_ws/install/interfaces_subzero/lib/libinterfaces_subzero__rosidl_generator_c.so
[1.335s] -- Up-to-date: /home/subzero/ros2_ws/install/interfaces_subzero/lib/libinterfaces_subzero__rosidl_typesupport_introspection_c.so
[1.335s] -- Up-to-date: /home/subzero/ros2_ws/install/interfaces_subzero/lib/libinterfaces_subzero__rosidl_typesupport_c.so
[1.336s] -- Up-to-date: /home/subzero/ros2_ws/install/interfaces_subzero/lib/libinterfaces_subzero__rosidl_typesupport_introspection_cpp.so
[1.337s] -- Up-to-date: /home/subzero/ros2_ws/install/interfaces_subzero/lib/libinterfaces_subzero__rosidl_typesupport_cpp.so
[1.371s] Compiling '/home/subzero/ros2_ws/install/interfaces_subzero/lib/python3.8/site-packages/interfaces_subzero/__init__.py'...
[1.375s] -- Up-to-date: /home/subzero/ros2_ws/install/interfaces_subzero/share/interfaces_subzero/cmake/interfaces_subzero__rosidl_generator_cExport.cmake
[1.375s] -- Installing: /home/subzero/ros2_ws/install/interfaces_subzero/share/interfaces_subzero/cmake/interfaces_subzero__rosidl_generator_cExport-noconfig.cmake
[1.376s] -- Up-to-date: /home/subzero/ros2_ws/install/interfaces_subzero/share/interfaces_subzero/cmake/interfaces_subzero__rosidl_typesupport_introspection_cExport.cmake
[1.376s] -- Installing: /home/subzero/ros2_ws/install/interfaces_subzero/share/interfaces_subzero/cmake/interfaces_subzero__rosidl_typesupport_introspection_cExport-noconfig.cmake
[1.376s] -- Up-to-date: /home/subzero/ros2_ws/install/interfaces_subzero/share/interfaces_subzero/cmake/interfaces_subzero__rosidl_typesupport_cExport.cmake
[1.376s] -- Installing: /home/subzero/ros2_ws/install/interfaces_subzero/share/interfaces_subzero/cmake/interfaces_subzero__rosidl_typesupport_cExport-noconfig.cmake
[1.377s] -- Up-to-date: /home/subzero/ros2_ws/install/interfaces_subzero/share/interfaces_subzero/cmake/interfaces_subzero__rosidl_generator_cppExport.cmake
[1.377s] -- Up-to-date: /home/subzero/ros2_ws/install/interfaces_subzero/share/interfaces_subzero/cmake/interfaces_subzero__rosidl_typesupport_introspection_cppExport.cmake
[1.377s] -- Installing: /home/subzero/ros2_ws/install/interfaces_subzero/share/interfaces_subzero/cmake/interfaces_subzero__rosidl_typesupport_introspection_cppExport-noconfig.cmake
[1.378s] -- Up-to-date: /home/subzero/ros2_ws/install/interfaces_subzero/share/interfaces_subzero/cmake/interfaces_subzero__rosidl_typesupport_cppExport.cmake
[1.378s] -- Installing: /home/subzero/ros2_ws/install/interfaces_subzero/share/interfaces_subzero/cmake/interfaces_subzero__rosidl_typesupport_cppExport-noconfig.cmake
[1.380s] Invoked command in '/home/subzero/ros2_ws/build/interfaces_subzero' returned '0': CMAKE_PREFIX_PATH=${CMAKE_PREFIX_PATH}:/home/subzero/ros2_ws/install/subzero_v1:/opt/ros/foxy /usr/bin/cmake --install /home/subzero/ros2_ws/build/interfaces_subzero
