[0.020s] Invoking command in '/home/subzero/ros2_ws/build/interfaces_subzero': CMAKE_PREFIX_PATH=${CMAKE_PREFIX_PATH}:/opt/ros/foxy /usr/bin/cmake --build /home/subzero/ros2_ws/build/interfaces_subzero -- -j8 -l8
[0.040s] -- Found ament_cmake: 0.9.9 (/opt/ros/foxy/share/ament_cmake/cmake)
[0.057s] -- Found PythonInterp: /usr/bin/python3 (found suitable version "3.8.10", minimum required is "3") 
[0.057s] -- Using PYTHON_EXECUTABLE: /usr/bin/python3
[0.204s] -- Found rosidl_default_generators: 1.0.1 (/opt/ros/foxy/share/rosidl_default_generators/cmake)
[0.208s] -- Using all available rosidl_typesupport_c: rosidl_typesupport_fastrtps_c;rosidl_typesupport_introspection_c
[0.210s] -- Found rosidl_adapter: 1.2.1 (/opt/ros/foxy/share/rosidl_adapter/cmake)
[0.330s] -- Using all available rosidl_typesupport_cpp: rosidl_typesupport_fastrtps_cpp;rosidl_typesupport_introspection_cpp
[0.367s] -- Found PythonInterp: /usr/bin/python3 (found version "3.8.10") 
[0.492s] -- Found ament_cmake_ros: 0.9.2 (/opt/ros/foxy/share/ament_cmake_ros/cmake)
[0.562s] -- Using all available rosidl_typesupport_c: rosidl_typesupport_fastrtps_c;rosidl_typesupport_introspection_c
[0.568s] -- Using all available rosidl_typesupport_cpp: rosidl_typesupport_fastrtps_cpp;rosidl_typesupport_introspection_cpp
[0.586s] -- Found PythonInterp: /usr/bin/python3 (found suitable version "3.8.10", minimum required is "3.5") 
[0.586s] -- Found python_cmake_module: 0.8.1 (/opt/ros/foxy/share/python_cmake_module/cmake)
[0.604s] -- Using PYTHON_EXECUTABLE: /usr/bin/python3
[0.604s] -- Using PYTHON_INCLUDE_DIRS: /usr/include/python3.8
[0.604s] -- Using PYTHON_LIBRARIES: /usr/lib/x86_64-linux-gnu/libpython3.8.so
[0.615s] -- Found ament_lint_auto: 0.9.6 (/opt/ros/foxy/share/ament_lint_auto/cmake)
[0.623s] -- Added test 'copyright' to check source files copyright and LICENSE
[0.624s] -- Added test 'lint_cmake' to check CMake code style
[0.625s] -- Added test 'xmllint' to check XML markup files
[0.627s] -- Configuring done
[0.653s] -- Generating done
[0.656s] -- Build files have been written to: /home/subzero/ros2_ws/build/interfaces_subzero
[0.675s] [  2%] [34m[1mGenerating C code for ROS interfaces[0m
[0.676s] [35m[1mScanning dependencies of target interfaces_subzero__cpp[0m
[0.684s] [  5%] [34m[1mGenerating C++ code for ROS interfaces[0m
[0.941s] [35m[1mScanning dependencies of target interfaces_subzero__rosidl_generator_c[0m
[0.948s] [  5%] Built target interfaces_subzero__cpp
[0.951s] [  7%] [32mBuilding C object CMakeFiles/interfaces_subzero__rosidl_generator_c.dir/rosidl_generator_c/interfaces_subzero/srv/detail/send_string__functions.c.o[0m
[0.951s] [ 10%] [32mBuilding C object CMakeFiles/interfaces_subzero__rosidl_generator_c.dir/rosidl_generator_c/interfaces_subzero/msg/detail/r9s_gps__functions.c.o[0m
[0.959s] [ 12%] [34m[1mGenerating C++ type support for eProsima Fast-RTPS[0m
[0.961s] [ 17%] [34m[1mGenerating C++ type support dispatch for ROS interfaces[0m
[0.961s] [ 17%] [34m[1mGenerating C++ introspection for ROS interfaces[0m
[0.994s] [ 20%] [32m[1mLinking C shared library libinterfaces_subzero__rosidl_generator_c.so[0m
[1.025s] [ 20%] Built target interfaces_subzero__rosidl_generator_c
[1.035s] [ 25%] [34m[1mGenerating C type support dispatch for ROS interfaces[0m
[1.035s] [ 25%] [34m[1mGenerating C introspection for ROS interfaces[0m
[1.277s] [35m[1mScanning dependencies of target interfaces_subzero__rosidl_typesupport_fastrtps_cpp[0m
[1.296s] [ 28%] [32mBuilding CXX object CMakeFiles/interfaces_subzero__rosidl_typesupport_fastrtps_cpp.dir/rosidl_typesupport_fastrtps_cpp/interfaces_subzero/msg/detail/dds_fastrtps/r9s_gps__type_support.cpp.o[0m
[1.297s] [ 30%] [32mBuilding CXX object CMakeFiles/interfaces_subzero__rosidl_typesupport_fastrtps_cpp.dir/rosidl_typesupport_fastrtps_cpp/interfaces_subzero/srv/detail/dds_fastrtps/send_string__type_support.cpp.o[0m
[1.302s] [35m[1mScanning dependencies of target interfaces_subzero__rosidl_typesupport_c[0m
[1.313s] [ 33%] [32mBuilding CXX object CMakeFiles/interfaces_subzero__rosidl_typesupport_c.dir/rosidl_typesupport_c/interfaces_subzero/msg/r9s_gps__type_support.cpp.o[0m
[1.317s] [ 35%] [32mBuilding CXX object CMakeFiles/interfaces_subzero__rosidl_typesupport_c.dir/rosidl_typesupport_c/interfaces_subzero/srv/send_string__type_support.cpp.o[0m
[1.356s] [35m[1mScanning dependencies of target interfaces_subzero__rosidl_typesupport_introspection_c[0m
[1.358s] [ 38%] [32m[1mLinking CXX shared library libinterfaces_subzero__rosidl_typesupport_c.so[0m
[1.368s] [ 41%] [32mBuilding C object CMakeFiles/interfaces_subzero__rosidl_typesupport_introspection_c.dir/rosidl_typesupport_introspection_c/interfaces_subzero/msg/detail/r9s_gps__type_support.c.o[0m
[1.371s] [ 43%] [32mBuilding C object CMakeFiles/interfaces_subzero__rosidl_typesupport_introspection_c.dir/rosidl_typesupport_introspection_c/interfaces_subzero/srv/detail/send_string__type_support.c.o[0m
[1.412s] [ 43%] Built target interfaces_subzero__rosidl_typesupport_c
[1.415s] [ 46%] [32m[1mLinking C shared library libinterfaces_subzero__rosidl_typesupport_introspection_c.so[0m
[1.422s] [35m[1mScanning dependencies of target interfaces_subzero__rosidl_typesupport_cpp[0m
[1.436s] [ 48%] [32mBuilding CXX object CMakeFiles/interfaces_subzero__rosidl_typesupport_cpp.dir/rosidl_typesupport_cpp/interfaces_subzero/srv/send_string__type_support.cpp.o[0m
[1.436s] [ 51%] [32mBuilding CXX object CMakeFiles/interfaces_subzero__rosidl_typesupport_cpp.dir/rosidl_typesupport_cpp/interfaces_subzero/msg/r9s_gps__type_support.cpp.o[0m
[1.448s] [35m[1mScanning dependencies of target interfaces_subzero__rosidl_typesupport_introspection_cpp[0m
[1.451s] [ 51%] Built target interfaces_subzero__rosidl_typesupport_introspection_c
[1.460s] [ 53%] [32mBuilding CXX object CMakeFiles/interfaces_subzero__rosidl_typesupport_introspection_cpp.dir/rosidl_typesupport_introspection_cpp/interfaces_subzero/srv/detail/send_string__type_support.cpp.o[0m
[1.463s] [ 56%] [32mBuilding CXX object CMakeFiles/interfaces_subzero__rosidl_typesupport_introspection_cpp.dir/rosidl_typesupport_introspection_cpp/interfaces_subzero/msg/detail/r9s_gps__type_support.cpp.o[0m
[1.879s] [ 58%] [32m[1mLinking CXX shared library libinterfaces_subzero__rosidl_typesupport_cpp.so[0m
[1.886s] [ 61%] [32m[1mLinking CXX shared library libinterfaces_subzero__rosidl_typesupport_introspection_cpp.so[0m
[1.919s] [ 61%] Built target interfaces_subzero__rosidl_typesupport_cpp
[1.934s] [ 64%] [32m[1mLinking CXX shared library libinterfaces_subzero__rosidl_typesupport_fastrtps_cpp.so[0m
[1.944s] [ 64%] Built target interfaces_subzero__rosidl_typesupport_introspection_cpp
[2.003s] [ 64%] Built target interfaces_subzero__rosidl_typesupport_fastrtps_cpp
[2.014s] [ 66%] [34m[1mGenerating C type support for eProsima Fast-RTPS[0m
[2.262s] [35m[1mScanning dependencies of target interfaces_subzero__rosidl_typesupport_fastrtps_c[0m
[2.274s] [ 71%] [32mBuilding CXX object CMakeFiles/interfaces_subzero__rosidl_typesupport_fastrtps_c.dir/rosidl_typesupport_fastrtps_c/interfaces_subzero/srv/detail/send_string__type_support_c.cpp.o[0m
[2.274s] [ 71%] [32mBuilding CXX object CMakeFiles/interfaces_subzero__rosidl_typesupport_fastrtps_c.dir/rosidl_typesupport_fastrtps_c/interfaces_subzero/msg/detail/r9s_gps__type_support_c.cpp.o[0m
[2.594s] [ 74%] [32m[1mLinking CXX shared library libinterfaces_subzero__rosidl_typesupport_fastrtps_c.so[0m
[2.658s] [ 74%] Built target interfaces_subzero__rosidl_typesupport_fastrtps_c
[2.673s] [ 74%] Built target interfaces_subzero
[2.681s] [35m[1mScanning dependencies of target interfaces_subzero__py[0m
[2.689s] [ 76%] [34m[1mGenerating Python code for ROS interfaces[0m
[3.155s] [ 76%] Built target interfaces_subzero__py
[3.164s] [35m[1mScanning dependencies of target interfaces_subzero__python[0m
[3.179s] [ 82%] [32mBuilding C object CMakeFiles/interfaces_subzero__python.dir/rosidl_generator_py/interfaces_subzero/srv/_send_string_s.c.o[0m
[3.179s] [ 82%] [32mBuilding C object CMakeFiles/interfaces_subzero__python.dir/rosidl_generator_py/interfaces_subzero/msg/_r9s_gps_s.c.o[0m
[3.277s] [ 84%] [32m[1mLinking C shared library rosidl_generator_py/interfaces_subzero/libinterfaces_subzero__python.so[0m
[3.313s] [ 84%] Built target interfaces_subzero__python
[3.324s] [35m[1mScanning dependencies of target interfaces_subzero__rosidl_typesupport_c__pyext[0m
[3.324s] [35m[1mScanning dependencies of target interfaces_subzero__rosidl_typesupport_introspection_c__pyext[0m
[3.324s] [35m[1mScanning dependencies of target interfaces_subzero__rosidl_typesupport_fastrtps_c__pyext[0m
[3.337s] [ 87%] [32mBuilding C object CMakeFiles/interfaces_subzero__rosidl_typesupport_introspection_c__pyext.dir/rosidl_generator_py/interfaces_subzero/_interfaces_subzero_s.ep.rosidl_typesupport_introspection_c.c.o[0m
[3.340s] [ 89%] [32mBuilding C object CMakeFiles/interfaces_subzero__rosidl_typesupport_fastrtps_c__pyext.dir/rosidl_generator_py/interfaces_subzero/_interfaces_subzero_s.ep.rosidl_typesupport_fastrtps_c.c.o[0m
[3.340s] [ 92%] [32mBuilding C object CMakeFiles/interfaces_subzero__rosidl_typesupport_c__pyext.dir/rosidl_generator_py/interfaces_subzero/_interfaces_subzero_s.ep.rosidl_typesupport_c.c.o[0m
[3.434s] [100%] [32m[1mLinking C shared library rosidl_generator_py/interfaces_subzero/interfaces_subzero_s__rosidl_typesupport_introspection_c.cpython-38-x86_64-linux-gnu.so[0m
[3.434s] [100%] [32m[1mLinking CXX shared library rosidl_generator_py/interfaces_subzero/interfaces_subzero_s__rosidl_typesupport_fastrtps_c.cpython-38-x86_64-linux-gnu.so[0m
[3.435s] [100%] [32m[1mLinking C shared library rosidl_generator_py/interfaces_subzero/interfaces_subzero_s__rosidl_typesupport_c.cpython-38-x86_64-linux-gnu.so[0m
[3.466s] [100%] Built target interfaces_subzero__rosidl_typesupport_c__pyext
[3.466s] [100%] Built target interfaces_subzero__rosidl_typesupport_introspection_c__pyext
[3.489s] [100%] Built target interfaces_subzero__rosidl_typesupport_fastrtps_c__pyext
[3.498s] Invoked command in '/home/subzero/ros2_ws/build/interfaces_subzero' returned '0': CMAKE_PREFIX_PATH=${CMAKE_PREFIX_PATH}:/opt/ros/foxy /usr/bin/cmake --build /home/subzero/ros2_ws/build/interfaces_subzero -- -j8 -l8
[3.554s] Invoking command in '/home/subzero/ros2_ws/build/interfaces_subzero': CMAKE_PREFIX_PATH=${CMAKE_PREFIX_PATH}:/opt/ros/foxy /usr/bin/cmake --install /home/subzero/ros2_ws/build/interfaces_subzero
[3.561s] -- Install configuration: ""
[3.561s] -- Installing: /home/subzero/ros2_ws/install/interfaces_subzero/share/ament_index/resource_index/rosidl_interfaces/interfaces_subzero
[3.562s] -- Up-to-date: /home/subzero/ros2_ws/install/interfaces_subzero/include/interfaces_subzero
[3.562s] -- Up-to-date: /home/subzero/ros2_ws/install/interfaces_subzero/include/interfaces_subzero/srv
[3.562s] -- Up-to-date: /home/subzero/ros2_ws/install/interfaces_subzero/include/interfaces_subzero/srv/detail
[3.562s] -- Installing: /home/subzero/ros2_ws/install/interfaces_subzero/include/interfaces_subzero/srv/detail/send_string__functions.c
[3.562s] -- Installing: /home/subzero/ros2_ws/install/interfaces_subzero/include/interfaces_subzero/srv/detail/send_string__functions.h
[3.562s] -- Installing: /home/subzero/ros2_ws/install/interfaces_subzero/include/interfaces_subzero/srv/detail/send_string__struct.h
[3.562s] -- Installing: /home/subzero/ros2_ws/install/interfaces_subzero/include/interfaces_subzero/srv/detail/send_string__type_support.h
[3.562s] -- Installing: /home/subzero/ros2_ws/install/interfaces_subzero/include/interfaces_subzero/srv/send_string.h
[3.562s] -- Up-to-date: /home/subzero/ros2_ws/install/interfaces_subzero/include/interfaces_subzero/msg
[3.562s] -- Up-to-date: /home/subzero/ros2_ws/install/interfaces_subzero/include/interfaces_subzero/msg/rosidl_generator_c__visibility_control.h
[3.562s] -- Installing: /home/subzero/ros2_ws/install/interfaces_subzero/include/interfaces_subzero/msg/detail
[3.563s] -- Installing: /home/subzero/ros2_ws/install/interfaces_subzero/include/interfaces_subzero/msg/detail/r9s_gps__functions.h
[3.563s] -- Installing: /home/subzero/ros2_ws/install/interfaces_subzero/include/interfaces_subzero/msg/detail/r9s_gps__struct.h
[3.563s] -- Installing: /home/subzero/ros2_ws/install/interfaces_subzero/include/interfaces_subzero/msg/detail/r9s_gps__functions.c
[3.563s] -- Installing: /home/subzero/ros2_ws/install/interfaces_subzero/include/interfaces_subzero/msg/detail/r9s_gps__type_support.h
[3.563s] -- Installing: /home/subzero/ros2_ws/install/interfaces_subzero/include/interfaces_subzero/msg/r9s_gps.h
[3.563s] -- Up-to-date: /home/subzero/ros2_ws/install/interfaces_subzero/share/interfaces_subzero/environment/library_path.sh
[3.563s] -- Installing: /home/subzero/ros2_ws/install/interfaces_subzero/share/interfaces_subzero/environment/library_path.dsv
[3.563s] -- Installing: /home/subzero/ros2_ws/install/interfaces_subzero/lib/libinterfaces_subzero__rosidl_generator_c.so
[3.563s] -- Set runtime path of "/home/subzero/ros2_ws/install/interfaces_subzero/lib/libinterfaces_subzero__rosidl_generator_c.so" to ""
[3.563s] -- Up-to-date: /home/subzero/ros2_ws/install/interfaces_subzero/include/interfaces_subzero
[3.563s] -- Up-to-date: /home/subzero/ros2_ws/install/interfaces_subzero/include/interfaces_subzero/srv
[3.563s] -- Up-to-date: /home/subzero/ros2_ws/install/interfaces_subzero/include/interfaces_subzero/srv/detail
[3.563s] -- Installing: /home/subzero/ros2_ws/install/interfaces_subzero/include/interfaces_subzero/srv/detail/send_string__rosidl_typesupport_fastrtps_c.h
[3.564s] -- Up-to-date: /home/subzero/ros2_ws/install/interfaces_subzero/include/interfaces_subzero/msg
[3.564s] -- Up-to-date: /home/subzero/ros2_ws/install/interfaces_subzero/include/interfaces_subzero/msg/rosidl_typesupport_fastrtps_c__visibility_control.h
[3.564s] -- Up-to-date: /home/subzero/ros2_ws/install/interfaces_subzero/include/interfaces_subzero/msg/detail
[3.564s] -- Installing: /home/subzero/ros2_ws/install/interfaces_subzero/include/interfaces_subzero/msg/detail/r9s_gps__rosidl_typesupport_fastrtps_c.h
[3.564s] -- Installing: /home/subzero/ros2_ws/install/interfaces_subzero/lib/libinterfaces_subzero__rosidl_typesupport_fastrtps_c.so
[3.564s] -- Set runtime path of "/home/subzero/ros2_ws/install/interfaces_subzero/lib/libinterfaces_subzero__rosidl_typesupport_fastrtps_c.so" to ""
[3.564s] -- Up-to-date: /home/subzero/ros2_ws/install/interfaces_subzero/include/interfaces_subzero
[3.564s] -- Up-to-date: /home/subzero/ros2_ws/install/interfaces_subzero/include/interfaces_subzero/srv
[3.564s] -- Up-to-date: /home/subzero/ros2_ws/install/interfaces_subzero/include/interfaces_subzero/srv/detail
[3.564s] -- Up-to-date: /home/subzero/ros2_ws/install/interfaces_subzero/include/interfaces_subzero/srv/detail/dds_fastrtps
[3.564s] -- Installing: /home/subzero/ros2_ws/install/interfaces_subzero/include/interfaces_subzero/srv/detail/send_string__rosidl_typesupport_fastrtps_cpp.hpp
[3.564s] -- Up-to-date: /home/subzero/ros2_ws/install/interfaces_subzero/include/interfaces_subzero/msg
[3.564s] -- Up-to-date: /home/subzero/ros2_ws/install/interfaces_subzero/include/interfaces_subzero/msg/rosidl_typesupport_fastrtps_cpp__visibility_control.h
[3.565s] -- Up-to-date: /home/subzero/ros2_ws/install/interfaces_subzero/include/interfaces_subzero/msg/detail
[3.565s] -- Installing: /home/subzero/ros2_ws/install/interfaces_subzero/include/interfaces_subzero/msg/detail/dds_fastrtps
[3.565s] -- Installing: /home/subzero/ros2_ws/install/interfaces_subzero/include/interfaces_subzero/msg/detail/r9s_gps__rosidl_typesupport_fastrtps_cpp.hpp
[3.565s] -- Installing: /home/subzero/ros2_ws/install/interfaces_subzero/lib/libinterfaces_subzero__rosidl_typesupport_fastrtps_cpp.so
[3.565s] -- Set runtime path of "/home/subzero/ros2_ws/install/interfaces_subzero/lib/libinterfaces_subzero__rosidl_typesupport_fastrtps_cpp.so" to ""
[3.565s] -- Up-to-date: /home/subzero/ros2_ws/install/interfaces_subzero/include/interfaces_subzero
[3.565s] -- Up-to-date: /home/subzero/ros2_ws/install/interfaces_subzero/include/interfaces_subzero/srv
[3.565s] -- Up-to-date: /home/subzero/ros2_ws/install/interfaces_subzero/include/interfaces_subzero/srv/detail
[3.565s] -- Installing: /home/subzero/ros2_ws/install/interfaces_subzero/include/interfaces_subzero/srv/detail/send_string__type_support.c
[3.565s] -- Installing: /home/subzero/ros2_ws/install/interfaces_subzero/include/interfaces_subzero/srv/detail/send_string__rosidl_typesupport_introspection_c.h
[3.565s] -- Up-to-date: /home/subzero/ros2_ws/install/interfaces_subzero/include/interfaces_subzero/msg
[3.565s] -- Up-to-date: /home/subzero/ros2_ws/install/interfaces_subzero/include/interfaces_subzero/msg/rosidl_typesupport_introspection_c__visibility_control.h
[3.565s] -- Up-to-date: /home/subzero/ros2_ws/install/interfaces_subzero/include/interfaces_subzero/msg/detail
[3.565s] -- Installing: /home/subzero/ros2_ws/install/interfaces_subzero/include/interfaces_subzero/msg/detail/r9s_gps__rosidl_typesupport_introspection_c.h
[3.566s] -- Installing: /home/subzero/ros2_ws/install/interfaces_subzero/include/interfaces_subzero/msg/detail/r9s_gps__type_support.c
[3.566s] -- Installing: /home/subzero/ros2_ws/install/interfaces_subzero/lib/libinterfaces_subzero__rosidl_typesupport_introspection_c.so
[3.566s] -- Set runtime path of "/home/subzero/ros2_ws/install/interfaces_subzero/lib/libinterfaces_subzero__rosidl_typesupport_introspection_c.so" to ""
[3.566s] -- Installing: /home/subzero/ros2_ws/install/interfaces_subzero/lib/libinterfaces_subzero__rosidl_typesupport_c.so
[3.566s] -- Set runtime path of "/home/subzero/ros2_ws/install/interfaces_subzero/lib/libinterfaces_subzero__rosidl_typesupport_c.so" to ""
[3.566s] -- Up-to-date: /home/subzero/ros2_ws/install/interfaces_subzero/include/interfaces_subzero
[3.566s] -- Up-to-date: /home/subzero/ros2_ws/install/interfaces_subzero/include/interfaces_subzero/srv
[3.566s] -- Up-to-date: /home/subzero/ros2_ws/install/interfaces_subzero/include/interfaces_subzero/srv/detail
[3.566s] -- Installing: /home/subzero/ros2_ws/install/interfaces_subzero/include/interfaces_subzero/srv/detail/send_string__struct.hpp
[3.566s] -- Installing: /home/subzero/ros2_ws/install/interfaces_subzero/include/interfaces_subzero/srv/detail/send_string__traits.hpp
[3.567s] -- Installing: /home/subzero/ros2_ws/install/interfaces_subzero/include/interfaces_subzero/srv/detail/send_string__builder.hpp
[3.567s] -- Installing: /home/subzero/ros2_ws/install/interfaces_subzero/include/interfaces_subzero/srv/send_string.hpp
[3.567s] -- Up-to-date: /home/subzero/ros2_ws/install/interfaces_subzero/include/interfaces_subzero/msg
[3.567s] -- Up-to-date: /home/subzero/ros2_ws/install/interfaces_subzero/include/interfaces_subzero/msg/detail
[3.567s] -- Installing: /home/subzero/ros2_ws/install/interfaces_subzero/include/interfaces_subzero/msg/detail/r9s_gps__struct.hpp
[3.567s] -- Installing: /home/subzero/ros2_ws/install/interfaces_subzero/include/interfaces_subzero/msg/detail/r9s_gps__traits.hpp
[3.567s] -- Installing: /home/subzero/ros2_ws/install/interfaces_subzero/include/interfaces_subzero/msg/detail/r9s_gps__builder.hpp
[3.567s] -- Installing: /home/subzero/ros2_ws/install/interfaces_subzero/include/interfaces_subzero/msg/r9s_gps.hpp
[3.567s] -- Up-to-date: /home/subzero/ros2_ws/install/interfaces_subzero/include/interfaces_subzero
[3.567s] -- Up-to-date: /home/subzero/ros2_ws/install/interfaces_subzero/include/interfaces_subzero/srv
[3.567s] -- Up-to-date: /home/subzero/ros2_ws/install/interfaces_subzero/include/interfaces_subzero/srv/detail
[3.567s] -- Installing: /home/subzero/ros2_ws/install/interfaces_subzero/include/interfaces_subzero/srv/detail/send_string__type_support.cpp
[3.567s] -- Installing: /home/subzero/ros2_ws/install/interfaces_subzero/include/interfaces_subzero/srv/detail/send_string__rosidl_typesupport_introspection_cpp.hpp
[3.568s] -- Up-to-date: /home/subzero/ros2_ws/install/interfaces_subzero/include/interfaces_subzero/msg
[3.568s] -- Up-to-date: /home/subzero/ros2_ws/install/interfaces_subzero/include/interfaces_subzero/msg/detail
[3.568s] -- Installing: /home/subzero/ros2_ws/install/interfaces_subzero/include/interfaces_subzero/msg/detail/r9s_gps__type_support.cpp
[3.568s] -- Installing: /home/subzero/ros2_ws/install/interfaces_subzero/include/interfaces_subzero/msg/detail/r9s_gps__rosidl_typesupport_introspection_cpp.hpp
[3.568s] -- Installing: /home/subzero/ros2_ws/install/interfaces_subzero/lib/libinterfaces_subzero__rosidl_typesupport_introspection_cpp.so
[3.568s] -- Set runtime path of "/home/subzero/ros2_ws/install/interfaces_subzero/lib/libinterfaces_subzero__rosidl_typesupport_introspection_cpp.so" to ""
[3.568s] -- Installing: /home/subzero/ros2_ws/install/interfaces_subzero/lib/libinterfaces_subzero__rosidl_typesupport_cpp.so
[3.568s] -- Set runtime path of "/home/subzero/ros2_ws/install/interfaces_subzero/lib/libinterfaces_subzero__rosidl_typesupport_cpp.so" to ""
[3.568s] -- Up-to-date: /home/subzero/ros2_ws/install/interfaces_subzero/share/interfaces_subzero/environment/pythonpath.sh
[3.568s] -- Installing: /home/subzero/ros2_ws/install/interfaces_subzero/share/interfaces_subzero/environment/pythonpath.dsv
[3.569s] -- Installing: /home/subzero/ros2_ws/install/interfaces_subzero/lib/python3.8/site-packages/interfaces_subzero/__init__.py
[3.597s] Compiling '/home/subzero/ros2_ws/install/interfaces_subzero/lib/python3.8/site-packages/interfaces_subzero/__init__.py'...
[3.600s] -- Installing: /home/subzero/ros2_ws/install/interfaces_subzero/lib/python3.8/site-packages/interfaces_subzero/msg
[3.601s] -- Installing: /home/subzero/ros2_ws/install/interfaces_subzero/lib/python3.8/site-packages/interfaces_subzero/msg/_r9s_gps.py
[3.601s] -- Installing: /home/subzero/ros2_ws/install/interfaces_subzero/lib/python3.8/site-packages/interfaces_subzero/msg/__init__.py
[3.601s] -- Installing: /home/subzero/ros2_ws/install/interfaces_subzero/lib/python3.8/site-packages/interfaces_subzero/msg/_r9s_gps_s.c
[3.601s] -- Up-to-date: /home/subzero/ros2_ws/install/interfaces_subzero/lib/python3.8/site-packages/interfaces_subzero/srv
[3.601s] -- Installing: /home/subzero/ros2_ws/install/interfaces_subzero/lib/python3.8/site-packages/interfaces_subzero/srv/_send_string.py
[3.601s] -- Installing: /home/subzero/ros2_ws/install/interfaces_subzero/lib/python3.8/site-packages/interfaces_subzero/srv/__init__.py
[3.601s] -- Installing: /home/subzero/ros2_ws/install/interfaces_subzero/lib/python3.8/site-packages/interfaces_subzero/srv/_send_string_s.c
[3.601s] -- Installing: /home/subzero/ros2_ws/install/interfaces_subzero/lib/python3.8/site-packages/interfaces_subzero/interfaces_subzero_s__rosidl_typesupport_fastrtps_c.cpython-38-x86_64-linux-gnu.so
[3.602s] -- Set runtime path of "/home/subzero/ros2_ws/install/interfaces_subzero/lib/python3.8/site-packages/interfaces_subzero/interfaces_subzero_s__rosidl_typesupport_fastrtps_c.cpython-38-x86_64-linux-gnu.so" to ""
[3.602s] -- Installing: /home/subzero/ros2_ws/install/interfaces_subzero/lib/python3.8/site-packages/interfaces_subzero/interfaces_subzero_s__rosidl_typesupport_introspection_c.cpython-38-x86_64-linux-gnu.so
[3.602s] -- Set runtime path of "/home/subzero/ros2_ws/install/interfaces_subzero/lib/python3.8/site-packages/interfaces_subzero/interfaces_subzero_s__rosidl_typesupport_introspection_c.cpython-38-x86_64-linux-gnu.so" to ""
[3.602s] -- Installing: /home/subzero/ros2_ws/install/interfaces_subzero/lib/python3.8/site-packages/interfaces_subzero/interfaces_subzero_s__rosidl_typesupport_c.cpython-38-x86_64-linux-gnu.so
[3.603s] -- Set runtime path of "/home/subzero/ros2_ws/install/interfaces_subzero/lib/python3.8/site-packages/interfaces_subzero/interfaces_subzero_s__rosidl_typesupport_c.cpython-38-x86_64-linux-gnu.so" to ""
[3.603s] -- Installing: /home/subzero/ros2_ws/install/interfaces_subzero/lib/libinterfaces_subzero__python.so
[3.603s] -- Set runtime path of "/home/subzero/ros2_ws/install/interfaces_subzero/lib/libinterfaces_subzero__python.so" to ""
[3.603s] -- Installing: /home/subzero/ros2_ws/install/interfaces_subzero/share/interfaces_subzero/msg/R9sGPS.idl
[3.603s] -- Up-to-date: /home/subzero/ros2_ws/install/interfaces_subzero/share/interfaces_subzero/srv/SendString.idl
[3.603s] -- Installing: /home/subzero/ros2_ws/install/interfaces_subzero/share/interfaces_subzero/msg/R9sGPS.msg
[3.603s] -- Installing: /home/subzero/ros2_ws/install/interfaces_subzero/share/interfaces_subzero/srv/SendString.srv
[3.604s] -- Up-to-date: /home/subzero/ros2_ws/install/interfaces_subzero/share/interfaces_subzero/srv/SendString_Request.msg
[3.604s] -- Installing: /home/subzero/ros2_ws/install/interfaces_subzero/share/interfaces_subzero/srv/SendString_Response.msg
[3.604s] -- Up-to-date: /home/subzero/ros2_ws/install/interfaces_subzero/share/ament_index/resource_index/package_run_dependencies/interfaces_subzero
[3.604s] -- Installing: /home/subzero/ros2_ws/install/interfaces_subzero/share/ament_index/resource_index/parent_prefix_path/interfaces_subzero
[3.604s] -- Up-to-date: /home/subzero/ros2_ws/install/interfaces_subzero/share/interfaces_subzero/environment/ament_prefix_path.sh
[3.604s] -- Installing: /home/subzero/ros2_ws/install/interfaces_subzero/share/interfaces_subzero/environment/ament_prefix_path.dsv
[3.604s] -- Up-to-date: /home/subzero/ros2_ws/install/interfaces_subzero/share/interfaces_subzero/environment/path.sh
[3.604s] -- Installing: /home/subzero/ros2_ws/install/interfaces_subzero/share/interfaces_subzero/environment/path.dsv
[3.604s] -- Up-to-date: /home/subzero/ros2_ws/install/interfaces_subzero/share/interfaces_subzero/local_setup.bash
[3.604s] -- Up-to-date: /home/subzero/ros2_ws/install/interfaces_subzero/share/interfaces_subzero/local_setup.sh
[3.604s] -- Up-to-date: /home/subzero/ros2_ws/install/interfaces_subzero/share/interfaces_subzero/local_setup.zsh
[3.604s] -- Installing: /home/subzero/ros2_ws/install/interfaces_subzero/share/interfaces_subzero/local_setup.dsv
[3.604s] -- Installing: /home/subzero/ros2_ws/install/interfaces_subzero/share/interfaces_subzero/package.dsv
[3.605s] -- Up-to-date: /home/subzero/ros2_ws/install/interfaces_subzero/share/ament_index/resource_index/packages/interfaces_subzero
[3.605s] -- Up-to-date: /home/subzero/ros2_ws/install/interfaces_subzero/share/interfaces_subzero/cmake/interfaces_subzero__rosidl_generator_cExport.cmake
[3.605s] -- Installing: /home/subzero/ros2_ws/install/interfaces_subzero/share/interfaces_subzero/cmake/interfaces_subzero__rosidl_generator_cExport-noconfig.cmake
[3.605s] -- Up-to-date: /home/subzero/ros2_ws/install/interfaces_subzero/share/interfaces_subzero/cmake/interfaces_subzero__rosidl_typesupport_introspection_cExport.cmake
[3.605s] -- Installing: /home/subzero/ros2_ws/install/interfaces_subzero/share/interfaces_subzero/cmake/interfaces_subzero__rosidl_typesupport_introspection_cExport-noconfig.cmake
[3.605s] -- Up-to-date: /home/subzero/ros2_ws/install/interfaces_subzero/share/interfaces_subzero/cmake/interfaces_subzero__rosidl_typesupport_cExport.cmake
[3.605s] -- Installing: /home/subzero/ros2_ws/install/interfaces_subzero/share/interfaces_subzero/cmake/interfaces_subzero__rosidl_typesupport_cExport-noconfig.cmake
[3.605s] -- Up-to-date: /home/subzero/ros2_ws/install/interfaces_subzero/share/interfaces_subzero/cmake/interfaces_subzero__rosidl_generator_cppExport.cmake
[3.606s] -- Up-to-date: /home/subzero/ros2_ws/install/interfaces_subzero/share/interfaces_subzero/cmake/interfaces_subzero__rosidl_typesupport_introspection_cppExport.cmake
[3.606s] -- Installing: /home/subzero/ros2_ws/install/interfaces_subzero/share/interfaces_subzero/cmake/interfaces_subzero__rosidl_typesupport_introspection_cppExport-noconfig.cmake
[3.606s] -- Up-to-date: /home/subzero/ros2_ws/install/interfaces_subzero/share/interfaces_subzero/cmake/interfaces_subzero__rosidl_typesupport_cppExport.cmake
[3.606s] -- Installing: /home/subzero/ros2_ws/install/interfaces_subzero/share/interfaces_subzero/cmake/interfaces_subzero__rosidl_typesupport_cppExport-noconfig.cmake
[3.606s] -- Installing: /home/subzero/ros2_ws/install/interfaces_subzero/share/interfaces_subzero/cmake/rosidl_cmake-extras.cmake
[3.606s] -- Up-to-date: /home/subzero/ros2_ws/install/interfaces_subzero/share/interfaces_subzero/cmake/ament_cmake_export_dependencies-extras.cmake
[3.606s] -- Up-to-date: /home/subzero/ros2_ws/install/interfaces_subzero/share/interfaces_subzero/cmake/ament_cmake_export_libraries-extras.cmake
[3.607s] -- Up-to-date: /home/subzero/ros2_ws/install/interfaces_subzero/share/interfaces_subzero/cmake/ament_cmake_export_targets-extras.cmake
[3.607s] -- Up-to-date: /home/subzero/ros2_ws/install/interfaces_subzero/share/interfaces_subzero/cmake/ament_cmake_export_include_directories-extras.cmake
[3.607s] -- Up-to-date: /home/subzero/ros2_ws/install/interfaces_subzero/share/interfaces_subzero/cmake/rosidl_cmake_export_typesupport_libraries-extras.cmake
[3.607s] -- Up-to-date: /home/subzero/ros2_ws/install/interfaces_subzero/share/interfaces_subzero/cmake/rosidl_cmake_export_typesupport_targets-extras.cmake
[3.607s] -- Installing: /home/subzero/ros2_ws/install/interfaces_subzero/share/interfaces_subzero/cmake/interfaces_subzeroConfig.cmake
[3.607s] -- Installing: /home/subzero/ros2_ws/install/interfaces_subzero/share/interfaces_subzero/cmake/interfaces_subzeroConfig-version.cmake
[3.607s] -- Installing: /home/subzero/ros2_ws/install/interfaces_subzero/share/interfaces_subzero/package.xml
[3.609s] Invoked command in '/home/subzero/ros2_ws/build/interfaces_subzero' returned '0': CMAKE_PREFIX_PATH=${CMAKE_PREFIX_PATH}:/opt/ros/foxy /usr/bin/cmake --install /home/subzero/ros2_ws/build/interfaces_subzero
