[0.187s] Invoking command in '/home/subzero/ros2_ws/build/subzero_v1': PYTHONPATH=/home/subzero/ros2_ws/install/subzero_v1/lib/python3.8/site-packages:${PYTHONPATH} /usr/bin/python3 setup.py develop --prefix /home/subzero/ros2_ws/install/subzero_v1 --editable --build-directory /home/subzero/ros2_ws/build/subzero_v1/build --no-deps install_data --install-dir /home/subzero/ros2_ws/install/subzero_v1
[0.364s] running develop
[0.481s] running egg_info
[0.481s] writing subzero_v1.egg-info/PKG-INFO
[0.481s] writing dependency_links to subzero_v1.egg-info/dependency_links.txt
[0.481s] writing entry points to subzero_v1.egg-info/entry_points.txt
[0.482s] writing requirements to subzero_v1.egg-info/requires.txt
[0.482s] writing top-level names to subzero_v1.egg-info/top_level.txt
[0.507s] reading manifest file 'subzero_v1.egg-info/SOURCES.txt'
[0.508s] writing manifest file 'subzero_v1.egg-info/SOURCES.txt'
[0.534s] running build_ext
[0.534s] Creating /home/subzero/ros2_ws/install/subzero_v1/lib/python3.8/site-packages/subzero-v1.egg-link (link to .)
[0.535s] Installing ARK script to /home/subzero/ros2_ws/install/subzero_v1/lib/subzero_v1
[0.536s] Installing ApRES script to /home/subzero/ros2_ws/install/subzero_v1/lib/subzero_v1
[0.536s] Installing Arduino script to /home/subzero/ros2_ws/install/subzero_v1/lib/subzero_v1
[0.536s] Installing Dr script to /home/subzero/ros2_ws/install/subzero_v1/lib/subzero_v1
[0.536s] Installing Driving script to /home/subzero/ros2_ws/install/subzero_v1/lib/subzero_v1
[0.536s] Installing Garmin script to /home/subzero/ros2_ws/install/subzero_v1/lib/subzero_v1
[0.537s] Installing Radio script to /home/subzero/ros2_ws/install/subzero_v1/lib/subzero_v1
[0.537s] Installing Trimble script to /home/subzero/ros2_ws/install/subzero_v1/lib/subzero_v1
[0.537s] 
[0.537s] Installed /home/subzero/ros2_ws/build/subzero_v1
[0.537s] running install_data
[0.560s] Invoked command in '/home/subzero/ros2_ws/build/subzero_v1' returned '0': PYTHONPATH=/home/subzero/ros2_ws/install/subzero_v1/lib/python3.8/site-packages:${PYTHONPATH} /usr/bin/python3 setup.py develop --prefix /home/subzero/ros2_ws/install/subzero_v1 --editable --build-directory /home/subzero/ros2_ws/build/subzero_v1/build --no-deps install_data --install-dir /home/subzero/ros2_ws/install/subzero_v1
