[0.206s] Invoking command in '/home/subzero/ros2_ws/build/subzero_v1': PYTHONPATH=/home/subzero/ros2_ws/install/subzero_v1/lib/python3.8/site-packages:${PYTHONPATH} /usr/bin/python3 setup.py develop --prefix /home/subzero/ros2_ws/install/subzero_v1 --editable --build-directory /home/subzero/ros2_ws/build/subzero_v1/build --no-deps install_data --install-dir /home/subzero/ros2_ws/install/subzero_v1
[0.383s] running develop
[0.483s] running egg_info
[0.483s] writing subzero_v1.egg-info/PKG-INFO
[0.483s] writing dependency_links to subzero_v1.egg-info/dependency_links.txt
[0.483s] writing entry points to subzero_v1.egg-info/entry_points.txt
[0.483s] writing requirements to subzero_v1.egg-info/requires.txt
[0.484s] writing top-level names to subzero_v1.egg-info/top_level.txt
[0.511s] reading manifest file 'subzero_v1.egg-info/SOURCES.txt'
[0.512s] writing manifest file 'subzero_v1.egg-info/SOURCES.txt'
[0.553s] running build_ext
[0.554s] Creating /home/subzero/ros2_ws/install/subzero_v1/lib/python3.8/site-packages/subzero-v1.egg-link (link to .)
[0.555s] Installing ARK script to /home/subzero/ros2_ws/install/subzero_v1/lib/subzero_v1
[0.555s] Installing ApRES script to /home/subzero/ros2_ws/install/subzero_v1/lib/subzero_v1
[0.555s] Installing Arduino script to /home/subzero/ros2_ws/install/subzero_v1/lib/subzero_v1
[0.555s] Installing Dr script to /home/subzero/ros2_ws/install/subzero_v1/lib/subzero_v1
[0.555s] Installing Driving script to /home/subzero/ros2_ws/install/subzero_v1/lib/subzero_v1
[0.556s] Installing Garmin script to /home/subzero/ros2_ws/install/subzero_v1/lib/subzero_v1
[0.556s] Installing Radio script to /home/subzero/ros2_ws/install/subzero_v1/lib/subzero_v1
[0.556s] Installing Trimble script to /home/subzero/ros2_ws/install/subzero_v1/lib/subzero_v1
[0.556s] 
[0.556s] Installed /home/subzero/ros2_ws/build/subzero_v1
[0.556s] running install_data
[0.577s] Invoked command in '/home/subzero/ros2_ws/build/subzero_v1' returned '0': PYTHONPATH=/home/subzero/ros2_ws/install/subzero_v1/lib/python3.8/site-packages:${PYTHONPATH} /usr/bin/python3 setup.py develop --prefix /home/subzero/ros2_ws/install/subzero_v1 --editable --build-directory /home/subzero/ros2_ws/build/subzero_v1/build --no-deps install_data --install-dir /home/subzero/ros2_ws/install/subzero_v1
