[0.350s] DEBUG:colcon:Command line arguments: ['/usr/bin/colcon', 'build']
[0.350s] DEBUG:colcon:Parsed command line arguments: Namespace(ament_cmake_args=None, base_paths=['.'], build_base='build', catkin_cmake_args=None, catkin_skip_building_tests=False, cmake_args=None, cmake_clean_cache=False, cmake_clean_first=False, cmake_force_configure=False, cmake_target=None, cmake_target_skip_unavailable=False, continue_on_error=False, event_handlers=None, executor='parallel', ignore_user_meta=False, install_base='install', log_base=None, log_level=None, main=<bound method BuildVerb.main of <colcon_core.verb.build.BuildVerb object at 0x7f9e7bb61fd0>>, merge_install=False, metas=['./colcon.meta'], packages_above=None, packages_above_and_dependencies=None, packages_above_depth=None, packages_end=None, packages_ignore=None, packages_ignore_regex=None, packages_select=None, packages_select_build_failed=False, packages_select_by_dep=None, packages_select_regex=None, packages_select_test_failures=False, packages_skip=None, packages_skip_build_finished=False, packages_skip_by_dep=None, packages_skip_regex=None, packages_skip_test_passed=False, packages_skip_up_to=None, packages_start=None, packages_up_to=None, packages_up_to_regex=None, parallel_workers=8, paths=None, symlink_install=False, test_result_base=None, verb_extension=<colcon_core.verb.build.BuildVerb object at 0x7f9e7bb61fd0>, verb_name='build', verb_parser=<colcon_defaults.argument_parser.defaults.DefaultArgumentsDecorator object at 0x7f9e7bb6d490>)
[0.358s] Level 1:colcon.colcon_core.package_discovery:discover_packages(colcon_meta) check parameters
[0.358s] Level 1:colcon.colcon_core.package_discovery:discover_packages(recursive) check parameters
[0.359s] Level 1:colcon.colcon_core.package_discovery:discover_packages(ignore) check parameters
[0.359s] Level 1:colcon.colcon_core.package_discovery:discover_packages(path) check parameters
[0.359s] Level 1:colcon.colcon_core.package_discovery:discover_packages(colcon_meta) discover
[0.359s] Level 1:colcon.colcon_core.package_discovery:discover_packages(recursive) discover
[0.359s] INFO:colcon.colcon_core.package_discovery:Crawling recursively for packages in '/home/subzero/ros2_ws'
[0.359s] Level 1:colcon.colcon_core.package_identification:_identify(.) by extensions ['ignore', 'ignore_ament_install']
[0.359s] Level 1:colcon.colcon_core.package_identification:_identify(.) by extension 'ignore'
[0.359s] Level 1:colcon.colcon_core.package_identification:_identify(.) by extension 'ignore_ament_install'
[0.359s] Level 1:colcon.colcon_core.package_identification:_identify(.) by extensions ['colcon_pkg']
[0.359s] Level 1:colcon.colcon_core.package_identification:_identify(.) by extension 'colcon_pkg'
[0.359s] Level 1:colcon.colcon_core.package_identification:_identify(.) by extensions ['colcon_meta']
[0.359s] Level 1:colcon.colcon_core.package_identification:_identify(.) by extension 'colcon_meta'
[0.359s] Level 1:colcon.colcon_core.package_identification:_identify(.) by extensions ['ros']
[0.359s] Level 1:colcon.colcon_core.package_identification:_identify(.) by extension 'ros'
[0.372s] Level 1:colcon.colcon_core.package_identification:_identify(.) by extensions ['cmake', 'python']
[0.372s] Level 1:colcon.colcon_core.package_identification:_identify(.) by extension 'cmake'
[0.373s] Level 1:colcon.colcon_core.package_identification:_identify(.) by extension 'python'
[0.373s] Level 1:colcon.colcon_core.package_identification:_identify(.) by extensions ['python_setup_py']
[0.373s] Level 1:colcon.colcon_core.package_identification:_identify(.) by extension 'python_setup_py'
[0.373s] Level 1:colcon.colcon_core.package_identification:_identify(build) by extensions ['ignore', 'ignore_ament_install']
[0.373s] Level 1:colcon.colcon_core.package_identification:_identify(build) by extension 'ignore'
[0.373s] Level 1:colcon.colcon_core.package_identification:_identify(build) ignored
[0.373s] Level 1:colcon.colcon_core.package_identification:_identify(install) by extensions ['ignore', 'ignore_ament_install']
[0.373s] Level 1:colcon.colcon_core.package_identification:_identify(install) by extension 'ignore'
[0.373s] Level 1:colcon.colcon_core.package_identification:_identify(install) ignored
[0.373s] Level 1:colcon.colcon_core.package_identification:_identify(log) by extensions ['ignore', 'ignore_ament_install']
[0.373s] Level 1:colcon.colcon_core.package_identification:_identify(log) by extension 'ignore'
[0.373s] Level 1:colcon.colcon_core.package_identification:_identify(log) ignored
[0.373s] Level 1:colcon.colcon_core.package_identification:_identify(src) by extensions ['ignore', 'ignore_ament_install']
[0.373s] Level 1:colcon.colcon_core.package_identification:_identify(src) by extension 'ignore'
[0.374s] Level 1:colcon.colcon_core.package_identification:_identify(src) by extension 'ignore_ament_install'
[0.374s] Level 1:colcon.colcon_core.package_identification:_identify(src) by extensions ['colcon_pkg']
[0.374s] Level 1:colcon.colcon_core.package_identification:_identify(src) by extension 'colcon_pkg'
[0.374s] Level 1:colcon.colcon_core.package_identification:_identify(src) by extensions ['colcon_meta']
[0.374s] Level 1:colcon.colcon_core.package_identification:_identify(src) by extension 'colcon_meta'
[0.374s] Level 1:colcon.colcon_core.package_identification:_identify(src) by extensions ['ros']
[0.374s] Level 1:colcon.colcon_core.package_identification:_identify(src) by extension 'ros'
[0.374s] Level 1:colcon.colcon_core.package_identification:_identify(src) by extensions ['cmake', 'python']
[0.374s] Level 1:colcon.colcon_core.package_identification:_identify(src) by extension 'cmake'
[0.374s] Level 1:colcon.colcon_core.package_identification:_identify(src) by extension 'python'
[0.374s] Level 1:colcon.colcon_core.package_identification:_identify(src) by extensions ['python_setup_py']
[0.374s] Level 1:colcon.colcon_core.package_identification:_identify(src) by extension 'python_setup_py'
[0.374s] Level 1:colcon.colcon_core.package_identification:_identify(src/interfaces_subzero) by extensions ['ignore', 'ignore_ament_install']
[0.374s] Level 1:colcon.colcon_core.package_identification:_identify(src/interfaces_subzero) by extension 'ignore'
[0.374s] Level 1:colcon.colcon_core.package_identification:_identify(src/interfaces_subzero) by extension 'ignore_ament_install'
[0.374s] Level 1:colcon.colcon_core.package_identification:_identify(src/interfaces_subzero) by extensions ['colcon_pkg']
[0.374s] Level 1:colcon.colcon_core.package_identification:_identify(src/interfaces_subzero) by extension 'colcon_pkg'
[0.374s] Level 1:colcon.colcon_core.package_identification:_identify(src/interfaces_subzero) by extensions ['colcon_meta']
[0.374s] Level 1:colcon.colcon_core.package_identification:_identify(src/interfaces_subzero) by extension 'colcon_meta'
[0.374s] Level 1:colcon.colcon_core.package_identification:_identify(src/interfaces_subzero) by extensions ['ros']
[0.374s] Level 1:colcon.colcon_core.package_identification:_identify(src/interfaces_subzero) by extension 'ros'
[0.377s] DEBUG:colcon.colcon_core.package_identification:Package 'src/interfaces_subzero' with type 'ros.ament_cmake' and name 'interfaces_subzero'
[0.377s] Level 1:colcon.colcon_core.package_identification:_identify(src/subzero_v1) by extensions ['ignore', 'ignore_ament_install']
[0.377s] Level 1:colcon.colcon_core.package_identification:_identify(src/subzero_v1) by extension 'ignore'
[0.377s] Level 1:colcon.colcon_core.package_identification:_identify(src/subzero_v1) by extension 'ignore_ament_install'
[0.377s] Level 1:colcon.colcon_core.package_identification:_identify(src/subzero_v1) by extensions ['colcon_pkg']
[0.377s] Level 1:colcon.colcon_core.package_identification:_identify(src/subzero_v1) by extension 'colcon_pkg'
[0.378s] Level 1:colcon.colcon_core.package_identification:_identify(src/subzero_v1) by extensions ['colcon_meta']
[0.378s] Level 1:colcon.colcon_core.package_identification:_identify(src/subzero_v1) by extension 'colcon_meta'
[0.378s] Level 1:colcon.colcon_core.package_identification:_identify(src/subzero_v1) by extensions ['ros']
[0.378s] Level 1:colcon.colcon_core.package_identification:_identify(src/subzero_v1) by extension 'ros'
[0.379s] DEBUG:colcon.colcon_core.package_identification:Package 'src/subzero_v1' with type 'ros.ament_python' and name 'subzero_v1'
[0.379s] Level 1:colcon.colcon_core.package_discovery:discover_packages(recursive) using defaults
[0.379s] Level 1:colcon.colcon_core.package_discovery:discover_packages(ignore) discover
[0.379s] Level 1:colcon.colcon_core.package_discovery:discover_packages(ignore) using defaults
[0.379s] Level 1:colcon.colcon_core.package_discovery:discover_packages(path) discover
[0.379s] Level 1:colcon.colcon_core.package_discovery:discover_packages(path) using defaults
[0.399s] Level 5:colcon.colcon_core.verb:set package 'interfaces_subzero' build argument 'cmake_args' from command line to 'None'
[0.399s] Level 5:colcon.colcon_core.verb:set package 'interfaces_subzero' build argument 'cmake_target' from command line to 'None'
[0.399s] Level 5:colcon.colcon_core.verb:set package 'interfaces_subzero' build argument 'cmake_target_skip_unavailable' from command line to 'False'
[0.399s] Level 5:colcon.colcon_core.verb:set package 'interfaces_subzero' build argument 'cmake_clean_cache' from command line to 'False'
[0.399s] Level 5:colcon.colcon_core.verb:set package 'interfaces_subzero' build argument 'cmake_clean_first' from command line to 'False'
[0.399s] Level 5:colcon.colcon_core.verb:set package 'interfaces_subzero' build argument 'cmake_force_configure' from command line to 'False'
[0.399s] Level 5:colcon.colcon_core.verb:set package 'interfaces_subzero' build argument 'ament_cmake_args' from command line to 'None'
[0.399s] Level 5:colcon.colcon_core.verb:set package 'interfaces_subzero' build argument 'catkin_cmake_args' from command line to 'None'
[0.399s] Level 5:colcon.colcon_core.verb:set package 'interfaces_subzero' build argument 'catkin_skip_building_tests' from command line to 'False'
[0.399s] DEBUG:colcon.colcon_core.verb:Building package 'interfaces_subzero' with the following arguments: {'ament_cmake_args': None, 'build_base': '/home/subzero/ros2_ws/build/interfaces_subzero', 'catkin_cmake_args': None, 'catkin_skip_building_tests': False, 'cmake_args': None, 'cmake_clean_cache': False, 'cmake_clean_first': False, 'cmake_force_configure': False, 'cmake_target': None, 'cmake_target_skip_unavailable': False, 'install_base': '/home/subzero/ros2_ws/install/interfaces_subzero', 'merge_install': False, 'path': '/home/subzero/ros2_ws/src/interfaces_subzero', 'symlink_install': False, 'test_result_base': None}
[0.401s] Level 5:colcon.colcon_core.verb:set package 'subzero_v1' build argument 'cmake_args' from command line to 'None'
[0.401s] Level 5:colcon.colcon_core.verb:set package 'subzero_v1' build argument 'cmake_target' from command line to 'None'
[0.401s] Level 5:colcon.colcon_core.verb:set package 'subzero_v1' build argument 'cmake_target_skip_unavailable' from command line to 'False'
[0.401s] Level 5:colcon.colcon_core.verb:set package 'subzero_v1' build argument 'cmake_clean_cache' from command line to 'False'
[0.401s] Level 5:colcon.colcon_core.verb:set package 'subzero_v1' build argument 'cmake_clean_first' from command line to 'False'
[0.401s] Level 5:colcon.colcon_core.verb:set package 'subzero_v1' build argument 'cmake_force_configure' from command line to 'False'
[0.401s] Level 5:colcon.colcon_core.verb:set package 'subzero_v1' build argument 'ament_cmake_args' from command line to 'None'
[0.401s] Level 5:colcon.colcon_core.verb:set package 'subzero_v1' build argument 'catkin_cmake_args' from command line to 'None'
[0.402s] Level 5:colcon.colcon_core.verb:set package 'subzero_v1' build argument 'catkin_skip_building_tests' from command line to 'False'
[0.402s] DEBUG:colcon.colcon_core.verb:Building package 'subzero_v1' with the following arguments: {'ament_cmake_args': None, 'build_base': '/home/subzero/ros2_ws/build/subzero_v1', 'catkin_cmake_args': None, 'catkin_skip_building_tests': False, 'cmake_args': None, 'cmake_clean_cache': False, 'cmake_clean_first': False, 'cmake_force_configure': False, 'cmake_target': None, 'cmake_target_skip_unavailable': False, 'install_base': '/home/subzero/ros2_ws/install/subzero_v1', 'merge_install': False, 'path': '/home/subzero/ros2_ws/src/subzero_v1', 'symlink_install': False, 'test_result_base': None}
[0.402s] INFO:colcon.colcon_core.executor:Executing jobs using 'parallel' executor
[0.403s] DEBUG:colcon.colcon_parallel_executor.executor.parallel:run_until_complete
[0.403s] INFO:colcon.colcon_ros.task.ament_cmake.build:Building ROS package in '/home/subzero/ros2_ws/src/interfaces_subzero' with build type 'ament_cmake'
[0.403s] INFO:colcon.colcon_cmake.task.cmake.build:Building CMake package in '/home/subzero/ros2_ws/src/interfaces_subzero'
[0.411s] INFO:colcon.colcon_core.plugin_system:Skipping extension 'colcon_core.shell.bat': Not used on non-Windows systems
[0.411s] INFO:colcon.colcon_core.shell:Skip shell extension 'powershell' for command environment: Not usable outside of PowerShell
[0.411s] DEBUG:colcon.colcon_core.shell:Skip shell extension 'dsv' for command environment
[0.415s] DEBUG:colcon.colcon_core.shell:Ignoring prefix path '/opt/ros/foxy'
[0.417s] INFO:colcon.colcon_ros.task.ament_python.build:Building ROS package in '/home/subzero/ros2_ws/src/subzero_v1' with build type 'ament_python'
[0.417s] Level 1:colcon.colcon_core.shell:create_environment_hook('subzero_v1', 'ament_prefix_path')
[0.418s] INFO:colcon.colcon_core.shell:Creating environment hook '/home/subzero/ros2_ws/install/subzero_v1/share/subzero_v1/hook/ament_prefix_path.ps1'
[0.419s] INFO:colcon.colcon_core.shell:Creating environment descriptor '/home/subzero/ros2_ws/install/subzero_v1/share/subzero_v1/hook/ament_prefix_path.dsv'
[0.420s] INFO:colcon.colcon_core.shell:Creating environment hook '/home/subzero/ros2_ws/install/subzero_v1/share/subzero_v1/hook/ament_prefix_path.sh'
[0.421s] INFO:colcon.colcon_core.shell:Skip shell extension 'powershell' for command environment: Not usable outside of PowerShell
[0.422s] DEBUG:colcon.colcon_core.shell:Skip shell extension 'dsv' for command environment
[0.423s] DEBUG:colcon.colcon_core.shell:Ignoring prefix path '/opt/ros/foxy'
[0.429s] DEBUG:colcon.colcon_core.event_handler.log_command:Invoking command in '/home/subzero/ros2_ws/build/interfaces_subzero': CMAKE_PREFIX_PATH=${CMAKE_PREFIX_PATH}:/home/subzero/ros2_ws/install/subzero_v1:/opt/ros/foxy /usr/bin/cmake /home/subzero/ros2_ws/src/interfaces_subzero -DCMAKE_INSTALL_PREFIX=/home/subzero/ros2_ws/install/interfaces_subzero
[0.628s] INFO:colcon.colcon_core.task.python.build:Building Python package in '/home/subzero/ros2_ws/src/subzero_v1'
[0.629s] INFO:colcon.colcon_core.shell:Skip shell extension 'powershell' for command environment: Not usable outside of PowerShell
[0.629s] DEBUG:colcon.colcon_core.shell:Skip shell extension 'dsv' for command environment
[0.630s] DEBUG:colcon.colcon_core.shell:Ignoring prefix path '/opt/ros/foxy'
[0.636s] DEBUG:colcon.colcon_core.event_handler.log_command:Invoking command in '/home/subzero/ros2_ws/build/subzero_v1': PYTHONPATH=/home/subzero/ros2_ws/install/subzero_v1/lib/python3.8/site-packages:${PYTHONPATH} /usr/bin/python3 setup.py develop --prefix /home/subzero/ros2_ws/install/subzero_v1 --uninstall --editable --build-directory /home/subzero/ros2_ws/build/subzero_v1/build
[0.962s] DEBUG:colcon.colcon_core.event_handler.log_command:Invoked command in '/home/subzero/ros2_ws/build/subzero_v1' returned '0': PYTHONPATH=/home/subzero/ros2_ws/install/subzero_v1/lib/python3.8/site-packages:${PYTHONPATH} /usr/bin/python3 setup.py develop --prefix /home/subzero/ros2_ws/install/subzero_v1 --uninstall --editable --build-directory /home/subzero/ros2_ws/build/subzero_v1/build
[0.962s] DEBUG:colcon.colcon_core.event_handler.log_command:Invoking command in '/home/subzero/ros2_ws/src/subzero_v1': PYTHONPATH=/home/subzero/ros2_ws/install/subzero_v1/lib/python3.8/site-packages:${PYTHONPATH} /usr/bin/python3 setup.py egg_info --egg-base ../../build/subzero_v1 build --build-base /home/subzero/ros2_ws/build/subzero_v1/build install --prefix /home/subzero/ros2_ws/install/subzero_v1 --record /home/subzero/ros2_ws/build/subzero_v1/install.log --single-version-externally-managed
[1.254s] DEBUG:colcon.colcon_core.event_handler.log_command:Invoked command in '/home/subzero/ros2_ws/src/subzero_v1' returned '0': PYTHONPATH=/home/subzero/ros2_ws/install/subzero_v1/lib/python3.8/site-packages:${PYTHONPATH} /usr/bin/python3 setup.py egg_info --egg-base ../../build/subzero_v1 build --build-base /home/subzero/ros2_ws/build/subzero_v1/build install --prefix /home/subzero/ros2_ws/install/subzero_v1 --record /home/subzero/ros2_ws/build/subzero_v1/install.log --single-version-externally-managed
[1.261s] Level 1:colcon.colcon_core.environment:checking '/home/subzero/ros2_ws/install/subzero_v1' for CMake module files
[1.261s] Level 1:colcon.colcon_core.environment:checking '/home/subzero/ros2_ws/install/subzero_v1' for CMake config files
[1.262s] Level 1:colcon.colcon_core.environment:checking '/home/subzero/ros2_ws/install/subzero_v1/lib'
[1.262s] Level 1:colcon.colcon_core.environment:checking '/home/subzero/ros2_ws/install/subzero_v1/bin'
[1.262s] Level 1:colcon.colcon_core.environment:checking '/home/subzero/ros2_ws/install/subzero_v1/lib/pkgconfig/subzero_v1.pc'
[1.262s] Level 1:colcon.colcon_core.environment:checking '/home/subzero/ros2_ws/install/subzero_v1/lib/python3.8/site-packages'
[1.262s] Level 1:colcon.colcon_core.shell:create_environment_hook('subzero_v1', 'pythonpath')
[1.263s] INFO:colcon.colcon_core.shell:Creating environment hook '/home/subzero/ros2_ws/install/subzero_v1/share/subzero_v1/hook/pythonpath.ps1'
[1.263s] INFO:colcon.colcon_core.shell:Creating environment descriptor '/home/subzero/ros2_ws/install/subzero_v1/share/subzero_v1/hook/pythonpath.dsv'
[1.263s] INFO:colcon.colcon_core.shell:Creating environment hook '/home/subzero/ros2_ws/install/subzero_v1/share/subzero_v1/hook/pythonpath.sh'
[1.264s] Level 1:colcon.colcon_core.environment:create_environment_scripts_only(subzero_v1)
[1.264s] INFO:colcon.colcon_core.shell:Creating package script '/home/subzero/ros2_ws/install/subzero_v1/share/subzero_v1/package.ps1'
[1.266s] INFO:colcon.colcon_core.shell:Creating package descriptor '/home/subzero/ros2_ws/install/subzero_v1/share/subzero_v1/package.dsv'
[1.266s] INFO:colcon.colcon_core.shell:Creating package script '/home/subzero/ros2_ws/install/subzero_v1/share/subzero_v1/package.sh'
[1.267s] INFO:colcon.colcon_core.shell:Creating package script '/home/subzero/ros2_ws/install/subzero_v1/share/subzero_v1/package.bash'
[1.268s] INFO:colcon.colcon_core.shell:Creating package script '/home/subzero/ros2_ws/install/subzero_v1/share/subzero_v1/package.zsh'
[1.269s] Level 1:colcon.colcon_core.environment:create_file_with_runtime_dependencies(/home/subzero/ros2_ws/install/subzero_v1/share/colcon-core/packages/subzero_v1)
[1.299s] DEBUG:colcon.colcon_core.event_handler.log_command:Invoked command in '/home/subzero/ros2_ws/build/interfaces_subzero' returned '0': CMAKE_PREFIX_PATH=${CMAKE_PREFIX_PATH}:/home/subzero/ros2_ws/install/subzero_v1:/opt/ros/foxy /usr/bin/cmake /home/subzero/ros2_ws/src/interfaces_subzero -DCMAKE_INSTALL_PREFIX=/home/subzero/ros2_ws/install/interfaces_subzero
[1.302s] DEBUG:colcon.colcon_core.event_handler.log_command:Invoking command in '/home/subzero/ros2_ws/build/interfaces_subzero': CMAKE_PREFIX_PATH=${CMAKE_PREFIX_PATH}:/home/subzero/ros2_ws/install/subzero_v1:/opt/ros/foxy /usr/bin/cmake --build /home/subzero/ros2_ws/build/interfaces_subzero -- -j8 -l8
[5.283s] DEBUG:colcon.colcon_core.event_handler.log_command:Invoked command in '/home/subzero/ros2_ws/build/interfaces_subzero' returned '0': CMAKE_PREFIX_PATH=${CMAKE_PREFIX_PATH}:/home/subzero/ros2_ws/install/subzero_v1:/opt/ros/foxy /usr/bin/cmake --build /home/subzero/ros2_ws/build/interfaces_subzero -- -j8 -l8
[5.347s] DEBUG:colcon.colcon_core.event_handler.log_command:Invoking command in '/home/subzero/ros2_ws/build/interfaces_subzero': CMAKE_PREFIX_PATH=${CMAKE_PREFIX_PATH}:/home/subzero/ros2_ws/install/subzero_v1:/opt/ros/foxy /usr/bin/cmake --install /home/subzero/ros2_ws/build/interfaces_subzero
[5.657s] Level 1:colcon.colcon_core.environment:create_environment_scripts_only(interfaces_subzero)
[5.658s] Level 1:colcon.colcon_core.environment:checking '/home/subzero/ros2_ws/install/interfaces_subzero' for CMake module files
[5.659s] DEBUG:colcon.colcon_core.event_handler.log_command:Invoked command in '/home/subzero/ros2_ws/build/interfaces_subzero' returned '0': CMAKE_PREFIX_PATH=${CMAKE_PREFIX_PATH}:/home/subzero/ros2_ws/install/subzero_v1:/opt/ros/foxy /usr/bin/cmake --install /home/subzero/ros2_ws/build/interfaces_subzero
[5.659s] Level 1:colcon.colcon_core.environment:checking '/home/subzero/ros2_ws/install/interfaces_subzero' for CMake config files
[5.662s] Level 1:colcon.colcon_core.shell:create_environment_hook('interfaces_subzero', 'cmake_prefix_path')
[5.662s] INFO:colcon.colcon_core.shell:Creating environment hook '/home/subzero/ros2_ws/install/interfaces_subzero/share/interfaces_subzero/hook/cmake_prefix_path.ps1'
[5.663s] INFO:colcon.colcon_core.shell:Creating environment descriptor '/home/subzero/ros2_ws/install/interfaces_subzero/share/interfaces_subzero/hook/cmake_prefix_path.dsv'
[5.663s] INFO:colcon.colcon_core.shell:Creating environment hook '/home/subzero/ros2_ws/install/interfaces_subzero/share/interfaces_subzero/hook/cmake_prefix_path.sh'
[5.663s] Level 1:colcon.colcon_core.environment:checking '/home/subzero/ros2_ws/install/interfaces_subzero/lib'
[5.664s] Level 1:colcon.colcon_core.shell:create_environment_hook('interfaces_subzero', 'ld_library_path_lib')
[5.664s] INFO:colcon.colcon_core.shell:Creating environment hook '/home/subzero/ros2_ws/install/interfaces_subzero/share/interfaces_subzero/hook/ld_library_path_lib.ps1'
[5.664s] INFO:colcon.colcon_core.shell:Creating environment descriptor '/home/subzero/ros2_ws/install/interfaces_subzero/share/interfaces_subzero/hook/ld_library_path_lib.dsv'
[5.664s] INFO:colcon.colcon_core.shell:Creating environment hook '/home/subzero/ros2_ws/install/interfaces_subzero/share/interfaces_subzero/hook/ld_library_path_lib.sh'
[5.665s] Level 1:colcon.colcon_core.environment:checking '/home/subzero/ros2_ws/install/interfaces_subzero/bin'
[5.665s] Level 1:colcon.colcon_core.environment:checking '/home/subzero/ros2_ws/install/interfaces_subzero/lib/pkgconfig/interfaces_subzero.pc'
[5.665s] Level 1:colcon.colcon_core.environment:checking '/home/subzero/ros2_ws/install/interfaces_subzero/lib/python3.8/site-packages'
[5.665s] Level 1:colcon.colcon_core.shell:create_environment_hook('interfaces_subzero', 'pythonpath')
[5.665s] INFO:colcon.colcon_core.shell:Creating environment hook '/home/subzero/ros2_ws/install/interfaces_subzero/share/interfaces_subzero/hook/pythonpath.ps1'
[5.666s] INFO:colcon.colcon_core.shell:Creating environment descriptor '/home/subzero/ros2_ws/install/interfaces_subzero/share/interfaces_subzero/hook/pythonpath.dsv'
[5.666s] INFO:colcon.colcon_core.shell:Creating environment hook '/home/subzero/ros2_ws/install/interfaces_subzero/share/interfaces_subzero/hook/pythonpath.sh'
[5.667s] INFO:colcon.colcon_core.shell:Creating package script '/home/subzero/ros2_ws/install/interfaces_subzero/share/interfaces_subzero/package.ps1'
[5.667s] INFO:colcon.colcon_core.shell:Creating package descriptor '/home/subzero/ros2_ws/install/interfaces_subzero/share/interfaces_subzero/package.dsv'
[5.667s] INFO:colcon.colcon_core.shell:Creating package script '/home/subzero/ros2_ws/install/interfaces_subzero/share/interfaces_subzero/package.sh'
[5.668s] INFO:colcon.colcon_core.shell:Creating package script '/home/subzero/ros2_ws/install/interfaces_subzero/share/interfaces_subzero/package.bash'
[5.668s] INFO:colcon.colcon_core.shell:Creating package script '/home/subzero/ros2_ws/install/interfaces_subzero/share/interfaces_subzero/package.zsh'
[5.668s] Level 1:colcon.colcon_core.environment:create_file_with_runtime_dependencies(/home/subzero/ros2_ws/install/interfaces_subzero/share/colcon-core/packages/interfaces_subzero)
[5.724s] Level 1:colcon.colcon_core.environment:create_environment_scripts_only(interfaces_subzero)
[5.724s] Level 1:colcon.colcon_core.environment:checking '/home/subzero/ros2_ws/install/interfaces_subzero' for CMake module files
[5.725s] Level 1:colcon.colcon_core.environment:checking '/home/subzero/ros2_ws/install/interfaces_subzero' for CMake config files
[5.726s] Level 1:colcon.colcon_core.shell:create_environment_hook('interfaces_subzero', 'cmake_prefix_path')
[5.726s] INFO:colcon.colcon_core.shell:Creating environment hook '/home/subzero/ros2_ws/install/interfaces_subzero/share/interfaces_subzero/hook/cmake_prefix_path.ps1'
[5.726s] INFO:colcon.colcon_core.shell:Creating environment descriptor '/home/subzero/ros2_ws/install/interfaces_subzero/share/interfaces_subzero/hook/cmake_prefix_path.dsv'
[5.727s] INFO:colcon.colcon_core.shell:Creating environment hook '/home/subzero/ros2_ws/install/interfaces_subzero/share/interfaces_subzero/hook/cmake_prefix_path.sh'
[5.727s] Level 1:colcon.colcon_core.environment:checking '/home/subzero/ros2_ws/install/interfaces_subzero/lib'
[5.727s] Level 1:colcon.colcon_core.shell:create_environment_hook('interfaces_subzero', 'ld_library_path_lib')
[5.728s] INFO:colcon.colcon_core.shell:Creating environment hook '/home/subzero/ros2_ws/install/interfaces_subzero/share/interfaces_subzero/hook/ld_library_path_lib.ps1'
[5.728s] INFO:colcon.colcon_core.shell:Creating environment descriptor '/home/subzero/ros2_ws/install/interfaces_subzero/share/interfaces_subzero/hook/ld_library_path_lib.dsv'
[5.728s] INFO:colcon.colcon_core.shell:Creating environment hook '/home/subzero/ros2_ws/install/interfaces_subzero/share/interfaces_subzero/hook/ld_library_path_lib.sh'
[5.728s] Level 1:colcon.colcon_core.environment:checking '/home/subzero/ros2_ws/install/interfaces_subzero/bin'
[5.728s] Level 1:colcon.colcon_core.environment:checking '/home/subzero/ros2_ws/install/interfaces_subzero/lib/pkgconfig/interfaces_subzero.pc'
[5.729s] Level 1:colcon.colcon_core.environment:checking '/home/subzero/ros2_ws/install/interfaces_subzero/lib/python3.8/site-packages'
[5.729s] Level 1:colcon.colcon_core.shell:create_environment_hook('interfaces_subzero', 'pythonpath')
[5.729s] INFO:colcon.colcon_core.shell:Creating environment hook '/home/subzero/ros2_ws/install/interfaces_subzero/share/interfaces_subzero/hook/pythonpath.ps1'
[5.740s] INFO:colcon.colcon_core.shell:Creating environment descriptor '/home/subzero/ros2_ws/install/interfaces_subzero/share/interfaces_subzero/hook/pythonpath.dsv'
[5.740s] INFO:colcon.colcon_core.shell:Creating environment hook '/home/subzero/ros2_ws/install/interfaces_subzero/share/interfaces_subzero/hook/pythonpath.sh'
[5.741s] INFO:colcon.colcon_core.shell:Creating package script '/home/subzero/ros2_ws/install/interfaces_subzero/share/interfaces_subzero/package.ps1'
[5.742s] INFO:colcon.colcon_core.shell:Creating package descriptor '/home/subzero/ros2_ws/install/interfaces_subzero/share/interfaces_subzero/package.dsv'
[5.742s] INFO:colcon.colcon_core.shell:Creating package script '/home/subzero/ros2_ws/install/interfaces_subzero/share/interfaces_subzero/package.sh'
[5.742s] INFO:colcon.colcon_core.shell:Creating package script '/home/subzero/ros2_ws/install/interfaces_subzero/share/interfaces_subzero/package.bash'
[5.743s] INFO:colcon.colcon_core.shell:Creating package script '/home/subzero/ros2_ws/install/interfaces_subzero/share/interfaces_subzero/package.zsh'
[5.743s] Level 1:colcon.colcon_core.environment:create_file_with_runtime_dependencies(/home/subzero/ros2_ws/install/interfaces_subzero/share/colcon-core/packages/interfaces_subzero)
[5.743s] DEBUG:colcon.colcon_parallel_executor.executor.parallel:closing loop
[5.743s] DEBUG:colcon.colcon_parallel_executor.executor.parallel:loop closed
[5.744s] DEBUG:colcon.colcon_parallel_executor.executor.parallel:run_until_complete finished with '0'
[5.744s] DEBUG:colcon.colcon_core.event_reactor:joining thread
[5.765s] INFO:colcon.colcon_core.plugin_system:Skipping extension 'colcon_notification.desktop_notification.terminal_notifier': Not used on non-Darwin systems
[5.765s] INFO:colcon.colcon_core.plugin_system:Skipping extension 'colcon_notification.desktop_notification.win32': Not used on non-Windows systems
[5.765s] INFO:colcon.colcon_notification.desktop_notification:Sending desktop notification using 'notify2'
[5.767s] DEBUG:colcon.colcon_notification.desktop_notification.notify2:Failed to initialize notify2: org.freedesktop.DBus.Error.ServiceUnknown: The name org.freedesktop.Notifications was not provided by any .service files
[5.767s] DEBUG:colcon.colcon_core.event_reactor:joined thread
[5.768s] INFO:colcon.colcon_core.shell:Creating prefix script '/home/subzero/ros2_ws/install/local_setup.ps1'
[5.769s] INFO:colcon.colcon_core.shell:Creating prefix util module '/home/subzero/ros2_ws/install/_local_setup_util_ps1.py'
[5.771s] INFO:colcon.colcon_core.shell:Creating prefix chain script '/home/subzero/ros2_ws/install/setup.ps1'
[5.774s] INFO:colcon.colcon_core.shell:Creating prefix script '/home/subzero/ros2_ws/install/local_setup.sh'
[5.775s] INFO:colcon.colcon_core.shell:Creating prefix util module '/home/subzero/ros2_ws/install/_local_setup_util_sh.py'
[5.775s] INFO:colcon.colcon_core.shell:Creating prefix chain script '/home/subzero/ros2_ws/install/setup.sh'
[5.778s] INFO:colcon.colcon_core.shell:Creating prefix script '/home/subzero/ros2_ws/install/local_setup.bash'
[5.779s] INFO:colcon.colcon_core.shell:Creating prefix chain script '/home/subzero/ros2_ws/install/setup.bash'
[5.782s] INFO:colcon.colcon_core.shell:Creating prefix script '/home/subzero/ros2_ws/install/local_setup.zsh'
[5.783s] INFO:colcon.colcon_core.shell:Creating prefix chain script '/home/subzero/ros2_ws/install/setup.zsh'
